[main] ERROR io.swagger.codegen.config.CodegenConfigurator - Unable to deserialize config file: python-flask/conf.json
java.io.FileNotFoundException: python-flask/conf.json (No such file or directory)
	at java.io.FileInputStream.open0(Native Method)
	at java.io.FileInputStream.open(FileInputStream.java:195)
	at java.io.FileInputStream.<init>(FileInputStream.java:138)
	at com.fasterxml.jackson.core.JsonFactory.createParser(JsonFactory.java:756)
	at com.fasterxml.jackson.databind.ObjectMapper.readValue(ObjectMapper.java:2740)
	at io.swagger.codegen.config.CodegenConfigurator.fromFile(CodegenConfigurator.java:507)
	at io.swagger.codegen.cmd.Generate.run(Generate.java:135)
	at io.swagger.codegen.SwaggerCodegen.main(SwaggerCodegen.java:43)
[main] INFO io.swagger.parser.Swagger20Parser - reading from _spec/jenkins-api.yml
[main] WARN io.swagger.codegen.ignore.CodegenIgnoreProcessor - Output directory does not exist, or is inaccessible. No file (.swager-codegen-ignore) will be evaluated.
[main] WARN io.swagger.codegen.languages.FlaskConnexionCodegen - Jenkins-Crumb cannot be used as parameter name with flask-connexion and was sanitized as Jenkins_Crumb
[main] WARN io.swagger.codegen.languages.FlaskConnexionCodegen - Content-Type cannot be used as parameter name with flask-connexion and was sanitized as Content_Type
[main] WARN io.swagger.codegen.languages.FlaskConnexionCodegen - Content-Type cannot be used as parameter name with flask-connexion and was sanitized as Content_Type
[main] INFO io.swagger.codegen.AbstractGenerator - writing file /Users/cliffano/dev/workspace/swaggy-jenkins/python-flask/generated/swagger_server/models/get_classes_by_class.py
[main] INFO io.swagger.codegen.AbstractGenerator - writing file /Users/cliffano/dev/workspace/swaggy-jenkins/python-flask/generated/swagger_server/models/get_multibranch_pipeline.py
[main] INFO io.swagger.codegen.AbstractGenerator - writing file /Users/cliffano/dev/workspace/swaggy-jenkins/python-flask/generated/swagger_server/models/get_organisations.py
[main] INFO io.swagger.codegen.AbstractGenerator - writing file /Users/cliffano/dev/workspace/swaggy-jenkins/python-flask/generated/swagger_server/models/get_pipeline_branches.py
[main] INFO io.swagger.codegen.AbstractGenerator - writing file /Users/cliffano/dev/workspace/swaggy-jenkins/python-flask/generated/swagger_server/models/get_pipeline_branchesitem.py
[main] INFO io.swagger.codegen.AbstractGenerator - writing file /Users/cliffano/dev/workspace/swaggy-jenkins/python-flask/generated/swagger_server/models/get_pipeline_branchesitem_latest_run.py
[main] INFO io.swagger.codegen.AbstractGenerator - writing file /Users/cliffano/dev/workspace/swaggy-jenkins/python-flask/generated/swagger_server/models/get_pipeline_branchesitem_pull_request.py
[main] INFO io.swagger.codegen.AbstractGenerator - writing file /Users/cliffano/dev/workspace/swaggy-jenkins/python-flask/generated/swagger_server/models/get_pipeline_branchesitem_pull_request_links.py
[main] INFO io.swagger.codegen.AbstractGenerator - writing file /Users/cliffano/dev/workspace/swaggy-jenkins/python-flask/generated/swagger_server/models/get_pipelines.py
[main] INFO io.swagger.codegen.AbstractGenerator - writing file /Users/cliffano/dev/workspace/swaggy-jenkins/python-flask/generated/swagger_server/models/get_users.py
[main] INFO io.swagger.codegen.AbstractGenerator - writing file /Users/cliffano/dev/workspace/swaggy-jenkins/python-flask/generated/swagger_server/models/hudsonmodel_all_view.py
[main] INFO io.swagger.codegen.AbstractGenerator - writing file /Users/cliffano/dev/workspace/swaggy-jenkins/python-flask/generated/swagger_server/models/hudsonmodel_cause_action.py
[main] INFO io.swagger.codegen.AbstractGenerator - writing file /Users/cliffano/dev/workspace/swaggy-jenkins/python-flask/generated/swagger_server/models/hudsonmodel_cause_user_id_cause.py
[main] INFO io.swagger.codegen.AbstractGenerator - writing file /Users/cliffano/dev/workspace/swaggy-jenkins/python-flask/generated/swagger_server/models/hudsonmodel_computer_set.py
[main] INFO io.swagger.codegen.AbstractGenerator - writing file /Users/cliffano/dev/workspace/swaggy-jenkins/python-flask/generated/swagger_server/models/hudsonmodel_free_style_build.py
[main] INFO io.swagger.codegen.AbstractGenerator - writing file /Users/cliffano/dev/workspace/swaggy-jenkins/python-flask/generated/swagger_server/models/hudsonmodel_free_style_project.py
[main] INFO io.swagger.codegen.AbstractGenerator - writing file /Users/cliffano/dev/workspace/swaggy-jenkins/python-flask/generated/swagger_server/models/hudsonmodel_free_style_projectactions.py
[main] INFO io.swagger.codegen.AbstractGenerator - writing file /Users/cliffano/dev/workspace/swaggy-jenkins/python-flask/generated/swagger_server/models/hudsonmodel_free_style_projecthealth_report.py
[main] INFO io.swagger.codegen.AbstractGenerator - writing file /Users/cliffano/dev/workspace/swaggy-jenkins/python-flask/generated/swagger_server/models/hudsonmodel_hudson.py
[main] INFO io.swagger.codegen.AbstractGenerator - writing file /Users/cliffano/dev/workspace/swaggy-jenkins/python-flask/generated/swagger_server/models/hudsonmodel_hudson_master_computer.py
[main] INFO io.swagger.codegen.AbstractGenerator - writing file /Users/cliffano/dev/workspace/swaggy-jenkins/python-flask/generated/swagger_server/models/hudsonmodel_hudson_master_computer_monitor_data.py
[main] INFO io.swagger.codegen.AbstractGenerator - writing file /Users/cliffano/dev/workspace/swaggy-jenkins/python-flask/generated/swagger_server/models/hudsonmodel_hudson_master_computerexecutors.py
[main] INFO io.swagger.codegen.AbstractGenerator - writing file /Users/cliffano/dev/workspace/swaggy-jenkins/python-flask/generated/swagger_server/models/hudsonmodel_hudsonassigned_labels.py
[main] INFO io.swagger.codegen.AbstractGenerator - writing file /Users/cliffano/dev/workspace/swaggy-jenkins/python-flask/generated/swagger_server/models/hudsonmodel_label1.py
[main] INFO io.swagger.codegen.AbstractGenerator - writing file /Users/cliffano/dev/workspace/swaggy-jenkins/python-flask/generated/swagger_server/models/hudsonmodel_list_view.py
[main] INFO io.swagger.codegen.AbstractGenerator - writing file /Users/cliffano/dev/workspace/swaggy-jenkins/python-flask/generated/swagger_server/models/hudsonmodel_queue.py
[main] INFO io.swagger.codegen.AbstractGenerator - writing file /Users/cliffano/dev/workspace/swaggy-jenkins/python-flask/generated/swagger_server/models/hudsonmodel_queue_blocked_item.py
[main] INFO io.swagger.codegen.AbstractGenerator - writing file /Users/cliffano/dev/workspace/swaggy-jenkins/python-flask/generated/swagger_server/models/hudsonmodel_queue_left_item.py
[main] INFO io.swagger.codegen.AbstractGenerator - writing file /Users/cliffano/dev/workspace/swaggy-jenkins/python-flask/generated/swagger_server/models/hudsonmodel_string_parameter_definition.py
[main] INFO io.swagger.codegen.AbstractGenerator - writing file /Users/cliffano/dev/workspace/swaggy-jenkins/python-flask/generated/swagger_server/models/hudsonmodel_string_parameter_value.py
[main] INFO io.swagger.codegen.AbstractGenerator - writing file /Users/cliffano/dev/workspace/swaggy-jenkins/python-flask/generated/swagger_server/models/hudsonnode_monitors_disk_space_monitor_descriptor_disk_space.py
[main] INFO io.swagger.codegen.AbstractGenerator - writing file /Users/cliffano/dev/workspace/swaggy-jenkins/python-flask/generated/swagger_server/models/hudsonnode_monitors_response_time_monitor_data.py
[main] INFO io.swagger.codegen.AbstractGenerator - writing file /Users/cliffano/dev/workspace/swaggy-jenkins/python-flask/generated/swagger_server/models/hudsonnode_monitors_swap_space_monitor_memory_usage2.py
[main] INFO io.swagger.codegen.AbstractGenerator - writing file /Users/cliffano/dev/workspace/swaggy-jenkins/python-flask/generated/swagger_server/models/hudsonscm_empty_change_log_set.py
[main] INFO io.swagger.codegen.AbstractGenerator - writing file /Users/cliffano/dev/workspace/swaggy-jenkins/python-flask/generated/swagger_server/models/hudsonscm_null_scm.py
[main] INFO io.swagger.codegen.AbstractGenerator - writing file /Users/cliffano/dev/workspace/swaggy-jenkins/python-flask/generated/swagger_server/models/hudsonsecuritycsrf_default_crumb_issuer.py
[main] INFO io.swagger.codegen.AbstractGenerator - writing file /Users/cliffano/dev/workspace/swaggy-jenkins/python-flask/generated/swagger_server/models/hudsonutil_clock_difference.py
[main] INFO io.swagger.codegen.AbstractGenerator - writing file /Users/cliffano/dev/workspace/swaggy-jenkins/python-flask/generated/swagger_server/models/iojenkinsblueoceanresthal_link.py
[main] INFO io.swagger.codegen.AbstractGenerator - writing file /Users/cliffano/dev/workspace/swaggy-jenkins/python-flask/generated/swagger_server/models/iojenkinsblueoceanrestimplpipeline_branch_impl.py
[main] INFO io.swagger.codegen.AbstractGenerator - writing file /Users/cliffano/dev/workspace/swaggy-jenkins/python-flask/generated/swagger_server/models/iojenkinsblueoceanrestimplpipeline_branch_impl_permissions.py
[main] INFO io.swagger.codegen.AbstractGenerator - writing file /Users/cliffano/dev/workspace/swaggy-jenkins/python-flask/generated/swagger_server/models/iojenkinsblueoceanserviceembeddedrest_extension_class_container_impl1.py
[main] INFO io.swagger.codegen.AbstractGenerator - writing file /Users/cliffano/dev/workspace/swaggy-jenkins/python-flask/generated/swagger_server/models/iojenkinsblueoceanserviceembeddedrest_extension_class_container_impl1_links.py
[main] INFO io.swagger.codegen.AbstractGenerator - writing file /Users/cliffano/dev/workspace/swaggy-jenkins/python-flask/generated/swagger_server/models/iojenkinsblueoceanserviceembeddedrest_extension_class_container_impl1_map.py
[main] INFO io.swagger.codegen.AbstractGenerator - writing file /Users/cliffano/dev/workspace/swaggy-jenkins/python-flask/generated/swagger_server/models/iojenkinsblueoceanserviceembeddedrest_extension_class_impl.py
[main] INFO io.swagger.codegen.AbstractGenerator - writing file /Users/cliffano/dev/workspace/swaggy-jenkins/python-flask/generated/swagger_server/models/iojenkinsblueoceanserviceembeddedrest_extension_class_impl_links.py
[main] INFO io.swagger.codegen.AbstractGenerator - writing file /Users/cliffano/dev/workspace/swaggy-jenkins/python-flask/generated/swagger_server/models/iojenkinsblueoceanserviceembeddedrest_pipeline_folder_impl.py
[main] INFO io.swagger.codegen.AbstractGenerator - writing file /Users/cliffano/dev/workspace/swaggy-jenkins/python-flask/generated/swagger_server/models/iojenkinsblueoceanserviceembeddedrest_pipeline_impl.py
[main] INFO io.swagger.codegen.AbstractGenerator - writing file /Users/cliffano/dev/workspace/swaggy-jenkins/python-flask/generated/swagger_server/models/jenkinsmodel_unlabeled_load_statistics.py
[main] INFO io.swagger.codegen.AbstractGenerator - writing file /Users/cliffano/dev/workspace/swaggy-jenkins/python-flask/generated/swagger_server/models/swaggyjenkins_organisation.py
[main] INFO io.swagger.codegen.AbstractGenerator - writing file /Users/cliffano/dev/workspace/swaggy-jenkins/python-flask/generated/swagger_server/models/swaggyjenkins_pipeline.py
[main] INFO io.swagger.codegen.AbstractGenerator - writing file /Users/cliffano/dev/workspace/swaggy-jenkins/python-flask/generated/swagger_server/models/swaggyjenkins_pipeline_latest_run.py
[main] INFO io.swagger.codegen.AbstractGenerator - writing file /Users/cliffano/dev/workspace/swaggy-jenkins/python-flask/generated/swagger_server/models/swaggyjenkins_pipeline_latest_runartifacts.py
[main] INFO io.swagger.codegen.AbstractGenerator - writing file /Users/cliffano/dev/workspace/swaggy-jenkins/python-flask/generated/swagger_server/models/swaggyjenkins_user.py
[main] WARN io.swagger.codegen.DefaultCodegen - generated unique operationId `search_0`
[main] WARN io.swagger.codegen.DefaultCodegen - generated unique operationId `get_pipeline_folder_by_org_0`
[main] INFO io.swagger.codegen.AbstractGenerator - writing file /Users/cliffano/dev/workspace/swaggy-jenkins/python-flask/generated/swagger_server/controllers/blue_ocean_controller.py
[main] INFO io.swagger.codegen.AbstractGenerator - writing file /Users/cliffano/dev/workspace/swaggy-jenkins/python-flask/generated/swagger_server/test/test_blue_ocean_controller.py
[main] INFO io.swagger.codegen.AbstractGenerator - writing file /Users/cliffano/dev/workspace/swaggy-jenkins/python-flask/generated/swagger_server/controllers/remote_access_controller.py
[main] INFO io.swagger.codegen.AbstractGenerator - writing file /Users/cliffano/dev/workspace/swaggy-jenkins/python-flask/generated/swagger_server/test/test_remote_access_controller.py
[main] INFO io.swagger.codegen.AbstractGenerator - writing file /Users/cliffano/dev/workspace/swaggy-jenkins/python-flask/generated/README.md
[main] INFO io.swagger.codegen.AbstractGenerator - writing file /Users/cliffano/dev/workspace/swaggy-jenkins/python-flask/generated/setup.py
[main] INFO io.swagger.codegen.AbstractGenerator - writing file /Users/cliffano/dev/workspace/swaggy-jenkins/python-flask/generated/tox.ini
[main] INFO io.swagger.codegen.AbstractGenerator - writing file /Users/cliffano/dev/workspace/swaggy-jenkins/python-flask/generated/test-requirements.txt
[main] INFO io.swagger.codegen.AbstractGenerator - writing file /Users/cliffano/dev/workspace/swaggy-jenkins/python-flask/generated/requirements.txt
[main] INFO io.swagger.codegen.AbstractGenerator - writing file /Users/cliffano/dev/workspace/swaggy-jenkins/python-flask/generated/git_push.sh
[main] INFO io.swagger.codegen.AbstractGenerator - writing file /Users/cliffano/dev/workspace/swaggy-jenkins/python-flask/generated/.gitignore
[main] INFO io.swagger.codegen.AbstractGenerator - writing file /Users/cliffano/dev/workspace/swaggy-jenkins/python-flask/generated/.travis.yml
[main] INFO io.swagger.codegen.AbstractGenerator - writing file /Users/cliffano/dev/workspace/swaggy-jenkins/python-flask/generated/Dockerfile
[main] INFO io.swagger.codegen.AbstractGenerator - writing file /Users/cliffano/dev/workspace/swaggy-jenkins/python-flask/generated/.dockerignore
[main] INFO io.swagger.codegen.AbstractGenerator - writing file /Users/cliffano/dev/workspace/swaggy-jenkins/python-flask/generated/swagger_server/__init__.py
[main] INFO io.swagger.codegen.AbstractGenerator - writing file /Users/cliffano/dev/workspace/swaggy-jenkins/python-flask/generated/swagger_server/__main__.py
[main] INFO io.swagger.codegen.AbstractGenerator - writing file /Users/cliffano/dev/workspace/swaggy-jenkins/python-flask/generated/swagger_server/encoder.py
[main] INFO io.swagger.codegen.AbstractGenerator - writing file /Users/cliffano/dev/workspace/swaggy-jenkins/python-flask/generated/swagger_server/util.py
[main] INFO io.swagger.codegen.AbstractGenerator - writing file /Users/cliffano/dev/workspace/swaggy-jenkins/python-flask/generated/swagger_server/controllers/__init__.py
[main] INFO io.swagger.codegen.AbstractGenerator - writing file /Users/cliffano/dev/workspace/swaggy-jenkins/python-flask/generated/swagger_server/models/__init__.py
[main] INFO io.swagger.codegen.AbstractGenerator - writing file /Users/cliffano/dev/workspace/swaggy-jenkins/python-flask/generated/swagger_server/models/base_model_.py
[main] INFO io.swagger.codegen.AbstractGenerator - writing file /Users/cliffano/dev/workspace/swaggy-jenkins/python-flask/generated/swagger_server/test/__init__.py
[main] INFO io.swagger.codegen.AbstractGenerator - writing file /Users/cliffano/dev/workspace/swaggy-jenkins/python-flask/generated/swagger_server/swagger/swagger.yaml
[main] INFO io.swagger.codegen.AbstractGenerator - writing file /Users/cliffano/dev/workspace/swaggy-jenkins/python-flask/generated/.swagger-codegen-ignore
[main] INFO io.swagger.codegen.AbstractGenerator - writing file /Users/cliffano/dev/workspace/swaggy-jenkins/python-flask/generated/.swagger-codegen/VERSION
