[INFO] Scanning for projects...
[WARNING] The project com.cliffano:swaggyjenkins:jar:0.0.1 uses prerequisites which is only intended for maven-plugin projects but not for non maven-plugin projects. For such purposes you should use the maven-enforcer-plugin. See https://maven.apache.org/enforcer/enforcer-rules/requireMavenVersion.html
[INFO] 
[INFO] ------------------------------------------------------------------------
[INFO] Building swaggyjenkins 0.0.1
[INFO] ------------------------------------------------------------------------
[INFO] 
[INFO] --- maven-dependency-plugin:2.8:resolve (default-cli) @ swaggyjenkins ---
[INFO] 
[INFO] The following files have been resolved:
[INFO]    com.squareup.okhttp:okhttp:jar:2.7.5:compile
[INFO]    io.swagger:swagger-annotations:jar:1.5.12:compile
[INFO]    joda-time:joda-time:jar:2.9.3:compile
[INFO]    org.hamcrest:hamcrest-core:jar:1.3:test
[INFO]    com.squareup.okhttp:logging-interceptor:jar:2.7.5:compile
[INFO]    junit:junit:jar:4.12:test
[INFO]    com.squareup.okio:okio:jar:1.6.0:compile
[INFO]    com.google.code.gson:gson:jar:2.6.2:compile
[INFO] 
[INFO] ------------------------------------------------------------------------
[INFO] BUILD SUCCESS
[INFO] ------------------------------------------------------------------------
[INFO] Total time: 1.693 s
[INFO] Finished at: 2017-07-25T10:44:22+10:00
[INFO] Final Memory: 11M/245M
[INFO] ------------------------------------------------------------------------
