[INFO] Scanning for projects...
[WARNING] The project com.cliffano:swaggyjenkins:jar:0.0.1 uses prerequisites which is only intended for maven-plugin projects but not for non maven-plugin projects. For such purposes you should use the maven-enforcer-plugin. See https://maven.apache.org/enforcer/enforcer-rules/requireMavenVersion.html
[INFO] 
[INFO] ------------------------------------------------------------------------
[INFO] Building swaggyjenkins 0.0.1
[INFO] ------------------------------------------------------------------------
[INFO] 
[INFO] --- build-helper-maven-plugin:1.10:add-source (add_sources) @ swaggyjenkins ---
[INFO] Source directory: /Users/cliffano/dev/workspace/swaggy-jenkins/java/generated/src/main/java added.
[INFO] 
[INFO] --- maven-resources-plugin:2.6:resources (default-resources) @ swaggyjenkins ---
[INFO] Using 'UTF-8' encoding to copy filtered resources.
[INFO] skip non existing resourceDirectory /Users/cliffano/dev/workspace/swaggy-jenkins/java/generated/src/main/resources
[INFO] 
[INFO] --- maven-compiler-plugin:3.1:compile (default-compile) @ swaggyjenkins ---
[INFO] Nothing to compile - all classes are up to date
[INFO] 
[INFO] --- build-helper-maven-plugin:1.10:add-test-source (add_test_sources) @ swaggyjenkins ---
[INFO] Test Source directory: /Users/cliffano/dev/workspace/swaggy-jenkins/java/generated/src/test/java added.
[INFO] 
[INFO] --- maven-resources-plugin:2.6:testResources (default-testResources) @ swaggyjenkins ---
[INFO] Using 'UTF-8' encoding to copy filtered resources.
[INFO] skip non existing resourceDirectory /Users/cliffano/dev/workspace/swaggy-jenkins/java/generated/src/test/resources
[INFO] 
[INFO] --- maven-compiler-plugin:3.1:testCompile (default-testCompile) @ swaggyjenkins ---
[INFO] Nothing to compile - all classes are up to date
[INFO] 
[INFO] --- maven-surefire-plugin:2.12:test (default-test) @ swaggyjenkins ---
[INFO] Surefire report directory: /Users/cliffano/dev/workspace/swaggy-jenkins/java/generated/target/surefire-reports

-------------------------------------------------------
 T E S T S
-------------------------------------------------------

-------------------------------------------------------
 T E S T S
-------------------------------------------------------
Concurrency config is parallel='methods', perCoreThreadCount=true, threadCount=2, useUnlimitedThreads=false
Running com.cliffano.swaggyjenkins.api.BlueOceanApiTest
Tests run: 1, Failures: 0, Errors: 0, Skipped: 1, Time elapsed: 0 sec
Concurrency config is parallel='methods', perCoreThreadCount=true, threadCount=2, useUnlimitedThreads=false
Running com.cliffano.swaggyjenkins.api.RemoteAccessApiTest
Tests run: 1, Failures: 0, Errors: 0, Skipped: 1, Time elapsed: 0 sec

Results :

Tests run: 2, Failures: 0, Errors: 0, Skipped: 2

[INFO] 
[INFO] --- maven-jar-plugin:2.2:jar (default-jar) @ swaggyjenkins ---
[INFO] 
[INFO] --- maven-dependency-plugin:2.8:copy-dependencies (default) @ swaggyjenkins ---
[INFO] okhttp-2.7.5.jar already exists in destination.
[INFO] swagger-annotations-1.5.12.jar already exists in destination.
[INFO] joda-time-2.9.3.jar already exists in destination.
[INFO] hamcrest-core-1.3.jar already exists in destination.
[INFO] logging-interceptor-2.7.5.jar already exists in destination.
[INFO] junit-4.12.jar already exists in destination.
[INFO] okio-1.6.0.jar already exists in destination.
[INFO] gson-2.6.2.jar already exists in destination.
[INFO] 
[INFO] --- maven-jar-plugin:2.2:jar (default) @ swaggyjenkins ---
[INFO] 
[INFO] --- maven-jar-plugin:2.2:test-jar (default) @ swaggyjenkins ---
[INFO] 
[INFO] --- maven-javadoc-plugin:2.10.4:jar (attach-javadocs) @ swaggyjenkins ---
[INFO] 
Loading source files for package com.cliffano.swaggyjenkins.api...
Loading source files for package com.cliffano.swaggyjenkins...
Loading source files for package com.cliffano.swaggyjenkins.auth...
Loading source files for package com.cliffano.swaggyjenkins.model...
Constructing Javadoc information...
Standard Doclet version 1.8.0_131
Building tree for all the packages and classes...
Generating /Users/cliffano/dev/workspace/swaggy-jenkins/java/generated/target/apidocs/com/cliffano/swaggyjenkins/api/BlueOceanApi.html...
Generating /Users/cliffano/dev/workspace/swaggy-jenkins/java/generated/target/apidocs/com/cliffano/swaggyjenkins/api/RemoteAccessApi.html...
Generating /Users/cliffano/dev/workspace/swaggy-jenkins/java/generated/target/apidocs/com/cliffano/swaggyjenkins/ApiCallback.html...
Generating /Users/cliffano/dev/workspace/swaggy-jenkins/java/generated/target/apidocs/com/cliffano/swaggyjenkins/ApiClient.html...
Generating /Users/cliffano/dev/workspace/swaggy-jenkins/java/generated/target/apidocs/com/cliffano/swaggyjenkins/ApiException.html...
Generating /Users/cliffano/dev/workspace/swaggy-jenkins/java/generated/target/apidocs/com/cliffano/swaggyjenkins/ApiResponse.html...
Generating /Users/cliffano/dev/workspace/swaggy-jenkins/java/generated/target/apidocs/com/cliffano/swaggyjenkins/Configuration.html...
Generating /Users/cliffano/dev/workspace/swaggy-jenkins/java/generated/target/apidocs/com/cliffano/swaggyjenkins/JSON.html...
Generating /Users/cliffano/dev/workspace/swaggy-jenkins/java/generated/target/apidocs/com/cliffano/swaggyjenkins/Pair.html...
Generating /Users/cliffano/dev/workspace/swaggy-jenkins/java/generated/target/apidocs/com/cliffano/swaggyjenkins/ProgressRequestBody.html...
Generating /Users/cliffano/dev/workspace/swaggy-jenkins/java/generated/target/apidocs/com/cliffano/swaggyjenkins/ProgressRequestBody.ProgressRequestListener.html...
Generating /Users/cliffano/dev/workspace/swaggy-jenkins/java/generated/target/apidocs/com/cliffano/swaggyjenkins/ProgressResponseBody.html...
Generating /Users/cliffano/dev/workspace/swaggy-jenkins/java/generated/target/apidocs/com/cliffano/swaggyjenkins/ProgressResponseBody.ProgressListener.html...
Generating /Users/cliffano/dev/workspace/swaggy-jenkins/java/generated/target/apidocs/com/cliffano/swaggyjenkins/StringUtil.html...
Generating /Users/cliffano/dev/workspace/swaggy-jenkins/java/generated/target/apidocs/com/cliffano/swaggyjenkins/auth/ApiKeyAuth.html...
Generating /Users/cliffano/dev/workspace/swaggy-jenkins/java/generated/target/apidocs/com/cliffano/swaggyjenkins/auth/Authentication.html...
Generating /Users/cliffano/dev/workspace/swaggy-jenkins/java/generated/target/apidocs/com/cliffano/swaggyjenkins/auth/HttpBasicAuth.html...
Generating /Users/cliffano/dev/workspace/swaggy-jenkins/java/generated/target/apidocs/com/cliffano/swaggyjenkins/auth/OAuth.html...
Generating /Users/cliffano/dev/workspace/swaggy-jenkins/java/generated/target/apidocs/com/cliffano/swaggyjenkins/auth/OAuthFlow.html...
Generating /Users/cliffano/dev/workspace/swaggy-jenkins/java/generated/target/apidocs/com/cliffano/swaggyjenkins/model/GetClassesByClass.html...
Generating /Users/cliffano/dev/workspace/swaggy-jenkins/java/generated/target/apidocs/com/cliffano/swaggyjenkins/model/GetMultibranchPipeline.html...
Generating /Users/cliffano/dev/workspace/swaggy-jenkins/java/generated/target/apidocs/com/cliffano/swaggyjenkins/model/GetOrganisations.html...
Generating /Users/cliffano/dev/workspace/swaggy-jenkins/java/generated/target/apidocs/com/cliffano/swaggyjenkins/model/GetPipelineBranches.html...
Generating /Users/cliffano/dev/workspace/swaggy-jenkins/java/generated/target/apidocs/com/cliffano/swaggyjenkins/model/GetPipelineBranchesitem.html...
Generating /Users/cliffano/dev/workspace/swaggy-jenkins/java/generated/target/apidocs/com/cliffano/swaggyjenkins/model/GetPipelineBranchesitemLatestRun.html...
Generating /Users/cliffano/dev/workspace/swaggy-jenkins/java/generated/target/apidocs/com/cliffano/swaggyjenkins/model/GetPipelineBranchesitemPullRequest.html...
Generating /Users/cliffano/dev/workspace/swaggy-jenkins/java/generated/target/apidocs/com/cliffano/swaggyjenkins/model/GetPipelineBranchesitemPullRequestLinks.html...
Generating /Users/cliffano/dev/workspace/swaggy-jenkins/java/generated/target/apidocs/com/cliffano/swaggyjenkins/model/GetPipelines.html...
Generating /Users/cliffano/dev/workspace/swaggy-jenkins/java/generated/target/apidocs/com/cliffano/swaggyjenkins/model/GetUsers.html...
Generating /Users/cliffano/dev/workspace/swaggy-jenkins/java/generated/target/apidocs/com/cliffano/swaggyjenkins/model/HudsonmodelAllView.html...
Generating /Users/cliffano/dev/workspace/swaggy-jenkins/java/generated/target/apidocs/com/cliffano/swaggyjenkins/model/HudsonmodelCauseAction.html...
Generating /Users/cliffano/dev/workspace/swaggy-jenkins/java/generated/target/apidocs/com/cliffano/swaggyjenkins/model/HudsonmodelCauseUserIdCause.html...
Generating /Users/cliffano/dev/workspace/swaggy-jenkins/java/generated/target/apidocs/com/cliffano/swaggyjenkins/model/HudsonmodelComputerSet.html...
Generating /Users/cliffano/dev/workspace/swaggy-jenkins/java/generated/target/apidocs/com/cliffano/swaggyjenkins/model/HudsonmodelFreeStyleBuild.html...
Generating /Users/cliffano/dev/workspace/swaggy-jenkins/java/generated/target/apidocs/com/cliffano/swaggyjenkins/model/HudsonmodelFreeStyleProject.html...
Generating /Users/cliffano/dev/workspace/swaggy-jenkins/java/generated/target/apidocs/com/cliffano/swaggyjenkins/model/HudsonmodelFreeStyleProjectactions.html...
Generating /Users/cliffano/dev/workspace/swaggy-jenkins/java/generated/target/apidocs/com/cliffano/swaggyjenkins/model/HudsonmodelFreeStyleProjecthealthReport.html...
Generating /Users/cliffano/dev/workspace/swaggy-jenkins/java/generated/target/apidocs/com/cliffano/swaggyjenkins/model/HudsonmodelHudson.html...
Generating /Users/cliffano/dev/workspace/swaggy-jenkins/java/generated/target/apidocs/com/cliffano/swaggyjenkins/model/HudsonmodelHudsonassignedLabels.html...
Generating /Users/cliffano/dev/workspace/swaggy-jenkins/java/generated/target/apidocs/com/cliffano/swaggyjenkins/model/HudsonmodelHudsonMasterComputer.html...
Generating /Users/cliffano/dev/workspace/swaggy-jenkins/java/generated/target/apidocs/com/cliffano/swaggyjenkins/model/HudsonmodelHudsonMasterComputerexecutors.html...
Generating /Users/cliffano/dev/workspace/swaggy-jenkins/java/generated/target/apidocs/com/cliffano/swaggyjenkins/model/HudsonmodelHudsonMasterComputerMonitorData.html...
Generating /Users/cliffano/dev/workspace/swaggy-jenkins/java/generated/target/apidocs/com/cliffano/swaggyjenkins/model/HudsonmodelLabel1.html...
Generating /Users/cliffano/dev/workspace/swaggy-jenkins/java/generated/target/apidocs/com/cliffano/swaggyjenkins/model/HudsonmodelListView.html...
Generating /Users/cliffano/dev/workspace/swaggy-jenkins/java/generated/target/apidocs/com/cliffano/swaggyjenkins/model/HudsonmodelQueue.html...
Generating /Users/cliffano/dev/workspace/swaggy-jenkins/java/generated/target/apidocs/com/cliffano/swaggyjenkins/model/HudsonmodelQueueBlockedItem.html...
Generating /Users/cliffano/dev/workspace/swaggy-jenkins/java/generated/target/apidocs/com/cliffano/swaggyjenkins/model/HudsonmodelQueueLeftItem.html...
Generating /Users/cliffano/dev/workspace/swaggy-jenkins/java/generated/target/apidocs/com/cliffano/swaggyjenkins/model/HudsonmodelStringParameterDefinition.html...
Generating /Users/cliffano/dev/workspace/swaggy-jenkins/java/generated/target/apidocs/com/cliffano/swaggyjenkins/model/HudsonmodelStringParameterValue.html...
Generating /Users/cliffano/dev/workspace/swaggy-jenkins/java/generated/target/apidocs/com/cliffano/swaggyjenkins/model/HudsonnodeMonitorsDiskSpaceMonitorDescriptorDiskSpace.html...
Generating /Users/cliffano/dev/workspace/swaggy-jenkins/java/generated/target/apidocs/com/cliffano/swaggyjenkins/model/HudsonnodeMonitorsResponseTimeMonitorData.html...
Generating /Users/cliffano/dev/workspace/swaggy-jenkins/java/generated/target/apidocs/com/cliffano/swaggyjenkins/model/HudsonnodeMonitorsSwapSpaceMonitorMemoryUsage2.html...
Generating /Users/cliffano/dev/workspace/swaggy-jenkins/java/generated/target/apidocs/com/cliffano/swaggyjenkins/model/HudsonscmEmptyChangeLogSet.html...
Generating /Users/cliffano/dev/workspace/swaggy-jenkins/java/generated/target/apidocs/com/cliffano/swaggyjenkins/model/HudsonscmNullSCM.html...
Generating /Users/cliffano/dev/workspace/swaggy-jenkins/java/generated/target/apidocs/com/cliffano/swaggyjenkins/model/HudsonsecuritycsrfDefaultCrumbIssuer.html...
Generating /Users/cliffano/dev/workspace/swaggy-jenkins/java/generated/target/apidocs/com/cliffano/swaggyjenkins/model/HudsonutilClockDifference.html...
Generating /Users/cliffano/dev/workspace/swaggy-jenkins/java/generated/target/apidocs/com/cliffano/swaggyjenkins/model/IojenkinsblueoceanresthalLink.html...
Generating /Users/cliffano/dev/workspace/swaggy-jenkins/java/generated/target/apidocs/com/cliffano/swaggyjenkins/model/IojenkinsblueoceanrestimplpipelineBranchImpl.html...
Generating /Users/cliffano/dev/workspace/swaggy-jenkins/java/generated/target/apidocs/com/cliffano/swaggyjenkins/model/IojenkinsblueoceanrestimplpipelineBranchImplPermissions.html...
Generating /Users/cliffano/dev/workspace/swaggy-jenkins/java/generated/target/apidocs/com/cliffano/swaggyjenkins/model/IojenkinsblueoceanserviceembeddedrestExtensionClassContainerImpl1.html...
Generating /Users/cliffano/dev/workspace/swaggy-jenkins/java/generated/target/apidocs/com/cliffano/swaggyjenkins/model/IojenkinsblueoceanserviceembeddedrestExtensionClassContainerImpl1Links.html...
Generating /Users/cliffano/dev/workspace/swaggy-jenkins/java/generated/target/apidocs/com/cliffano/swaggyjenkins/model/IojenkinsblueoceanserviceembeddedrestExtensionClassContainerImpl1Map.html...
Generating /Users/cliffano/dev/workspace/swaggy-jenkins/java/generated/target/apidocs/com/cliffano/swaggyjenkins/model/IojenkinsblueoceanserviceembeddedrestExtensionClassImpl.html...
Generating /Users/cliffano/dev/workspace/swaggy-jenkins/java/generated/target/apidocs/com/cliffano/swaggyjenkins/model/IojenkinsblueoceanserviceembeddedrestExtensionClassImplLinks.html...
Generating /Users/cliffano/dev/workspace/swaggy-jenkins/java/generated/target/apidocs/com/cliffano/swaggyjenkins/model/IojenkinsblueoceanserviceembeddedrestPipelineFolderImpl.html...
Generating /Users/cliffano/dev/workspace/swaggy-jenkins/java/generated/target/apidocs/com/cliffano/swaggyjenkins/model/IojenkinsblueoceanserviceembeddedrestPipelineImpl.html...
Generating /Users/cliffano/dev/workspace/swaggy-jenkins/java/generated/target/apidocs/com/cliffano/swaggyjenkins/model/JenkinsmodelUnlabeledLoadStatistics.html...
Generating /Users/cliffano/dev/workspace/swaggy-jenkins/java/generated/target/apidocs/com/cliffano/swaggyjenkins/model/SwaggyjenkinsOrganisation.html...
Generating /Users/cliffano/dev/workspace/swaggy-jenkins/java/generated/target/apidocs/com/cliffano/swaggyjenkins/model/SwaggyjenkinsPipeline.html...
Generating /Users/cliffano/dev/workspace/swaggy-jenkins/java/generated/target/apidocs/com/cliffano/swaggyjenkins/model/SwaggyjenkinsPipelineLatestRun.html...
Generating /Users/cliffano/dev/workspace/swaggy-jenkins/java/generated/target/apidocs/com/cliffano/swaggyjenkins/model/SwaggyjenkinsPipelineLatestRunartifacts.html...
Generating /Users/cliffano/dev/workspace/swaggy-jenkins/java/generated/target/apidocs/com/cliffano/swaggyjenkins/model/SwaggyjenkinsUser.html...
Generating /Users/cliffano/dev/workspace/swaggy-jenkins/java/generated/target/apidocs/overview-frame.html...
Generating /Users/cliffano/dev/workspace/swaggy-jenkins/java/generated/target/apidocs/com/cliffano/swaggyjenkins/package-frame.html...
Generating /Users/cliffano/dev/workspace/swaggy-jenkins/java/generated/target/apidocs/com/cliffano/swaggyjenkins/package-summary.html...
Generating /Users/cliffano/dev/workspace/swaggy-jenkins/java/generated/target/apidocs/com/cliffano/swaggyjenkins/package-tree.html...
Generating /Users/cliffano/dev/workspace/swaggy-jenkins/java/generated/target/apidocs/com/cliffano/swaggyjenkins/api/package-frame.html...
Generating /Users/cliffano/dev/workspace/swaggy-jenkins/java/generated/target/apidocs/com/cliffano/swaggyjenkins/api/package-summary.html...
Generating /Users/cliffano/dev/workspace/swaggy-jenkins/java/generated/target/apidocs/com/cliffano/swaggyjenkins/api/package-tree.html...
Generating /Users/cliffano/dev/workspace/swaggy-jenkins/java/generated/target/apidocs/com/cliffano/swaggyjenkins/auth/package-frame.html...
Generating /Users/cliffano/dev/workspace/swaggy-jenkins/java/generated/target/apidocs/com/cliffano/swaggyjenkins/auth/package-summary.html...
Generating /Users/cliffano/dev/workspace/swaggy-jenkins/java/generated/target/apidocs/com/cliffano/swaggyjenkins/auth/package-tree.html...
Generating /Users/cliffano/dev/workspace/swaggy-jenkins/java/generated/target/apidocs/com/cliffano/swaggyjenkins/model/package-frame.html...
Generating /Users/cliffano/dev/workspace/swaggy-jenkins/java/generated/target/apidocs/com/cliffano/swaggyjenkins/model/package-summary.html...
Generating /Users/cliffano/dev/workspace/swaggy-jenkins/java/generated/target/apidocs/com/cliffano/swaggyjenkins/model/package-tree.html...
Generating /Users/cliffano/dev/workspace/swaggy-jenkins/java/generated/target/apidocs/constant-values.html...
Generating /Users/cliffano/dev/workspace/swaggy-jenkins/java/generated/target/apidocs/serialized-form.html...
Generating /Users/cliffano/dev/workspace/swaggy-jenkins/java/generated/target/apidocs/com/cliffano/swaggyjenkins/api/class-use/RemoteAccessApi.html...
Generating /Users/cliffano/dev/workspace/swaggy-jenkins/java/generated/target/apidocs/com/cliffano/swaggyjenkins/api/class-use/BlueOceanApi.html...
Generating /Users/cliffano/dev/workspace/swaggy-jenkins/java/generated/target/apidocs/com/cliffano/swaggyjenkins/class-use/StringUtil.html...
Generating /Users/cliffano/dev/workspace/swaggy-jenkins/java/generated/target/apidocs/com/cliffano/swaggyjenkins/class-use/ProgressResponseBody.html...
Generating /Users/cliffano/dev/workspace/swaggy-jenkins/java/generated/target/apidocs/com/cliffano/swaggyjenkins/class-use/ProgressResponseBody.ProgressListener.html...
Generating /Users/cliffano/dev/workspace/swaggy-jenkins/java/generated/target/apidocs/com/cliffano/swaggyjenkins/class-use/ProgressRequestBody.html...
Generating /Users/cliffano/dev/workspace/swaggy-jenkins/java/generated/target/apidocs/com/cliffano/swaggyjenkins/class-use/ProgressRequestBody.ProgressRequestListener.html...
Generating /Users/cliffano/dev/workspace/swaggy-jenkins/java/generated/target/apidocs/com/cliffano/swaggyjenkins/class-use/Pair.html...
Generating /Users/cliffano/dev/workspace/swaggy-jenkins/java/generated/target/apidocs/com/cliffano/swaggyjenkins/class-use/JSON.html...
Generating /Users/cliffano/dev/workspace/swaggy-jenkins/java/generated/target/apidocs/com/cliffano/swaggyjenkins/class-use/Configuration.html...
Generating /Users/cliffano/dev/workspace/swaggy-jenkins/java/generated/target/apidocs/com/cliffano/swaggyjenkins/class-use/ApiResponse.html...
Generating /Users/cliffano/dev/workspace/swaggy-jenkins/java/generated/target/apidocs/com/cliffano/swaggyjenkins/class-use/ApiException.html...
Generating /Users/cliffano/dev/workspace/swaggy-jenkins/java/generated/target/apidocs/com/cliffano/swaggyjenkins/class-use/ApiClient.html...
Generating /Users/cliffano/dev/workspace/swaggy-jenkins/java/generated/target/apidocs/com/cliffano/swaggyjenkins/class-use/ApiCallback.html...
Generating /Users/cliffano/dev/workspace/swaggy-jenkins/java/generated/target/apidocs/com/cliffano/swaggyjenkins/auth/class-use/OAuthFlow.html...
Generating /Users/cliffano/dev/workspace/swaggy-jenkins/java/generated/target/apidocs/com/cliffano/swaggyjenkins/auth/class-use/OAuth.html...
Generating /Users/cliffano/dev/workspace/swaggy-jenkins/java/generated/target/apidocs/com/cliffano/swaggyjenkins/auth/class-use/HttpBasicAuth.html...
Generating /Users/cliffano/dev/workspace/swaggy-jenkins/java/generated/target/apidocs/com/cliffano/swaggyjenkins/auth/class-use/Authentication.html...
Generating /Users/cliffano/dev/workspace/swaggy-jenkins/java/generated/target/apidocs/com/cliffano/swaggyjenkins/auth/class-use/ApiKeyAuth.html...
Generating /Users/cliffano/dev/workspace/swaggy-jenkins/java/generated/target/apidocs/com/cliffano/swaggyjenkins/model/class-use/SwaggyjenkinsUser.html...
Generating /Users/cliffano/dev/workspace/swaggy-jenkins/java/generated/target/apidocs/com/cliffano/swaggyjenkins/model/class-use/SwaggyjenkinsPipelineLatestRunartifacts.html...
Generating /Users/cliffano/dev/workspace/swaggy-jenkins/java/generated/target/apidocs/com/cliffano/swaggyjenkins/model/class-use/SwaggyjenkinsPipelineLatestRun.html...
Generating /Users/cliffano/dev/workspace/swaggy-jenkins/java/generated/target/apidocs/com/cliffano/swaggyjenkins/model/class-use/SwaggyjenkinsPipeline.html...
Generating /Users/cliffano/dev/workspace/swaggy-jenkins/java/generated/target/apidocs/com/cliffano/swaggyjenkins/model/class-use/SwaggyjenkinsOrganisation.html...
Generating /Users/cliffano/dev/workspace/swaggy-jenkins/java/generated/target/apidocs/com/cliffano/swaggyjenkins/model/class-use/JenkinsmodelUnlabeledLoadStatistics.html...
Generating /Users/cliffano/dev/workspace/swaggy-jenkins/java/generated/target/apidocs/com/cliffano/swaggyjenkins/model/class-use/IojenkinsblueoceanserviceembeddedrestPipelineImpl.html...
Generating /Users/cliffano/dev/workspace/swaggy-jenkins/java/generated/target/apidocs/com/cliffano/swaggyjenkins/model/class-use/IojenkinsblueoceanserviceembeddedrestPipelineFolderImpl.html...
Generating /Users/cliffano/dev/workspace/swaggy-jenkins/java/generated/target/apidocs/com/cliffano/swaggyjenkins/model/class-use/IojenkinsblueoceanserviceembeddedrestExtensionClassImplLinks.html...
Generating /Users/cliffano/dev/workspace/swaggy-jenkins/java/generated/target/apidocs/com/cliffano/swaggyjenkins/model/class-use/IojenkinsblueoceanserviceembeddedrestExtensionClassImpl.html...
Generating /Users/cliffano/dev/workspace/swaggy-jenkins/java/generated/target/apidocs/com/cliffano/swaggyjenkins/model/class-use/IojenkinsblueoceanserviceembeddedrestExtensionClassContainerImpl1Map.html...
Generating /Users/cliffano/dev/workspace/swaggy-jenkins/java/generated/target/apidocs/com/cliffano/swaggyjenkins/model/class-use/IojenkinsblueoceanserviceembeddedrestExtensionClassContainerImpl1Links.html...
Generating /Users/cliffano/dev/workspace/swaggy-jenkins/java/generated/target/apidocs/com/cliffano/swaggyjenkins/model/class-use/IojenkinsblueoceanserviceembeddedrestExtensionClassContainerImpl1.html...
Generating /Users/cliffano/dev/workspace/swaggy-jenkins/java/generated/target/apidocs/com/cliffano/swaggyjenkins/model/class-use/IojenkinsblueoceanrestimplpipelineBranchImplPermissions.html...
Generating /Users/cliffano/dev/workspace/swaggy-jenkins/java/generated/target/apidocs/com/cliffano/swaggyjenkins/model/class-use/IojenkinsblueoceanrestimplpipelineBranchImpl.html...
Generating /Users/cliffano/dev/workspace/swaggy-jenkins/java/generated/target/apidocs/com/cliffano/swaggyjenkins/model/class-use/IojenkinsblueoceanresthalLink.html...
Generating /Users/cliffano/dev/workspace/swaggy-jenkins/java/generated/target/apidocs/com/cliffano/swaggyjenkins/model/class-use/HudsonutilClockDifference.html...
Generating /Users/cliffano/dev/workspace/swaggy-jenkins/java/generated/target/apidocs/com/cliffano/swaggyjenkins/model/class-use/HudsonsecuritycsrfDefaultCrumbIssuer.html...
Generating /Users/cliffano/dev/workspace/swaggy-jenkins/java/generated/target/apidocs/com/cliffano/swaggyjenkins/model/class-use/HudsonscmNullSCM.html...
Generating /Users/cliffano/dev/workspace/swaggy-jenkins/java/generated/target/apidocs/com/cliffano/swaggyjenkins/model/class-use/HudsonscmEmptyChangeLogSet.html...
Generating /Users/cliffano/dev/workspace/swaggy-jenkins/java/generated/target/apidocs/com/cliffano/swaggyjenkins/model/class-use/HudsonnodeMonitorsSwapSpaceMonitorMemoryUsage2.html...
Generating /Users/cliffano/dev/workspace/swaggy-jenkins/java/generated/target/apidocs/com/cliffano/swaggyjenkins/model/class-use/HudsonnodeMonitorsResponseTimeMonitorData.html...
Generating /Users/cliffano/dev/workspace/swaggy-jenkins/java/generated/target/apidocs/com/cliffano/swaggyjenkins/model/class-use/HudsonnodeMonitorsDiskSpaceMonitorDescriptorDiskSpace.html...
Generating /Users/cliffano/dev/workspace/swaggy-jenkins/java/generated/target/apidocs/com/cliffano/swaggyjenkins/model/class-use/HudsonmodelStringParameterValue.html...
Generating /Users/cliffano/dev/workspace/swaggy-jenkins/java/generated/target/apidocs/com/cliffano/swaggyjenkins/model/class-use/HudsonmodelStringParameterDefinition.html...
Generating /Users/cliffano/dev/workspace/swaggy-jenkins/java/generated/target/apidocs/com/cliffano/swaggyjenkins/model/class-use/HudsonmodelQueueLeftItem.html...
Generating /Users/cliffano/dev/workspace/swaggy-jenkins/java/generated/target/apidocs/com/cliffano/swaggyjenkins/model/class-use/HudsonmodelQueueBlockedItem.html...
Generating /Users/cliffano/dev/workspace/swaggy-jenkins/java/generated/target/apidocs/com/cliffano/swaggyjenkins/model/class-use/HudsonmodelQueue.html...
Generating /Users/cliffano/dev/workspace/swaggy-jenkins/java/generated/target/apidocs/com/cliffano/swaggyjenkins/model/class-use/HudsonmodelListView.html...
Generating /Users/cliffano/dev/workspace/swaggy-jenkins/java/generated/target/apidocs/com/cliffano/swaggyjenkins/model/class-use/HudsonmodelLabel1.html...
Generating /Users/cliffano/dev/workspace/swaggy-jenkins/java/generated/target/apidocs/com/cliffano/swaggyjenkins/model/class-use/HudsonmodelHudsonMasterComputerMonitorData.html...
Generating /Users/cliffano/dev/workspace/swaggy-jenkins/java/generated/target/apidocs/com/cliffano/swaggyjenkins/model/class-use/HudsonmodelHudsonMasterComputerexecutors.html...
Generating /Users/cliffano/dev/workspace/swaggy-jenkins/java/generated/target/apidocs/com/cliffano/swaggyjenkins/model/class-use/HudsonmodelHudsonMasterComputer.html...
Generating /Users/cliffano/dev/workspace/swaggy-jenkins/java/generated/target/apidocs/com/cliffano/swaggyjenkins/model/class-use/HudsonmodelHudsonassignedLabels.html...
Generating /Users/cliffano/dev/workspace/swaggy-jenkins/java/generated/target/apidocs/com/cliffano/swaggyjenkins/model/class-use/HudsonmodelHudson.html...
Generating /Users/cliffano/dev/workspace/swaggy-jenkins/java/generated/target/apidocs/com/cliffano/swaggyjenkins/model/class-use/HudsonmodelFreeStyleProjecthealthReport.html...
Generating /Users/cliffano/dev/workspace/swaggy-jenkins/java/generated/target/apidocs/com/cliffano/swaggyjenkins/model/class-use/HudsonmodelFreeStyleProjectactions.html...
Generating /Users/cliffano/dev/workspace/swaggy-jenkins/java/generated/target/apidocs/com/cliffano/swaggyjenkins/model/class-use/HudsonmodelFreeStyleProject.html...
Generating /Users/cliffano/dev/workspace/swaggy-jenkins/java/generated/target/apidocs/com/cliffano/swaggyjenkins/model/class-use/HudsonmodelFreeStyleBuild.html...
Generating /Users/cliffano/dev/workspace/swaggy-jenkins/java/generated/target/apidocs/com/cliffano/swaggyjenkins/model/class-use/HudsonmodelComputerSet.html...
Generating /Users/cliffano/dev/workspace/swaggy-jenkins/java/generated/target/apidocs/com/cliffano/swaggyjenkins/model/class-use/HudsonmodelCauseUserIdCause.html...
Generating /Users/cliffano/dev/workspace/swaggy-jenkins/java/generated/target/apidocs/com/cliffano/swaggyjenkins/model/class-use/HudsonmodelCauseAction.html...
Generating /Users/cliffano/dev/workspace/swaggy-jenkins/java/generated/target/apidocs/com/cliffano/swaggyjenkins/model/class-use/HudsonmodelAllView.html...
Generating /Users/cliffano/dev/workspace/swaggy-jenkins/java/generated/target/apidocs/com/cliffano/swaggyjenkins/model/class-use/GetUsers.html...
Generating /Users/cliffano/dev/workspace/swaggy-jenkins/java/generated/target/apidocs/com/cliffano/swaggyjenkins/model/class-use/GetPipelines.html...
Generating /Users/cliffano/dev/workspace/swaggy-jenkins/java/generated/target/apidocs/com/cliffano/swaggyjenkins/model/class-use/GetPipelineBranchesitemPullRequestLinks.html...
Generating /Users/cliffano/dev/workspace/swaggy-jenkins/java/generated/target/apidocs/com/cliffano/swaggyjenkins/model/class-use/GetPipelineBranchesitemPullRequest.html...
Generating /Users/cliffano/dev/workspace/swaggy-jenkins/java/generated/target/apidocs/com/cliffano/swaggyjenkins/model/class-use/GetPipelineBranchesitemLatestRun.html...
Generating /Users/cliffano/dev/workspace/swaggy-jenkins/java/generated/target/apidocs/com/cliffano/swaggyjenkins/model/class-use/GetPipelineBranchesitem.html...
Generating /Users/cliffano/dev/workspace/swaggy-jenkins/java/generated/target/apidocs/com/cliffano/swaggyjenkins/model/class-use/GetPipelineBranches.html...
Generating /Users/cliffano/dev/workspace/swaggy-jenkins/java/generated/target/apidocs/com/cliffano/swaggyjenkins/model/class-use/GetOrganisations.html...
Generating /Users/cliffano/dev/workspace/swaggy-jenkins/java/generated/target/apidocs/com/cliffano/swaggyjenkins/model/class-use/GetMultibranchPipeline.html...
Generating /Users/cliffano/dev/workspace/swaggy-jenkins/java/generated/target/apidocs/com/cliffano/swaggyjenkins/model/class-use/GetClassesByClass.html...
Generating /Users/cliffano/dev/workspace/swaggy-jenkins/java/generated/target/apidocs/com/cliffano/swaggyjenkins/package-use.html...
Generating /Users/cliffano/dev/workspace/swaggy-jenkins/java/generated/target/apidocs/com/cliffano/swaggyjenkins/api/package-use.html...
Generating /Users/cliffano/dev/workspace/swaggy-jenkins/java/generated/target/apidocs/com/cliffano/swaggyjenkins/auth/package-use.html...
Generating /Users/cliffano/dev/workspace/swaggy-jenkins/java/generated/target/apidocs/com/cliffano/swaggyjenkins/model/package-use.html...
Building index for all the packages and classes...
Generating /Users/cliffano/dev/workspace/swaggy-jenkins/java/generated/target/apidocs/overview-tree.html...
Generating /Users/cliffano/dev/workspace/swaggy-jenkins/java/generated/target/apidocs/index-all.html...
Generating /Users/cliffano/dev/workspace/swaggy-jenkins/java/generated/target/apidocs/deprecated-list.html...
Building index for all classes...
Generating /Users/cliffano/dev/workspace/swaggy-jenkins/java/generated/target/apidocs/allclasses-frame.html...
Generating /Users/cliffano/dev/workspace/swaggy-jenkins/java/generated/target/apidocs/allclasses-noframe.html...
Generating /Users/cliffano/dev/workspace/swaggy-jenkins/java/generated/target/apidocs/index.html...
Generating /Users/cliffano/dev/workspace/swaggy-jenkins/java/generated/target/apidocs/overview-summary.html...
Generating /Users/cliffano/dev/workspace/swaggy-jenkins/java/generated/target/apidocs/help-doc.html...
[INFO] Building jar: /Users/cliffano/dev/workspace/swaggy-jenkins/java/generated/target/swaggyjenkins-0.0.1-javadoc.jar
[INFO] 
[INFO] --- maven-source-plugin:2.2.1:jar-no-fork (attach-sources) @ swaggyjenkins ---
[INFO] 
[INFO] --- maven-install-plugin:2.4:install (default-install) @ swaggyjenkins ---
[INFO] Installing /Users/cliffano/dev/workspace/swaggy-jenkins/java/generated/target/swaggyjenkins-0.0.1.jar to /Users/cliffano/.m2/repository/com/cliffano/swaggyjenkins/0.0.1/swaggyjenkins-0.0.1.jar
[INFO] Installing /Users/cliffano/dev/workspace/swaggy-jenkins/java/generated/pom.xml to /Users/cliffano/.m2/repository/com/cliffano/swaggyjenkins/0.0.1/swaggyjenkins-0.0.1.pom
[INFO] Installing /Users/cliffano/dev/workspace/swaggy-jenkins/java/generated/target/swaggyjenkins-0.0.1-tests.jar to /Users/cliffano/.m2/repository/com/cliffano/swaggyjenkins/0.0.1/swaggyjenkins-0.0.1-tests.jar
[INFO] Installing /Users/cliffano/dev/workspace/swaggy-jenkins/java/generated/target/swaggyjenkins-0.0.1-javadoc.jar to /Users/cliffano/.m2/repository/com/cliffano/swaggyjenkins/0.0.1/swaggyjenkins-0.0.1-javadoc.jar
[INFO] Installing /Users/cliffano/dev/workspace/swaggy-jenkins/java/generated/target/swaggyjenkins-0.0.1-sources.jar to /Users/cliffano/.m2/repository/com/cliffano/swaggyjenkins/0.0.1/swaggyjenkins-0.0.1-sources.jar
[INFO] ------------------------------------------------------------------------
[INFO] BUILD SUCCESS
[INFO] ------------------------------------------------------------------------
[INFO] Total time: 9.866 s
[INFO] Finished at: 2017-07-25T10:44:55+10:00
[INFO] Final Memory: 23M/318M
[INFO] ------------------------------------------------------------------------
