[INFO] Scanning for projects...
[WARNING] The project io.swagger:swagger-java-client:jar:1.0.0 uses prerequisites which is only intended for maven-plugin projects but not for non maven-plugin projects. For such purposes you should use the maven-enforcer-plugin. See https://maven.apache.org/enforcer/enforcer-rules/requireMavenVersion.html
[INFO] 
[INFO] ------------------------------------------------------------------------
[INFO] Building swagger-java-client 1.0.0
[INFO] ------------------------------------------------------------------------
[INFO] 
[INFO] --- build-helper-maven-plugin:1.10:add-source (add_sources) @ swagger-java-client ---
[INFO] Source directory: /Users/cliffano/dev/workspace/swaggy-jenkins/{lang}/generated/src/main/java added.
[INFO] 
[INFO] --- maven-resources-plugin:2.6:resources (default-resources) @ swagger-java-client ---
[INFO] Using 'UTF-8' encoding to copy filtered resources.
[INFO] skip non existing resourceDirectory /Users/cliffano/dev/workspace/swaggy-jenkins/{lang}/generated/src/main/resources
[INFO] 
[INFO] --- maven-compiler-plugin:3.1:compile (default-compile) @ swagger-java-client ---
[INFO] Nothing to compile - all classes are up to date
[INFO] 
[INFO] --- build-helper-maven-plugin:1.10:add-test-source (add_test_sources) @ swagger-java-client ---
[INFO] Test Source directory: /Users/cliffano/dev/workspace/swaggy-jenkins/{lang}/generated/src/test/java added.
[INFO] 
[INFO] --- maven-resources-plugin:2.6:testResources (default-testResources) @ swagger-java-client ---
[INFO] Using 'UTF-8' encoding to copy filtered resources.
[INFO] skip non existing resourceDirectory /Users/cliffano/dev/workspace/swaggy-jenkins/{lang}/generated/src/test/resources
[INFO] 
[INFO] --- maven-compiler-plugin:3.1:testCompile (default-testCompile) @ swagger-java-client ---
[INFO] Nothing to compile - all classes are up to date
[INFO] 
[INFO] --- maven-surefire-plugin:2.12:test (default-test) @ swagger-java-client ---
[INFO] Surefire report directory: /Users/cliffano/dev/workspace/swaggy-jenkins/{lang}/generated/target/surefire-reports

-------------------------------------------------------
 T E S T S
-------------------------------------------------------

-------------------------------------------------------
 T E S T S
-------------------------------------------------------
Concurrency config is parallel='methods', perCoreThreadCount=true, threadCount=2, useUnlimitedThreads=false
Running io.swagger.client.api.BlueOceanApiTest
Tests run: 1, Failures: 0, Errors: 0, Skipped: 1, Time elapsed: 0 sec
Concurrency config is parallel='methods', perCoreThreadCount=true, threadCount=2, useUnlimitedThreads=false
Running io.swagger.client.api.RemoteAccessApiTest
Tests run: 1, Failures: 0, Errors: 0, Skipped: 1, Time elapsed: 0 sec

Results :

Tests run: 2, Failures: 0, Errors: 0, Skipped: 2

[INFO] 
[INFO] --- maven-jar-plugin:2.2:jar (default-jar) @ swagger-java-client ---
[INFO] 
[INFO] --- maven-dependency-plugin:2.8:copy-dependencies (default) @ swagger-java-client ---
[INFO] okhttp-2.7.5.jar already exists in destination.
[INFO] swagger-annotations-1.5.12.jar already exists in destination.
[INFO] joda-time-2.9.3.jar already exists in destination.
[INFO] hamcrest-core-1.3.jar already exists in destination.
[INFO] logging-interceptor-2.7.5.jar already exists in destination.
[INFO] junit-4.12.jar already exists in destination.
[INFO] okio-1.6.0.jar already exists in destination.
[INFO] gson-2.6.2.jar already exists in destination.
[INFO] 
[INFO] --- maven-jar-plugin:2.2:jar (default) @ swagger-java-client ---
[INFO] 
[INFO] --- maven-jar-plugin:2.2:test-jar (default) @ swagger-java-client ---
[INFO] 
[INFO] --- maven-javadoc-plugin:2.10.4:jar (attach-javadocs) @ swagger-java-client ---
[INFO] 
Loading source files for package io.swagger.client.api...
Loading source files for package io.swagger.client...
Loading source files for package io.swagger.client.auth...
Loading source files for package io.swagger.client.model...
Constructing Javadoc information...
Standard Doclet version 1.8.0_131
Building tree for all the packages and classes...
Generating /Users/cliffano/dev/workspace/swaggy-jenkins/{lang}/generated/target/apidocs/io/swagger/client/api/BlueOceanApi.html...
Generating /Users/cliffano/dev/workspace/swaggy-jenkins/{lang}/generated/target/apidocs/io/swagger/client/api/RemoteAccessApi.html...
Generating /Users/cliffano/dev/workspace/swaggy-jenkins/{lang}/generated/target/apidocs/io/swagger/client/ApiCallback.html...
Generating /Users/cliffano/dev/workspace/swaggy-jenkins/{lang}/generated/target/apidocs/io/swagger/client/ApiClient.html...
Generating /Users/cliffano/dev/workspace/swaggy-jenkins/{lang}/generated/target/apidocs/io/swagger/client/ApiException.html...
Generating /Users/cliffano/dev/workspace/swaggy-jenkins/{lang}/generated/target/apidocs/io/swagger/client/ApiResponse.html...
Generating /Users/cliffano/dev/workspace/swaggy-jenkins/{lang}/generated/target/apidocs/io/swagger/client/Configuration.html...
Generating /Users/cliffano/dev/workspace/swaggy-jenkins/{lang}/generated/target/apidocs/io/swagger/client/JSON.html...
Generating /Users/cliffano/dev/workspace/swaggy-jenkins/{lang}/generated/target/apidocs/io/swagger/client/Pair.html...
Generating /Users/cliffano/dev/workspace/swaggy-jenkins/{lang}/generated/target/apidocs/io/swagger/client/ProgressRequestBody.html...
Generating /Users/cliffano/dev/workspace/swaggy-jenkins/{lang}/generated/target/apidocs/io/swagger/client/ProgressRequestBody.ProgressRequestListener.html...
Generating /Users/cliffano/dev/workspace/swaggy-jenkins/{lang}/generated/target/apidocs/io/swagger/client/ProgressResponseBody.html...
Generating /Users/cliffano/dev/workspace/swaggy-jenkins/{lang}/generated/target/apidocs/io/swagger/client/ProgressResponseBody.ProgressListener.html...
Generating /Users/cliffano/dev/workspace/swaggy-jenkins/{lang}/generated/target/apidocs/io/swagger/client/StringUtil.html...
Generating /Users/cliffano/dev/workspace/swaggy-jenkins/{lang}/generated/target/apidocs/io/swagger/client/auth/ApiKeyAuth.html...
Generating /Users/cliffano/dev/workspace/swaggy-jenkins/{lang}/generated/target/apidocs/io/swagger/client/auth/Authentication.html...
Generating /Users/cliffano/dev/workspace/swaggy-jenkins/{lang}/generated/target/apidocs/io/swagger/client/auth/HttpBasicAuth.html...
Generating /Users/cliffano/dev/workspace/swaggy-jenkins/{lang}/generated/target/apidocs/io/swagger/client/auth/OAuth.html...
Generating /Users/cliffano/dev/workspace/swaggy-jenkins/{lang}/generated/target/apidocs/io/swagger/client/auth/OAuthFlow.html...
Generating /Users/cliffano/dev/workspace/swaggy-jenkins/{lang}/generated/target/apidocs/io/swagger/client/model/GetClassesByClass.html...
Generating /Users/cliffano/dev/workspace/swaggy-jenkins/{lang}/generated/target/apidocs/io/swagger/client/model/GetMultibranchPipeline.html...
Generating /Users/cliffano/dev/workspace/swaggy-jenkins/{lang}/generated/target/apidocs/io/swagger/client/model/GetOrganisations.html...
Generating /Users/cliffano/dev/workspace/swaggy-jenkins/{lang}/generated/target/apidocs/io/swagger/client/model/GetPipelineBranches.html...
Generating /Users/cliffano/dev/workspace/swaggy-jenkins/{lang}/generated/target/apidocs/io/swagger/client/model/GetPipelineBranchesitem.html...
Generating /Users/cliffano/dev/workspace/swaggy-jenkins/{lang}/generated/target/apidocs/io/swagger/client/model/GetPipelineBranchesitemLatestRun.html...
Generating /Users/cliffano/dev/workspace/swaggy-jenkins/{lang}/generated/target/apidocs/io/swagger/client/model/GetPipelineBranchesitemPullRequest.html...
Generating /Users/cliffano/dev/workspace/swaggy-jenkins/{lang}/generated/target/apidocs/io/swagger/client/model/GetPipelineBranchesitemPullRequestLinks.html...
Generating /Users/cliffano/dev/workspace/swaggy-jenkins/{lang}/generated/target/apidocs/io/swagger/client/model/GetPipelines.html...
Generating /Users/cliffano/dev/workspace/swaggy-jenkins/{lang}/generated/target/apidocs/io/swagger/client/model/GetUsers.html...
Generating /Users/cliffano/dev/workspace/swaggy-jenkins/{lang}/generated/target/apidocs/io/swagger/client/model/HudsonmodelAllView.html...
Generating /Users/cliffano/dev/workspace/swaggy-jenkins/{lang}/generated/target/apidocs/io/swagger/client/model/HudsonmodelCauseAction.html...
Generating /Users/cliffano/dev/workspace/swaggy-jenkins/{lang}/generated/target/apidocs/io/swagger/client/model/HudsonmodelCauseUserIdCause.html...
Generating /Users/cliffano/dev/workspace/swaggy-jenkins/{lang}/generated/target/apidocs/io/swagger/client/model/HudsonmodelComputerSet.html...
Generating /Users/cliffano/dev/workspace/swaggy-jenkins/{lang}/generated/target/apidocs/io/swagger/client/model/HudsonmodelFreeStyleBuild.html...
Generating /Users/cliffano/dev/workspace/swaggy-jenkins/{lang}/generated/target/apidocs/io/swagger/client/model/HudsonmodelFreeStyleProject.html...
Generating /Users/cliffano/dev/workspace/swaggy-jenkins/{lang}/generated/target/apidocs/io/swagger/client/model/HudsonmodelFreeStyleProjectactions.html...
Generating /Users/cliffano/dev/workspace/swaggy-jenkins/{lang}/generated/target/apidocs/io/swagger/client/model/HudsonmodelFreeStyleProjecthealthReport.html...
Generating /Users/cliffano/dev/workspace/swaggy-jenkins/{lang}/generated/target/apidocs/io/swagger/client/model/HudsonmodelHudson.html...
Generating /Users/cliffano/dev/workspace/swaggy-jenkins/{lang}/generated/target/apidocs/io/swagger/client/model/HudsonmodelHudsonassignedLabels.html...
Generating /Users/cliffano/dev/workspace/swaggy-jenkins/{lang}/generated/target/apidocs/io/swagger/client/model/HudsonmodelHudsonMasterComputer.html...
Generating /Users/cliffano/dev/workspace/swaggy-jenkins/{lang}/generated/target/apidocs/io/swagger/client/model/HudsonmodelHudsonMasterComputerexecutors.html...
Generating /Users/cliffano/dev/workspace/swaggy-jenkins/{lang}/generated/target/apidocs/io/swagger/client/model/HudsonmodelHudsonMasterComputerMonitorData.html...
Generating /Users/cliffano/dev/workspace/swaggy-jenkins/{lang}/generated/target/apidocs/io/swagger/client/model/HudsonmodelLabel1.html...
Generating /Users/cliffano/dev/workspace/swaggy-jenkins/{lang}/generated/target/apidocs/io/swagger/client/model/HudsonmodelListView.html...
Generating /Users/cliffano/dev/workspace/swaggy-jenkins/{lang}/generated/target/apidocs/io/swagger/client/model/HudsonmodelQueue.html...
Generating /Users/cliffano/dev/workspace/swaggy-jenkins/{lang}/generated/target/apidocs/io/swagger/client/model/HudsonmodelQueueBlockedItem.html...
Generating /Users/cliffano/dev/workspace/swaggy-jenkins/{lang}/generated/target/apidocs/io/swagger/client/model/HudsonmodelQueueLeftItem.html...
Generating /Users/cliffano/dev/workspace/swaggy-jenkins/{lang}/generated/target/apidocs/io/swagger/client/model/HudsonmodelStringParameterDefinition.html...
Generating /Users/cliffano/dev/workspace/swaggy-jenkins/{lang}/generated/target/apidocs/io/swagger/client/model/HudsonmodelStringParameterValue.html...
Generating /Users/cliffano/dev/workspace/swaggy-jenkins/{lang}/generated/target/apidocs/io/swagger/client/model/HudsonnodeMonitorsDiskSpaceMonitorDescriptorDiskSpace.html...
Generating /Users/cliffano/dev/workspace/swaggy-jenkins/{lang}/generated/target/apidocs/io/swagger/client/model/HudsonnodeMonitorsResponseTimeMonitorData.html...
Generating /Users/cliffano/dev/workspace/swaggy-jenkins/{lang}/generated/target/apidocs/io/swagger/client/model/HudsonnodeMonitorsSwapSpaceMonitorMemoryUsage2.html...
Generating /Users/cliffano/dev/workspace/swaggy-jenkins/{lang}/generated/target/apidocs/io/swagger/client/model/HudsonscmEmptyChangeLogSet.html...
Generating /Users/cliffano/dev/workspace/swaggy-jenkins/{lang}/generated/target/apidocs/io/swagger/client/model/HudsonscmNullSCM.html...
Generating /Users/cliffano/dev/workspace/swaggy-jenkins/{lang}/generated/target/apidocs/io/swagger/client/model/HudsonsecuritycsrfDefaultCrumbIssuer.html...
Generating /Users/cliffano/dev/workspace/swaggy-jenkins/{lang}/generated/target/apidocs/io/swagger/client/model/HudsonutilClockDifference.html...
Generating /Users/cliffano/dev/workspace/swaggy-jenkins/{lang}/generated/target/apidocs/io/swagger/client/model/IojenkinsblueoceanresthalLink.html...
Generating /Users/cliffano/dev/workspace/swaggy-jenkins/{lang}/generated/target/apidocs/io/swagger/client/model/IojenkinsblueoceanrestimplpipelineBranchImpl.html...
Generating /Users/cliffano/dev/workspace/swaggy-jenkins/{lang}/generated/target/apidocs/io/swagger/client/model/IojenkinsblueoceanrestimplpipelineBranchImplPermissions.html...
Generating /Users/cliffano/dev/workspace/swaggy-jenkins/{lang}/generated/target/apidocs/io/swagger/client/model/IojenkinsblueoceanserviceembeddedrestExtensionClassContainerImpl1.html...
Generating /Users/cliffano/dev/workspace/swaggy-jenkins/{lang}/generated/target/apidocs/io/swagger/client/model/IojenkinsblueoceanserviceembeddedrestExtensionClassContainerImpl1Links.html...
Generating /Users/cliffano/dev/workspace/swaggy-jenkins/{lang}/generated/target/apidocs/io/swagger/client/model/IojenkinsblueoceanserviceembeddedrestExtensionClassContainerImpl1Map.html...
Generating /Users/cliffano/dev/workspace/swaggy-jenkins/{lang}/generated/target/apidocs/io/swagger/client/model/IojenkinsblueoceanserviceembeddedrestExtensionClassImpl.html...
Generating /Users/cliffano/dev/workspace/swaggy-jenkins/{lang}/generated/target/apidocs/io/swagger/client/model/IojenkinsblueoceanserviceembeddedrestExtensionClassImplLinks.html...
Generating /Users/cliffano/dev/workspace/swaggy-jenkins/{lang}/generated/target/apidocs/io/swagger/client/model/IojenkinsblueoceanserviceembeddedrestPipelineFolderImpl.html...
Generating /Users/cliffano/dev/workspace/swaggy-jenkins/{lang}/generated/target/apidocs/io/swagger/client/model/IojenkinsblueoceanserviceembeddedrestPipelineImpl.html...
Generating /Users/cliffano/dev/workspace/swaggy-jenkins/{lang}/generated/target/apidocs/io/swagger/client/model/JenkinsmodelUnlabeledLoadStatistics.html...
Generating /Users/cliffano/dev/workspace/swaggy-jenkins/{lang}/generated/target/apidocs/io/swagger/client/model/SwaggyjenkinsOrganisation.html...
Generating /Users/cliffano/dev/workspace/swaggy-jenkins/{lang}/generated/target/apidocs/io/swagger/client/model/SwaggyjenkinsPipeline.html...
Generating /Users/cliffano/dev/workspace/swaggy-jenkins/{lang}/generated/target/apidocs/io/swagger/client/model/SwaggyjenkinsPipelineLatestRun.html...
Generating /Users/cliffano/dev/workspace/swaggy-jenkins/{lang}/generated/target/apidocs/io/swagger/client/model/SwaggyjenkinsPipelineLatestRunartifacts.html...
Generating /Users/cliffano/dev/workspace/swaggy-jenkins/{lang}/generated/target/apidocs/io/swagger/client/model/SwaggyjenkinsUser.html...
Generating /Users/cliffano/dev/workspace/swaggy-jenkins/{lang}/generated/target/apidocs/overview-frame.html...
Generating /Users/cliffano/dev/workspace/swaggy-jenkins/{lang}/generated/target/apidocs/io/swagger/client/package-frame.html...
Generating /Users/cliffano/dev/workspace/swaggy-jenkins/{lang}/generated/target/apidocs/io/swagger/client/package-summary.html...
Generating /Users/cliffano/dev/workspace/swaggy-jenkins/{lang}/generated/target/apidocs/io/swagger/client/package-tree.html...
Generating /Users/cliffano/dev/workspace/swaggy-jenkins/{lang}/generated/target/apidocs/io/swagger/client/api/package-frame.html...
Generating /Users/cliffano/dev/workspace/swaggy-jenkins/{lang}/generated/target/apidocs/io/swagger/client/api/package-summary.html...
Generating /Users/cliffano/dev/workspace/swaggy-jenkins/{lang}/generated/target/apidocs/io/swagger/client/api/package-tree.html...
Generating /Users/cliffano/dev/workspace/swaggy-jenkins/{lang}/generated/target/apidocs/io/swagger/client/auth/package-frame.html...
Generating /Users/cliffano/dev/workspace/swaggy-jenkins/{lang}/generated/target/apidocs/io/swagger/client/auth/package-summary.html...
Generating /Users/cliffano/dev/workspace/swaggy-jenkins/{lang}/generated/target/apidocs/io/swagger/client/auth/package-tree.html...
Generating /Users/cliffano/dev/workspace/swaggy-jenkins/{lang}/generated/target/apidocs/io/swagger/client/model/package-frame.html...
Generating /Users/cliffano/dev/workspace/swaggy-jenkins/{lang}/generated/target/apidocs/io/swagger/client/model/package-summary.html...
Generating /Users/cliffano/dev/workspace/swaggy-jenkins/{lang}/generated/target/apidocs/io/swagger/client/model/package-tree.html...
Generating /Users/cliffano/dev/workspace/swaggy-jenkins/{lang}/generated/target/apidocs/constant-values.html...
Generating /Users/cliffano/dev/workspace/swaggy-jenkins/{lang}/generated/target/apidocs/serialized-form.html...
Generating /Users/cliffano/dev/workspace/swaggy-jenkins/{lang}/generated/target/apidocs/io/swagger/client/api/class-use/RemoteAccessApi.html...
Generating /Users/cliffano/dev/workspace/swaggy-jenkins/{lang}/generated/target/apidocs/io/swagger/client/api/class-use/BlueOceanApi.html...
Generating /Users/cliffano/dev/workspace/swaggy-jenkins/{lang}/generated/target/apidocs/io/swagger/client/class-use/StringUtil.html...
Generating /Users/cliffano/dev/workspace/swaggy-jenkins/{lang}/generated/target/apidocs/io/swagger/client/class-use/ProgressResponseBody.html...
Generating /Users/cliffano/dev/workspace/swaggy-jenkins/{lang}/generated/target/apidocs/io/swagger/client/class-use/ProgressResponseBody.ProgressListener.html...
Generating /Users/cliffano/dev/workspace/swaggy-jenkins/{lang}/generated/target/apidocs/io/swagger/client/class-use/ProgressRequestBody.html...
Generating /Users/cliffano/dev/workspace/swaggy-jenkins/{lang}/generated/target/apidocs/io/swagger/client/class-use/ProgressRequestBody.ProgressRequestListener.html...
Generating /Users/cliffano/dev/workspace/swaggy-jenkins/{lang}/generated/target/apidocs/io/swagger/client/class-use/Pair.html...
Generating /Users/cliffano/dev/workspace/swaggy-jenkins/{lang}/generated/target/apidocs/io/swagger/client/class-use/JSON.html...
Generating /Users/cliffano/dev/workspace/swaggy-jenkins/{lang}/generated/target/apidocs/io/swagger/client/class-use/Configuration.html...
Generating /Users/cliffano/dev/workspace/swaggy-jenkins/{lang}/generated/target/apidocs/io/swagger/client/class-use/ApiResponse.html...
Generating /Users/cliffano/dev/workspace/swaggy-jenkins/{lang}/generated/target/apidocs/io/swagger/client/class-use/ApiException.html...
Generating /Users/cliffano/dev/workspace/swaggy-jenkins/{lang}/generated/target/apidocs/io/swagger/client/class-use/ApiClient.html...
Generating /Users/cliffano/dev/workspace/swaggy-jenkins/{lang}/generated/target/apidocs/io/swagger/client/class-use/ApiCallback.html...
Generating /Users/cliffano/dev/workspace/swaggy-jenkins/{lang}/generated/target/apidocs/io/swagger/client/auth/class-use/OAuthFlow.html...
Generating /Users/cliffano/dev/workspace/swaggy-jenkins/{lang}/generated/target/apidocs/io/swagger/client/auth/class-use/OAuth.html...
Generating /Users/cliffano/dev/workspace/swaggy-jenkins/{lang}/generated/target/apidocs/io/swagger/client/auth/class-use/HttpBasicAuth.html...
Generating /Users/cliffano/dev/workspace/swaggy-jenkins/{lang}/generated/target/apidocs/io/swagger/client/auth/class-use/Authentication.html...
Generating /Users/cliffano/dev/workspace/swaggy-jenkins/{lang}/generated/target/apidocs/io/swagger/client/auth/class-use/ApiKeyAuth.html...
Generating /Users/cliffano/dev/workspace/swaggy-jenkins/{lang}/generated/target/apidocs/io/swagger/client/model/class-use/SwaggyjenkinsUser.html...
Generating /Users/cliffano/dev/workspace/swaggy-jenkins/{lang}/generated/target/apidocs/io/swagger/client/model/class-use/SwaggyjenkinsPipelineLatestRunartifacts.html...
Generating /Users/cliffano/dev/workspace/swaggy-jenkins/{lang}/generated/target/apidocs/io/swagger/client/model/class-use/SwaggyjenkinsPipelineLatestRun.html...
Generating /Users/cliffano/dev/workspace/swaggy-jenkins/{lang}/generated/target/apidocs/io/swagger/client/model/class-use/SwaggyjenkinsPipeline.html...
Generating /Users/cliffano/dev/workspace/swaggy-jenkins/{lang}/generated/target/apidocs/io/swagger/client/model/class-use/SwaggyjenkinsOrganisation.html...
Generating /Users/cliffano/dev/workspace/swaggy-jenkins/{lang}/generated/target/apidocs/io/swagger/client/model/class-use/JenkinsmodelUnlabeledLoadStatistics.html...
Generating /Users/cliffano/dev/workspace/swaggy-jenkins/{lang}/generated/target/apidocs/io/swagger/client/model/class-use/IojenkinsblueoceanserviceembeddedrestPipelineImpl.html...
Generating /Users/cliffano/dev/workspace/swaggy-jenkins/{lang}/generated/target/apidocs/io/swagger/client/model/class-use/IojenkinsblueoceanserviceembeddedrestPipelineFolderImpl.html...
Generating /Users/cliffano/dev/workspace/swaggy-jenkins/{lang}/generated/target/apidocs/io/swagger/client/model/class-use/IojenkinsblueoceanserviceembeddedrestExtensionClassImplLinks.html...
Generating /Users/cliffano/dev/workspace/swaggy-jenkins/{lang}/generated/target/apidocs/io/swagger/client/model/class-use/IojenkinsblueoceanserviceembeddedrestExtensionClassImpl.html...
Generating /Users/cliffano/dev/workspace/swaggy-jenkins/{lang}/generated/target/apidocs/io/swagger/client/model/class-use/IojenkinsblueoceanserviceembeddedrestExtensionClassContainerImpl1Map.html...
Generating /Users/cliffano/dev/workspace/swaggy-jenkins/{lang}/generated/target/apidocs/io/swagger/client/model/class-use/IojenkinsblueoceanserviceembeddedrestExtensionClassContainerImpl1Links.html...
Generating /Users/cliffano/dev/workspace/swaggy-jenkins/{lang}/generated/target/apidocs/io/swagger/client/model/class-use/IojenkinsblueoceanserviceembeddedrestExtensionClassContainerImpl1.html...
Generating /Users/cliffano/dev/workspace/swaggy-jenkins/{lang}/generated/target/apidocs/io/swagger/client/model/class-use/IojenkinsblueoceanrestimplpipelineBranchImplPermissions.html...
Generating /Users/cliffano/dev/workspace/swaggy-jenkins/{lang}/generated/target/apidocs/io/swagger/client/model/class-use/IojenkinsblueoceanrestimplpipelineBranchImpl.html...
Generating /Users/cliffano/dev/workspace/swaggy-jenkins/{lang}/generated/target/apidocs/io/swagger/client/model/class-use/IojenkinsblueoceanresthalLink.html...
Generating /Users/cliffano/dev/workspace/swaggy-jenkins/{lang}/generated/target/apidocs/io/swagger/client/model/class-use/HudsonutilClockDifference.html...
Generating /Users/cliffano/dev/workspace/swaggy-jenkins/{lang}/generated/target/apidocs/io/swagger/client/model/class-use/HudsonsecuritycsrfDefaultCrumbIssuer.html...
Generating /Users/cliffano/dev/workspace/swaggy-jenkins/{lang}/generated/target/apidocs/io/swagger/client/model/class-use/HudsonscmNullSCM.html...
Generating /Users/cliffano/dev/workspace/swaggy-jenkins/{lang}/generated/target/apidocs/io/swagger/client/model/class-use/HudsonscmEmptyChangeLogSet.html...
Generating /Users/cliffano/dev/workspace/swaggy-jenkins/{lang}/generated/target/apidocs/io/swagger/client/model/class-use/HudsonnodeMonitorsSwapSpaceMonitorMemoryUsage2.html...
Generating /Users/cliffano/dev/workspace/swaggy-jenkins/{lang}/generated/target/apidocs/io/swagger/client/model/class-use/HudsonnodeMonitorsResponseTimeMonitorData.html...
Generating /Users/cliffano/dev/workspace/swaggy-jenkins/{lang}/generated/target/apidocs/io/swagger/client/model/class-use/HudsonnodeMonitorsDiskSpaceMonitorDescriptorDiskSpace.html...
Generating /Users/cliffano/dev/workspace/swaggy-jenkins/{lang}/generated/target/apidocs/io/swagger/client/model/class-use/HudsonmodelStringParameterValue.html...
Generating /Users/cliffano/dev/workspace/swaggy-jenkins/{lang}/generated/target/apidocs/io/swagger/client/model/class-use/HudsonmodelStringParameterDefinition.html...
Generating /Users/cliffano/dev/workspace/swaggy-jenkins/{lang}/generated/target/apidocs/io/swagger/client/model/class-use/HudsonmodelQueueLeftItem.html...
Generating /Users/cliffano/dev/workspace/swaggy-jenkins/{lang}/generated/target/apidocs/io/swagger/client/model/class-use/HudsonmodelQueueBlockedItem.html...
Generating /Users/cliffano/dev/workspace/swaggy-jenkins/{lang}/generated/target/apidocs/io/swagger/client/model/class-use/HudsonmodelQueue.html...
Generating /Users/cliffano/dev/workspace/swaggy-jenkins/{lang}/generated/target/apidocs/io/swagger/client/model/class-use/HudsonmodelListView.html...
Generating /Users/cliffano/dev/workspace/swaggy-jenkins/{lang}/generated/target/apidocs/io/swagger/client/model/class-use/HudsonmodelLabel1.html...
Generating /Users/cliffano/dev/workspace/swaggy-jenkins/{lang}/generated/target/apidocs/io/swagger/client/model/class-use/HudsonmodelHudsonMasterComputerMonitorData.html...
Generating /Users/cliffano/dev/workspace/swaggy-jenkins/{lang}/generated/target/apidocs/io/swagger/client/model/class-use/HudsonmodelHudsonMasterComputerexecutors.html...
Generating /Users/cliffano/dev/workspace/swaggy-jenkins/{lang}/generated/target/apidocs/io/swagger/client/model/class-use/HudsonmodelHudsonMasterComputer.html...
Generating /Users/cliffano/dev/workspace/swaggy-jenkins/{lang}/generated/target/apidocs/io/swagger/client/model/class-use/HudsonmodelHudsonassignedLabels.html...
Generating /Users/cliffano/dev/workspace/swaggy-jenkins/{lang}/generated/target/apidocs/io/swagger/client/model/class-use/HudsonmodelHudson.html...
Generating /Users/cliffano/dev/workspace/swaggy-jenkins/{lang}/generated/target/apidocs/io/swagger/client/model/class-use/HudsonmodelFreeStyleProjecthealthReport.html...
Generating /Users/cliffano/dev/workspace/swaggy-jenkins/{lang}/generated/target/apidocs/io/swagger/client/model/class-use/HudsonmodelFreeStyleProjectactions.html...
Generating /Users/cliffano/dev/workspace/swaggy-jenkins/{lang}/generated/target/apidocs/io/swagger/client/model/class-use/HudsonmodelFreeStyleProject.html...
Generating /Users/cliffano/dev/workspace/swaggy-jenkins/{lang}/generated/target/apidocs/io/swagger/client/model/class-use/HudsonmodelFreeStyleBuild.html...
Generating /Users/cliffano/dev/workspace/swaggy-jenkins/{lang}/generated/target/apidocs/io/swagger/client/model/class-use/HudsonmodelComputerSet.html...
Generating /Users/cliffano/dev/workspace/swaggy-jenkins/{lang}/generated/target/apidocs/io/swagger/client/model/class-use/HudsonmodelCauseUserIdCause.html...
Generating /Users/cliffano/dev/workspace/swaggy-jenkins/{lang}/generated/target/apidocs/io/swagger/client/model/class-use/HudsonmodelCauseAction.html...
Generating /Users/cliffano/dev/workspace/swaggy-jenkins/{lang}/generated/target/apidocs/io/swagger/client/model/class-use/HudsonmodelAllView.html...
Generating /Users/cliffano/dev/workspace/swaggy-jenkins/{lang}/generated/target/apidocs/io/swagger/client/model/class-use/GetUsers.html...
Generating /Users/cliffano/dev/workspace/swaggy-jenkins/{lang}/generated/target/apidocs/io/swagger/client/model/class-use/GetPipelines.html...
Generating /Users/cliffano/dev/workspace/swaggy-jenkins/{lang}/generated/target/apidocs/io/swagger/client/model/class-use/GetPipelineBranchesitemPullRequestLinks.html...
Generating /Users/cliffano/dev/workspace/swaggy-jenkins/{lang}/generated/target/apidocs/io/swagger/client/model/class-use/GetPipelineBranchesitemPullRequest.html...
Generating /Users/cliffano/dev/workspace/swaggy-jenkins/{lang}/generated/target/apidocs/io/swagger/client/model/class-use/GetPipelineBranchesitemLatestRun.html...
Generating /Users/cliffano/dev/workspace/swaggy-jenkins/{lang}/generated/target/apidocs/io/swagger/client/model/class-use/GetPipelineBranchesitem.html...
Generating /Users/cliffano/dev/workspace/swaggy-jenkins/{lang}/generated/target/apidocs/io/swagger/client/model/class-use/GetPipelineBranches.html...
Generating /Users/cliffano/dev/workspace/swaggy-jenkins/{lang}/generated/target/apidocs/io/swagger/client/model/class-use/GetOrganisations.html...
Generating /Users/cliffano/dev/workspace/swaggy-jenkins/{lang}/generated/target/apidocs/io/swagger/client/model/class-use/GetMultibranchPipeline.html...
Generating /Users/cliffano/dev/workspace/swaggy-jenkins/{lang}/generated/target/apidocs/io/swagger/client/model/class-use/GetClassesByClass.html...
Generating /Users/cliffano/dev/workspace/swaggy-jenkins/{lang}/generated/target/apidocs/io/swagger/client/package-use.html...
Generating /Users/cliffano/dev/workspace/swaggy-jenkins/{lang}/generated/target/apidocs/io/swagger/client/api/package-use.html...
Generating /Users/cliffano/dev/workspace/swaggy-jenkins/{lang}/generated/target/apidocs/io/swagger/client/auth/package-use.html...
Generating /Users/cliffano/dev/workspace/swaggy-jenkins/{lang}/generated/target/apidocs/io/swagger/client/model/package-use.html...
Building index for all the packages and classes...
Generating /Users/cliffano/dev/workspace/swaggy-jenkins/{lang}/generated/target/apidocs/overview-tree.html...
Generating /Users/cliffano/dev/workspace/swaggy-jenkins/{lang}/generated/target/apidocs/index-all.html...
Generating /Users/cliffano/dev/workspace/swaggy-jenkins/{lang}/generated/target/apidocs/deprecated-list.html...
Building index for all classes...
Generating /Users/cliffano/dev/workspace/swaggy-jenkins/{lang}/generated/target/apidocs/allclasses-frame.html...
Generating /Users/cliffano/dev/workspace/swaggy-jenkins/{lang}/generated/target/apidocs/allclasses-noframe.html...
Generating /Users/cliffano/dev/workspace/swaggy-jenkins/{lang}/generated/target/apidocs/index.html...
Generating /Users/cliffano/dev/workspace/swaggy-jenkins/{lang}/generated/target/apidocs/overview-summary.html...
Generating /Users/cliffano/dev/workspace/swaggy-jenkins/{lang}/generated/target/apidocs/help-doc.html...
[INFO] Building jar: /Users/cliffano/dev/workspace/swaggy-jenkins/{lang}/generated/target/swagger-java-client-1.0.0-javadoc.jar
[INFO] 
[INFO] --- maven-source-plugin:2.2.1:jar-no-fork (attach-sources) @ swagger-java-client ---
[INFO] 
[INFO] --- maven-install-plugin:2.4:install (default-install) @ swagger-java-client ---
[INFO] Installing /Users/cliffano/dev/workspace/swaggy-jenkins/{lang}/generated/target/swagger-java-client-1.0.0.jar to /Users/cliffano/.m2/repository/io/swagger/swagger-java-client/1.0.0/swagger-java-client-1.0.0.jar
[INFO] Installing /Users/cliffano/dev/workspace/swaggy-jenkins/{lang}/generated/pom.xml to /Users/cliffano/.m2/repository/io/swagger/swagger-java-client/1.0.0/swagger-java-client-1.0.0.pom
[INFO] Installing /Users/cliffano/dev/workspace/swaggy-jenkins/{lang}/generated/target/swagger-java-client-1.0.0-tests.jar to /Users/cliffano/.m2/repository/io/swagger/swagger-java-client/1.0.0/swagger-java-client-1.0.0-tests.jar
[INFO] Installing /Users/cliffano/dev/workspace/swaggy-jenkins/{lang}/generated/target/swagger-java-client-1.0.0-javadoc.jar to /Users/cliffano/.m2/repository/io/swagger/swagger-java-client/1.0.0/swagger-java-client-1.0.0-javadoc.jar
[INFO] Installing /Users/cliffano/dev/workspace/swaggy-jenkins/{lang}/generated/target/swagger-java-client-1.0.0-sources.jar to /Users/cliffano/.m2/repository/io/swagger/swagger-java-client/1.0.0/swagger-java-client-1.0.0-sources.jar
[INFO] 
[INFO] --- maven-deploy-plugin:2.7:deploy (default-deploy) @ swagger-java-client ---
[INFO] ------------------------------------------------------------------------
[INFO] BUILD FAILURE
[INFO] ------------------------------------------------------------------------
[INFO] Total time: 9.991 s
[INFO] Finished at: 2017-07-25T09:21:00+10:00
[INFO] Final Memory: 24M/321M
[INFO] ------------------------------------------------------------------------
[ERROR] Failed to execute goal org.apache.maven.plugins:maven-deploy-plugin:2.7:deploy (default-deploy) on project swagger-java-client: Deployment failed: repository element was not specified in the POM inside distributionManagement element or in -DaltDeploymentRepository=id::layout::url parameter -> [Help 1]
[ERROR] 
[ERROR] To see the full stack trace of the errors, re-run Maven with the -e switch.
[ERROR] Re-run Maven using the -X switch to enable full debug logging.
[ERROR] 
[ERROR] For more information about the errors and possible solutions, please read the following articles:
[ERROR] [Help 1] http://cwiki.apache.org/confluence/display/MAVEN/MojoExecutionException
