running bdist_egg
running egg_info
writing requirements to swaggyjenkins.egg-info/requires.txt
writing swaggyjenkins.egg-info/PKG-INFO
writing top-level names to swaggyjenkins.egg-info/top_level.txt
writing dependency_links to swaggyjenkins.egg-info/dependency_links.txt
reading manifest file 'swaggyjenkins.egg-info/SOURCES.txt'
writing manifest file 'swaggyjenkins.egg-info/SOURCES.txt'
installing library code to build/bdist.macosx-10.10-x86_64/egg
running install_lib
running build_py
creating build
creating build/lib
creating build/lib/swaggyjenkins
copying swaggyjenkins/__init__.py -> build/lib/swaggyjenkins
copying swaggyjenkins/api_client.py -> build/lib/swaggyjenkins
copying swaggyjenkins/configuration.py -> build/lib/swaggyjenkins
copying swaggyjenkins/rest.py -> build/lib/swaggyjenkins
creating build/lib/test
copying test/__init__.py -> build/lib/test
copying test/test_blue_ocean_api.py -> build/lib/test
copying test/test_get_classes_by_class.py -> build/lib/test
copying test/test_get_multibranch_pipeline.py -> build/lib/test
copying test/test_get_organisations.py -> build/lib/test
copying test/test_get_pipeline_branches.py -> build/lib/test
copying test/test_get_pipeline_branchesitem.py -> build/lib/test
copying test/test_get_pipeline_branchesitem_latest_run.py -> build/lib/test
copying test/test_get_pipeline_branchesitem_pull_request.py -> build/lib/test
copying test/test_get_pipeline_branchesitem_pull_request__links.py -> build/lib/test
copying test/test_get_pipelines.py -> build/lib/test
copying test/test_get_users.py -> build/lib/test
copying test/test_hudsonmodel_all_view.py -> build/lib/test
copying test/test_hudsonmodel_cause_action.py -> build/lib/test
copying test/test_hudsonmodel_cause_user_id_cause.py -> build/lib/test
copying test/test_hudsonmodel_computer_set.py -> build/lib/test
copying test/test_hudsonmodel_free_style_build.py -> build/lib/test
copying test/test_hudsonmodel_free_style_project.py -> build/lib/test
copying test/test_hudsonmodel_free_style_projectactions.py -> build/lib/test
copying test/test_hudsonmodel_free_style_projecthealth_report.py -> build/lib/test
copying test/test_hudsonmodel_hudson.py -> build/lib/test
copying test/test_hudsonmodel_hudson_master_computer.py -> build/lib/test
copying test/test_hudsonmodel_hudson_master_computer_monitor_data.py -> build/lib/test
copying test/test_hudsonmodel_hudson_master_computerexecutors.py -> build/lib/test
copying test/test_hudsonmodel_hudsonassigned_labels.py -> build/lib/test
copying test/test_hudsonmodel_label1.py -> build/lib/test
copying test/test_hudsonmodel_list_view.py -> build/lib/test
copying test/test_hudsonmodel_queue.py -> build/lib/test
copying test/test_hudsonmodel_queue_blocked_item.py -> build/lib/test
copying test/test_hudsonmodel_queue_left_item.py -> build/lib/test
copying test/test_hudsonmodel_string_parameter_definition.py -> build/lib/test
copying test/test_hudsonmodel_string_parameter_value.py -> build/lib/test
copying test/test_hudsonnode_monitors_disk_space_monitor_descriptor_disk_space.py -> build/lib/test
copying test/test_hudsonnode_monitors_response_time_monitor_data.py -> build/lib/test
copying test/test_hudsonnode_monitors_swap_space_monitor_memory_usage2.py -> build/lib/test
copying test/test_hudsonscm_empty_change_log_set.py -> build/lib/test
copying test/test_hudsonscm_null_scm.py -> build/lib/test
copying test/test_hudsonsecuritycsrf_default_crumb_issuer.py -> build/lib/test
copying test/test_hudsonutil_clock_difference.py -> build/lib/test
copying test/test_iojenkinsblueoceanresthal_link.py -> build/lib/test
copying test/test_iojenkinsblueoceanrestimplpipeline_branch_impl.py -> build/lib/test
copying test/test_iojenkinsblueoceanrestimplpipeline_branch_impl_permissions.py -> build/lib/test
copying test/test_iojenkinsblueoceanserviceembeddedrest_extension_class_container_impl1.py -> build/lib/test
copying test/test_iojenkinsblueoceanserviceembeddedrest_extension_class_container_impl1__links.py -> build/lib/test
copying test/test_iojenkinsblueoceanserviceembeddedrest_extension_class_container_impl1_map.py -> build/lib/test
copying test/test_iojenkinsblueoceanserviceembeddedrest_extension_class_impl.py -> build/lib/test
copying test/test_iojenkinsblueoceanserviceembeddedrest_extension_class_impl__links.py -> build/lib/test
copying test/test_iojenkinsblueoceanserviceembeddedrest_pipeline_folder_impl.py -> build/lib/test
copying test/test_iojenkinsblueoceanserviceembeddedrest_pipeline_impl.py -> build/lib/test
copying test/test_jenkinsmodel_unlabeled_load_statistics.py -> build/lib/test
copying test/test_remote_access_api.py -> build/lib/test
copying test/test_swaggyjenkins_organisation.py -> build/lib/test
copying test/test_swaggyjenkins_pipeline.py -> build/lib/test
copying test/test_swaggyjenkins_pipeline_latest_run.py -> build/lib/test
copying test/test_swaggyjenkins_pipeline_latest_runartifacts.py -> build/lib/test
copying test/test_swaggyjenkins_user.py -> build/lib/test
creating build/lib/swaggyjenkins/apis
copying swaggyjenkins/apis/__init__.py -> build/lib/swaggyjenkins/apis
copying swaggyjenkins/apis/blue_ocean_api.py -> build/lib/swaggyjenkins/apis
copying swaggyjenkins/apis/remote_access_api.py -> build/lib/swaggyjenkins/apis
creating build/lib/swaggyjenkins/models
copying swaggyjenkins/models/__init__.py -> build/lib/swaggyjenkins/models
copying swaggyjenkins/models/get_classes_by_class.py -> build/lib/swaggyjenkins/models
copying swaggyjenkins/models/get_multibranch_pipeline.py -> build/lib/swaggyjenkins/models
copying swaggyjenkins/models/get_organisations.py -> build/lib/swaggyjenkins/models
copying swaggyjenkins/models/get_pipeline_branches.py -> build/lib/swaggyjenkins/models
copying swaggyjenkins/models/get_pipeline_branchesitem.py -> build/lib/swaggyjenkins/models
copying swaggyjenkins/models/get_pipeline_branchesitem_latest_run.py -> build/lib/swaggyjenkins/models
copying swaggyjenkins/models/get_pipeline_branchesitem_pull_request.py -> build/lib/swaggyjenkins/models
copying swaggyjenkins/models/get_pipeline_branchesitem_pull_request__links.py -> build/lib/swaggyjenkins/models
copying swaggyjenkins/models/get_pipelines.py -> build/lib/swaggyjenkins/models
copying swaggyjenkins/models/get_users.py -> build/lib/swaggyjenkins/models
copying swaggyjenkins/models/hudsonmodel_all_view.py -> build/lib/swaggyjenkins/models
copying swaggyjenkins/models/hudsonmodel_cause_action.py -> build/lib/swaggyjenkins/models
copying swaggyjenkins/models/hudsonmodel_cause_user_id_cause.py -> build/lib/swaggyjenkins/models
copying swaggyjenkins/models/hudsonmodel_computer_set.py -> build/lib/swaggyjenkins/models
copying swaggyjenkins/models/hudsonmodel_free_style_build.py -> build/lib/swaggyjenkins/models
copying swaggyjenkins/models/hudsonmodel_free_style_project.py -> build/lib/swaggyjenkins/models
copying swaggyjenkins/models/hudsonmodel_free_style_projectactions.py -> build/lib/swaggyjenkins/models
copying swaggyjenkins/models/hudsonmodel_free_style_projecthealth_report.py -> build/lib/swaggyjenkins/models
copying swaggyjenkins/models/hudsonmodel_hudson.py -> build/lib/swaggyjenkins/models
copying swaggyjenkins/models/hudsonmodel_hudson_master_computer.py -> build/lib/swaggyjenkins/models
copying swaggyjenkins/models/hudsonmodel_hudson_master_computer_monitor_data.py -> build/lib/swaggyjenkins/models
copying swaggyjenkins/models/hudsonmodel_hudson_master_computerexecutors.py -> build/lib/swaggyjenkins/models
copying swaggyjenkins/models/hudsonmodel_hudsonassigned_labels.py -> build/lib/swaggyjenkins/models
copying swaggyjenkins/models/hudsonmodel_label1.py -> build/lib/swaggyjenkins/models
copying swaggyjenkins/models/hudsonmodel_list_view.py -> build/lib/swaggyjenkins/models
copying swaggyjenkins/models/hudsonmodel_queue.py -> build/lib/swaggyjenkins/models
copying swaggyjenkins/models/hudsonmodel_queue_blocked_item.py -> build/lib/swaggyjenkins/models
copying swaggyjenkins/models/hudsonmodel_queue_left_item.py -> build/lib/swaggyjenkins/models
copying swaggyjenkins/models/hudsonmodel_string_parameter_definition.py -> build/lib/swaggyjenkins/models
copying swaggyjenkins/models/hudsonmodel_string_parameter_value.py -> build/lib/swaggyjenkins/models
copying swaggyjenkins/models/hudsonnode_monitors_disk_space_monitor_descriptor_disk_space.py -> build/lib/swaggyjenkins/models
copying swaggyjenkins/models/hudsonnode_monitors_response_time_monitor_data.py -> build/lib/swaggyjenkins/models
copying swaggyjenkins/models/hudsonnode_monitors_swap_space_monitor_memory_usage2.py -> build/lib/swaggyjenkins/models
copying swaggyjenkins/models/hudsonscm_empty_change_log_set.py -> build/lib/swaggyjenkins/models
copying swaggyjenkins/models/hudsonscm_null_scm.py -> build/lib/swaggyjenkins/models
copying swaggyjenkins/models/hudsonsecuritycsrf_default_crumb_issuer.py -> build/lib/swaggyjenkins/models
copying swaggyjenkins/models/hudsonutil_clock_difference.py -> build/lib/swaggyjenkins/models
copying swaggyjenkins/models/iojenkinsblueoceanresthal_link.py -> build/lib/swaggyjenkins/models
copying swaggyjenkins/models/iojenkinsblueoceanrestimplpipeline_branch_impl.py -> build/lib/swaggyjenkins/models
copying swaggyjenkins/models/iojenkinsblueoceanrestimplpipeline_branch_impl_permissions.py -> build/lib/swaggyjenkins/models
copying swaggyjenkins/models/iojenkinsblueoceanserviceembeddedrest_extension_class_container_impl1.py -> build/lib/swaggyjenkins/models
copying swaggyjenkins/models/iojenkinsblueoceanserviceembeddedrest_extension_class_container_impl1__links.py -> build/lib/swaggyjenkins/models
copying swaggyjenkins/models/iojenkinsblueoceanserviceembeddedrest_extension_class_container_impl1_map.py -> build/lib/swaggyjenkins/models
copying swaggyjenkins/models/iojenkinsblueoceanserviceembeddedrest_extension_class_impl.py -> build/lib/swaggyjenkins/models
copying swaggyjenkins/models/iojenkinsblueoceanserviceembeddedrest_extension_class_impl__links.py -> build/lib/swaggyjenkins/models
copying swaggyjenkins/models/iojenkinsblueoceanserviceembeddedrest_pipeline_folder_impl.py -> build/lib/swaggyjenkins/models
copying swaggyjenkins/models/iojenkinsblueoceanserviceembeddedrest_pipeline_impl.py -> build/lib/swaggyjenkins/models
copying swaggyjenkins/models/jenkinsmodel_unlabeled_load_statistics.py -> build/lib/swaggyjenkins/models
copying swaggyjenkins/models/swaggyjenkins_organisation.py -> build/lib/swaggyjenkins/models
copying swaggyjenkins/models/swaggyjenkins_pipeline.py -> build/lib/swaggyjenkins/models
copying swaggyjenkins/models/swaggyjenkins_pipeline_latest_run.py -> build/lib/swaggyjenkins/models
copying swaggyjenkins/models/swaggyjenkins_pipeline_latest_runartifacts.py -> build/lib/swaggyjenkins/models
copying swaggyjenkins/models/swaggyjenkins_user.py -> build/lib/swaggyjenkins/models
creating build/bdist.macosx-10.10-x86_64
creating build/bdist.macosx-10.10-x86_64/egg
creating build/bdist.macosx-10.10-x86_64/egg/swaggyjenkins
copying build/lib/swaggyjenkins/__init__.py -> build/bdist.macosx-10.10-x86_64/egg/swaggyjenkins
copying build/lib/swaggyjenkins/api_client.py -> build/bdist.macosx-10.10-x86_64/egg/swaggyjenkins
creating build/bdist.macosx-10.10-x86_64/egg/swaggyjenkins/apis
copying build/lib/swaggyjenkins/apis/__init__.py -> build/bdist.macosx-10.10-x86_64/egg/swaggyjenkins/apis
copying build/lib/swaggyjenkins/apis/blue_ocean_api.py -> build/bdist.macosx-10.10-x86_64/egg/swaggyjenkins/apis
copying build/lib/swaggyjenkins/apis/remote_access_api.py -> build/bdist.macosx-10.10-x86_64/egg/swaggyjenkins/apis
copying build/lib/swaggyjenkins/configuration.py -> build/bdist.macosx-10.10-x86_64/egg/swaggyjenkins
creating build/bdist.macosx-10.10-x86_64/egg/swaggyjenkins/models
copying build/lib/swaggyjenkins/models/__init__.py -> build/bdist.macosx-10.10-x86_64/egg/swaggyjenkins/models
copying build/lib/swaggyjenkins/models/get_classes_by_class.py -> build/bdist.macosx-10.10-x86_64/egg/swaggyjenkins/models
copying build/lib/swaggyjenkins/models/get_multibranch_pipeline.py -> build/bdist.macosx-10.10-x86_64/egg/swaggyjenkins/models
copying build/lib/swaggyjenkins/models/get_organisations.py -> build/bdist.macosx-10.10-x86_64/egg/swaggyjenkins/models
copying build/lib/swaggyjenkins/models/get_pipeline_branches.py -> build/bdist.macosx-10.10-x86_64/egg/swaggyjenkins/models
copying build/lib/swaggyjenkins/models/get_pipeline_branchesitem.py -> build/bdist.macosx-10.10-x86_64/egg/swaggyjenkins/models
copying build/lib/swaggyjenkins/models/get_pipeline_branchesitem_latest_run.py -> build/bdist.macosx-10.10-x86_64/egg/swaggyjenkins/models
copying build/lib/swaggyjenkins/models/get_pipeline_branchesitem_pull_request.py -> build/bdist.macosx-10.10-x86_64/egg/swaggyjenkins/models
copying build/lib/swaggyjenkins/models/get_pipeline_branchesitem_pull_request__links.py -> build/bdist.macosx-10.10-x86_64/egg/swaggyjenkins/models
copying build/lib/swaggyjenkins/models/get_pipelines.py -> build/bdist.macosx-10.10-x86_64/egg/swaggyjenkins/models
copying build/lib/swaggyjenkins/models/get_users.py -> build/bdist.macosx-10.10-x86_64/egg/swaggyjenkins/models
copying build/lib/swaggyjenkins/models/hudsonmodel_all_view.py -> build/bdist.macosx-10.10-x86_64/egg/swaggyjenkins/models
copying build/lib/swaggyjenkins/models/hudsonmodel_cause_action.py -> build/bdist.macosx-10.10-x86_64/egg/swaggyjenkins/models
copying build/lib/swaggyjenkins/models/hudsonmodel_cause_user_id_cause.py -> build/bdist.macosx-10.10-x86_64/egg/swaggyjenkins/models
copying build/lib/swaggyjenkins/models/hudsonmodel_computer_set.py -> build/bdist.macosx-10.10-x86_64/egg/swaggyjenkins/models
copying build/lib/swaggyjenkins/models/hudsonmodel_free_style_build.py -> build/bdist.macosx-10.10-x86_64/egg/swaggyjenkins/models
copying build/lib/swaggyjenkins/models/hudsonmodel_free_style_project.py -> build/bdist.macosx-10.10-x86_64/egg/swaggyjenkins/models
copying build/lib/swaggyjenkins/models/hudsonmodel_free_style_projectactions.py -> build/bdist.macosx-10.10-x86_64/egg/swaggyjenkins/models
copying build/lib/swaggyjenkins/models/hudsonmodel_free_style_projecthealth_report.py -> build/bdist.macosx-10.10-x86_64/egg/swaggyjenkins/models
copying build/lib/swaggyjenkins/models/hudsonmodel_hudson.py -> build/bdist.macosx-10.10-x86_64/egg/swaggyjenkins/models
copying build/lib/swaggyjenkins/models/hudsonmodel_hudson_master_computer.py -> build/bdist.macosx-10.10-x86_64/egg/swaggyjenkins/models
copying build/lib/swaggyjenkins/models/hudsonmodel_hudson_master_computer_monitor_data.py -> build/bdist.macosx-10.10-x86_64/egg/swaggyjenkins/models
copying build/lib/swaggyjenkins/models/hudsonmodel_hudson_master_computerexecutors.py -> build/bdist.macosx-10.10-x86_64/egg/swaggyjenkins/models
copying build/lib/swaggyjenkins/models/hudsonmodel_hudsonassigned_labels.py -> build/bdist.macosx-10.10-x86_64/egg/swaggyjenkins/models
copying build/lib/swaggyjenkins/models/hudsonmodel_label1.py -> build/bdist.macosx-10.10-x86_64/egg/swaggyjenkins/models
copying build/lib/swaggyjenkins/models/hudsonmodel_list_view.py -> build/bdist.macosx-10.10-x86_64/egg/swaggyjenkins/models
copying build/lib/swaggyjenkins/models/hudsonmodel_queue.py -> build/bdist.macosx-10.10-x86_64/egg/swaggyjenkins/models
copying build/lib/swaggyjenkins/models/hudsonmodel_queue_blocked_item.py -> build/bdist.macosx-10.10-x86_64/egg/swaggyjenkins/models
copying build/lib/swaggyjenkins/models/hudsonmodel_queue_left_item.py -> build/bdist.macosx-10.10-x86_64/egg/swaggyjenkins/models
copying build/lib/swaggyjenkins/models/hudsonmodel_string_parameter_definition.py -> build/bdist.macosx-10.10-x86_64/egg/swaggyjenkins/models
copying build/lib/swaggyjenkins/models/hudsonmodel_string_parameter_value.py -> build/bdist.macosx-10.10-x86_64/egg/swaggyjenkins/models
copying build/lib/swaggyjenkins/models/hudsonnode_monitors_disk_space_monitor_descriptor_disk_space.py -> build/bdist.macosx-10.10-x86_64/egg/swaggyjenkins/models
copying build/lib/swaggyjenkins/models/hudsonnode_monitors_response_time_monitor_data.py -> build/bdist.macosx-10.10-x86_64/egg/swaggyjenkins/models
copying build/lib/swaggyjenkins/models/hudsonnode_monitors_swap_space_monitor_memory_usage2.py -> build/bdist.macosx-10.10-x86_64/egg/swaggyjenkins/models
copying build/lib/swaggyjenkins/models/hudsonscm_empty_change_log_set.py -> build/bdist.macosx-10.10-x86_64/egg/swaggyjenkins/models
copying build/lib/swaggyjenkins/models/hudsonscm_null_scm.py -> build/bdist.macosx-10.10-x86_64/egg/swaggyjenkins/models
copying build/lib/swaggyjenkins/models/hudsonsecuritycsrf_default_crumb_issuer.py -> build/bdist.macosx-10.10-x86_64/egg/swaggyjenkins/models
copying build/lib/swaggyjenkins/models/hudsonutil_clock_difference.py -> build/bdist.macosx-10.10-x86_64/egg/swaggyjenkins/models
copying build/lib/swaggyjenkins/models/iojenkinsblueoceanresthal_link.py -> build/bdist.macosx-10.10-x86_64/egg/swaggyjenkins/models
copying build/lib/swaggyjenkins/models/iojenkinsblueoceanrestimplpipeline_branch_impl.py -> build/bdist.macosx-10.10-x86_64/egg/swaggyjenkins/models
copying build/lib/swaggyjenkins/models/iojenkinsblueoceanrestimplpipeline_branch_impl_permissions.py -> build/bdist.macosx-10.10-x86_64/egg/swaggyjenkins/models
copying build/lib/swaggyjenkins/models/iojenkinsblueoceanserviceembeddedrest_extension_class_container_impl1.py -> build/bdist.macosx-10.10-x86_64/egg/swaggyjenkins/models
copying build/lib/swaggyjenkins/models/iojenkinsblueoceanserviceembeddedrest_extension_class_container_impl1__links.py -> build/bdist.macosx-10.10-x86_64/egg/swaggyjenkins/models
copying build/lib/swaggyjenkins/models/iojenkinsblueoceanserviceembeddedrest_extension_class_container_impl1_map.py -> build/bdist.macosx-10.10-x86_64/egg/swaggyjenkins/models
copying build/lib/swaggyjenkins/models/iojenkinsblueoceanserviceembeddedrest_extension_class_impl.py -> build/bdist.macosx-10.10-x86_64/egg/swaggyjenkins/models
copying build/lib/swaggyjenkins/models/iojenkinsblueoceanserviceembeddedrest_extension_class_impl__links.py -> build/bdist.macosx-10.10-x86_64/egg/swaggyjenkins/models
copying build/lib/swaggyjenkins/models/iojenkinsblueoceanserviceembeddedrest_pipeline_folder_impl.py -> build/bdist.macosx-10.10-x86_64/egg/swaggyjenkins/models
copying build/lib/swaggyjenkins/models/iojenkinsblueoceanserviceembeddedrest_pipeline_impl.py -> build/bdist.macosx-10.10-x86_64/egg/swaggyjenkins/models
copying build/lib/swaggyjenkins/models/jenkinsmodel_unlabeled_load_statistics.py -> build/bdist.macosx-10.10-x86_64/egg/swaggyjenkins/models
copying build/lib/swaggyjenkins/models/swaggyjenkins_organisation.py -> build/bdist.macosx-10.10-x86_64/egg/swaggyjenkins/models
copying build/lib/swaggyjenkins/models/swaggyjenkins_pipeline.py -> build/bdist.macosx-10.10-x86_64/egg/swaggyjenkins/models
copying build/lib/swaggyjenkins/models/swaggyjenkins_pipeline_latest_run.py -> build/bdist.macosx-10.10-x86_64/egg/swaggyjenkins/models
copying build/lib/swaggyjenkins/models/swaggyjenkins_pipeline_latest_runartifacts.py -> build/bdist.macosx-10.10-x86_64/egg/swaggyjenkins/models
copying build/lib/swaggyjenkins/models/swaggyjenkins_user.py -> build/bdist.macosx-10.10-x86_64/egg/swaggyjenkins/models
copying build/lib/swaggyjenkins/rest.py -> build/bdist.macosx-10.10-x86_64/egg/swaggyjenkins
creating build/bdist.macosx-10.10-x86_64/egg/test
copying build/lib/test/__init__.py -> build/bdist.macosx-10.10-x86_64/egg/test
copying build/lib/test/test_blue_ocean_api.py -> build/bdist.macosx-10.10-x86_64/egg/test
copying build/lib/test/test_get_classes_by_class.py -> build/bdist.macosx-10.10-x86_64/egg/test
copying build/lib/test/test_get_multibranch_pipeline.py -> build/bdist.macosx-10.10-x86_64/egg/test
copying build/lib/test/test_get_organisations.py -> build/bdist.macosx-10.10-x86_64/egg/test
copying build/lib/test/test_get_pipeline_branches.py -> build/bdist.macosx-10.10-x86_64/egg/test
copying build/lib/test/test_get_pipeline_branchesitem.py -> build/bdist.macosx-10.10-x86_64/egg/test
copying build/lib/test/test_get_pipeline_branchesitem_latest_run.py -> build/bdist.macosx-10.10-x86_64/egg/test
copying build/lib/test/test_get_pipeline_branchesitem_pull_request.py -> build/bdist.macosx-10.10-x86_64/egg/test
copying build/lib/test/test_get_pipeline_branchesitem_pull_request__links.py -> build/bdist.macosx-10.10-x86_64/egg/test
copying build/lib/test/test_get_pipelines.py -> build/bdist.macosx-10.10-x86_64/egg/test
copying build/lib/test/test_get_users.py -> build/bdist.macosx-10.10-x86_64/egg/test
copying build/lib/test/test_hudsonmodel_all_view.py -> build/bdist.macosx-10.10-x86_64/egg/test
copying build/lib/test/test_hudsonmodel_cause_action.py -> build/bdist.macosx-10.10-x86_64/egg/test
copying build/lib/test/test_hudsonmodel_cause_user_id_cause.py -> build/bdist.macosx-10.10-x86_64/egg/test
copying build/lib/test/test_hudsonmodel_computer_set.py -> build/bdist.macosx-10.10-x86_64/egg/test
copying build/lib/test/test_hudsonmodel_free_style_build.py -> build/bdist.macosx-10.10-x86_64/egg/test
copying build/lib/test/test_hudsonmodel_free_style_project.py -> build/bdist.macosx-10.10-x86_64/egg/test
copying build/lib/test/test_hudsonmodel_free_style_projectactions.py -> build/bdist.macosx-10.10-x86_64/egg/test
copying build/lib/test/test_hudsonmodel_free_style_projecthealth_report.py -> build/bdist.macosx-10.10-x86_64/egg/test
copying build/lib/test/test_hudsonmodel_hudson.py -> build/bdist.macosx-10.10-x86_64/egg/test
copying build/lib/test/test_hudsonmodel_hudson_master_computer.py -> build/bdist.macosx-10.10-x86_64/egg/test
copying build/lib/test/test_hudsonmodel_hudson_master_computer_monitor_data.py -> build/bdist.macosx-10.10-x86_64/egg/test
copying build/lib/test/test_hudsonmodel_hudson_master_computerexecutors.py -> build/bdist.macosx-10.10-x86_64/egg/test
copying build/lib/test/test_hudsonmodel_hudsonassigned_labels.py -> build/bdist.macosx-10.10-x86_64/egg/test
copying build/lib/test/test_hudsonmodel_label1.py -> build/bdist.macosx-10.10-x86_64/egg/test
copying build/lib/test/test_hudsonmodel_list_view.py -> build/bdist.macosx-10.10-x86_64/egg/test
copying build/lib/test/test_hudsonmodel_queue.py -> build/bdist.macosx-10.10-x86_64/egg/test
copying build/lib/test/test_hudsonmodel_queue_blocked_item.py -> build/bdist.macosx-10.10-x86_64/egg/test
copying build/lib/test/test_hudsonmodel_queue_left_item.py -> build/bdist.macosx-10.10-x86_64/egg/test
copying build/lib/test/test_hudsonmodel_string_parameter_definition.py -> build/bdist.macosx-10.10-x86_64/egg/test
copying build/lib/test/test_hudsonmodel_string_parameter_value.py -> build/bdist.macosx-10.10-x86_64/egg/test
copying build/lib/test/test_hudsonnode_monitors_disk_space_monitor_descriptor_disk_space.py -> build/bdist.macosx-10.10-x86_64/egg/test
copying build/lib/test/test_hudsonnode_monitors_response_time_monitor_data.py -> build/bdist.macosx-10.10-x86_64/egg/test
copying build/lib/test/test_hudsonnode_monitors_swap_space_monitor_memory_usage2.py -> build/bdist.macosx-10.10-x86_64/egg/test
copying build/lib/test/test_hudsonscm_empty_change_log_set.py -> build/bdist.macosx-10.10-x86_64/egg/test
copying build/lib/test/test_hudsonscm_null_scm.py -> build/bdist.macosx-10.10-x86_64/egg/test
copying build/lib/test/test_hudsonsecuritycsrf_default_crumb_issuer.py -> build/bdist.macosx-10.10-x86_64/egg/test
copying build/lib/test/test_hudsonutil_clock_difference.py -> build/bdist.macosx-10.10-x86_64/egg/test
copying build/lib/test/test_iojenkinsblueoceanresthal_link.py -> build/bdist.macosx-10.10-x86_64/egg/test
copying build/lib/test/test_iojenkinsblueoceanrestimplpipeline_branch_impl.py -> build/bdist.macosx-10.10-x86_64/egg/test
copying build/lib/test/test_iojenkinsblueoceanrestimplpipeline_branch_impl_permissions.py -> build/bdist.macosx-10.10-x86_64/egg/test
copying build/lib/test/test_iojenkinsblueoceanserviceembeddedrest_extension_class_container_impl1.py -> build/bdist.macosx-10.10-x86_64/egg/test
copying build/lib/test/test_iojenkinsblueoceanserviceembeddedrest_extension_class_container_impl1__links.py -> build/bdist.macosx-10.10-x86_64/egg/test
copying build/lib/test/test_iojenkinsblueoceanserviceembeddedrest_extension_class_container_impl1_map.py -> build/bdist.macosx-10.10-x86_64/egg/test
copying build/lib/test/test_iojenkinsblueoceanserviceembeddedrest_extension_class_impl.py -> build/bdist.macosx-10.10-x86_64/egg/test
copying build/lib/test/test_iojenkinsblueoceanserviceembeddedrest_extension_class_impl__links.py -> build/bdist.macosx-10.10-x86_64/egg/test
copying build/lib/test/test_iojenkinsblueoceanserviceembeddedrest_pipeline_folder_impl.py -> build/bdist.macosx-10.10-x86_64/egg/test
copying build/lib/test/test_iojenkinsblueoceanserviceembeddedrest_pipeline_impl.py -> build/bdist.macosx-10.10-x86_64/egg/test
copying build/lib/test/test_jenkinsmodel_unlabeled_load_statistics.py -> build/bdist.macosx-10.10-x86_64/egg/test
copying build/lib/test/test_remote_access_api.py -> build/bdist.macosx-10.10-x86_64/egg/test
copying build/lib/test/test_swaggyjenkins_organisation.py -> build/bdist.macosx-10.10-x86_64/egg/test
copying build/lib/test/test_swaggyjenkins_pipeline.py -> build/bdist.macosx-10.10-x86_64/egg/test
copying build/lib/test/test_swaggyjenkins_pipeline_latest_run.py -> build/bdist.macosx-10.10-x86_64/egg/test
copying build/lib/test/test_swaggyjenkins_pipeline_latest_runartifacts.py -> build/bdist.macosx-10.10-x86_64/egg/test
copying build/lib/test/test_swaggyjenkins_user.py -> build/bdist.macosx-10.10-x86_64/egg/test
byte-compiling build/bdist.macosx-10.10-x86_64/egg/swaggyjenkins/__init__.py to __init__.pyc
byte-compiling build/bdist.macosx-10.10-x86_64/egg/swaggyjenkins/api_client.py to api_client.pyc
byte-compiling build/bdist.macosx-10.10-x86_64/egg/swaggyjenkins/apis/__init__.py to __init__.pyc
byte-compiling build/bdist.macosx-10.10-x86_64/egg/swaggyjenkins/apis/blue_ocean_api.py to blue_ocean_api.pyc
byte-compiling build/bdist.macosx-10.10-x86_64/egg/swaggyjenkins/apis/remote_access_api.py to remote_access_api.pyc
byte-compiling build/bdist.macosx-10.10-x86_64/egg/swaggyjenkins/configuration.py to configuration.pyc
byte-compiling build/bdist.macosx-10.10-x86_64/egg/swaggyjenkins/models/__init__.py to __init__.pyc
byte-compiling build/bdist.macosx-10.10-x86_64/egg/swaggyjenkins/models/get_classes_by_class.py to get_classes_by_class.pyc
byte-compiling build/bdist.macosx-10.10-x86_64/egg/swaggyjenkins/models/get_multibranch_pipeline.py to get_multibranch_pipeline.pyc
byte-compiling build/bdist.macosx-10.10-x86_64/egg/swaggyjenkins/models/get_organisations.py to get_organisations.pyc
byte-compiling build/bdist.macosx-10.10-x86_64/egg/swaggyjenkins/models/get_pipeline_branches.py to get_pipeline_branches.pyc
byte-compiling build/bdist.macosx-10.10-x86_64/egg/swaggyjenkins/models/get_pipeline_branchesitem.py to get_pipeline_branchesitem.pyc
byte-compiling build/bdist.macosx-10.10-x86_64/egg/swaggyjenkins/models/get_pipeline_branchesitem_latest_run.py to get_pipeline_branchesitem_latest_run.pyc
byte-compiling build/bdist.macosx-10.10-x86_64/egg/swaggyjenkins/models/get_pipeline_branchesitem_pull_request.py to get_pipeline_branchesitem_pull_request.pyc
byte-compiling build/bdist.macosx-10.10-x86_64/egg/swaggyjenkins/models/get_pipeline_branchesitem_pull_request__links.py to get_pipeline_branchesitem_pull_request__links.pyc
byte-compiling build/bdist.macosx-10.10-x86_64/egg/swaggyjenkins/models/get_pipelines.py to get_pipelines.pyc
byte-compiling build/bdist.macosx-10.10-x86_64/egg/swaggyjenkins/models/get_users.py to get_users.pyc
byte-compiling build/bdist.macosx-10.10-x86_64/egg/swaggyjenkins/models/hudsonmodel_all_view.py to hudsonmodel_all_view.pyc
byte-compiling build/bdist.macosx-10.10-x86_64/egg/swaggyjenkins/models/hudsonmodel_cause_action.py to hudsonmodel_cause_action.pyc
byte-compiling build/bdist.macosx-10.10-x86_64/egg/swaggyjenkins/models/hudsonmodel_cause_user_id_cause.py to hudsonmodel_cause_user_id_cause.pyc
byte-compiling build/bdist.macosx-10.10-x86_64/egg/swaggyjenkins/models/hudsonmodel_computer_set.py to hudsonmodel_computer_set.pyc
byte-compiling build/bdist.macosx-10.10-x86_64/egg/swaggyjenkins/models/hudsonmodel_free_style_build.py to hudsonmodel_free_style_build.pyc
byte-compiling build/bdist.macosx-10.10-x86_64/egg/swaggyjenkins/models/hudsonmodel_free_style_project.py to hudsonmodel_free_style_project.pyc
byte-compiling build/bdist.macosx-10.10-x86_64/egg/swaggyjenkins/models/hudsonmodel_free_style_projectactions.py to hudsonmodel_free_style_projectactions.pyc
byte-compiling build/bdist.macosx-10.10-x86_64/egg/swaggyjenkins/models/hudsonmodel_free_style_projecthealth_report.py to hudsonmodel_free_style_projecthealth_report.pyc
byte-compiling build/bdist.macosx-10.10-x86_64/egg/swaggyjenkins/models/hudsonmodel_hudson.py to hudsonmodel_hudson.pyc
byte-compiling build/bdist.macosx-10.10-x86_64/egg/swaggyjenkins/models/hudsonmodel_hudson_master_computer.py to hudsonmodel_hudson_master_computer.pyc
byte-compiling build/bdist.macosx-10.10-x86_64/egg/swaggyjenkins/models/hudsonmodel_hudson_master_computer_monitor_data.py to hudsonmodel_hudson_master_computer_monitor_data.pyc
byte-compiling build/bdist.macosx-10.10-x86_64/egg/swaggyjenkins/models/hudsonmodel_hudson_master_computerexecutors.py to hudsonmodel_hudson_master_computerexecutors.pyc
byte-compiling build/bdist.macosx-10.10-x86_64/egg/swaggyjenkins/models/hudsonmodel_hudsonassigned_labels.py to hudsonmodel_hudsonassigned_labels.pyc
byte-compiling build/bdist.macosx-10.10-x86_64/egg/swaggyjenkins/models/hudsonmodel_label1.py to hudsonmodel_label1.pyc
byte-compiling build/bdist.macosx-10.10-x86_64/egg/swaggyjenkins/models/hudsonmodel_list_view.py to hudsonmodel_list_view.pyc
byte-compiling build/bdist.macosx-10.10-x86_64/egg/swaggyjenkins/models/hudsonmodel_queue.py to hudsonmodel_queue.pyc
byte-compiling build/bdist.macosx-10.10-x86_64/egg/swaggyjenkins/models/hudsonmodel_queue_blocked_item.py to hudsonmodel_queue_blocked_item.pyc
byte-compiling build/bdist.macosx-10.10-x86_64/egg/swaggyjenkins/models/hudsonmodel_queue_left_item.py to hudsonmodel_queue_left_item.pyc
byte-compiling build/bdist.macosx-10.10-x86_64/egg/swaggyjenkins/models/hudsonmodel_string_parameter_definition.py to hudsonmodel_string_parameter_definition.pyc
byte-compiling build/bdist.macosx-10.10-x86_64/egg/swaggyjenkins/models/hudsonmodel_string_parameter_value.py to hudsonmodel_string_parameter_value.pyc
byte-compiling build/bdist.macosx-10.10-x86_64/egg/swaggyjenkins/models/hudsonnode_monitors_disk_space_monitor_descriptor_disk_space.py to hudsonnode_monitors_disk_space_monitor_descriptor_disk_space.pyc
byte-compiling build/bdist.macosx-10.10-x86_64/egg/swaggyjenkins/models/hudsonnode_monitors_response_time_monitor_data.py to hudsonnode_monitors_response_time_monitor_data.pyc
byte-compiling build/bdist.macosx-10.10-x86_64/egg/swaggyjenkins/models/hudsonnode_monitors_swap_space_monitor_memory_usage2.py to hudsonnode_monitors_swap_space_monitor_memory_usage2.pyc
byte-compiling build/bdist.macosx-10.10-x86_64/egg/swaggyjenkins/models/hudsonscm_empty_change_log_set.py to hudsonscm_empty_change_log_set.pyc
byte-compiling build/bdist.macosx-10.10-x86_64/egg/swaggyjenkins/models/hudsonscm_null_scm.py to hudsonscm_null_scm.pyc
byte-compiling build/bdist.macosx-10.10-x86_64/egg/swaggyjenkins/models/hudsonsecuritycsrf_default_crumb_issuer.py to hudsonsecuritycsrf_default_crumb_issuer.pyc
byte-compiling build/bdist.macosx-10.10-x86_64/egg/swaggyjenkins/models/hudsonutil_clock_difference.py to hudsonutil_clock_difference.pyc
byte-compiling build/bdist.macosx-10.10-x86_64/egg/swaggyjenkins/models/iojenkinsblueoceanresthal_link.py to iojenkinsblueoceanresthal_link.pyc
byte-compiling build/bdist.macosx-10.10-x86_64/egg/swaggyjenkins/models/iojenkinsblueoceanrestimplpipeline_branch_impl.py to iojenkinsblueoceanrestimplpipeline_branch_impl.pyc
byte-compiling build/bdist.macosx-10.10-x86_64/egg/swaggyjenkins/models/iojenkinsblueoceanrestimplpipeline_branch_impl_permissions.py to iojenkinsblueoceanrestimplpipeline_branch_impl_permissions.pyc
byte-compiling build/bdist.macosx-10.10-x86_64/egg/swaggyjenkins/models/iojenkinsblueoceanserviceembeddedrest_extension_class_container_impl1.py to iojenkinsblueoceanserviceembeddedrest_extension_class_container_impl1.pyc
byte-compiling build/bdist.macosx-10.10-x86_64/egg/swaggyjenkins/models/iojenkinsblueoceanserviceembeddedrest_extension_class_container_impl1__links.py to iojenkinsblueoceanserviceembeddedrest_extension_class_container_impl1__links.pyc
byte-compiling build/bdist.macosx-10.10-x86_64/egg/swaggyjenkins/models/iojenkinsblueoceanserviceembeddedrest_extension_class_container_impl1_map.py to iojenkinsblueoceanserviceembeddedrest_extension_class_container_impl1_map.pyc
byte-compiling build/bdist.macosx-10.10-x86_64/egg/swaggyjenkins/models/iojenkinsblueoceanserviceembeddedrest_extension_class_impl.py to iojenkinsblueoceanserviceembeddedrest_extension_class_impl.pyc
byte-compiling build/bdist.macosx-10.10-x86_64/egg/swaggyjenkins/models/iojenkinsblueoceanserviceembeddedrest_extension_class_impl__links.py to iojenkinsblueoceanserviceembeddedrest_extension_class_impl__links.pyc
byte-compiling build/bdist.macosx-10.10-x86_64/egg/swaggyjenkins/models/iojenkinsblueoceanserviceembeddedrest_pipeline_folder_impl.py to iojenkinsblueoceanserviceembeddedrest_pipeline_folder_impl.pyc
byte-compiling build/bdist.macosx-10.10-x86_64/egg/swaggyjenkins/models/iojenkinsblueoceanserviceembeddedrest_pipeline_impl.py to iojenkinsblueoceanserviceembeddedrest_pipeline_impl.pyc
byte-compiling build/bdist.macosx-10.10-x86_64/egg/swaggyjenkins/models/jenkinsmodel_unlabeled_load_statistics.py to jenkinsmodel_unlabeled_load_statistics.pyc
byte-compiling build/bdist.macosx-10.10-x86_64/egg/swaggyjenkins/models/swaggyjenkins_organisation.py to swaggyjenkins_organisation.pyc
byte-compiling build/bdist.macosx-10.10-x86_64/egg/swaggyjenkins/models/swaggyjenkins_pipeline.py to swaggyjenkins_pipeline.pyc
byte-compiling build/bdist.macosx-10.10-x86_64/egg/swaggyjenkins/models/swaggyjenkins_pipeline_latest_run.py to swaggyjenkins_pipeline_latest_run.pyc
byte-compiling build/bdist.macosx-10.10-x86_64/egg/swaggyjenkins/models/swaggyjenkins_pipeline_latest_runartifacts.py to swaggyjenkins_pipeline_latest_runartifacts.pyc
byte-compiling build/bdist.macosx-10.10-x86_64/egg/swaggyjenkins/models/swaggyjenkins_user.py to swaggyjenkins_user.pyc
byte-compiling build/bdist.macosx-10.10-x86_64/egg/swaggyjenkins/rest.py to rest.pyc
byte-compiling build/bdist.macosx-10.10-x86_64/egg/test/__init__.py to __init__.pyc
byte-compiling build/bdist.macosx-10.10-x86_64/egg/test/test_blue_ocean_api.py to test_blue_ocean_api.pyc
byte-compiling build/bdist.macosx-10.10-x86_64/egg/test/test_get_classes_by_class.py to test_get_classes_by_class.pyc
byte-compiling build/bdist.macosx-10.10-x86_64/egg/test/test_get_multibranch_pipeline.py to test_get_multibranch_pipeline.pyc
byte-compiling build/bdist.macosx-10.10-x86_64/egg/test/test_get_organisations.py to test_get_organisations.pyc
byte-compiling build/bdist.macosx-10.10-x86_64/egg/test/test_get_pipeline_branches.py to test_get_pipeline_branches.pyc
byte-compiling build/bdist.macosx-10.10-x86_64/egg/test/test_get_pipeline_branchesitem.py to test_get_pipeline_branchesitem.pyc
byte-compiling build/bdist.macosx-10.10-x86_64/egg/test/test_get_pipeline_branchesitem_latest_run.py to test_get_pipeline_branchesitem_latest_run.pyc
byte-compiling build/bdist.macosx-10.10-x86_64/egg/test/test_get_pipeline_branchesitem_pull_request.py to test_get_pipeline_branchesitem_pull_request.pyc
byte-compiling build/bdist.macosx-10.10-x86_64/egg/test/test_get_pipeline_branchesitem_pull_request__links.py to test_get_pipeline_branchesitem_pull_request__links.pyc
byte-compiling build/bdist.macosx-10.10-x86_64/egg/test/test_get_pipelines.py to test_get_pipelines.pyc
byte-compiling build/bdist.macosx-10.10-x86_64/egg/test/test_get_users.py to test_get_users.pyc
byte-compiling build/bdist.macosx-10.10-x86_64/egg/test/test_hudsonmodel_all_view.py to test_hudsonmodel_all_view.pyc
byte-compiling build/bdist.macosx-10.10-x86_64/egg/test/test_hudsonmodel_cause_action.py to test_hudsonmodel_cause_action.pyc
byte-compiling build/bdist.macosx-10.10-x86_64/egg/test/test_hudsonmodel_cause_user_id_cause.py to test_hudsonmodel_cause_user_id_cause.pyc
byte-compiling build/bdist.macosx-10.10-x86_64/egg/test/test_hudsonmodel_computer_set.py to test_hudsonmodel_computer_set.pyc
byte-compiling build/bdist.macosx-10.10-x86_64/egg/test/test_hudsonmodel_free_style_build.py to test_hudsonmodel_free_style_build.pyc
byte-compiling build/bdist.macosx-10.10-x86_64/egg/test/test_hudsonmodel_free_style_project.py to test_hudsonmodel_free_style_project.pyc
byte-compiling build/bdist.macosx-10.10-x86_64/egg/test/test_hudsonmodel_free_style_projectactions.py to test_hudsonmodel_free_style_projectactions.pyc
byte-compiling build/bdist.macosx-10.10-x86_64/egg/test/test_hudsonmodel_free_style_projecthealth_report.py to test_hudsonmodel_free_style_projecthealth_report.pyc
byte-compiling build/bdist.macosx-10.10-x86_64/egg/test/test_hudsonmodel_hudson.py to test_hudsonmodel_hudson.pyc
byte-compiling build/bdist.macosx-10.10-x86_64/egg/test/test_hudsonmodel_hudson_master_computer.py to test_hudsonmodel_hudson_master_computer.pyc
byte-compiling build/bdist.macosx-10.10-x86_64/egg/test/test_hudsonmodel_hudson_master_computer_monitor_data.py to test_hudsonmodel_hudson_master_computer_monitor_data.pyc
byte-compiling build/bdist.macosx-10.10-x86_64/egg/test/test_hudsonmodel_hudson_master_computerexecutors.py to test_hudsonmodel_hudson_master_computerexecutors.pyc
byte-compiling build/bdist.macosx-10.10-x86_64/egg/test/test_hudsonmodel_hudsonassigned_labels.py to test_hudsonmodel_hudsonassigned_labels.pyc
byte-compiling build/bdist.macosx-10.10-x86_64/egg/test/test_hudsonmodel_label1.py to test_hudsonmodel_label1.pyc
byte-compiling build/bdist.macosx-10.10-x86_64/egg/test/test_hudsonmodel_list_view.py to test_hudsonmodel_list_view.pyc
byte-compiling build/bdist.macosx-10.10-x86_64/egg/test/test_hudsonmodel_queue.py to test_hudsonmodel_queue.pyc
byte-compiling build/bdist.macosx-10.10-x86_64/egg/test/test_hudsonmodel_queue_blocked_item.py to test_hudsonmodel_queue_blocked_item.pyc
byte-compiling build/bdist.macosx-10.10-x86_64/egg/test/test_hudsonmodel_queue_left_item.py to test_hudsonmodel_queue_left_item.pyc
byte-compiling build/bdist.macosx-10.10-x86_64/egg/test/test_hudsonmodel_string_parameter_definition.py to test_hudsonmodel_string_parameter_definition.pyc
byte-compiling build/bdist.macosx-10.10-x86_64/egg/test/test_hudsonmodel_string_parameter_value.py to test_hudsonmodel_string_parameter_value.pyc
byte-compiling build/bdist.macosx-10.10-x86_64/egg/test/test_hudsonnode_monitors_disk_space_monitor_descriptor_disk_space.py to test_hudsonnode_monitors_disk_space_monitor_descriptor_disk_space.pyc
byte-compiling build/bdist.macosx-10.10-x86_64/egg/test/test_hudsonnode_monitors_response_time_monitor_data.py to test_hudsonnode_monitors_response_time_monitor_data.pyc
byte-compiling build/bdist.macosx-10.10-x86_64/egg/test/test_hudsonnode_monitors_swap_space_monitor_memory_usage2.py to test_hudsonnode_monitors_swap_space_monitor_memory_usage2.pyc
byte-compiling build/bdist.macosx-10.10-x86_64/egg/test/test_hudsonscm_empty_change_log_set.py to test_hudsonscm_empty_change_log_set.pyc
byte-compiling build/bdist.macosx-10.10-x86_64/egg/test/test_hudsonscm_null_scm.py to test_hudsonscm_null_scm.pyc
byte-compiling build/bdist.macosx-10.10-x86_64/egg/test/test_hudsonsecuritycsrf_default_crumb_issuer.py to test_hudsonsecuritycsrf_default_crumb_issuer.pyc
byte-compiling build/bdist.macosx-10.10-x86_64/egg/test/test_hudsonutil_clock_difference.py to test_hudsonutil_clock_difference.pyc
byte-compiling build/bdist.macosx-10.10-x86_64/egg/test/test_iojenkinsblueoceanresthal_link.py to test_iojenkinsblueoceanresthal_link.pyc
byte-compiling build/bdist.macosx-10.10-x86_64/egg/test/test_iojenkinsblueoceanrestimplpipeline_branch_impl.py to test_iojenkinsblueoceanrestimplpipeline_branch_impl.pyc
byte-compiling build/bdist.macosx-10.10-x86_64/egg/test/test_iojenkinsblueoceanrestimplpipeline_branch_impl_permissions.py to test_iojenkinsblueoceanrestimplpipeline_branch_impl_permissions.pyc
byte-compiling build/bdist.macosx-10.10-x86_64/egg/test/test_iojenkinsblueoceanserviceembeddedrest_extension_class_container_impl1.py to test_iojenkinsblueoceanserviceembeddedrest_extension_class_container_impl1.pyc
byte-compiling build/bdist.macosx-10.10-x86_64/egg/test/test_iojenkinsblueoceanserviceembeddedrest_extension_class_container_impl1__links.py to test_iojenkinsblueoceanserviceembeddedrest_extension_class_container_impl1__links.pyc
byte-compiling build/bdist.macosx-10.10-x86_64/egg/test/test_iojenkinsblueoceanserviceembeddedrest_extension_class_container_impl1_map.py to test_iojenkinsblueoceanserviceembeddedrest_extension_class_container_impl1_map.pyc
byte-compiling build/bdist.macosx-10.10-x86_64/egg/test/test_iojenkinsblueoceanserviceembeddedrest_extension_class_impl.py to test_iojenkinsblueoceanserviceembeddedrest_extension_class_impl.pyc
byte-compiling build/bdist.macosx-10.10-x86_64/egg/test/test_iojenkinsblueoceanserviceembeddedrest_extension_class_impl__links.py to test_iojenkinsblueoceanserviceembeddedrest_extension_class_impl__links.pyc
byte-compiling build/bdist.macosx-10.10-x86_64/egg/test/test_iojenkinsblueoceanserviceembeddedrest_pipeline_folder_impl.py to test_iojenkinsblueoceanserviceembeddedrest_pipeline_folder_impl.pyc
byte-compiling build/bdist.macosx-10.10-x86_64/egg/test/test_iojenkinsblueoceanserviceembeddedrest_pipeline_impl.py to test_iojenkinsblueoceanserviceembeddedrest_pipeline_impl.pyc
byte-compiling build/bdist.macosx-10.10-x86_64/egg/test/test_jenkinsmodel_unlabeled_load_statistics.py to test_jenkinsmodel_unlabeled_load_statistics.pyc
byte-compiling build/bdist.macosx-10.10-x86_64/egg/test/test_remote_access_api.py to test_remote_access_api.pyc
byte-compiling build/bdist.macosx-10.10-x86_64/egg/test/test_swaggyjenkins_organisation.py to test_swaggyjenkins_organisation.pyc
byte-compiling build/bdist.macosx-10.10-x86_64/egg/test/test_swaggyjenkins_pipeline.py to test_swaggyjenkins_pipeline.pyc
byte-compiling build/bdist.macosx-10.10-x86_64/egg/test/test_swaggyjenkins_pipeline_latest_run.py to test_swaggyjenkins_pipeline_latest_run.pyc
byte-compiling build/bdist.macosx-10.10-x86_64/egg/test/test_swaggyjenkins_pipeline_latest_runartifacts.py to test_swaggyjenkins_pipeline_latest_runartifacts.pyc
byte-compiling build/bdist.macosx-10.10-x86_64/egg/test/test_swaggyjenkins_user.py to test_swaggyjenkins_user.pyc
creating build/bdist.macosx-10.10-x86_64/egg/EGG-INFO
copying swaggyjenkins.egg-info/PKG-INFO -> build/bdist.macosx-10.10-x86_64/egg/EGG-INFO
copying swaggyjenkins.egg-info/SOURCES.txt -> build/bdist.macosx-10.10-x86_64/egg/EGG-INFO
copying swaggyjenkins.egg-info/dependency_links.txt -> build/bdist.macosx-10.10-x86_64/egg/EGG-INFO
copying swaggyjenkins.egg-info/requires.txt -> build/bdist.macosx-10.10-x86_64/egg/EGG-INFO
copying swaggyjenkins.egg-info/top_level.txt -> build/bdist.macosx-10.10-x86_64/egg/EGG-INFO
zip_safe flag not set; analyzing archive contents...
creating dist
creating 'dist/swaggyjenkins-0.0.2-py2.7.egg' and adding 'build/bdist.macosx-10.10-x86_64/egg' to it
removing 'build/bdist.macosx-10.10-x86_64/egg' (and everything under it)
