[main] INFO io.swagger.parser.Swagger20Parser - reading from _spec/jenkins-api.yml
[main] WARN io.swagger.codegen.ignore.CodegenIgnoreProcessor - Output directory does not exist, or is inaccessible. No file (.swager-codegen-ignore) will be evaluated.
[main] INFO io.swagger.codegen.AbstractGenerator - writing file /Users/cliffano/dev/workspace/swaggy-jenkins/python/generated/swaggyjenkins/models/get_classes_by_class.py
[main] INFO io.swagger.codegen.AbstractGenerator - writing file /Users/cliffano/dev/workspace/swaggy-jenkins/python/generated/test/test_get_classes_by_class.py
[main] INFO io.swagger.codegen.AbstractGenerator - writing file /Users/cliffano/dev/workspace/swaggy-jenkins/python/generated/docs/GetClassesByClass.md
[main] INFO io.swagger.codegen.AbstractGenerator - writing file /Users/cliffano/dev/workspace/swaggy-jenkins/python/generated/swaggyjenkins/models/get_multibranch_pipeline.py
[main] INFO io.swagger.codegen.AbstractGenerator - writing file /Users/cliffano/dev/workspace/swaggy-jenkins/python/generated/test/test_get_multibranch_pipeline.py
[main] INFO io.swagger.codegen.AbstractGenerator - writing file /Users/cliffano/dev/workspace/swaggy-jenkins/python/generated/docs/GetMultibranchPipeline.md
[main] INFO io.swagger.codegen.AbstractGenerator - writing file /Users/cliffano/dev/workspace/swaggy-jenkins/python/generated/swaggyjenkins/models/get_organisations.py
[main] INFO io.swagger.codegen.AbstractGenerator - writing file /Users/cliffano/dev/workspace/swaggy-jenkins/python/generated/test/test_get_organisations.py
[main] INFO io.swagger.codegen.AbstractGenerator - writing file /Users/cliffano/dev/workspace/swaggy-jenkins/python/generated/docs/GetOrganisations.md
[main] INFO io.swagger.codegen.AbstractGenerator - writing file /Users/cliffano/dev/workspace/swaggy-jenkins/python/generated/swaggyjenkins/models/get_pipeline_branches.py
[main] INFO io.swagger.codegen.AbstractGenerator - writing file /Users/cliffano/dev/workspace/swaggy-jenkins/python/generated/test/test_get_pipeline_branches.py
[main] INFO io.swagger.codegen.AbstractGenerator - writing file /Users/cliffano/dev/workspace/swaggy-jenkins/python/generated/docs/GetPipelineBranches.md
[main] INFO io.swagger.codegen.AbstractGenerator - writing file /Users/cliffano/dev/workspace/swaggy-jenkins/python/generated/swaggyjenkins/models/get_pipeline_branchesitem.py
[main] INFO io.swagger.codegen.AbstractGenerator - writing file /Users/cliffano/dev/workspace/swaggy-jenkins/python/generated/test/test_get_pipeline_branchesitem.py
[main] INFO io.swagger.codegen.AbstractGenerator - writing file /Users/cliffano/dev/workspace/swaggy-jenkins/python/generated/docs/GetPipelineBranchesitem.md
[main] INFO io.swagger.codegen.AbstractGenerator - writing file /Users/cliffano/dev/workspace/swaggy-jenkins/python/generated/swaggyjenkins/models/get_pipeline_branchesitem_latest_run.py
[main] INFO io.swagger.codegen.AbstractGenerator - writing file /Users/cliffano/dev/workspace/swaggy-jenkins/python/generated/test/test_get_pipeline_branchesitem_latest_run.py
[main] INFO io.swagger.codegen.AbstractGenerator - writing file /Users/cliffano/dev/workspace/swaggy-jenkins/python/generated/docs/GetPipelineBranchesitemLatestRun.md
[main] INFO io.swagger.codegen.AbstractGenerator - writing file /Users/cliffano/dev/workspace/swaggy-jenkins/python/generated/swaggyjenkins/models/get_pipeline_branchesitem_pull_request.py
[main] INFO io.swagger.codegen.AbstractGenerator - writing file /Users/cliffano/dev/workspace/swaggy-jenkins/python/generated/test/test_get_pipeline_branchesitem_pull_request.py
[main] INFO io.swagger.codegen.AbstractGenerator - writing file /Users/cliffano/dev/workspace/swaggy-jenkins/python/generated/docs/GetPipelineBranchesitemPullRequest.md
[main] INFO io.swagger.codegen.AbstractGenerator - writing file /Users/cliffano/dev/workspace/swaggy-jenkins/python/generated/swaggyjenkins/models/get_pipeline_branchesitem_pull_request__links.py
[main] INFO io.swagger.codegen.AbstractGenerator - writing file /Users/cliffano/dev/workspace/swaggy-jenkins/python/generated/test/test_get_pipeline_branchesitem_pull_request__links.py
[main] INFO io.swagger.codegen.AbstractGenerator - writing file /Users/cliffano/dev/workspace/swaggy-jenkins/python/generated/docs/GetPipelineBranchesitemPullRequestLinks.md
[main] INFO io.swagger.codegen.AbstractGenerator - writing file /Users/cliffano/dev/workspace/swaggy-jenkins/python/generated/swaggyjenkins/models/get_pipelines.py
[main] INFO io.swagger.codegen.AbstractGenerator - writing file /Users/cliffano/dev/workspace/swaggy-jenkins/python/generated/test/test_get_pipelines.py
[main] INFO io.swagger.codegen.AbstractGenerator - writing file /Users/cliffano/dev/workspace/swaggy-jenkins/python/generated/docs/GetPipelines.md
[main] INFO io.swagger.codegen.AbstractGenerator - writing file /Users/cliffano/dev/workspace/swaggy-jenkins/python/generated/swaggyjenkins/models/get_users.py
[main] INFO io.swagger.codegen.AbstractGenerator - writing file /Users/cliffano/dev/workspace/swaggy-jenkins/python/generated/test/test_get_users.py
[main] INFO io.swagger.codegen.AbstractGenerator - writing file /Users/cliffano/dev/workspace/swaggy-jenkins/python/generated/docs/GetUsers.md
[main] INFO io.swagger.codegen.AbstractGenerator - writing file /Users/cliffano/dev/workspace/swaggy-jenkins/python/generated/swaggyjenkins/models/hudsonmodel_all_view.py
[main] INFO io.swagger.codegen.AbstractGenerator - writing file /Users/cliffano/dev/workspace/swaggy-jenkins/python/generated/test/test_hudsonmodel_all_view.py
[main] INFO io.swagger.codegen.AbstractGenerator - writing file /Users/cliffano/dev/workspace/swaggy-jenkins/python/generated/docs/HudsonmodelAllView.md
[main] INFO io.swagger.codegen.AbstractGenerator - writing file /Users/cliffano/dev/workspace/swaggy-jenkins/python/generated/swaggyjenkins/models/hudsonmodel_cause_action.py
[main] INFO io.swagger.codegen.AbstractGenerator - writing file /Users/cliffano/dev/workspace/swaggy-jenkins/python/generated/test/test_hudsonmodel_cause_action.py
[main] INFO io.swagger.codegen.AbstractGenerator - writing file /Users/cliffano/dev/workspace/swaggy-jenkins/python/generated/docs/HudsonmodelCauseAction.md
[main] INFO io.swagger.codegen.AbstractGenerator - writing file /Users/cliffano/dev/workspace/swaggy-jenkins/python/generated/swaggyjenkins/models/hudsonmodel_cause_user_id_cause.py
[main] INFO io.swagger.codegen.AbstractGenerator - writing file /Users/cliffano/dev/workspace/swaggy-jenkins/python/generated/test/test_hudsonmodel_cause_user_id_cause.py
[main] INFO io.swagger.codegen.AbstractGenerator - writing file /Users/cliffano/dev/workspace/swaggy-jenkins/python/generated/docs/HudsonmodelCauseUserIdCause.md
[main] INFO io.swagger.codegen.AbstractGenerator - writing file /Users/cliffano/dev/workspace/swaggy-jenkins/python/generated/swaggyjenkins/models/hudsonmodel_computer_set.py
[main] INFO io.swagger.codegen.AbstractGenerator - writing file /Users/cliffano/dev/workspace/swaggy-jenkins/python/generated/test/test_hudsonmodel_computer_set.py
[main] INFO io.swagger.codegen.AbstractGenerator - writing file /Users/cliffano/dev/workspace/swaggy-jenkins/python/generated/docs/HudsonmodelComputerSet.md
[main] INFO io.swagger.codegen.AbstractGenerator - writing file /Users/cliffano/dev/workspace/swaggy-jenkins/python/generated/swaggyjenkins/models/hudsonmodel_free_style_build.py
[main] INFO io.swagger.codegen.AbstractGenerator - writing file /Users/cliffano/dev/workspace/swaggy-jenkins/python/generated/test/test_hudsonmodel_free_style_build.py
[main] INFO io.swagger.codegen.AbstractGenerator - writing file /Users/cliffano/dev/workspace/swaggy-jenkins/python/generated/docs/HudsonmodelFreeStyleBuild.md
[main] INFO io.swagger.codegen.AbstractGenerator - writing file /Users/cliffano/dev/workspace/swaggy-jenkins/python/generated/swaggyjenkins/models/hudsonmodel_free_style_project.py
[main] INFO io.swagger.codegen.AbstractGenerator - writing file /Users/cliffano/dev/workspace/swaggy-jenkins/python/generated/test/test_hudsonmodel_free_style_project.py
[main] INFO io.swagger.codegen.AbstractGenerator - writing file /Users/cliffano/dev/workspace/swaggy-jenkins/python/generated/docs/HudsonmodelFreeStyleProject.md
[main] INFO io.swagger.codegen.AbstractGenerator - writing file /Users/cliffano/dev/workspace/swaggy-jenkins/python/generated/swaggyjenkins/models/hudsonmodel_free_style_projectactions.py
[main] INFO io.swagger.codegen.AbstractGenerator - writing file /Users/cliffano/dev/workspace/swaggy-jenkins/python/generated/test/test_hudsonmodel_free_style_projectactions.py
[main] INFO io.swagger.codegen.AbstractGenerator - writing file /Users/cliffano/dev/workspace/swaggy-jenkins/python/generated/docs/HudsonmodelFreeStyleProjectactions.md
[main] INFO io.swagger.codegen.AbstractGenerator - writing file /Users/cliffano/dev/workspace/swaggy-jenkins/python/generated/swaggyjenkins/models/hudsonmodel_free_style_projecthealth_report.py
[main] INFO io.swagger.codegen.AbstractGenerator - writing file /Users/cliffano/dev/workspace/swaggy-jenkins/python/generated/test/test_hudsonmodel_free_style_projecthealth_report.py
[main] INFO io.swagger.codegen.AbstractGenerator - writing file /Users/cliffano/dev/workspace/swaggy-jenkins/python/generated/docs/HudsonmodelFreeStyleProjecthealthReport.md
[main] INFO io.swagger.codegen.AbstractGenerator - writing file /Users/cliffano/dev/workspace/swaggy-jenkins/python/generated/swaggyjenkins/models/hudsonmodel_hudson.py
[main] INFO io.swagger.codegen.AbstractGenerator - writing file /Users/cliffano/dev/workspace/swaggy-jenkins/python/generated/test/test_hudsonmodel_hudson.py
[main] INFO io.swagger.codegen.AbstractGenerator - writing file /Users/cliffano/dev/workspace/swaggy-jenkins/python/generated/docs/HudsonmodelHudson.md
[main] INFO io.swagger.codegen.AbstractGenerator - writing file /Users/cliffano/dev/workspace/swaggy-jenkins/python/generated/swaggyjenkins/models/hudsonmodel_hudson_master_computer.py
[main] INFO io.swagger.codegen.AbstractGenerator - writing file /Users/cliffano/dev/workspace/swaggy-jenkins/python/generated/test/test_hudsonmodel_hudson_master_computer.py
[main] INFO io.swagger.codegen.AbstractGenerator - writing file /Users/cliffano/dev/workspace/swaggy-jenkins/python/generated/docs/HudsonmodelHudsonMasterComputer.md
[main] INFO io.swagger.codegen.AbstractGenerator - writing file /Users/cliffano/dev/workspace/swaggy-jenkins/python/generated/swaggyjenkins/models/hudsonmodel_hudson_master_computer_monitor_data.py
[main] INFO io.swagger.codegen.AbstractGenerator - writing file /Users/cliffano/dev/workspace/swaggy-jenkins/python/generated/test/test_hudsonmodel_hudson_master_computer_monitor_data.py
[main] INFO io.swagger.codegen.AbstractGenerator - writing file /Users/cliffano/dev/workspace/swaggy-jenkins/python/generated/docs/HudsonmodelHudsonMasterComputerMonitorData.md
[main] INFO io.swagger.codegen.AbstractGenerator - writing file /Users/cliffano/dev/workspace/swaggy-jenkins/python/generated/swaggyjenkins/models/hudsonmodel_hudson_master_computerexecutors.py
[main] INFO io.swagger.codegen.AbstractGenerator - writing file /Users/cliffano/dev/workspace/swaggy-jenkins/python/generated/test/test_hudsonmodel_hudson_master_computerexecutors.py
[main] INFO io.swagger.codegen.AbstractGenerator - writing file /Users/cliffano/dev/workspace/swaggy-jenkins/python/generated/docs/HudsonmodelHudsonMasterComputerexecutors.md
[main] INFO io.swagger.codegen.AbstractGenerator - writing file /Users/cliffano/dev/workspace/swaggy-jenkins/python/generated/swaggyjenkins/models/hudsonmodel_hudsonassigned_labels.py
[main] INFO io.swagger.codegen.AbstractGenerator - writing file /Users/cliffano/dev/workspace/swaggy-jenkins/python/generated/test/test_hudsonmodel_hudsonassigned_labels.py
[main] INFO io.swagger.codegen.AbstractGenerator - writing file /Users/cliffano/dev/workspace/swaggy-jenkins/python/generated/docs/HudsonmodelHudsonassignedLabels.md
[main] INFO io.swagger.codegen.AbstractGenerator - writing file /Users/cliffano/dev/workspace/swaggy-jenkins/python/generated/swaggyjenkins/models/hudsonmodel_label1.py
[main] INFO io.swagger.codegen.AbstractGenerator - writing file /Users/cliffano/dev/workspace/swaggy-jenkins/python/generated/test/test_hudsonmodel_label1.py
[main] INFO io.swagger.codegen.AbstractGenerator - writing file /Users/cliffano/dev/workspace/swaggy-jenkins/python/generated/docs/HudsonmodelLabel1.md
[main] INFO io.swagger.codegen.AbstractGenerator - writing file /Users/cliffano/dev/workspace/swaggy-jenkins/python/generated/swaggyjenkins/models/hudsonmodel_list_view.py
[main] INFO io.swagger.codegen.AbstractGenerator - writing file /Users/cliffano/dev/workspace/swaggy-jenkins/python/generated/test/test_hudsonmodel_list_view.py
[main] INFO io.swagger.codegen.AbstractGenerator - writing file /Users/cliffano/dev/workspace/swaggy-jenkins/python/generated/docs/HudsonmodelListView.md
[main] INFO io.swagger.codegen.AbstractGenerator - writing file /Users/cliffano/dev/workspace/swaggy-jenkins/python/generated/swaggyjenkins/models/hudsonmodel_queue.py
[main] INFO io.swagger.codegen.AbstractGenerator - writing file /Users/cliffano/dev/workspace/swaggy-jenkins/python/generated/test/test_hudsonmodel_queue.py
[main] INFO io.swagger.codegen.AbstractGenerator - writing file /Users/cliffano/dev/workspace/swaggy-jenkins/python/generated/docs/HudsonmodelQueue.md
[main] INFO io.swagger.codegen.AbstractGenerator - writing file /Users/cliffano/dev/workspace/swaggy-jenkins/python/generated/swaggyjenkins/models/hudsonmodel_queue_blocked_item.py
[main] INFO io.swagger.codegen.AbstractGenerator - writing file /Users/cliffano/dev/workspace/swaggy-jenkins/python/generated/test/test_hudsonmodel_queue_blocked_item.py
[main] INFO io.swagger.codegen.AbstractGenerator - writing file /Users/cliffano/dev/workspace/swaggy-jenkins/python/generated/docs/HudsonmodelQueueBlockedItem.md
[main] INFO io.swagger.codegen.AbstractGenerator - writing file /Users/cliffano/dev/workspace/swaggy-jenkins/python/generated/swaggyjenkins/models/hudsonmodel_queue_left_item.py
[main] INFO io.swagger.codegen.AbstractGenerator - writing file /Users/cliffano/dev/workspace/swaggy-jenkins/python/generated/test/test_hudsonmodel_queue_left_item.py
[main] INFO io.swagger.codegen.AbstractGenerator - writing file /Users/cliffano/dev/workspace/swaggy-jenkins/python/generated/docs/HudsonmodelQueueLeftItem.md
[main] INFO io.swagger.codegen.AbstractGenerator - writing file /Users/cliffano/dev/workspace/swaggy-jenkins/python/generated/swaggyjenkins/models/hudsonmodel_string_parameter_definition.py
[main] INFO io.swagger.codegen.AbstractGenerator - writing file /Users/cliffano/dev/workspace/swaggy-jenkins/python/generated/test/test_hudsonmodel_string_parameter_definition.py
[main] INFO io.swagger.codegen.AbstractGenerator - writing file /Users/cliffano/dev/workspace/swaggy-jenkins/python/generated/docs/HudsonmodelStringParameterDefinition.md
[main] INFO io.swagger.codegen.AbstractGenerator - writing file /Users/cliffano/dev/workspace/swaggy-jenkins/python/generated/swaggyjenkins/models/hudsonmodel_string_parameter_value.py
[main] INFO io.swagger.codegen.AbstractGenerator - writing file /Users/cliffano/dev/workspace/swaggy-jenkins/python/generated/test/test_hudsonmodel_string_parameter_value.py
[main] INFO io.swagger.codegen.AbstractGenerator - writing file /Users/cliffano/dev/workspace/swaggy-jenkins/python/generated/docs/HudsonmodelStringParameterValue.md
[main] INFO io.swagger.codegen.AbstractGenerator - writing file /Users/cliffano/dev/workspace/swaggy-jenkins/python/generated/swaggyjenkins/models/hudsonnode_monitors_disk_space_monitor_descriptor_disk_space.py
[main] INFO io.swagger.codegen.AbstractGenerator - writing file /Users/cliffano/dev/workspace/swaggy-jenkins/python/generated/test/test_hudsonnode_monitors_disk_space_monitor_descriptor_disk_space.py
[main] INFO io.swagger.codegen.AbstractGenerator - writing file /Users/cliffano/dev/workspace/swaggy-jenkins/python/generated/docs/HudsonnodeMonitorsDiskSpaceMonitorDescriptorDiskSpace.md
[main] INFO io.swagger.codegen.AbstractGenerator - writing file /Users/cliffano/dev/workspace/swaggy-jenkins/python/generated/swaggyjenkins/models/hudsonnode_monitors_response_time_monitor_data.py
[main] INFO io.swagger.codegen.AbstractGenerator - writing file /Users/cliffano/dev/workspace/swaggy-jenkins/python/generated/test/test_hudsonnode_monitors_response_time_monitor_data.py
[main] INFO io.swagger.codegen.AbstractGenerator - writing file /Users/cliffano/dev/workspace/swaggy-jenkins/python/generated/docs/HudsonnodeMonitorsResponseTimeMonitorData.md
[main] INFO io.swagger.codegen.AbstractGenerator - writing file /Users/cliffano/dev/workspace/swaggy-jenkins/python/generated/swaggyjenkins/models/hudsonnode_monitors_swap_space_monitor_memory_usage2.py
[main] INFO io.swagger.codegen.AbstractGenerator - writing file /Users/cliffano/dev/workspace/swaggy-jenkins/python/generated/test/test_hudsonnode_monitors_swap_space_monitor_memory_usage2.py
[main] INFO io.swagger.codegen.AbstractGenerator - writing file /Users/cliffano/dev/workspace/swaggy-jenkins/python/generated/docs/HudsonnodeMonitorsSwapSpaceMonitorMemoryUsage2.md
[main] INFO io.swagger.codegen.AbstractGenerator - writing file /Users/cliffano/dev/workspace/swaggy-jenkins/python/generated/swaggyjenkins/models/hudsonscm_empty_change_log_set.py
[main] INFO io.swagger.codegen.AbstractGenerator - writing file /Users/cliffano/dev/workspace/swaggy-jenkins/python/generated/test/test_hudsonscm_empty_change_log_set.py
[main] INFO io.swagger.codegen.AbstractGenerator - writing file /Users/cliffano/dev/workspace/swaggy-jenkins/python/generated/docs/HudsonscmEmptyChangeLogSet.md
[main] INFO io.swagger.codegen.AbstractGenerator - writing file /Users/cliffano/dev/workspace/swaggy-jenkins/python/generated/swaggyjenkins/models/hudsonscm_null_scm.py
[main] INFO io.swagger.codegen.AbstractGenerator - writing file /Users/cliffano/dev/workspace/swaggy-jenkins/python/generated/test/test_hudsonscm_null_scm.py
[main] INFO io.swagger.codegen.AbstractGenerator - writing file /Users/cliffano/dev/workspace/swaggy-jenkins/python/generated/docs/HudsonscmNullSCM.md
[main] INFO io.swagger.codegen.AbstractGenerator - writing file /Users/cliffano/dev/workspace/swaggy-jenkins/python/generated/swaggyjenkins/models/hudsonsecuritycsrf_default_crumb_issuer.py
[main] INFO io.swagger.codegen.AbstractGenerator - writing file /Users/cliffano/dev/workspace/swaggy-jenkins/python/generated/test/test_hudsonsecuritycsrf_default_crumb_issuer.py
[main] INFO io.swagger.codegen.AbstractGenerator - writing file /Users/cliffano/dev/workspace/swaggy-jenkins/python/generated/docs/HudsonsecuritycsrfDefaultCrumbIssuer.md
[main] INFO io.swagger.codegen.AbstractGenerator - writing file /Users/cliffano/dev/workspace/swaggy-jenkins/python/generated/swaggyjenkins/models/hudsonutil_clock_difference.py
[main] INFO io.swagger.codegen.AbstractGenerator - writing file /Users/cliffano/dev/workspace/swaggy-jenkins/python/generated/test/test_hudsonutil_clock_difference.py
[main] INFO io.swagger.codegen.AbstractGenerator - writing file /Users/cliffano/dev/workspace/swaggy-jenkins/python/generated/docs/HudsonutilClockDifference.md
[main] INFO io.swagger.codegen.AbstractGenerator - writing file /Users/cliffano/dev/workspace/swaggy-jenkins/python/generated/swaggyjenkins/models/iojenkinsblueoceanresthal_link.py
[main] INFO io.swagger.codegen.AbstractGenerator - writing file /Users/cliffano/dev/workspace/swaggy-jenkins/python/generated/test/test_iojenkinsblueoceanresthal_link.py
[main] INFO io.swagger.codegen.AbstractGenerator - writing file /Users/cliffano/dev/workspace/swaggy-jenkins/python/generated/docs/IojenkinsblueoceanresthalLink.md
[main] INFO io.swagger.codegen.AbstractGenerator - writing file /Users/cliffano/dev/workspace/swaggy-jenkins/python/generated/swaggyjenkins/models/iojenkinsblueoceanrestimplpipeline_branch_impl.py
[main] INFO io.swagger.codegen.AbstractGenerator - writing file /Users/cliffano/dev/workspace/swaggy-jenkins/python/generated/test/test_iojenkinsblueoceanrestimplpipeline_branch_impl.py
[main] INFO io.swagger.codegen.AbstractGenerator - writing file /Users/cliffano/dev/workspace/swaggy-jenkins/python/generated/docs/IojenkinsblueoceanrestimplpipelineBranchImpl.md
[main] INFO io.swagger.codegen.AbstractGenerator - writing file /Users/cliffano/dev/workspace/swaggy-jenkins/python/generated/swaggyjenkins/models/iojenkinsblueoceanrestimplpipeline_branch_impl_permissions.py
[main] INFO io.swagger.codegen.AbstractGenerator - writing file /Users/cliffano/dev/workspace/swaggy-jenkins/python/generated/test/test_iojenkinsblueoceanrestimplpipeline_branch_impl_permissions.py
[main] INFO io.swagger.codegen.AbstractGenerator - writing file /Users/cliffano/dev/workspace/swaggy-jenkins/python/generated/docs/IojenkinsblueoceanrestimplpipelineBranchImplPermissions.md
[main] INFO io.swagger.codegen.AbstractGenerator - writing file /Users/cliffano/dev/workspace/swaggy-jenkins/python/generated/swaggyjenkins/models/iojenkinsblueoceanserviceembeddedrest_extension_class_container_impl1.py
[main] INFO io.swagger.codegen.AbstractGenerator - writing file /Users/cliffano/dev/workspace/swaggy-jenkins/python/generated/test/test_iojenkinsblueoceanserviceembeddedrest_extension_class_container_impl1.py
[main] INFO io.swagger.codegen.AbstractGenerator - writing file /Users/cliffano/dev/workspace/swaggy-jenkins/python/generated/docs/IojenkinsblueoceanserviceembeddedrestExtensionClassContainerImpl1.md
[main] INFO io.swagger.codegen.AbstractGenerator - writing file /Users/cliffano/dev/workspace/swaggy-jenkins/python/generated/swaggyjenkins/models/iojenkinsblueoceanserviceembeddedrest_extension_class_container_impl1__links.py
[main] INFO io.swagger.codegen.AbstractGenerator - writing file /Users/cliffano/dev/workspace/swaggy-jenkins/python/generated/test/test_iojenkinsblueoceanserviceembeddedrest_extension_class_container_impl1__links.py
[main] INFO io.swagger.codegen.AbstractGenerator - writing file /Users/cliffano/dev/workspace/swaggy-jenkins/python/generated/docs/IojenkinsblueoceanserviceembeddedrestExtensionClassContainerImpl1Links.md
[main] INFO io.swagger.codegen.AbstractGenerator - writing file /Users/cliffano/dev/workspace/swaggy-jenkins/python/generated/swaggyjenkins/models/iojenkinsblueoceanserviceembeddedrest_extension_class_container_impl1_map.py
[main] INFO io.swagger.codegen.AbstractGenerator - writing file /Users/cliffano/dev/workspace/swaggy-jenkins/python/generated/test/test_iojenkinsblueoceanserviceembeddedrest_extension_class_container_impl1_map.py
[main] INFO io.swagger.codegen.AbstractGenerator - writing file /Users/cliffano/dev/workspace/swaggy-jenkins/python/generated/docs/IojenkinsblueoceanserviceembeddedrestExtensionClassContainerImpl1Map.md
[main] INFO io.swagger.codegen.AbstractGenerator - writing file /Users/cliffano/dev/workspace/swaggy-jenkins/python/generated/swaggyjenkins/models/iojenkinsblueoceanserviceembeddedrest_extension_class_impl.py
[main] INFO io.swagger.codegen.AbstractGenerator - writing file /Users/cliffano/dev/workspace/swaggy-jenkins/python/generated/test/test_iojenkinsblueoceanserviceembeddedrest_extension_class_impl.py
[main] INFO io.swagger.codegen.AbstractGenerator - writing file /Users/cliffano/dev/workspace/swaggy-jenkins/python/generated/docs/IojenkinsblueoceanserviceembeddedrestExtensionClassImpl.md
[main] INFO io.swagger.codegen.AbstractGenerator - writing file /Users/cliffano/dev/workspace/swaggy-jenkins/python/generated/swaggyjenkins/models/iojenkinsblueoceanserviceembeddedrest_extension_class_impl__links.py
[main] INFO io.swagger.codegen.AbstractGenerator - writing file /Users/cliffano/dev/workspace/swaggy-jenkins/python/generated/test/test_iojenkinsblueoceanserviceembeddedrest_extension_class_impl__links.py
[main] INFO io.swagger.codegen.AbstractGenerator - writing file /Users/cliffano/dev/workspace/swaggy-jenkins/python/generated/docs/IojenkinsblueoceanserviceembeddedrestExtensionClassImplLinks.md
[main] INFO io.swagger.codegen.AbstractGenerator - writing file /Users/cliffano/dev/workspace/swaggy-jenkins/python/generated/swaggyjenkins/models/iojenkinsblueoceanserviceembeddedrest_pipeline_folder_impl.py
[main] INFO io.swagger.codegen.AbstractGenerator - writing file /Users/cliffano/dev/workspace/swaggy-jenkins/python/generated/test/test_iojenkinsblueoceanserviceembeddedrest_pipeline_folder_impl.py
[main] INFO io.swagger.codegen.AbstractGenerator - writing file /Users/cliffano/dev/workspace/swaggy-jenkins/python/generated/docs/IojenkinsblueoceanserviceembeddedrestPipelineFolderImpl.md
[main] INFO io.swagger.codegen.AbstractGenerator - writing file /Users/cliffano/dev/workspace/swaggy-jenkins/python/generated/swaggyjenkins/models/iojenkinsblueoceanserviceembeddedrest_pipeline_impl.py
[main] INFO io.swagger.codegen.AbstractGenerator - writing file /Users/cliffano/dev/workspace/swaggy-jenkins/python/generated/test/test_iojenkinsblueoceanserviceembeddedrest_pipeline_impl.py
[main] INFO io.swagger.codegen.AbstractGenerator - writing file /Users/cliffano/dev/workspace/swaggy-jenkins/python/generated/docs/IojenkinsblueoceanserviceembeddedrestPipelineImpl.md
[main] INFO io.swagger.codegen.AbstractGenerator - writing file /Users/cliffano/dev/workspace/swaggy-jenkins/python/generated/swaggyjenkins/models/jenkinsmodel_unlabeled_load_statistics.py
[main] INFO io.swagger.codegen.AbstractGenerator - writing file /Users/cliffano/dev/workspace/swaggy-jenkins/python/generated/test/test_jenkinsmodel_unlabeled_load_statistics.py
[main] INFO io.swagger.codegen.AbstractGenerator - writing file /Users/cliffano/dev/workspace/swaggy-jenkins/python/generated/docs/JenkinsmodelUnlabeledLoadStatistics.md
[main] INFO io.swagger.codegen.AbstractGenerator - writing file /Users/cliffano/dev/workspace/swaggy-jenkins/python/generated/swaggyjenkins/models/swaggyjenkins_organisation.py
[main] INFO io.swagger.codegen.AbstractGenerator - writing file /Users/cliffano/dev/workspace/swaggy-jenkins/python/generated/test/test_swaggyjenkins_organisation.py
[main] INFO io.swagger.codegen.AbstractGenerator - writing file /Users/cliffano/dev/workspace/swaggy-jenkins/python/generated/docs/SwaggyjenkinsOrganisation.md
[main] INFO io.swagger.codegen.AbstractGenerator - writing file /Users/cliffano/dev/workspace/swaggy-jenkins/python/generated/swaggyjenkins/models/swaggyjenkins_pipeline.py
[main] INFO io.swagger.codegen.AbstractGenerator - writing file /Users/cliffano/dev/workspace/swaggy-jenkins/python/generated/test/test_swaggyjenkins_pipeline.py
[main] INFO io.swagger.codegen.AbstractGenerator - writing file /Users/cliffano/dev/workspace/swaggy-jenkins/python/generated/docs/SwaggyjenkinsPipeline.md
[main] INFO io.swagger.codegen.AbstractGenerator - writing file /Users/cliffano/dev/workspace/swaggy-jenkins/python/generated/swaggyjenkins/models/swaggyjenkins_pipeline_latest_run.py
[main] INFO io.swagger.codegen.AbstractGenerator - writing file /Users/cliffano/dev/workspace/swaggy-jenkins/python/generated/test/test_swaggyjenkins_pipeline_latest_run.py
[main] INFO io.swagger.codegen.AbstractGenerator - writing file /Users/cliffano/dev/workspace/swaggy-jenkins/python/generated/docs/SwaggyjenkinsPipelineLatestRun.md
[main] INFO io.swagger.codegen.AbstractGenerator - writing file /Users/cliffano/dev/workspace/swaggy-jenkins/python/generated/swaggyjenkins/models/swaggyjenkins_pipeline_latest_runartifacts.py
[main] INFO io.swagger.codegen.AbstractGenerator - writing file /Users/cliffano/dev/workspace/swaggy-jenkins/python/generated/test/test_swaggyjenkins_pipeline_latest_runartifacts.py
[main] INFO io.swagger.codegen.AbstractGenerator - writing file /Users/cliffano/dev/workspace/swaggy-jenkins/python/generated/docs/SwaggyjenkinsPipelineLatestRunartifacts.md
[main] INFO io.swagger.codegen.AbstractGenerator - writing file /Users/cliffano/dev/workspace/swaggy-jenkins/python/generated/swaggyjenkins/models/swaggyjenkins_user.py
[main] INFO io.swagger.codegen.AbstractGenerator - writing file /Users/cliffano/dev/workspace/swaggy-jenkins/python/generated/test/test_swaggyjenkins_user.py
[main] INFO io.swagger.codegen.AbstractGenerator - writing file /Users/cliffano/dev/workspace/swaggy-jenkins/python/generated/docs/SwaggyjenkinsUser.md
[main] WARN io.swagger.codegen.DefaultCodegen - generated unique operationId `search_0`
[main] WARN io.swagger.codegen.DefaultCodegen - generated unique operationId `get_pipeline_folder_by_org_0`
[main] INFO io.swagger.codegen.AbstractGenerator - writing file /Users/cliffano/dev/workspace/swaggy-jenkins/python/generated/swaggyjenkins/apis/blue_ocean_api.py
[main] INFO io.swagger.codegen.AbstractGenerator - writing file /Users/cliffano/dev/workspace/swaggy-jenkins/python/generated/test/test_blue_ocean_api.py
[main] INFO io.swagger.codegen.AbstractGenerator - writing file /Users/cliffano/dev/workspace/swaggy-jenkins/python/generated/docs/BlueOceanApi.md
[main] INFO io.swagger.codegen.AbstractGenerator - writing file /Users/cliffano/dev/workspace/swaggy-jenkins/python/generated/swaggyjenkins/apis/remote_access_api.py
[main] INFO io.swagger.codegen.AbstractGenerator - writing file /Users/cliffano/dev/workspace/swaggy-jenkins/python/generated/test/test_remote_access_api.py
[main] INFO io.swagger.codegen.AbstractGenerator - writing file /Users/cliffano/dev/workspace/swaggy-jenkins/python/generated/docs/RemoteAccessApi.md
[main] INFO io.swagger.codegen.AbstractGenerator - writing file /Users/cliffano/dev/workspace/swaggy-jenkins/python/generated/README.md
[main] INFO io.swagger.codegen.AbstractGenerator - writing file /Users/cliffano/dev/workspace/swaggy-jenkins/python/generated/setup.py
[main] INFO io.swagger.codegen.AbstractGenerator - writing file /Users/cliffano/dev/workspace/swaggy-jenkins/python/generated/tox.ini
[main] INFO io.swagger.codegen.AbstractGenerator - writing file /Users/cliffano/dev/workspace/swaggy-jenkins/python/generated/test-requirements.txt
[main] INFO io.swagger.codegen.AbstractGenerator - writing file /Users/cliffano/dev/workspace/swaggy-jenkins/python/generated/requirements.txt
[main] INFO io.swagger.codegen.AbstractGenerator - writing file /Users/cliffano/dev/workspace/swaggy-jenkins/python/generated/swaggyjenkins/api_client.py
[main] INFO io.swagger.codegen.AbstractGenerator - writing file /Users/cliffano/dev/workspace/swaggy-jenkins/python/generated/swaggyjenkins/rest.py
[main] INFO io.swagger.codegen.AbstractGenerator - writing file /Users/cliffano/dev/workspace/swaggy-jenkins/python/generated/swaggyjenkins/configuration.py
[main] INFO io.swagger.codegen.AbstractGenerator - writing file /Users/cliffano/dev/workspace/swaggy-jenkins/python/generated/swaggyjenkins/__init__.py
[main] INFO io.swagger.codegen.AbstractGenerator - writing file /Users/cliffano/dev/workspace/swaggy-jenkins/python/generated/swaggyjenkins/models/__init__.py
[main] INFO io.swagger.codegen.AbstractGenerator - writing file /Users/cliffano/dev/workspace/swaggy-jenkins/python/generated/swaggyjenkins/apis/__init__.py
[main] INFO io.swagger.codegen.AbstractGenerator - writing file /Users/cliffano/dev/workspace/swaggy-jenkins/python/generated/test/__init__.py
[main] INFO io.swagger.codegen.AbstractGenerator - writing file /Users/cliffano/dev/workspace/swaggy-jenkins/python/generated/git_push.sh
[main] INFO io.swagger.codegen.AbstractGenerator - writing file /Users/cliffano/dev/workspace/swaggy-jenkins/python/generated/.gitignore
[main] INFO io.swagger.codegen.AbstractGenerator - writing file /Users/cliffano/dev/workspace/swaggy-jenkins/python/generated/.travis.yml
[main] INFO io.swagger.codegen.AbstractGenerator - writing file /Users/cliffano/dev/workspace/swaggy-jenkins/python/generated/.swagger-codegen-ignore
[main] INFO io.swagger.codegen.AbstractGenerator - writing file /Users/cliffano/dev/workspace/swaggy-jenkins/python/generated/.swagger-codegen/VERSION
