[main] ERROR io.swagger.codegen.config.CodegenConfigurator - Unable to deserialize config file: apex/conf.json
java.io.FileNotFoundException: apex/conf.json (No such file or directory)
	at java.io.FileInputStream.open0(Native Method)
	at java.io.FileInputStream.open(FileInputStream.java:195)
	at java.io.FileInputStream.<init>(FileInputStream.java:138)
	at com.fasterxml.jackson.core.JsonFactory.createParser(JsonFactory.java:756)
	at com.fasterxml.jackson.databind.ObjectMapper.readValue(ObjectMapper.java:2740)
	at io.swagger.codegen.config.CodegenConfigurator.fromFile(CodegenConfigurator.java:507)
	at io.swagger.codegen.cmd.Generate.run(Generate.java:135)
	at io.swagger.codegen.SwaggerCodegen.main(SwaggerCodegen.java:43)
[main] INFO io.swagger.parser.Swagger20Parser - reading from _spec/jenkins-api.yml
[main] WARN io.swagger.codegen.ignore.CodegenIgnoreProcessor - Output directory does not exist, or is inaccessible. No file (.swager-codegen-ignore) will be evaluated.
[main] INFO io.swagger.codegen.AbstractGenerator - writing file /Users/cliffano/dev/workspace/swaggy-jenkins/apex/generated/force-app/main/default/classes/SwagGetClassesByClass.cls
[main] INFO io.swagger.codegen.AbstractGenerator - writing file /Users/cliffano/dev/workspace/swaggy-jenkins/apex/generated/force-app/main/default/classes/SwagGetClassesByClass.cls-meta.xml
[main] INFO io.swagger.codegen.AbstractGenerator - writing file /Users/cliffano/dev/workspace/swaggy-jenkins/apex/generated/force-app/main/default/classes/SwagGetClassesByClassTest.cls
[main] INFO io.swagger.codegen.AbstractGenerator - writing file /Users/cliffano/dev/workspace/swaggy-jenkins/apex/generated/force-app/main/default/classes/SwagGetClassesByClassTest.cls-meta.xml
[main] INFO io.swagger.codegen.AbstractGenerator - writing file /Users/cliffano/dev/workspace/swaggy-jenkins/apex/generated/docs/SwagGetClassesByClass.md
[main] INFO io.swagger.codegen.AbstractGenerator - writing file /Users/cliffano/dev/workspace/swaggy-jenkins/apex/generated/force-app/main/default/classes/SwagGetMultibranchPipeline.cls
[main] INFO io.swagger.codegen.AbstractGenerator - writing file /Users/cliffano/dev/workspace/swaggy-jenkins/apex/generated/force-app/main/default/classes/SwagGetMultibranchPipeline.cls-meta.xml
[main] INFO io.swagger.codegen.AbstractGenerator - writing file /Users/cliffano/dev/workspace/swaggy-jenkins/apex/generated/force-app/main/default/classes/SwagGetMultibranchPipelineTest.cls
[main] INFO io.swagger.codegen.AbstractGenerator - writing file /Users/cliffano/dev/workspace/swaggy-jenkins/apex/generated/force-app/main/default/classes/SwagGetMultibranchPipelineTest.cls-meta.xml
[main] INFO io.swagger.codegen.AbstractGenerator - writing file /Users/cliffano/dev/workspace/swaggy-jenkins/apex/generated/docs/SwagGetMultibranchPipeline.md
[main] INFO io.swagger.codegen.AbstractGenerator - writing file /Users/cliffano/dev/workspace/swaggy-jenkins/apex/generated/force-app/main/default/classes/SwagGetOrganisations.cls
[main] INFO io.swagger.codegen.AbstractGenerator - writing file /Users/cliffano/dev/workspace/swaggy-jenkins/apex/generated/force-app/main/default/classes/SwagGetOrganisations.cls-meta.xml
[main] INFO io.swagger.codegen.AbstractGenerator - writing file /Users/cliffano/dev/workspace/swaggy-jenkins/apex/generated/force-app/main/default/classes/SwagGetOrganisationsTest.cls
[main] INFO io.swagger.codegen.AbstractGenerator - writing file /Users/cliffano/dev/workspace/swaggy-jenkins/apex/generated/force-app/main/default/classes/SwagGetOrganisationsTest.cls-meta.xml
[main] INFO io.swagger.codegen.AbstractGenerator - writing file /Users/cliffano/dev/workspace/swaggy-jenkins/apex/generated/docs/SwagGetOrganisations.md
[main] INFO io.swagger.codegen.AbstractGenerator - writing file /Users/cliffano/dev/workspace/swaggy-jenkins/apex/generated/force-app/main/default/classes/SwagGetPipelineBranches.cls
[main] INFO io.swagger.codegen.AbstractGenerator - writing file /Users/cliffano/dev/workspace/swaggy-jenkins/apex/generated/force-app/main/default/classes/SwagGetPipelineBranches.cls-meta.xml
[main] INFO io.swagger.codegen.AbstractGenerator - writing file /Users/cliffano/dev/workspace/swaggy-jenkins/apex/generated/force-app/main/default/classes/SwagGetPipelineBranchesTest.cls
[main] INFO io.swagger.codegen.AbstractGenerator - writing file /Users/cliffano/dev/workspace/swaggy-jenkins/apex/generated/force-app/main/default/classes/SwagGetPipelineBranchesTest.cls-meta.xml
[main] INFO io.swagger.codegen.AbstractGenerator - writing file /Users/cliffano/dev/workspace/swaggy-jenkins/apex/generated/docs/SwagGetPipelineBranches.md
[main] INFO io.swagger.codegen.AbstractGenerator - writing file /Users/cliffano/dev/workspace/swaggy-jenkins/apex/generated/force-app/main/default/classes/SwagGetPipelineBranchesitem.cls
[main] INFO io.swagger.codegen.AbstractGenerator - writing file /Users/cliffano/dev/workspace/swaggy-jenkins/apex/generated/force-app/main/default/classes/SwagGetPipelineBranchesitem.cls-meta.xml
[main] INFO io.swagger.codegen.AbstractGenerator - writing file /Users/cliffano/dev/workspace/swaggy-jenkins/apex/generated/force-app/main/default/classes/SwagGetPipelineBranchesitemTest.cls
[main] INFO io.swagger.codegen.AbstractGenerator - writing file /Users/cliffano/dev/workspace/swaggy-jenkins/apex/generated/force-app/main/default/classes/SwagGetPipelineBranchesitemTest.cls-meta.xml
[main] INFO io.swagger.codegen.AbstractGenerator - writing file /Users/cliffano/dev/workspace/swaggy-jenkins/apex/generated/docs/SwagGetPipelineBranchesitem.md
[main] INFO io.swagger.codegen.AbstractGenerator - writing file /Users/cliffano/dev/workspace/swaggy-jenkins/apex/generated/force-app/main/default/classes/SwagGetPipelineBranchesitemLatestRun.cls
[main] INFO io.swagger.codegen.AbstractGenerator - writing file /Users/cliffano/dev/workspace/swaggy-jenkins/apex/generated/force-app/main/default/classes/SwagGetPipelineBranchesitemLatestRun.cls-meta.xml
[main] INFO io.swagger.codegen.AbstractGenerator - writing file /Users/cliffano/dev/workspace/swaggy-jenkins/apex/generated/force-app/main/default/classes/SwagGetPipelineBranchesitemLatestRunTest.cls
[main] INFO io.swagger.codegen.AbstractGenerator - writing file /Users/cliffano/dev/workspace/swaggy-jenkins/apex/generated/force-app/main/default/classes/SwagGetPipelineBranchesitemLatestRunTest.cls-meta.xml
[main] INFO io.swagger.codegen.AbstractGenerator - writing file /Users/cliffano/dev/workspace/swaggy-jenkins/apex/generated/docs/SwagGetPipelineBranchesitemLatestRun.md
[main] INFO io.swagger.codegen.AbstractGenerator - writing file /Users/cliffano/dev/workspace/swaggy-jenkins/apex/generated/force-app/main/default/classes/SwagGetPipelineBranchesitemPullReque.cls
[main] INFO io.swagger.codegen.AbstractGenerator - writing file /Users/cliffano/dev/workspace/swaggy-jenkins/apex/generated/force-app/main/default/classes/SwagGetPipelineBranchesitemPullReque.cls-meta.xml
[main] INFO io.swagger.codegen.AbstractGenerator - writing file /Users/cliffano/dev/workspace/swaggy-jenkins/apex/generated/force-app/main/default/classes/SwagGetPipelineBranchesitemPullRequeTest.cls
[main] INFO io.swagger.codegen.AbstractGenerator - writing file /Users/cliffano/dev/workspace/swaggy-jenkins/apex/generated/force-app/main/default/classes/SwagGetPipelineBranchesitemPullRequeTest.cls-meta.xml
[main] INFO io.swagger.codegen.AbstractGenerator - writing file /Users/cliffano/dev/workspace/swaggy-jenkins/apex/generated/docs/SwagGetPipelineBranchesitemPullReque.md
[main] INFO io.swagger.codegen.AbstractGenerator - writing file /Users/cliffano/dev/workspace/swaggy-jenkins/apex/generated/force-app/main/default/classes/SwagGetPipelines.cls
[main] INFO io.swagger.codegen.AbstractGenerator - writing file /Users/cliffano/dev/workspace/swaggy-jenkins/apex/generated/force-app/main/default/classes/SwagGetPipelines.cls-meta.xml
[main] INFO io.swagger.codegen.AbstractGenerator - writing file /Users/cliffano/dev/workspace/swaggy-jenkins/apex/generated/force-app/main/default/classes/SwagGetPipelinesTest.cls
[main] INFO io.swagger.codegen.AbstractGenerator - writing file /Users/cliffano/dev/workspace/swaggy-jenkins/apex/generated/force-app/main/default/classes/SwagGetPipelinesTest.cls-meta.xml
[main] INFO io.swagger.codegen.AbstractGenerator - writing file /Users/cliffano/dev/workspace/swaggy-jenkins/apex/generated/docs/SwagGetPipelines.md
[main] INFO io.swagger.codegen.AbstractGenerator - writing file /Users/cliffano/dev/workspace/swaggy-jenkins/apex/generated/force-app/main/default/classes/SwagGetUsers.cls
[main] INFO io.swagger.codegen.AbstractGenerator - writing file /Users/cliffano/dev/workspace/swaggy-jenkins/apex/generated/force-app/main/default/classes/SwagGetUsers.cls-meta.xml
[main] INFO io.swagger.codegen.AbstractGenerator - writing file /Users/cliffano/dev/workspace/swaggy-jenkins/apex/generated/force-app/main/default/classes/SwagGetUsersTest.cls
[main] INFO io.swagger.codegen.AbstractGenerator - writing file /Users/cliffano/dev/workspace/swaggy-jenkins/apex/generated/force-app/main/default/classes/SwagGetUsersTest.cls-meta.xml
[main] INFO io.swagger.codegen.AbstractGenerator - writing file /Users/cliffano/dev/workspace/swaggy-jenkins/apex/generated/docs/SwagGetUsers.md
[main] INFO io.swagger.codegen.AbstractGenerator - writing file /Users/cliffano/dev/workspace/swaggy-jenkins/apex/generated/force-app/main/default/classes/SwagHudsonmodelAllView.cls
[main] INFO io.swagger.codegen.AbstractGenerator - writing file /Users/cliffano/dev/workspace/swaggy-jenkins/apex/generated/force-app/main/default/classes/SwagHudsonmodelAllView.cls-meta.xml
[main] INFO io.swagger.codegen.AbstractGenerator - writing file /Users/cliffano/dev/workspace/swaggy-jenkins/apex/generated/force-app/main/default/classes/SwagHudsonmodelAllViewTest.cls
[main] INFO io.swagger.codegen.AbstractGenerator - writing file /Users/cliffano/dev/workspace/swaggy-jenkins/apex/generated/force-app/main/default/classes/SwagHudsonmodelAllViewTest.cls-meta.xml
[main] INFO io.swagger.codegen.AbstractGenerator - writing file /Users/cliffano/dev/workspace/swaggy-jenkins/apex/generated/docs/SwagHudsonmodelAllView.md
[main] INFO io.swagger.codegen.AbstractGenerator - writing file /Users/cliffano/dev/workspace/swaggy-jenkins/apex/generated/force-app/main/default/classes/SwagHudsonmodelCauseAction.cls
[main] INFO io.swagger.codegen.AbstractGenerator - writing file /Users/cliffano/dev/workspace/swaggy-jenkins/apex/generated/force-app/main/default/classes/SwagHudsonmodelCauseAction.cls-meta.xml
[main] INFO io.swagger.codegen.AbstractGenerator - writing file /Users/cliffano/dev/workspace/swaggy-jenkins/apex/generated/force-app/main/default/classes/SwagHudsonmodelCauseActionTest.cls
[main] INFO io.swagger.codegen.AbstractGenerator - writing file /Users/cliffano/dev/workspace/swaggy-jenkins/apex/generated/force-app/main/default/classes/SwagHudsonmodelCauseActionTest.cls-meta.xml
[main] INFO io.swagger.codegen.AbstractGenerator - writing file /Users/cliffano/dev/workspace/swaggy-jenkins/apex/generated/docs/SwagHudsonmodelCauseAction.md
[main] INFO io.swagger.codegen.AbstractGenerator - writing file /Users/cliffano/dev/workspace/swaggy-jenkins/apex/generated/force-app/main/default/classes/SwagHudsonmodelCauseUserIdCause.cls
[main] INFO io.swagger.codegen.AbstractGenerator - writing file /Users/cliffano/dev/workspace/swaggy-jenkins/apex/generated/force-app/main/default/classes/SwagHudsonmodelCauseUserIdCause.cls-meta.xml
[main] INFO io.swagger.codegen.AbstractGenerator - writing file /Users/cliffano/dev/workspace/swaggy-jenkins/apex/generated/force-app/main/default/classes/SwagHudsonmodelCauseUserIdCauseTest.cls
[main] INFO io.swagger.codegen.AbstractGenerator - writing file /Users/cliffano/dev/workspace/swaggy-jenkins/apex/generated/force-app/main/default/classes/SwagHudsonmodelCauseUserIdCauseTest.cls-meta.xml
[main] INFO io.swagger.codegen.AbstractGenerator - writing file /Users/cliffano/dev/workspace/swaggy-jenkins/apex/generated/docs/SwagHudsonmodelCauseUserIdCause.md
[main] INFO io.swagger.codegen.AbstractGenerator - writing file /Users/cliffano/dev/workspace/swaggy-jenkins/apex/generated/force-app/main/default/classes/SwagHudsonmodelComputerSet.cls
[main] INFO io.swagger.codegen.AbstractGenerator - writing file /Users/cliffano/dev/workspace/swaggy-jenkins/apex/generated/force-app/main/default/classes/SwagHudsonmodelComputerSet.cls-meta.xml
[main] INFO io.swagger.codegen.AbstractGenerator - writing file /Users/cliffano/dev/workspace/swaggy-jenkins/apex/generated/force-app/main/default/classes/SwagHudsonmodelComputerSetTest.cls
[main] INFO io.swagger.codegen.AbstractGenerator - writing file /Users/cliffano/dev/workspace/swaggy-jenkins/apex/generated/force-app/main/default/classes/SwagHudsonmodelComputerSetTest.cls-meta.xml
[main] INFO io.swagger.codegen.AbstractGenerator - writing file /Users/cliffano/dev/workspace/swaggy-jenkins/apex/generated/docs/SwagHudsonmodelComputerSet.md
[main] INFO io.swagger.codegen.AbstractGenerator - writing file /Users/cliffano/dev/workspace/swaggy-jenkins/apex/generated/force-app/main/default/classes/SwagHudsonmodelFreeStyleBuild.cls
[main] INFO io.swagger.codegen.AbstractGenerator - writing file /Users/cliffano/dev/workspace/swaggy-jenkins/apex/generated/force-app/main/default/classes/SwagHudsonmodelFreeStyleBuild.cls-meta.xml
[main] INFO io.swagger.codegen.AbstractGenerator - writing file /Users/cliffano/dev/workspace/swaggy-jenkins/apex/generated/force-app/main/default/classes/SwagHudsonmodelFreeStyleBuildTest.cls
[main] INFO io.swagger.codegen.AbstractGenerator - writing file /Users/cliffano/dev/workspace/swaggy-jenkins/apex/generated/force-app/main/default/classes/SwagHudsonmodelFreeStyleBuildTest.cls-meta.xml
[main] INFO io.swagger.codegen.AbstractGenerator - writing file /Users/cliffano/dev/workspace/swaggy-jenkins/apex/generated/docs/SwagHudsonmodelFreeStyleBuild.md
[main] INFO io.swagger.codegen.AbstractGenerator - writing file /Users/cliffano/dev/workspace/swaggy-jenkins/apex/generated/force-app/main/default/classes/SwagHudsonmodelFreeStyleProject.cls
[main] INFO io.swagger.codegen.AbstractGenerator - writing file /Users/cliffano/dev/workspace/swaggy-jenkins/apex/generated/force-app/main/default/classes/SwagHudsonmodelFreeStyleProject.cls-meta.xml
[main] INFO io.swagger.codegen.AbstractGenerator - writing file /Users/cliffano/dev/workspace/swaggy-jenkins/apex/generated/force-app/main/default/classes/SwagHudsonmodelFreeStyleProjectTest.cls
[main] INFO io.swagger.codegen.AbstractGenerator - writing file /Users/cliffano/dev/workspace/swaggy-jenkins/apex/generated/force-app/main/default/classes/SwagHudsonmodelFreeStyleProjectTest.cls-meta.xml
[main] INFO io.swagger.codegen.AbstractGenerator - writing file /Users/cliffano/dev/workspace/swaggy-jenkins/apex/generated/docs/SwagHudsonmodelFreeStyleProject.md
[main] INFO io.swagger.codegen.AbstractGenerator - writing file /Users/cliffano/dev/workspace/swaggy-jenkins/apex/generated/force-app/main/default/classes/SwagHudsonmodelFreeStyleProjectactio.cls
[main] INFO io.swagger.codegen.AbstractGenerator - writing file /Users/cliffano/dev/workspace/swaggy-jenkins/apex/generated/force-app/main/default/classes/SwagHudsonmodelFreeStyleProjectactio.cls-meta.xml
[main] INFO io.swagger.codegen.AbstractGenerator - writing file /Users/cliffano/dev/workspace/swaggy-jenkins/apex/generated/force-app/main/default/classes/SwagHudsonmodelFreeStyleProjectactioTest.cls
[main] INFO io.swagger.codegen.AbstractGenerator - writing file /Users/cliffano/dev/workspace/swaggy-jenkins/apex/generated/force-app/main/default/classes/SwagHudsonmodelFreeStyleProjectactioTest.cls-meta.xml
[main] INFO io.swagger.codegen.AbstractGenerator - writing file /Users/cliffano/dev/workspace/swaggy-jenkins/apex/generated/docs/SwagHudsonmodelFreeStyleProjectactio.md
[main] INFO io.swagger.codegen.AbstractGenerator - writing file /Users/cliffano/dev/workspace/swaggy-jenkins/apex/generated/force-app/main/default/classes/SwagHudsonmodelFreeStyleProjecthealt.cls
[main] INFO io.swagger.codegen.AbstractGenerator - writing file /Users/cliffano/dev/workspace/swaggy-jenkins/apex/generated/force-app/main/default/classes/SwagHudsonmodelFreeStyleProjecthealt.cls-meta.xml
[main] INFO io.swagger.codegen.AbstractGenerator - writing file /Users/cliffano/dev/workspace/swaggy-jenkins/apex/generated/force-app/main/default/classes/SwagHudsonmodelFreeStyleProjecthealtTest.cls
[main] INFO io.swagger.codegen.AbstractGenerator - writing file /Users/cliffano/dev/workspace/swaggy-jenkins/apex/generated/force-app/main/default/classes/SwagHudsonmodelFreeStyleProjecthealtTest.cls-meta.xml
[main] INFO io.swagger.codegen.AbstractGenerator - writing file /Users/cliffano/dev/workspace/swaggy-jenkins/apex/generated/docs/SwagHudsonmodelFreeStyleProjecthealt.md
[main] INFO io.swagger.codegen.AbstractGenerator - writing file /Users/cliffano/dev/workspace/swaggy-jenkins/apex/generated/force-app/main/default/classes/SwagHudsonmodelHudson.cls
[main] INFO io.swagger.codegen.AbstractGenerator - writing file /Users/cliffano/dev/workspace/swaggy-jenkins/apex/generated/force-app/main/default/classes/SwagHudsonmodelHudson.cls-meta.xml
[main] INFO io.swagger.codegen.AbstractGenerator - writing file /Users/cliffano/dev/workspace/swaggy-jenkins/apex/generated/force-app/main/default/classes/SwagHudsonmodelHudsonTest.cls
[main] INFO io.swagger.codegen.AbstractGenerator - writing file /Users/cliffano/dev/workspace/swaggy-jenkins/apex/generated/force-app/main/default/classes/SwagHudsonmodelHudsonTest.cls-meta.xml
[main] INFO io.swagger.codegen.AbstractGenerator - writing file /Users/cliffano/dev/workspace/swaggy-jenkins/apex/generated/docs/SwagHudsonmodelHudson.md
[main] INFO io.swagger.codegen.AbstractGenerator - writing file /Users/cliffano/dev/workspace/swaggy-jenkins/apex/generated/force-app/main/default/classes/SwagHudsonmodelHudsonMasterComputer.cls
[main] INFO io.swagger.codegen.AbstractGenerator - writing file /Users/cliffano/dev/workspace/swaggy-jenkins/apex/generated/force-app/main/default/classes/SwagHudsonmodelHudsonMasterComputer.cls-meta.xml
[main] INFO io.swagger.codegen.AbstractGenerator - writing file /Users/cliffano/dev/workspace/swaggy-jenkins/apex/generated/force-app/main/default/classes/SwagHudsonmodelHudsonMasterComputerTest.cls
[main] INFO io.swagger.codegen.AbstractGenerator - writing file /Users/cliffano/dev/workspace/swaggy-jenkins/apex/generated/force-app/main/default/classes/SwagHudsonmodelHudsonMasterComputerTest.cls-meta.xml
[main] INFO io.swagger.codegen.AbstractGenerator - writing file /Users/cliffano/dev/workspace/swaggy-jenkins/apex/generated/docs/SwagHudsonmodelHudsonMasterComputer.md
[main] INFO io.swagger.codegen.AbstractGenerator - writing file /Users/cliffano/dev/workspace/swaggy-jenkins/apex/generated/force-app/main/default/classes/SwagHudsonmodelHudsonMasterComputerM.cls
[main] INFO io.swagger.codegen.AbstractGenerator - writing file /Users/cliffano/dev/workspace/swaggy-jenkins/apex/generated/force-app/main/default/classes/SwagHudsonmodelHudsonMasterComputerM.cls-meta.xml
[main] INFO io.swagger.codegen.AbstractGenerator - writing file /Users/cliffano/dev/workspace/swaggy-jenkins/apex/generated/force-app/main/default/classes/SwagHudsonmodelHudsonMasterComputerMTest.cls
[main] INFO io.swagger.codegen.AbstractGenerator - writing file /Users/cliffano/dev/workspace/swaggy-jenkins/apex/generated/force-app/main/default/classes/SwagHudsonmodelHudsonMasterComputerMTest.cls-meta.xml
[main] INFO io.swagger.codegen.AbstractGenerator - writing file /Users/cliffano/dev/workspace/swaggy-jenkins/apex/generated/docs/SwagHudsonmodelHudsonMasterComputerM.md
[main] INFO io.swagger.codegen.AbstractGenerator - writing file /Users/cliffano/dev/workspace/swaggy-jenkins/apex/generated/force-app/main/default/classes/SwagHudsonmodelHudsonMasterComputere.cls
[main] INFO io.swagger.codegen.AbstractGenerator - writing file /Users/cliffano/dev/workspace/swaggy-jenkins/apex/generated/force-app/main/default/classes/SwagHudsonmodelHudsonMasterComputere.cls-meta.xml
[main] INFO io.swagger.codegen.AbstractGenerator - writing file /Users/cliffano/dev/workspace/swaggy-jenkins/apex/generated/force-app/main/default/classes/SwagHudsonmodelHudsonMasterComputereTest.cls
[main] INFO io.swagger.codegen.AbstractGenerator - writing file /Users/cliffano/dev/workspace/swaggy-jenkins/apex/generated/force-app/main/default/classes/SwagHudsonmodelHudsonMasterComputereTest.cls-meta.xml
[main] INFO io.swagger.codegen.AbstractGenerator - writing file /Users/cliffano/dev/workspace/swaggy-jenkins/apex/generated/docs/SwagHudsonmodelHudsonMasterComputere.md
[main] INFO io.swagger.codegen.AbstractGenerator - writing file /Users/cliffano/dev/workspace/swaggy-jenkins/apex/generated/force-app/main/default/classes/SwagHudsonmodelHudsonassignedLabels.cls
[main] INFO io.swagger.codegen.AbstractGenerator - writing file /Users/cliffano/dev/workspace/swaggy-jenkins/apex/generated/force-app/main/default/classes/SwagHudsonmodelHudsonassignedLabels.cls-meta.xml
[main] INFO io.swagger.codegen.AbstractGenerator - writing file /Users/cliffano/dev/workspace/swaggy-jenkins/apex/generated/force-app/main/default/classes/SwagHudsonmodelHudsonassignedLabelsTest.cls
[main] INFO io.swagger.codegen.AbstractGenerator - writing file /Users/cliffano/dev/workspace/swaggy-jenkins/apex/generated/force-app/main/default/classes/SwagHudsonmodelHudsonassignedLabelsTest.cls-meta.xml
[main] INFO io.swagger.codegen.AbstractGenerator - writing file /Users/cliffano/dev/workspace/swaggy-jenkins/apex/generated/docs/SwagHudsonmodelHudsonassignedLabels.md
[main] INFO io.swagger.codegen.AbstractGenerator - writing file /Users/cliffano/dev/workspace/swaggy-jenkins/apex/generated/force-app/main/default/classes/SwagHudsonmodelLabel1.cls
[main] INFO io.swagger.codegen.AbstractGenerator - writing file /Users/cliffano/dev/workspace/swaggy-jenkins/apex/generated/force-app/main/default/classes/SwagHudsonmodelLabel1.cls-meta.xml
[main] INFO io.swagger.codegen.AbstractGenerator - writing file /Users/cliffano/dev/workspace/swaggy-jenkins/apex/generated/force-app/main/default/classes/SwagHudsonmodelLabel1Test.cls
[main] INFO io.swagger.codegen.AbstractGenerator - writing file /Users/cliffano/dev/workspace/swaggy-jenkins/apex/generated/force-app/main/default/classes/SwagHudsonmodelLabel1Test.cls-meta.xml
[main] INFO io.swagger.codegen.AbstractGenerator - writing file /Users/cliffano/dev/workspace/swaggy-jenkins/apex/generated/docs/SwagHudsonmodelLabel1.md
[main] INFO io.swagger.codegen.AbstractGenerator - writing file /Users/cliffano/dev/workspace/swaggy-jenkins/apex/generated/force-app/main/default/classes/SwagHudsonmodelListView.cls
[main] INFO io.swagger.codegen.AbstractGenerator - writing file /Users/cliffano/dev/workspace/swaggy-jenkins/apex/generated/force-app/main/default/classes/SwagHudsonmodelListView.cls-meta.xml
[main] INFO io.swagger.codegen.AbstractGenerator - writing file /Users/cliffano/dev/workspace/swaggy-jenkins/apex/generated/force-app/main/default/classes/SwagHudsonmodelListViewTest.cls
[main] INFO io.swagger.codegen.AbstractGenerator - writing file /Users/cliffano/dev/workspace/swaggy-jenkins/apex/generated/force-app/main/default/classes/SwagHudsonmodelListViewTest.cls-meta.xml
[main] INFO io.swagger.codegen.AbstractGenerator - writing file /Users/cliffano/dev/workspace/swaggy-jenkins/apex/generated/docs/SwagHudsonmodelListView.md
[main] INFO io.swagger.codegen.AbstractGenerator - writing file /Users/cliffano/dev/workspace/swaggy-jenkins/apex/generated/force-app/main/default/classes/SwagHudsonmodelQueue.cls
[main] INFO io.swagger.codegen.AbstractGenerator - writing file /Users/cliffano/dev/workspace/swaggy-jenkins/apex/generated/force-app/main/default/classes/SwagHudsonmodelQueue.cls-meta.xml
[main] INFO io.swagger.codegen.AbstractGenerator - writing file /Users/cliffano/dev/workspace/swaggy-jenkins/apex/generated/force-app/main/default/classes/SwagHudsonmodelQueueTest.cls
[main] INFO io.swagger.codegen.AbstractGenerator - writing file /Users/cliffano/dev/workspace/swaggy-jenkins/apex/generated/force-app/main/default/classes/SwagHudsonmodelQueueTest.cls-meta.xml
[main] INFO io.swagger.codegen.AbstractGenerator - writing file /Users/cliffano/dev/workspace/swaggy-jenkins/apex/generated/docs/SwagHudsonmodelQueue.md
[main] INFO io.swagger.codegen.AbstractGenerator - writing file /Users/cliffano/dev/workspace/swaggy-jenkins/apex/generated/force-app/main/default/classes/SwagHudsonmodelQueueBlockedItem.cls
[main] INFO io.swagger.codegen.AbstractGenerator - writing file /Users/cliffano/dev/workspace/swaggy-jenkins/apex/generated/force-app/main/default/classes/SwagHudsonmodelQueueBlockedItem.cls-meta.xml
[main] INFO io.swagger.codegen.AbstractGenerator - writing file /Users/cliffano/dev/workspace/swaggy-jenkins/apex/generated/force-app/main/default/classes/SwagHudsonmodelQueueBlockedItemTest.cls
[main] INFO io.swagger.codegen.AbstractGenerator - writing file /Users/cliffano/dev/workspace/swaggy-jenkins/apex/generated/force-app/main/default/classes/SwagHudsonmodelQueueBlockedItemTest.cls-meta.xml
[main] INFO io.swagger.codegen.AbstractGenerator - writing file /Users/cliffano/dev/workspace/swaggy-jenkins/apex/generated/docs/SwagHudsonmodelQueueBlockedItem.md
[main] INFO io.swagger.codegen.AbstractGenerator - writing file /Users/cliffano/dev/workspace/swaggy-jenkins/apex/generated/force-app/main/default/classes/SwagHudsonmodelQueueLeftItem.cls
[main] INFO io.swagger.codegen.AbstractGenerator - writing file /Users/cliffano/dev/workspace/swaggy-jenkins/apex/generated/force-app/main/default/classes/SwagHudsonmodelQueueLeftItem.cls-meta.xml
[main] INFO io.swagger.codegen.AbstractGenerator - writing file /Users/cliffano/dev/workspace/swaggy-jenkins/apex/generated/force-app/main/default/classes/SwagHudsonmodelQueueLeftItemTest.cls
[main] INFO io.swagger.codegen.AbstractGenerator - writing file /Users/cliffano/dev/workspace/swaggy-jenkins/apex/generated/force-app/main/default/classes/SwagHudsonmodelQueueLeftItemTest.cls-meta.xml
[main] INFO io.swagger.codegen.AbstractGenerator - writing file /Users/cliffano/dev/workspace/swaggy-jenkins/apex/generated/docs/SwagHudsonmodelQueueLeftItem.md
[main] INFO io.swagger.codegen.AbstractGenerator - writing file /Users/cliffano/dev/workspace/swaggy-jenkins/apex/generated/force-app/main/default/classes/SwagHudsonmodelStringParameterDefini.cls
[main] INFO io.swagger.codegen.AbstractGenerator - writing file /Users/cliffano/dev/workspace/swaggy-jenkins/apex/generated/force-app/main/default/classes/SwagHudsonmodelStringParameterDefini.cls-meta.xml
[main] INFO io.swagger.codegen.AbstractGenerator - writing file /Users/cliffano/dev/workspace/swaggy-jenkins/apex/generated/force-app/main/default/classes/SwagHudsonmodelStringParameterDefiniTest.cls
[main] INFO io.swagger.codegen.AbstractGenerator - writing file /Users/cliffano/dev/workspace/swaggy-jenkins/apex/generated/force-app/main/default/classes/SwagHudsonmodelStringParameterDefiniTest.cls-meta.xml
[main] INFO io.swagger.codegen.AbstractGenerator - writing file /Users/cliffano/dev/workspace/swaggy-jenkins/apex/generated/docs/SwagHudsonmodelStringParameterDefini.md
[main] INFO io.swagger.codegen.AbstractGenerator - writing file /Users/cliffano/dev/workspace/swaggy-jenkins/apex/generated/force-app/main/default/classes/SwagHudsonmodelStringParameterValue.cls
[main] INFO io.swagger.codegen.AbstractGenerator - writing file /Users/cliffano/dev/workspace/swaggy-jenkins/apex/generated/force-app/main/default/classes/SwagHudsonmodelStringParameterValue.cls-meta.xml
[main] INFO io.swagger.codegen.AbstractGenerator - writing file /Users/cliffano/dev/workspace/swaggy-jenkins/apex/generated/force-app/main/default/classes/SwagHudsonmodelStringParameterValueTest.cls
[main] INFO io.swagger.codegen.AbstractGenerator - writing file /Users/cliffano/dev/workspace/swaggy-jenkins/apex/generated/force-app/main/default/classes/SwagHudsonmodelStringParameterValueTest.cls-meta.xml
[main] INFO io.swagger.codegen.AbstractGenerator - writing file /Users/cliffano/dev/workspace/swaggy-jenkins/apex/generated/docs/SwagHudsonmodelStringParameterValue.md
[main] INFO io.swagger.codegen.AbstractGenerator - writing file /Users/cliffano/dev/workspace/swaggy-jenkins/apex/generated/force-app/main/default/classes/SwagHudsonnodeMonitorsDiskSpaceMonit.cls
[main] INFO io.swagger.codegen.AbstractGenerator - writing file /Users/cliffano/dev/workspace/swaggy-jenkins/apex/generated/force-app/main/default/classes/SwagHudsonnodeMonitorsDiskSpaceMonit.cls-meta.xml
[main] INFO io.swagger.codegen.AbstractGenerator - writing file /Users/cliffano/dev/workspace/swaggy-jenkins/apex/generated/force-app/main/default/classes/SwagHudsonnodeMonitorsDiskSpaceMonitTest.cls
[main] INFO io.swagger.codegen.AbstractGenerator - writing file /Users/cliffano/dev/workspace/swaggy-jenkins/apex/generated/force-app/main/default/classes/SwagHudsonnodeMonitorsDiskSpaceMonitTest.cls-meta.xml
[main] INFO io.swagger.codegen.AbstractGenerator - writing file /Users/cliffano/dev/workspace/swaggy-jenkins/apex/generated/docs/SwagHudsonnodeMonitorsDiskSpaceMonit.md
[main] INFO io.swagger.codegen.AbstractGenerator - writing file /Users/cliffano/dev/workspace/swaggy-jenkins/apex/generated/force-app/main/default/classes/SwagHudsonnodeMonitorsResponseTimeMo.cls
[main] INFO io.swagger.codegen.AbstractGenerator - writing file /Users/cliffano/dev/workspace/swaggy-jenkins/apex/generated/force-app/main/default/classes/SwagHudsonnodeMonitorsResponseTimeMo.cls-meta.xml
[main] INFO io.swagger.codegen.AbstractGenerator - writing file /Users/cliffano/dev/workspace/swaggy-jenkins/apex/generated/force-app/main/default/classes/SwagHudsonnodeMonitorsResponseTimeMoTest.cls
[main] INFO io.swagger.codegen.AbstractGenerator - writing file /Users/cliffano/dev/workspace/swaggy-jenkins/apex/generated/force-app/main/default/classes/SwagHudsonnodeMonitorsResponseTimeMoTest.cls-meta.xml
[main] INFO io.swagger.codegen.AbstractGenerator - writing file /Users/cliffano/dev/workspace/swaggy-jenkins/apex/generated/docs/SwagHudsonnodeMonitorsResponseTimeMo.md
[main] INFO io.swagger.codegen.AbstractGenerator - writing file /Users/cliffano/dev/workspace/swaggy-jenkins/apex/generated/force-app/main/default/classes/SwagHudsonnodeMonitorsSwapSpaceMonit.cls
[main] INFO io.swagger.codegen.AbstractGenerator - writing file /Users/cliffano/dev/workspace/swaggy-jenkins/apex/generated/force-app/main/default/classes/SwagHudsonnodeMonitorsSwapSpaceMonit.cls-meta.xml
[main] INFO io.swagger.codegen.AbstractGenerator - writing file /Users/cliffano/dev/workspace/swaggy-jenkins/apex/generated/force-app/main/default/classes/SwagHudsonnodeMonitorsSwapSpaceMonitTest.cls
[main] INFO io.swagger.codegen.AbstractGenerator - writing file /Users/cliffano/dev/workspace/swaggy-jenkins/apex/generated/force-app/main/default/classes/SwagHudsonnodeMonitorsSwapSpaceMonitTest.cls-meta.xml
[main] INFO io.swagger.codegen.AbstractGenerator - writing file /Users/cliffano/dev/workspace/swaggy-jenkins/apex/generated/docs/SwagHudsonnodeMonitorsSwapSpaceMonit.md
[main] INFO io.swagger.codegen.AbstractGenerator - writing file /Users/cliffano/dev/workspace/swaggy-jenkins/apex/generated/force-app/main/default/classes/SwagHudsonscmEmptyChangeLogSet.cls
[main] INFO io.swagger.codegen.AbstractGenerator - writing file /Users/cliffano/dev/workspace/swaggy-jenkins/apex/generated/force-app/main/default/classes/SwagHudsonscmEmptyChangeLogSet.cls-meta.xml
[main] INFO io.swagger.codegen.AbstractGenerator - writing file /Users/cliffano/dev/workspace/swaggy-jenkins/apex/generated/force-app/main/default/classes/SwagHudsonscmEmptyChangeLogSetTest.cls
[main] INFO io.swagger.codegen.AbstractGenerator - writing file /Users/cliffano/dev/workspace/swaggy-jenkins/apex/generated/force-app/main/default/classes/SwagHudsonscmEmptyChangeLogSetTest.cls-meta.xml
[main] INFO io.swagger.codegen.AbstractGenerator - writing file /Users/cliffano/dev/workspace/swaggy-jenkins/apex/generated/docs/SwagHudsonscmEmptyChangeLogSet.md
[main] INFO io.swagger.codegen.AbstractGenerator - writing file /Users/cliffano/dev/workspace/swaggy-jenkins/apex/generated/force-app/main/default/classes/SwagHudsonscmNullSCM.cls
[main] INFO io.swagger.codegen.AbstractGenerator - writing file /Users/cliffano/dev/workspace/swaggy-jenkins/apex/generated/force-app/main/default/classes/SwagHudsonscmNullSCM.cls-meta.xml
[main] INFO io.swagger.codegen.AbstractGenerator - writing file /Users/cliffano/dev/workspace/swaggy-jenkins/apex/generated/force-app/main/default/classes/SwagHudsonscmNullSCMTest.cls
[main] INFO io.swagger.codegen.AbstractGenerator - writing file /Users/cliffano/dev/workspace/swaggy-jenkins/apex/generated/force-app/main/default/classes/SwagHudsonscmNullSCMTest.cls-meta.xml
[main] INFO io.swagger.codegen.AbstractGenerator - writing file /Users/cliffano/dev/workspace/swaggy-jenkins/apex/generated/docs/SwagHudsonscmNullSCM.md
[main] INFO io.swagger.codegen.AbstractGenerator - writing file /Users/cliffano/dev/workspace/swaggy-jenkins/apex/generated/force-app/main/default/classes/SwagHudsonsecuritycsrfDefaultCrumbIs.cls
[main] INFO io.swagger.codegen.AbstractGenerator - writing file /Users/cliffano/dev/workspace/swaggy-jenkins/apex/generated/force-app/main/default/classes/SwagHudsonsecuritycsrfDefaultCrumbIs.cls-meta.xml
[main] INFO io.swagger.codegen.AbstractGenerator - writing file /Users/cliffano/dev/workspace/swaggy-jenkins/apex/generated/force-app/main/default/classes/SwagHudsonsecuritycsrfDefaultCrumbIsTest.cls
[main] INFO io.swagger.codegen.AbstractGenerator - writing file /Users/cliffano/dev/workspace/swaggy-jenkins/apex/generated/force-app/main/default/classes/SwagHudsonsecuritycsrfDefaultCrumbIsTest.cls-meta.xml
[main] INFO io.swagger.codegen.AbstractGenerator - writing file /Users/cliffano/dev/workspace/swaggy-jenkins/apex/generated/docs/SwagHudsonsecuritycsrfDefaultCrumbIs.md
[main] INFO io.swagger.codegen.AbstractGenerator - writing file /Users/cliffano/dev/workspace/swaggy-jenkins/apex/generated/force-app/main/default/classes/SwagHudsonutilClockDifference.cls
[main] INFO io.swagger.codegen.AbstractGenerator - writing file /Users/cliffano/dev/workspace/swaggy-jenkins/apex/generated/force-app/main/default/classes/SwagHudsonutilClockDifference.cls-meta.xml
[main] INFO io.swagger.codegen.AbstractGenerator - writing file /Users/cliffano/dev/workspace/swaggy-jenkins/apex/generated/force-app/main/default/classes/SwagHudsonutilClockDifferenceTest.cls
[main] INFO io.swagger.codegen.AbstractGenerator - writing file /Users/cliffano/dev/workspace/swaggy-jenkins/apex/generated/force-app/main/default/classes/SwagHudsonutilClockDifferenceTest.cls-meta.xml
[main] INFO io.swagger.codegen.AbstractGenerator - writing file /Users/cliffano/dev/workspace/swaggy-jenkins/apex/generated/docs/SwagHudsonutilClockDifference.md
[main] INFO io.swagger.codegen.AbstractGenerator - writing file /Users/cliffano/dev/workspace/swaggy-jenkins/apex/generated/force-app/main/default/classes/SwagIojenkinsblueoceanresthalLink.cls
[main] INFO io.swagger.codegen.AbstractGenerator - writing file /Users/cliffano/dev/workspace/swaggy-jenkins/apex/generated/force-app/main/default/classes/SwagIojenkinsblueoceanresthalLink.cls-meta.xml
[main] INFO io.swagger.codegen.AbstractGenerator - writing file /Users/cliffano/dev/workspace/swaggy-jenkins/apex/generated/force-app/main/default/classes/SwagIojenkinsblueoceanresthalLinkTest.cls
[main] INFO io.swagger.codegen.AbstractGenerator - writing file /Users/cliffano/dev/workspace/swaggy-jenkins/apex/generated/force-app/main/default/classes/SwagIojenkinsblueoceanresthalLinkTest.cls-meta.xml
[main] INFO io.swagger.codegen.AbstractGenerator - writing file /Users/cliffano/dev/workspace/swaggy-jenkins/apex/generated/docs/SwagIojenkinsblueoceanresthalLink.md
[main] INFO io.swagger.codegen.AbstractGenerator - writing file /Users/cliffano/dev/workspace/swaggy-jenkins/apex/generated/force-app/main/default/classes/SwagIojenkinsblueoceanrestimplpipeli.cls
[main] INFO io.swagger.codegen.AbstractGenerator - writing file /Users/cliffano/dev/workspace/swaggy-jenkins/apex/generated/force-app/main/default/classes/SwagIojenkinsblueoceanrestimplpipeli.cls-meta.xml
[main] INFO io.swagger.codegen.AbstractGenerator - writing file /Users/cliffano/dev/workspace/swaggy-jenkins/apex/generated/force-app/main/default/classes/SwagIojenkinsblueoceanrestimplpipeliTest.cls
[main] INFO io.swagger.codegen.AbstractGenerator - writing file /Users/cliffano/dev/workspace/swaggy-jenkins/apex/generated/force-app/main/default/classes/SwagIojenkinsblueoceanrestimplpipeliTest.cls-meta.xml
[main] INFO io.swagger.codegen.AbstractGenerator - writing file /Users/cliffano/dev/workspace/swaggy-jenkins/apex/generated/docs/SwagIojenkinsblueoceanrestimplpipeli.md
[main] INFO io.swagger.codegen.AbstractGenerator - writing file /Users/cliffano/dev/workspace/swaggy-jenkins/apex/generated/force-app/main/default/classes/SwagIojenkinsblueoceanserviceembedde.cls
[main] INFO io.swagger.codegen.AbstractGenerator - writing file /Users/cliffano/dev/workspace/swaggy-jenkins/apex/generated/force-app/main/default/classes/SwagIojenkinsblueoceanserviceembedde.cls-meta.xml
[main] INFO io.swagger.codegen.AbstractGenerator - writing file /Users/cliffano/dev/workspace/swaggy-jenkins/apex/generated/force-app/main/default/classes/SwagIojenkinsblueoceanserviceembeddeTest.cls
[main] INFO io.swagger.codegen.AbstractGenerator - writing file /Users/cliffano/dev/workspace/swaggy-jenkins/apex/generated/force-app/main/default/classes/SwagIojenkinsblueoceanserviceembeddeTest.cls-meta.xml
[main] INFO io.swagger.codegen.AbstractGenerator - writing file /Users/cliffano/dev/workspace/swaggy-jenkins/apex/generated/docs/SwagIojenkinsblueoceanserviceembedde.md
[main] INFO io.swagger.codegen.AbstractGenerator - writing file /Users/cliffano/dev/workspace/swaggy-jenkins/apex/generated/force-app/main/default/classes/SwagJenkinsmodelUnlabeledLoadStatist.cls
[main] INFO io.swagger.codegen.AbstractGenerator - writing file /Users/cliffano/dev/workspace/swaggy-jenkins/apex/generated/force-app/main/default/classes/SwagJenkinsmodelUnlabeledLoadStatist.cls-meta.xml
[main] INFO io.swagger.codegen.AbstractGenerator - writing file /Users/cliffano/dev/workspace/swaggy-jenkins/apex/generated/force-app/main/default/classes/SwagJenkinsmodelUnlabeledLoadStatistTest.cls
[main] INFO io.swagger.codegen.AbstractGenerator - writing file /Users/cliffano/dev/workspace/swaggy-jenkins/apex/generated/force-app/main/default/classes/SwagJenkinsmodelUnlabeledLoadStatistTest.cls-meta.xml
[main] INFO io.swagger.codegen.AbstractGenerator - writing file /Users/cliffano/dev/workspace/swaggy-jenkins/apex/generated/docs/SwagJenkinsmodelUnlabeledLoadStatist.md
[main] INFO io.swagger.codegen.AbstractGenerator - writing file /Users/cliffano/dev/workspace/swaggy-jenkins/apex/generated/force-app/main/default/classes/SwagSwaggyjenkinsOrganisation.cls
[main] INFO io.swagger.codegen.AbstractGenerator - writing file /Users/cliffano/dev/workspace/swaggy-jenkins/apex/generated/force-app/main/default/classes/SwagSwaggyjenkinsOrganisation.cls-meta.xml
[main] INFO io.swagger.codegen.AbstractGenerator - writing file /Users/cliffano/dev/workspace/swaggy-jenkins/apex/generated/force-app/main/default/classes/SwagSwaggyjenkinsOrganisationTest.cls
[main] INFO io.swagger.codegen.AbstractGenerator - writing file /Users/cliffano/dev/workspace/swaggy-jenkins/apex/generated/force-app/main/default/classes/SwagSwaggyjenkinsOrganisationTest.cls-meta.xml
[main] INFO io.swagger.codegen.AbstractGenerator - writing file /Users/cliffano/dev/workspace/swaggy-jenkins/apex/generated/docs/SwagSwaggyjenkinsOrganisation.md
[main] INFO io.swagger.codegen.AbstractGenerator - writing file /Users/cliffano/dev/workspace/swaggy-jenkins/apex/generated/force-app/main/default/classes/SwagSwaggyjenkinsPipeline.cls
[main] INFO io.swagger.codegen.AbstractGenerator - writing file /Users/cliffano/dev/workspace/swaggy-jenkins/apex/generated/force-app/main/default/classes/SwagSwaggyjenkinsPipeline.cls-meta.xml
[main] INFO io.swagger.codegen.AbstractGenerator - writing file /Users/cliffano/dev/workspace/swaggy-jenkins/apex/generated/force-app/main/default/classes/SwagSwaggyjenkinsPipelineTest.cls
[main] INFO io.swagger.codegen.AbstractGenerator - writing file /Users/cliffano/dev/workspace/swaggy-jenkins/apex/generated/force-app/main/default/classes/SwagSwaggyjenkinsPipelineTest.cls-meta.xml
[main] INFO io.swagger.codegen.AbstractGenerator - writing file /Users/cliffano/dev/workspace/swaggy-jenkins/apex/generated/docs/SwagSwaggyjenkinsPipeline.md
[main] INFO io.swagger.codegen.AbstractGenerator - writing file /Users/cliffano/dev/workspace/swaggy-jenkins/apex/generated/force-app/main/default/classes/SwagSwaggyjenkinsPipelineLatestRun.cls
[main] INFO io.swagger.codegen.AbstractGenerator - writing file /Users/cliffano/dev/workspace/swaggy-jenkins/apex/generated/force-app/main/default/classes/SwagSwaggyjenkinsPipelineLatestRun.cls-meta.xml
[main] INFO io.swagger.codegen.AbstractGenerator - writing file /Users/cliffano/dev/workspace/swaggy-jenkins/apex/generated/force-app/main/default/classes/SwagSwaggyjenkinsPipelineLatestRunTest.cls
[main] INFO io.swagger.codegen.AbstractGenerator - writing file /Users/cliffano/dev/workspace/swaggy-jenkins/apex/generated/force-app/main/default/classes/SwagSwaggyjenkinsPipelineLatestRunTest.cls-meta.xml
[main] INFO io.swagger.codegen.AbstractGenerator - writing file /Users/cliffano/dev/workspace/swaggy-jenkins/apex/generated/docs/SwagSwaggyjenkinsPipelineLatestRun.md
[main] INFO io.swagger.codegen.AbstractGenerator - writing file /Users/cliffano/dev/workspace/swaggy-jenkins/apex/generated/force-app/main/default/classes/SwagSwaggyjenkinsPipelineLatestRunar.cls
[main] INFO io.swagger.codegen.AbstractGenerator - writing file /Users/cliffano/dev/workspace/swaggy-jenkins/apex/generated/force-app/main/default/classes/SwagSwaggyjenkinsPipelineLatestRunar.cls-meta.xml
[main] INFO io.swagger.codegen.AbstractGenerator - writing file /Users/cliffano/dev/workspace/swaggy-jenkins/apex/generated/force-app/main/default/classes/SwagSwaggyjenkinsPipelineLatestRunarTest.cls
[main] INFO io.swagger.codegen.AbstractGenerator - writing file /Users/cliffano/dev/workspace/swaggy-jenkins/apex/generated/force-app/main/default/classes/SwagSwaggyjenkinsPipelineLatestRunarTest.cls-meta.xml
[main] INFO io.swagger.codegen.AbstractGenerator - writing file /Users/cliffano/dev/workspace/swaggy-jenkins/apex/generated/docs/SwagSwaggyjenkinsPipelineLatestRunar.md
[main] INFO io.swagger.codegen.AbstractGenerator - writing file /Users/cliffano/dev/workspace/swaggy-jenkins/apex/generated/force-app/main/default/classes/SwagSwaggyjenkinsUser.cls
[main] INFO io.swagger.codegen.AbstractGenerator - writing file /Users/cliffano/dev/workspace/swaggy-jenkins/apex/generated/force-app/main/default/classes/SwagSwaggyjenkinsUser.cls-meta.xml
[main] INFO io.swagger.codegen.AbstractGenerator - writing file /Users/cliffano/dev/workspace/swaggy-jenkins/apex/generated/force-app/main/default/classes/SwagSwaggyjenkinsUserTest.cls
[main] INFO io.swagger.codegen.AbstractGenerator - writing file /Users/cliffano/dev/workspace/swaggy-jenkins/apex/generated/force-app/main/default/classes/SwagSwaggyjenkinsUserTest.cls-meta.xml
[main] INFO io.swagger.codegen.AbstractGenerator - writing file /Users/cliffano/dev/workspace/swaggy-jenkins/apex/generated/docs/SwagSwaggyjenkinsUser.md
[main] WARN io.swagger.codegen.DefaultCodegen - search (reserved word) cannot be used as method name. Renamed to callSearch
[main] WARN io.swagger.codegen.DefaultCodegen - search (reserved word) cannot be used as method name. Renamed to callSearch
[main] WARN io.swagger.codegen.DefaultCodegen - generated unique operationId `callSearch_0`
[main] WARN io.swagger.codegen.DefaultCodegen - generated unique operationId `getPipelineFolderByOrg_0`
[main] INFO io.swagger.codegen.AbstractGenerator - writing file /Users/cliffano/dev/workspace/swaggy-jenkins/apex/generated/force-app/main/default/classes/SwagBlueOceanApi.cls-meta.xml
[main] INFO io.swagger.codegen.AbstractGenerator - writing file /Users/cliffano/dev/workspace/swaggy-jenkins/apex/generated/force-app/main/default/classes/SwagBlueOceanApi.cls
[main] INFO io.swagger.codegen.AbstractGenerator - writing file /Users/cliffano/dev/workspace/swaggy-jenkins/apex/generated/force-app/main/default/classes/SwagBlueOceanApiTest.cls-meta.xml
[main] INFO io.swagger.codegen.AbstractGenerator - writing file /Users/cliffano/dev/workspace/swaggy-jenkins/apex/generated/force-app/main/default/classes/SwagBlueOceanApiTest.cls
[main] INFO io.swagger.codegen.AbstractGenerator - writing file /Users/cliffano/dev/workspace/swaggy-jenkins/apex/generated/docs/SwagBlueOceanApi.md
[main] INFO io.swagger.codegen.AbstractGenerator - writing file /Users/cliffano/dev/workspace/swaggy-jenkins/apex/generated/force-app/main/default/classes/SwagRemoteAccessApi.cls-meta.xml
[main] INFO io.swagger.codegen.AbstractGenerator - writing file /Users/cliffano/dev/workspace/swaggy-jenkins/apex/generated/force-app/main/default/classes/SwagRemoteAccessApi.cls
[main] INFO io.swagger.codegen.AbstractGenerator - writing file /Users/cliffano/dev/workspace/swaggy-jenkins/apex/generated/force-app/main/default/classes/SwagRemoteAccessApiTest.cls-meta.xml
[main] INFO io.swagger.codegen.AbstractGenerator - writing file /Users/cliffano/dev/workspace/swaggy-jenkins/apex/generated/force-app/main/default/classes/SwagRemoteAccessApiTest.cls
[main] INFO io.swagger.codegen.AbstractGenerator - writing file /Users/cliffano/dev/workspace/swaggy-jenkins/apex/generated/docs/SwagRemoteAccessApi.md
[main] INFO io.swagger.codegen.DefaultGenerator - writing file /Users/cliffano/dev/workspace/swaggy-jenkins/apex/generated/force-app/main/default/classes/Swagger.cls
[main] INFO io.swagger.codegen.AbstractGenerator - writing file /Users/cliffano/dev/workspace/swaggy-jenkins/apex/generated/force-app/main/default/classes/Swagger.cls-meta.xml
[main] INFO io.swagger.codegen.DefaultGenerator - writing file /Users/cliffano/dev/workspace/swaggy-jenkins/apex/generated/force-app/main/default/classes/SwaggerTest.cls
[main] INFO io.swagger.codegen.AbstractGenerator - writing file /Users/cliffano/dev/workspace/swaggy-jenkins/apex/generated/force-app/main/default/classes/SwaggerTest.cls-meta.xml
[main] INFO io.swagger.codegen.DefaultGenerator - writing file /Users/cliffano/dev/workspace/swaggy-jenkins/apex/generated/force-app/main/default/classes/SwaggerResponseMock.cls
[main] INFO io.swagger.codegen.AbstractGenerator - writing file /Users/cliffano/dev/workspace/swaggy-jenkins/apex/generated/force-app/main/default/classes/SwaggerResponseMock.cls-meta.xml
[main] INFO io.swagger.codegen.AbstractGenerator - writing file /Users/cliffano/dev/workspace/swaggy-jenkins/apex/generated/force-app/main/default/classes/SwagClient.cls
[main] INFO io.swagger.codegen.AbstractGenerator - writing file /Users/cliffano/dev/workspace/swaggy-jenkins/apex/generated/force-app/main/default/classes/SwagClient.cls-meta.xml
[main] INFO io.swagger.codegen.AbstractGenerator - writing file /Users/cliffano/dev/workspace/swaggy-jenkins/apex/generated/force-app/main/default//namedCredentials/Swaggy_Jenkins.namedCredential
[main] INFO io.swagger.codegen.AbstractGenerator - writing file /Users/cliffano/dev/workspace/swaggy-jenkins/apex/generated/sfdx-oss-manifest.json
[main] INFO io.swagger.codegen.AbstractGenerator - writing file /Users/cliffano/dev/workspace/swaggy-jenkins/apex/generated/README.md
[main] INFO io.swagger.codegen.AbstractGenerator - writing file /Users/cliffano/dev/workspace/swaggy-jenkins/apex/generated/.swagger-codegen-ignore
[main] INFO io.swagger.codegen.AbstractGenerator - writing file /Users/cliffano/dev/workspace/swaggy-jenkins/apex/generated/.swagger-codegen/VERSION
