[main] ERROR io.swagger.codegen.config.CodegenConfigurator - Unable to deserialize config file: aspnetcore/conf.json
java.io.FileNotFoundException: aspnetcore/conf.json (No such file or directory)
	at java.io.FileInputStream.open0(Native Method)
	at java.io.FileInputStream.open(FileInputStream.java:195)
	at java.io.FileInputStream.<init>(FileInputStream.java:138)
	at com.fasterxml.jackson.core.JsonFactory.createParser(JsonFactory.java:756)
	at com.fasterxml.jackson.databind.ObjectMapper.readValue(ObjectMapper.java:2740)
	at io.swagger.codegen.config.CodegenConfigurator.fromFile(CodegenConfigurator.java:507)
	at io.swagger.codegen.cmd.Generate.run(Generate.java:135)
	at io.swagger.codegen.SwaggerCodegen.main(SwaggerCodegen.java:43)
[main] INFO io.swagger.parser.Swagger20Parser - reading from _spec/jenkins-api.yml
[main] WARN io.swagger.codegen.ignore.CodegenIgnoreProcessor - Output directory does not exist, or is inaccessible. No file (.swager-codegen-ignore) will be evaluated.
[main] INFO io.swagger.codegen.AbstractGenerator - writing file /Users/cliffano/dev/workspace/swaggy-jenkins/aspnetcore/generated/src/IO.Swagger/Models/GetClassesByClass.cs
[main] INFO io.swagger.codegen.AbstractGenerator - writing file /Users/cliffano/dev/workspace/swaggy-jenkins/aspnetcore/generated/src/IO.Swagger/Models/GetMultibranchPipeline.cs
[main] INFO io.swagger.codegen.AbstractGenerator - writing file /Users/cliffano/dev/workspace/swaggy-jenkins/aspnetcore/generated/src/IO.Swagger/Models/GetOrganisations.cs
[main] INFO io.swagger.codegen.AbstractGenerator - writing file /Users/cliffano/dev/workspace/swaggy-jenkins/aspnetcore/generated/src/IO.Swagger/Models/GetPipelineBranches.cs
[main] INFO io.swagger.codegen.AbstractGenerator - writing file /Users/cliffano/dev/workspace/swaggy-jenkins/aspnetcore/generated/src/IO.Swagger/Models/GetPipelineBranchesitem.cs
[main] INFO io.swagger.codegen.AbstractGenerator - writing file /Users/cliffano/dev/workspace/swaggy-jenkins/aspnetcore/generated/src/IO.Swagger/Models/GetPipelineBranchesitemLatestRun.cs
[main] INFO io.swagger.codegen.AbstractGenerator - writing file /Users/cliffano/dev/workspace/swaggy-jenkins/aspnetcore/generated/src/IO.Swagger/Models/GetPipelineBranchesitemPullRequest.cs
[main] INFO io.swagger.codegen.AbstractGenerator - writing file /Users/cliffano/dev/workspace/swaggy-jenkins/aspnetcore/generated/src/IO.Swagger/Models/GetPipelineBranchesitemPullRequestLinks.cs
[main] INFO io.swagger.codegen.AbstractGenerator - writing file /Users/cliffano/dev/workspace/swaggy-jenkins/aspnetcore/generated/src/IO.Swagger/Models/GetPipelines.cs
[main] INFO io.swagger.codegen.AbstractGenerator - writing file /Users/cliffano/dev/workspace/swaggy-jenkins/aspnetcore/generated/src/IO.Swagger/Models/GetUsers.cs
[main] INFO io.swagger.codegen.AbstractGenerator - writing file /Users/cliffano/dev/workspace/swaggy-jenkins/aspnetcore/generated/src/IO.Swagger/Models/HudsonmodelAllView.cs
[main] INFO io.swagger.codegen.AbstractGenerator - writing file /Users/cliffano/dev/workspace/swaggy-jenkins/aspnetcore/generated/src/IO.Swagger/Models/HudsonmodelCauseAction.cs
[main] INFO io.swagger.codegen.AbstractGenerator - writing file /Users/cliffano/dev/workspace/swaggy-jenkins/aspnetcore/generated/src/IO.Swagger/Models/HudsonmodelCauseUserIdCause.cs
[main] INFO io.swagger.codegen.AbstractGenerator - writing file /Users/cliffano/dev/workspace/swaggy-jenkins/aspnetcore/generated/src/IO.Swagger/Models/HudsonmodelComputerSet.cs
[main] INFO io.swagger.codegen.AbstractGenerator - writing file /Users/cliffano/dev/workspace/swaggy-jenkins/aspnetcore/generated/src/IO.Swagger/Models/HudsonmodelFreeStyleBuild.cs
[main] INFO io.swagger.codegen.AbstractGenerator - writing file /Users/cliffano/dev/workspace/swaggy-jenkins/aspnetcore/generated/src/IO.Swagger/Models/HudsonmodelFreeStyleProject.cs
[main] INFO io.swagger.codegen.AbstractGenerator - writing file /Users/cliffano/dev/workspace/swaggy-jenkins/aspnetcore/generated/src/IO.Swagger/Models/HudsonmodelFreeStyleProjectactions.cs
[main] INFO io.swagger.codegen.AbstractGenerator - writing file /Users/cliffano/dev/workspace/swaggy-jenkins/aspnetcore/generated/src/IO.Swagger/Models/HudsonmodelFreeStyleProjecthealthReport.cs
[main] INFO io.swagger.codegen.AbstractGenerator - writing file /Users/cliffano/dev/workspace/swaggy-jenkins/aspnetcore/generated/src/IO.Swagger/Models/HudsonmodelHudson.cs
[main] INFO io.swagger.codegen.AbstractGenerator - writing file /Users/cliffano/dev/workspace/swaggy-jenkins/aspnetcore/generated/src/IO.Swagger/Models/HudsonmodelHudsonMasterComputer.cs
[main] INFO io.swagger.codegen.AbstractGenerator - writing file /Users/cliffano/dev/workspace/swaggy-jenkins/aspnetcore/generated/src/IO.Swagger/Models/HudsonmodelHudsonMasterComputerMonitorData.cs
[main] INFO io.swagger.codegen.AbstractGenerator - writing file /Users/cliffano/dev/workspace/swaggy-jenkins/aspnetcore/generated/src/IO.Swagger/Models/HudsonmodelHudsonMasterComputerexecutors.cs
[main] INFO io.swagger.codegen.AbstractGenerator - writing file /Users/cliffano/dev/workspace/swaggy-jenkins/aspnetcore/generated/src/IO.Swagger/Models/HudsonmodelHudsonassignedLabels.cs
[main] INFO io.swagger.codegen.AbstractGenerator - writing file /Users/cliffano/dev/workspace/swaggy-jenkins/aspnetcore/generated/src/IO.Swagger/Models/HudsonmodelLabel1.cs
[main] INFO io.swagger.codegen.AbstractGenerator - writing file /Users/cliffano/dev/workspace/swaggy-jenkins/aspnetcore/generated/src/IO.Swagger/Models/HudsonmodelListView.cs
[main] INFO io.swagger.codegen.AbstractGenerator - writing file /Users/cliffano/dev/workspace/swaggy-jenkins/aspnetcore/generated/src/IO.Swagger/Models/HudsonmodelQueue.cs
[main] INFO io.swagger.codegen.AbstractGenerator - writing file /Users/cliffano/dev/workspace/swaggy-jenkins/aspnetcore/generated/src/IO.Swagger/Models/HudsonmodelQueueBlockedItem.cs
[main] INFO io.swagger.codegen.AbstractGenerator - writing file /Users/cliffano/dev/workspace/swaggy-jenkins/aspnetcore/generated/src/IO.Swagger/Models/HudsonmodelQueueLeftItem.cs
[main] INFO io.swagger.codegen.AbstractGenerator - writing file /Users/cliffano/dev/workspace/swaggy-jenkins/aspnetcore/generated/src/IO.Swagger/Models/HudsonmodelStringParameterDefinition.cs
[main] INFO io.swagger.codegen.AbstractGenerator - writing file /Users/cliffano/dev/workspace/swaggy-jenkins/aspnetcore/generated/src/IO.Swagger/Models/HudsonmodelStringParameterValue.cs
[main] INFO io.swagger.codegen.AbstractGenerator - writing file /Users/cliffano/dev/workspace/swaggy-jenkins/aspnetcore/generated/src/IO.Swagger/Models/HudsonnodeMonitorsDiskSpaceMonitorDescriptorDiskSpace.cs
[main] INFO io.swagger.codegen.AbstractGenerator - writing file /Users/cliffano/dev/workspace/swaggy-jenkins/aspnetcore/generated/src/IO.Swagger/Models/HudsonnodeMonitorsResponseTimeMonitorData.cs
[main] INFO io.swagger.codegen.AbstractGenerator - writing file /Users/cliffano/dev/workspace/swaggy-jenkins/aspnetcore/generated/src/IO.Swagger/Models/HudsonnodeMonitorsSwapSpaceMonitorMemoryUsage2.cs
[main] INFO io.swagger.codegen.AbstractGenerator - writing file /Users/cliffano/dev/workspace/swaggy-jenkins/aspnetcore/generated/src/IO.Swagger/Models/HudsonscmEmptyChangeLogSet.cs
[main] INFO io.swagger.codegen.AbstractGenerator - writing file /Users/cliffano/dev/workspace/swaggy-jenkins/aspnetcore/generated/src/IO.Swagger/Models/HudsonscmNullSCM.cs
[main] INFO io.swagger.codegen.AbstractGenerator - writing file /Users/cliffano/dev/workspace/swaggy-jenkins/aspnetcore/generated/src/IO.Swagger/Models/HudsonsecuritycsrfDefaultCrumbIssuer.cs
[main] INFO io.swagger.codegen.AbstractGenerator - writing file /Users/cliffano/dev/workspace/swaggy-jenkins/aspnetcore/generated/src/IO.Swagger/Models/HudsonutilClockDifference.cs
[main] INFO io.swagger.codegen.AbstractGenerator - writing file /Users/cliffano/dev/workspace/swaggy-jenkins/aspnetcore/generated/src/IO.Swagger/Models/IojenkinsblueoceanresthalLink.cs
[main] INFO io.swagger.codegen.AbstractGenerator - writing file /Users/cliffano/dev/workspace/swaggy-jenkins/aspnetcore/generated/src/IO.Swagger/Models/IojenkinsblueoceanrestimplpipelineBranchImpl.cs
[main] INFO io.swagger.codegen.AbstractGenerator - writing file /Users/cliffano/dev/workspace/swaggy-jenkins/aspnetcore/generated/src/IO.Swagger/Models/IojenkinsblueoceanrestimplpipelineBranchImplPermissions.cs
[main] INFO io.swagger.codegen.AbstractGenerator - writing file /Users/cliffano/dev/workspace/swaggy-jenkins/aspnetcore/generated/src/IO.Swagger/Models/IojenkinsblueoceanserviceembeddedrestExtensionClassContainerImpl1.cs
[main] INFO io.swagger.codegen.AbstractGenerator - writing file /Users/cliffano/dev/workspace/swaggy-jenkins/aspnetcore/generated/src/IO.Swagger/Models/IojenkinsblueoceanserviceembeddedrestExtensionClassContainerImpl1Links.cs
[main] INFO io.swagger.codegen.AbstractGenerator - writing file /Users/cliffano/dev/workspace/swaggy-jenkins/aspnetcore/generated/src/IO.Swagger/Models/IojenkinsblueoceanserviceembeddedrestExtensionClassContainerImpl1Map.cs
[main] INFO io.swagger.codegen.AbstractGenerator - writing file /Users/cliffano/dev/workspace/swaggy-jenkins/aspnetcore/generated/src/IO.Swagger/Models/IojenkinsblueoceanserviceembeddedrestExtensionClassImpl.cs
[main] INFO io.swagger.codegen.AbstractGenerator - writing file /Users/cliffano/dev/workspace/swaggy-jenkins/aspnetcore/generated/src/IO.Swagger/Models/IojenkinsblueoceanserviceembeddedrestExtensionClassImplLinks.cs
[main] INFO io.swagger.codegen.AbstractGenerator - writing file /Users/cliffano/dev/workspace/swaggy-jenkins/aspnetcore/generated/src/IO.Swagger/Models/IojenkinsblueoceanserviceembeddedrestPipelineFolderImpl.cs
[main] INFO io.swagger.codegen.AbstractGenerator - writing file /Users/cliffano/dev/workspace/swaggy-jenkins/aspnetcore/generated/src/IO.Swagger/Models/IojenkinsblueoceanserviceembeddedrestPipelineImpl.cs
[main] INFO io.swagger.codegen.AbstractGenerator - writing file /Users/cliffano/dev/workspace/swaggy-jenkins/aspnetcore/generated/src/IO.Swagger/Models/JenkinsmodelUnlabeledLoadStatistics.cs
[main] INFO io.swagger.codegen.AbstractGenerator - writing file /Users/cliffano/dev/workspace/swaggy-jenkins/aspnetcore/generated/src/IO.Swagger/Models/SwaggyjenkinsOrganisation.cs
[main] INFO io.swagger.codegen.AbstractGenerator - writing file /Users/cliffano/dev/workspace/swaggy-jenkins/aspnetcore/generated/src/IO.Swagger/Models/SwaggyjenkinsPipeline.cs
[main] INFO io.swagger.codegen.AbstractGenerator - writing file /Users/cliffano/dev/workspace/swaggy-jenkins/aspnetcore/generated/src/IO.Swagger/Models/SwaggyjenkinsPipelineLatestRun.cs
[main] INFO io.swagger.codegen.AbstractGenerator - writing file /Users/cliffano/dev/workspace/swaggy-jenkins/aspnetcore/generated/src/IO.Swagger/Models/SwaggyjenkinsPipelineLatestRunartifacts.cs
[main] INFO io.swagger.codegen.AbstractGenerator - writing file /Users/cliffano/dev/workspace/swaggy-jenkins/aspnetcore/generated/src/IO.Swagger/Models/SwaggyjenkinsUser.cs
[main] WARN io.swagger.codegen.DefaultCodegen - generated unique operationId `Search_0`
[main] WARN io.swagger.codegen.DefaultCodegen - generated unique operationId `GetPipelineFolderByOrg_0`
[main] INFO io.swagger.codegen.AbstractGenerator - writing file /Users/cliffano/dev/workspace/swaggy-jenkins/aspnetcore/generated/src/IO.Swagger/Controllers/BlueOceanApi.cs
[main] WARN io.swagger.codegen.languages.AspNetCoreServerCodegen - Normalized /computer/api/json?depth=1 to /computer/api/json/depth=1. Please verify generated source.
[main] INFO io.swagger.codegen.AbstractGenerator - writing file /Users/cliffano/dev/workspace/swaggy-jenkins/aspnetcore/generated/src/IO.Swagger/Controllers/RemoteAccessApi.cs
[main] INFO io.swagger.codegen.DefaultGenerator - writing file /Users/cliffano/dev/workspace/swaggy-jenkins/aspnetcore/generated/NuGet.Config
[main] INFO io.swagger.codegen.DefaultGenerator - writing file /Users/cliffano/dev/workspace/swaggy-jenkins/aspnetcore/generated/global.json
[main] INFO io.swagger.codegen.AbstractGenerator - writing file /Users/cliffano/dev/workspace/swaggy-jenkins/aspnetcore/generated/build.sh
[main] INFO io.swagger.codegen.AbstractGenerator - writing file /Users/cliffano/dev/workspace/swaggy-jenkins/aspnetcore/generated/build.bat
[main] INFO io.swagger.codegen.AbstractGenerator - writing file /Users/cliffano/dev/workspace/swaggy-jenkins/aspnetcore/generated/README.md
[main] INFO io.swagger.codegen.AbstractGenerator - writing file /Users/cliffano/dev/workspace/swaggy-jenkins/aspnetcore/generated/IO.Swagger.sln
[main] INFO io.swagger.codegen.AbstractGenerator - writing file /Users/cliffano/dev/workspace/swaggy-jenkins/aspnetcore/generated/src/IO.Swagger/Dockerfile
[main] INFO io.swagger.codegen.DefaultGenerator - writing file /Users/cliffano/dev/workspace/swaggy-jenkins/aspnetcore/generated/src/IO.Swagger/.gitignore
[main] INFO io.swagger.codegen.DefaultGenerator - writing file /Users/cliffano/dev/workspace/swaggy-jenkins/aspnetcore/generated/src/IO.Swagger/appsettings.json
[main] INFO io.swagger.codegen.AbstractGenerator - writing file /Users/cliffano/dev/workspace/swaggy-jenkins/aspnetcore/generated/src/IO.Swagger/project.json
[main] INFO io.swagger.codegen.AbstractGenerator - writing file /Users/cliffano/dev/workspace/swaggy-jenkins/aspnetcore/generated/src/IO.Swagger/Startup.cs
[main] INFO io.swagger.codegen.AbstractGenerator - writing file /Users/cliffano/dev/workspace/swaggy-jenkins/aspnetcore/generated/src/IO.Swagger/Program.cs
[main] INFO io.swagger.codegen.DefaultGenerator - writing file /Users/cliffano/dev/workspace/swaggy-jenkins/aspnetcore/generated/src/IO.Swagger/web.config
[main] INFO io.swagger.codegen.AbstractGenerator - writing file /Users/cliffano/dev/workspace/swaggy-jenkins/aspnetcore/generated/src/IO.Swagger/IO.Swagger.xproj
[main] INFO io.swagger.codegen.DefaultGenerator - writing file /Users/cliffano/dev/workspace/swaggy-jenkins/aspnetcore/generated/src/IO.Swagger/Properties/launchSettings.json
[main] INFO io.swagger.codegen.DefaultGenerator - writing file /Users/cliffano/dev/workspace/swaggy-jenkins/aspnetcore/generated/src/IO.Swagger/wwwroot/README.md
[main] INFO io.swagger.codegen.DefaultGenerator - writing file /Users/cliffano/dev/workspace/swaggy-jenkins/aspnetcore/generated/src/IO.Swagger/wwwroot/index.html
[main] INFO io.swagger.codegen.DefaultGenerator - writing file /Users/cliffano/dev/workspace/swaggy-jenkins/aspnetcore/generated/src/IO.Swagger/wwwroot/web.config
[main] INFO io.swagger.codegen.AbstractGenerator - writing file /Users/cliffano/dev/workspace/swaggy-jenkins/aspnetcore/generated/.swagger-codegen-ignore
[main] INFO io.swagger.codegen.AbstractGenerator - writing file /Users/cliffano/dev/workspace/swaggy-jenkins/aspnetcore/generated/.swagger-codegen/VERSION
