Fetching gem metadata from https://rubygems.org/...........
Fetching version metadata from https://rubygems.org/.
Resolving dependencies...
Using rake 12.0.0
Using json 1.8.6
Using ffi 1.9.18
Using rspec-support 3.6.0
Using diff-lcs 1.3
Using vcr 3.0.3
Using public_suffix 2.0.5
Using safe_yaml 1.0.4
Using hashdiff 0.3.4
Using ZenTest 4.11.1
Using autotest-rails-pure 4.1.2
Using autotest-growl 0.2.16
Using bundler 1.15.1
Using ethon 0.10.1
Using sys-uname 1.0.3
Using rspec-core 3.6.0
Using rspec-expectations 3.6.0
Using rspec-mocks 3.6.0
Using addressable 2.5.1
Using crack 0.4.3
Using autotest 4.4.6
Using typhoeus 1.1.2
Using autotest-fsevent 0.2.12
Using rspec 3.6.0
Using webmock 1.24.6
Using swaggy_jenkins 0.0.1 from source at `.`
Bundle complete! 9 Gemfile dependencies, 26 gems now installed.
Use `bundle info [gemname]` to see where a bundled gem is installed.
