[main] INFO io.swagger.parser.Swagger20Parser - reading from _spec/jenkins-api.yml
[main] WARN io.swagger.codegen.ignore.CodegenIgnoreProcessor - Output directory does not exist, or is inaccessible. No file (.swager-codegen-ignore) will be evaluated.
[main] INFO io.swagger.codegen.AbstractGenerator - writing file /Users/cliffano/dev/workspace/swaggy-jenkins/ruby/generated/lib/swaggy_jenkins/models/get_classes_by_class.rb
[main] INFO io.swagger.codegen.AbstractGenerator - writing file /Users/cliffano/dev/workspace/swaggy-jenkins/ruby/generated/spec/models/get_classes_by_class_spec.rb
[main] INFO io.swagger.codegen.AbstractGenerator - writing file /Users/cliffano/dev/workspace/swaggy-jenkins/ruby/generated/docs/GetClassesByClass.md
[main] INFO io.swagger.codegen.AbstractGenerator - writing file /Users/cliffano/dev/workspace/swaggy-jenkins/ruby/generated/lib/swaggy_jenkins/models/get_multibranch_pipeline.rb
[main] INFO io.swagger.codegen.AbstractGenerator - writing file /Users/cliffano/dev/workspace/swaggy-jenkins/ruby/generated/spec/models/get_multibranch_pipeline_spec.rb
[main] INFO io.swagger.codegen.AbstractGenerator - writing file /Users/cliffano/dev/workspace/swaggy-jenkins/ruby/generated/docs/GetMultibranchPipeline.md
[main] INFO io.swagger.codegen.AbstractGenerator - writing file /Users/cliffano/dev/workspace/swaggy-jenkins/ruby/generated/lib/swaggy_jenkins/models/get_organisations.rb
[main] INFO io.swagger.codegen.AbstractGenerator - writing file /Users/cliffano/dev/workspace/swaggy-jenkins/ruby/generated/spec/models/get_organisations_spec.rb
[main] INFO io.swagger.codegen.AbstractGenerator - writing file /Users/cliffano/dev/workspace/swaggy-jenkins/ruby/generated/docs/GetOrganisations.md
[main] INFO io.swagger.codegen.AbstractGenerator - writing file /Users/cliffano/dev/workspace/swaggy-jenkins/ruby/generated/lib/swaggy_jenkins/models/get_pipeline_branches.rb
[main] INFO io.swagger.codegen.AbstractGenerator - writing file /Users/cliffano/dev/workspace/swaggy-jenkins/ruby/generated/spec/models/get_pipeline_branches_spec.rb
[main] INFO io.swagger.codegen.AbstractGenerator - writing file /Users/cliffano/dev/workspace/swaggy-jenkins/ruby/generated/docs/GetPipelineBranches.md
[main] INFO io.swagger.codegen.AbstractGenerator - writing file /Users/cliffano/dev/workspace/swaggy-jenkins/ruby/generated/lib/swaggy_jenkins/models/get_pipeline_branchesitem.rb
[main] INFO io.swagger.codegen.AbstractGenerator - writing file /Users/cliffano/dev/workspace/swaggy-jenkins/ruby/generated/spec/models/get_pipeline_branchesitem_spec.rb
[main] INFO io.swagger.codegen.AbstractGenerator - writing file /Users/cliffano/dev/workspace/swaggy-jenkins/ruby/generated/docs/GetPipelineBranchesitem.md
[main] INFO io.swagger.codegen.AbstractGenerator - writing file /Users/cliffano/dev/workspace/swaggy-jenkins/ruby/generated/lib/swaggy_jenkins/models/get_pipeline_branchesitem_latest_run.rb
[main] INFO io.swagger.codegen.AbstractGenerator - writing file /Users/cliffano/dev/workspace/swaggy-jenkins/ruby/generated/spec/models/get_pipeline_branchesitem_latest_run_spec.rb
[main] INFO io.swagger.codegen.AbstractGenerator - writing file /Users/cliffano/dev/workspace/swaggy-jenkins/ruby/generated/docs/GetPipelineBranchesitemLatestRun.md
[main] INFO io.swagger.codegen.AbstractGenerator - writing file /Users/cliffano/dev/workspace/swaggy-jenkins/ruby/generated/lib/swaggy_jenkins/models/get_pipeline_branchesitem_pull_request.rb
[main] INFO io.swagger.codegen.AbstractGenerator - writing file /Users/cliffano/dev/workspace/swaggy-jenkins/ruby/generated/spec/models/get_pipeline_branchesitem_pull_request_spec.rb
[main] INFO io.swagger.codegen.AbstractGenerator - writing file /Users/cliffano/dev/workspace/swaggy-jenkins/ruby/generated/docs/GetPipelineBranchesitemPullRequest.md
[main] INFO io.swagger.codegen.AbstractGenerator - writing file /Users/cliffano/dev/workspace/swaggy-jenkins/ruby/generated/lib/swaggy_jenkins/models/get_pipeline_branchesitem_pull_request__links.rb
[main] INFO io.swagger.codegen.AbstractGenerator - writing file /Users/cliffano/dev/workspace/swaggy-jenkins/ruby/generated/spec/models/get_pipeline_branchesitem_pull_request__links_spec.rb
[main] INFO io.swagger.codegen.AbstractGenerator - writing file /Users/cliffano/dev/workspace/swaggy-jenkins/ruby/generated/docs/GetPipelineBranchesitemPullRequestLinks.md
[main] INFO io.swagger.codegen.AbstractGenerator - writing file /Users/cliffano/dev/workspace/swaggy-jenkins/ruby/generated/lib/swaggy_jenkins/models/get_pipelines.rb
[main] INFO io.swagger.codegen.AbstractGenerator - writing file /Users/cliffano/dev/workspace/swaggy-jenkins/ruby/generated/spec/models/get_pipelines_spec.rb
[main] INFO io.swagger.codegen.AbstractGenerator - writing file /Users/cliffano/dev/workspace/swaggy-jenkins/ruby/generated/docs/GetPipelines.md
[main] INFO io.swagger.codegen.AbstractGenerator - writing file /Users/cliffano/dev/workspace/swaggy-jenkins/ruby/generated/lib/swaggy_jenkins/models/get_users.rb
[main] INFO io.swagger.codegen.AbstractGenerator - writing file /Users/cliffano/dev/workspace/swaggy-jenkins/ruby/generated/spec/models/get_users_spec.rb
[main] INFO io.swagger.codegen.AbstractGenerator - writing file /Users/cliffano/dev/workspace/swaggy-jenkins/ruby/generated/docs/GetUsers.md
[main] INFO io.swagger.codegen.AbstractGenerator - writing file /Users/cliffano/dev/workspace/swaggy-jenkins/ruby/generated/lib/swaggy_jenkins/models/hudsonmodel_all_view.rb
[main] INFO io.swagger.codegen.AbstractGenerator - writing file /Users/cliffano/dev/workspace/swaggy-jenkins/ruby/generated/spec/models/hudsonmodel_all_view_spec.rb
[main] INFO io.swagger.codegen.AbstractGenerator - writing file /Users/cliffano/dev/workspace/swaggy-jenkins/ruby/generated/docs/HudsonmodelAllView.md
[main] INFO io.swagger.codegen.AbstractGenerator - writing file /Users/cliffano/dev/workspace/swaggy-jenkins/ruby/generated/lib/swaggy_jenkins/models/hudsonmodel_cause_action.rb
[main] INFO io.swagger.codegen.AbstractGenerator - writing file /Users/cliffano/dev/workspace/swaggy-jenkins/ruby/generated/spec/models/hudsonmodel_cause_action_spec.rb
[main] INFO io.swagger.codegen.AbstractGenerator - writing file /Users/cliffano/dev/workspace/swaggy-jenkins/ruby/generated/docs/HudsonmodelCauseAction.md
[main] INFO io.swagger.codegen.AbstractGenerator - writing file /Users/cliffano/dev/workspace/swaggy-jenkins/ruby/generated/lib/swaggy_jenkins/models/hudsonmodel_cause_user_id_cause.rb
[main] INFO io.swagger.codegen.AbstractGenerator - writing file /Users/cliffano/dev/workspace/swaggy-jenkins/ruby/generated/spec/models/hudsonmodel_cause_user_id_cause_spec.rb
[main] INFO io.swagger.codegen.AbstractGenerator - writing file /Users/cliffano/dev/workspace/swaggy-jenkins/ruby/generated/docs/HudsonmodelCauseUserIdCause.md
[main] INFO io.swagger.codegen.AbstractGenerator - writing file /Users/cliffano/dev/workspace/swaggy-jenkins/ruby/generated/lib/swaggy_jenkins/models/hudsonmodel_computer_set.rb
[main] INFO io.swagger.codegen.AbstractGenerator - writing file /Users/cliffano/dev/workspace/swaggy-jenkins/ruby/generated/spec/models/hudsonmodel_computer_set_spec.rb
[main] INFO io.swagger.codegen.AbstractGenerator - writing file /Users/cliffano/dev/workspace/swaggy-jenkins/ruby/generated/docs/HudsonmodelComputerSet.md
[main] INFO io.swagger.codegen.AbstractGenerator - writing file /Users/cliffano/dev/workspace/swaggy-jenkins/ruby/generated/lib/swaggy_jenkins/models/hudsonmodel_free_style_build.rb
[main] INFO io.swagger.codegen.AbstractGenerator - writing file /Users/cliffano/dev/workspace/swaggy-jenkins/ruby/generated/spec/models/hudsonmodel_free_style_build_spec.rb
[main] INFO io.swagger.codegen.AbstractGenerator - writing file /Users/cliffano/dev/workspace/swaggy-jenkins/ruby/generated/docs/HudsonmodelFreeStyleBuild.md
[main] INFO io.swagger.codegen.AbstractGenerator - writing file /Users/cliffano/dev/workspace/swaggy-jenkins/ruby/generated/lib/swaggy_jenkins/models/hudsonmodel_free_style_project.rb
[main] INFO io.swagger.codegen.AbstractGenerator - writing file /Users/cliffano/dev/workspace/swaggy-jenkins/ruby/generated/spec/models/hudsonmodel_free_style_project_spec.rb
[main] INFO io.swagger.codegen.AbstractGenerator - writing file /Users/cliffano/dev/workspace/swaggy-jenkins/ruby/generated/docs/HudsonmodelFreeStyleProject.md
[main] INFO io.swagger.codegen.AbstractGenerator - writing file /Users/cliffano/dev/workspace/swaggy-jenkins/ruby/generated/lib/swaggy_jenkins/models/hudsonmodel_free_style_projectactions.rb
[main] INFO io.swagger.codegen.AbstractGenerator - writing file /Users/cliffano/dev/workspace/swaggy-jenkins/ruby/generated/spec/models/hudsonmodel_free_style_projectactions_spec.rb
[main] INFO io.swagger.codegen.AbstractGenerator - writing file /Users/cliffano/dev/workspace/swaggy-jenkins/ruby/generated/docs/HudsonmodelFreeStyleProjectactions.md
[main] INFO io.swagger.codegen.AbstractGenerator - writing file /Users/cliffano/dev/workspace/swaggy-jenkins/ruby/generated/lib/swaggy_jenkins/models/hudsonmodel_free_style_projecthealth_report.rb
[main] INFO io.swagger.codegen.AbstractGenerator - writing file /Users/cliffano/dev/workspace/swaggy-jenkins/ruby/generated/spec/models/hudsonmodel_free_style_projecthealth_report_spec.rb
[main] INFO io.swagger.codegen.AbstractGenerator - writing file /Users/cliffano/dev/workspace/swaggy-jenkins/ruby/generated/docs/HudsonmodelFreeStyleProjecthealthReport.md
[main] INFO io.swagger.codegen.AbstractGenerator - writing file /Users/cliffano/dev/workspace/swaggy-jenkins/ruby/generated/lib/swaggy_jenkins/models/hudsonmodel_hudson.rb
[main] INFO io.swagger.codegen.AbstractGenerator - writing file /Users/cliffano/dev/workspace/swaggy-jenkins/ruby/generated/spec/models/hudsonmodel_hudson_spec.rb
[main] INFO io.swagger.codegen.AbstractGenerator - writing file /Users/cliffano/dev/workspace/swaggy-jenkins/ruby/generated/docs/HudsonmodelHudson.md
[main] INFO io.swagger.codegen.AbstractGenerator - writing file /Users/cliffano/dev/workspace/swaggy-jenkins/ruby/generated/lib/swaggy_jenkins/models/hudsonmodel_hudson_master_computer.rb
[main] INFO io.swagger.codegen.AbstractGenerator - writing file /Users/cliffano/dev/workspace/swaggy-jenkins/ruby/generated/spec/models/hudsonmodel_hudson_master_computer_spec.rb
[main] INFO io.swagger.codegen.AbstractGenerator - writing file /Users/cliffano/dev/workspace/swaggy-jenkins/ruby/generated/docs/HudsonmodelHudsonMasterComputer.md
[main] INFO io.swagger.codegen.AbstractGenerator - writing file /Users/cliffano/dev/workspace/swaggy-jenkins/ruby/generated/lib/swaggy_jenkins/models/hudsonmodel_hudson_master_computer_monitor_data.rb
[main] INFO io.swagger.codegen.AbstractGenerator - writing file /Users/cliffano/dev/workspace/swaggy-jenkins/ruby/generated/spec/models/hudsonmodel_hudson_master_computer_monitor_data_spec.rb
[main] INFO io.swagger.codegen.AbstractGenerator - writing file /Users/cliffano/dev/workspace/swaggy-jenkins/ruby/generated/docs/HudsonmodelHudsonMasterComputerMonitorData.md
[main] INFO io.swagger.codegen.AbstractGenerator - writing file /Users/cliffano/dev/workspace/swaggy-jenkins/ruby/generated/lib/swaggy_jenkins/models/hudsonmodel_hudson_master_computerexecutors.rb
[main] INFO io.swagger.codegen.AbstractGenerator - writing file /Users/cliffano/dev/workspace/swaggy-jenkins/ruby/generated/spec/models/hudsonmodel_hudson_master_computerexecutors_spec.rb
[main] INFO io.swagger.codegen.AbstractGenerator - writing file /Users/cliffano/dev/workspace/swaggy-jenkins/ruby/generated/docs/HudsonmodelHudsonMasterComputerexecutors.md
[main] INFO io.swagger.codegen.AbstractGenerator - writing file /Users/cliffano/dev/workspace/swaggy-jenkins/ruby/generated/lib/swaggy_jenkins/models/hudsonmodel_hudsonassigned_labels.rb
[main] INFO io.swagger.codegen.AbstractGenerator - writing file /Users/cliffano/dev/workspace/swaggy-jenkins/ruby/generated/spec/models/hudsonmodel_hudsonassigned_labels_spec.rb
[main] INFO io.swagger.codegen.AbstractGenerator - writing file /Users/cliffano/dev/workspace/swaggy-jenkins/ruby/generated/docs/HudsonmodelHudsonassignedLabels.md
[main] INFO io.swagger.codegen.AbstractGenerator - writing file /Users/cliffano/dev/workspace/swaggy-jenkins/ruby/generated/lib/swaggy_jenkins/models/hudsonmodel_label1.rb
[main] INFO io.swagger.codegen.AbstractGenerator - writing file /Users/cliffano/dev/workspace/swaggy-jenkins/ruby/generated/spec/models/hudsonmodel_label1_spec.rb
[main] INFO io.swagger.codegen.AbstractGenerator - writing file /Users/cliffano/dev/workspace/swaggy-jenkins/ruby/generated/docs/HudsonmodelLabel1.md
[main] INFO io.swagger.codegen.AbstractGenerator - writing file /Users/cliffano/dev/workspace/swaggy-jenkins/ruby/generated/lib/swaggy_jenkins/models/hudsonmodel_list_view.rb
[main] INFO io.swagger.codegen.AbstractGenerator - writing file /Users/cliffano/dev/workspace/swaggy-jenkins/ruby/generated/spec/models/hudsonmodel_list_view_spec.rb
[main] INFO io.swagger.codegen.AbstractGenerator - writing file /Users/cliffano/dev/workspace/swaggy-jenkins/ruby/generated/docs/HudsonmodelListView.md
[main] INFO io.swagger.codegen.AbstractGenerator - writing file /Users/cliffano/dev/workspace/swaggy-jenkins/ruby/generated/lib/swaggy_jenkins/models/hudsonmodel_queue.rb
[main] INFO io.swagger.codegen.AbstractGenerator - writing file /Users/cliffano/dev/workspace/swaggy-jenkins/ruby/generated/spec/models/hudsonmodel_queue_spec.rb
[main] INFO io.swagger.codegen.AbstractGenerator - writing file /Users/cliffano/dev/workspace/swaggy-jenkins/ruby/generated/docs/HudsonmodelQueue.md
[main] INFO io.swagger.codegen.AbstractGenerator - writing file /Users/cliffano/dev/workspace/swaggy-jenkins/ruby/generated/lib/swaggy_jenkins/models/hudsonmodel_queue_blocked_item.rb
[main] INFO io.swagger.codegen.AbstractGenerator - writing file /Users/cliffano/dev/workspace/swaggy-jenkins/ruby/generated/spec/models/hudsonmodel_queue_blocked_item_spec.rb
[main] INFO io.swagger.codegen.AbstractGenerator - writing file /Users/cliffano/dev/workspace/swaggy-jenkins/ruby/generated/docs/HudsonmodelQueueBlockedItem.md
[main] INFO io.swagger.codegen.AbstractGenerator - writing file /Users/cliffano/dev/workspace/swaggy-jenkins/ruby/generated/lib/swaggy_jenkins/models/hudsonmodel_queue_left_item.rb
[main] INFO io.swagger.codegen.AbstractGenerator - writing file /Users/cliffano/dev/workspace/swaggy-jenkins/ruby/generated/spec/models/hudsonmodel_queue_left_item_spec.rb
[main] INFO io.swagger.codegen.AbstractGenerator - writing file /Users/cliffano/dev/workspace/swaggy-jenkins/ruby/generated/docs/HudsonmodelQueueLeftItem.md
[main] INFO io.swagger.codegen.AbstractGenerator - writing file /Users/cliffano/dev/workspace/swaggy-jenkins/ruby/generated/lib/swaggy_jenkins/models/hudsonmodel_string_parameter_definition.rb
[main] INFO io.swagger.codegen.AbstractGenerator - writing file /Users/cliffano/dev/workspace/swaggy-jenkins/ruby/generated/spec/models/hudsonmodel_string_parameter_definition_spec.rb
[main] INFO io.swagger.codegen.AbstractGenerator - writing file /Users/cliffano/dev/workspace/swaggy-jenkins/ruby/generated/docs/HudsonmodelStringParameterDefinition.md
[main] INFO io.swagger.codegen.AbstractGenerator - writing file /Users/cliffano/dev/workspace/swaggy-jenkins/ruby/generated/lib/swaggy_jenkins/models/hudsonmodel_string_parameter_value.rb
[main] INFO io.swagger.codegen.AbstractGenerator - writing file /Users/cliffano/dev/workspace/swaggy-jenkins/ruby/generated/spec/models/hudsonmodel_string_parameter_value_spec.rb
[main] INFO io.swagger.codegen.AbstractGenerator - writing file /Users/cliffano/dev/workspace/swaggy-jenkins/ruby/generated/docs/HudsonmodelStringParameterValue.md
[main] INFO io.swagger.codegen.AbstractGenerator - writing file /Users/cliffano/dev/workspace/swaggy-jenkins/ruby/generated/lib/swaggy_jenkins/models/hudsonnode_monitors_disk_space_monitor_descriptor_disk_space.rb
[main] INFO io.swagger.codegen.AbstractGenerator - writing file /Users/cliffano/dev/workspace/swaggy-jenkins/ruby/generated/spec/models/hudsonnode_monitors_disk_space_monitor_descriptor_disk_space_spec.rb
[main] INFO io.swagger.codegen.AbstractGenerator - writing file /Users/cliffano/dev/workspace/swaggy-jenkins/ruby/generated/docs/HudsonnodeMonitorsDiskSpaceMonitorDescriptorDiskSpace.md
[main] INFO io.swagger.codegen.AbstractGenerator - writing file /Users/cliffano/dev/workspace/swaggy-jenkins/ruby/generated/lib/swaggy_jenkins/models/hudsonnode_monitors_response_time_monitor_data.rb
[main] INFO io.swagger.codegen.AbstractGenerator - writing file /Users/cliffano/dev/workspace/swaggy-jenkins/ruby/generated/spec/models/hudsonnode_monitors_response_time_monitor_data_spec.rb
[main] INFO io.swagger.codegen.AbstractGenerator - writing file /Users/cliffano/dev/workspace/swaggy-jenkins/ruby/generated/docs/HudsonnodeMonitorsResponseTimeMonitorData.md
[main] INFO io.swagger.codegen.AbstractGenerator - writing file /Users/cliffano/dev/workspace/swaggy-jenkins/ruby/generated/lib/swaggy_jenkins/models/hudsonnode_monitors_swap_space_monitor_memory_usage2.rb
[main] INFO io.swagger.codegen.AbstractGenerator - writing file /Users/cliffano/dev/workspace/swaggy-jenkins/ruby/generated/spec/models/hudsonnode_monitors_swap_space_monitor_memory_usage2_spec.rb
[main] INFO io.swagger.codegen.AbstractGenerator - writing file /Users/cliffano/dev/workspace/swaggy-jenkins/ruby/generated/docs/HudsonnodeMonitorsSwapSpaceMonitorMemoryUsage2.md
[main] INFO io.swagger.codegen.AbstractGenerator - writing file /Users/cliffano/dev/workspace/swaggy-jenkins/ruby/generated/lib/swaggy_jenkins/models/hudsonscm_empty_change_log_set.rb
[main] INFO io.swagger.codegen.AbstractGenerator - writing file /Users/cliffano/dev/workspace/swaggy-jenkins/ruby/generated/spec/models/hudsonscm_empty_change_log_set_spec.rb
[main] INFO io.swagger.codegen.AbstractGenerator - writing file /Users/cliffano/dev/workspace/swaggy-jenkins/ruby/generated/docs/HudsonscmEmptyChangeLogSet.md
[main] INFO io.swagger.codegen.AbstractGenerator - writing file /Users/cliffano/dev/workspace/swaggy-jenkins/ruby/generated/lib/swaggy_jenkins/models/hudsonscm_null_scm.rb
[main] INFO io.swagger.codegen.AbstractGenerator - writing file /Users/cliffano/dev/workspace/swaggy-jenkins/ruby/generated/spec/models/hudsonscm_null_scm_spec.rb
[main] INFO io.swagger.codegen.AbstractGenerator - writing file /Users/cliffano/dev/workspace/swaggy-jenkins/ruby/generated/docs/HudsonscmNullSCM.md
[main] INFO io.swagger.codegen.AbstractGenerator - writing file /Users/cliffano/dev/workspace/swaggy-jenkins/ruby/generated/lib/swaggy_jenkins/models/hudsonsecuritycsrf_default_crumb_issuer.rb
[main] INFO io.swagger.codegen.AbstractGenerator - writing file /Users/cliffano/dev/workspace/swaggy-jenkins/ruby/generated/spec/models/hudsonsecuritycsrf_default_crumb_issuer_spec.rb
[main] INFO io.swagger.codegen.AbstractGenerator - writing file /Users/cliffano/dev/workspace/swaggy-jenkins/ruby/generated/docs/HudsonsecuritycsrfDefaultCrumbIssuer.md
[main] INFO io.swagger.codegen.AbstractGenerator - writing file /Users/cliffano/dev/workspace/swaggy-jenkins/ruby/generated/lib/swaggy_jenkins/models/hudsonutil_clock_difference.rb
[main] INFO io.swagger.codegen.AbstractGenerator - writing file /Users/cliffano/dev/workspace/swaggy-jenkins/ruby/generated/spec/models/hudsonutil_clock_difference_spec.rb
[main] INFO io.swagger.codegen.AbstractGenerator - writing file /Users/cliffano/dev/workspace/swaggy-jenkins/ruby/generated/docs/HudsonutilClockDifference.md
[main] INFO io.swagger.codegen.AbstractGenerator - writing file /Users/cliffano/dev/workspace/swaggy-jenkins/ruby/generated/lib/swaggy_jenkins/models/iojenkinsblueoceanresthal_link.rb
[main] INFO io.swagger.codegen.AbstractGenerator - writing file /Users/cliffano/dev/workspace/swaggy-jenkins/ruby/generated/spec/models/iojenkinsblueoceanresthal_link_spec.rb
[main] INFO io.swagger.codegen.AbstractGenerator - writing file /Users/cliffano/dev/workspace/swaggy-jenkins/ruby/generated/docs/IojenkinsblueoceanresthalLink.md
[main] INFO io.swagger.codegen.AbstractGenerator - writing file /Users/cliffano/dev/workspace/swaggy-jenkins/ruby/generated/lib/swaggy_jenkins/models/iojenkinsblueoceanrestimplpipeline_branch_impl.rb
[main] INFO io.swagger.codegen.AbstractGenerator - writing file /Users/cliffano/dev/workspace/swaggy-jenkins/ruby/generated/spec/models/iojenkinsblueoceanrestimplpipeline_branch_impl_spec.rb
[main] INFO io.swagger.codegen.AbstractGenerator - writing file /Users/cliffano/dev/workspace/swaggy-jenkins/ruby/generated/docs/IojenkinsblueoceanrestimplpipelineBranchImpl.md
[main] INFO io.swagger.codegen.AbstractGenerator - writing file /Users/cliffano/dev/workspace/swaggy-jenkins/ruby/generated/lib/swaggy_jenkins/models/iojenkinsblueoceanrestimplpipeline_branch_impl_permissions.rb
[main] INFO io.swagger.codegen.AbstractGenerator - writing file /Users/cliffano/dev/workspace/swaggy-jenkins/ruby/generated/spec/models/iojenkinsblueoceanrestimplpipeline_branch_impl_permissions_spec.rb
[main] INFO io.swagger.codegen.AbstractGenerator - writing file /Users/cliffano/dev/workspace/swaggy-jenkins/ruby/generated/docs/IojenkinsblueoceanrestimplpipelineBranchImplPermissions.md
[main] INFO io.swagger.codegen.AbstractGenerator - writing file /Users/cliffano/dev/workspace/swaggy-jenkins/ruby/generated/lib/swaggy_jenkins/models/iojenkinsblueoceanserviceembeddedrest_extension_class_container_impl1.rb
[main] INFO io.swagger.codegen.AbstractGenerator - writing file /Users/cliffano/dev/workspace/swaggy-jenkins/ruby/generated/spec/models/iojenkinsblueoceanserviceembeddedrest_extension_class_container_impl1_spec.rb
[main] INFO io.swagger.codegen.AbstractGenerator - writing file /Users/cliffano/dev/workspace/swaggy-jenkins/ruby/generated/docs/IojenkinsblueoceanserviceembeddedrestExtensionClassContainerImpl1.md
[main] INFO io.swagger.codegen.AbstractGenerator - writing file /Users/cliffano/dev/workspace/swaggy-jenkins/ruby/generated/lib/swaggy_jenkins/models/iojenkinsblueoceanserviceembeddedrest_extension_class_container_impl1__links.rb
[main] INFO io.swagger.codegen.AbstractGenerator - writing file /Users/cliffano/dev/workspace/swaggy-jenkins/ruby/generated/spec/models/iojenkinsblueoceanserviceembeddedrest_extension_class_container_impl1__links_spec.rb
[main] INFO io.swagger.codegen.AbstractGenerator - writing file /Users/cliffano/dev/workspace/swaggy-jenkins/ruby/generated/docs/IojenkinsblueoceanserviceembeddedrestExtensionClassContainerImpl1Links.md
[main] INFO io.swagger.codegen.AbstractGenerator - writing file /Users/cliffano/dev/workspace/swaggy-jenkins/ruby/generated/lib/swaggy_jenkins/models/iojenkinsblueoceanserviceembeddedrest_extension_class_container_impl1_map.rb
[main] INFO io.swagger.codegen.AbstractGenerator - writing file /Users/cliffano/dev/workspace/swaggy-jenkins/ruby/generated/spec/models/iojenkinsblueoceanserviceembeddedrest_extension_class_container_impl1_map_spec.rb
[main] INFO io.swagger.codegen.AbstractGenerator - writing file /Users/cliffano/dev/workspace/swaggy-jenkins/ruby/generated/docs/IojenkinsblueoceanserviceembeddedrestExtensionClassContainerImpl1Map.md
[main] INFO io.swagger.codegen.AbstractGenerator - writing file /Users/cliffano/dev/workspace/swaggy-jenkins/ruby/generated/lib/swaggy_jenkins/models/iojenkinsblueoceanserviceembeddedrest_extension_class_impl.rb
[main] INFO io.swagger.codegen.AbstractGenerator - writing file /Users/cliffano/dev/workspace/swaggy-jenkins/ruby/generated/spec/models/iojenkinsblueoceanserviceembeddedrest_extension_class_impl_spec.rb
[main] INFO io.swagger.codegen.AbstractGenerator - writing file /Users/cliffano/dev/workspace/swaggy-jenkins/ruby/generated/docs/IojenkinsblueoceanserviceembeddedrestExtensionClassImpl.md
[main] INFO io.swagger.codegen.AbstractGenerator - writing file /Users/cliffano/dev/workspace/swaggy-jenkins/ruby/generated/lib/swaggy_jenkins/models/iojenkinsblueoceanserviceembeddedrest_extension_class_impl__links.rb
[main] INFO io.swagger.codegen.AbstractGenerator - writing file /Users/cliffano/dev/workspace/swaggy-jenkins/ruby/generated/spec/models/iojenkinsblueoceanserviceembeddedrest_extension_class_impl__links_spec.rb
[main] INFO io.swagger.codegen.AbstractGenerator - writing file /Users/cliffano/dev/workspace/swaggy-jenkins/ruby/generated/docs/IojenkinsblueoceanserviceembeddedrestExtensionClassImplLinks.md
[main] INFO io.swagger.codegen.AbstractGenerator - writing file /Users/cliffano/dev/workspace/swaggy-jenkins/ruby/generated/lib/swaggy_jenkins/models/iojenkinsblueoceanserviceembeddedrest_pipeline_folder_impl.rb
[main] INFO io.swagger.codegen.AbstractGenerator - writing file /Users/cliffano/dev/workspace/swaggy-jenkins/ruby/generated/spec/models/iojenkinsblueoceanserviceembeddedrest_pipeline_folder_impl_spec.rb
[main] INFO io.swagger.codegen.AbstractGenerator - writing file /Users/cliffano/dev/workspace/swaggy-jenkins/ruby/generated/docs/IojenkinsblueoceanserviceembeddedrestPipelineFolderImpl.md
[main] INFO io.swagger.codegen.AbstractGenerator - writing file /Users/cliffano/dev/workspace/swaggy-jenkins/ruby/generated/lib/swaggy_jenkins/models/iojenkinsblueoceanserviceembeddedrest_pipeline_impl.rb
[main] INFO io.swagger.codegen.AbstractGenerator - writing file /Users/cliffano/dev/workspace/swaggy-jenkins/ruby/generated/spec/models/iojenkinsblueoceanserviceembeddedrest_pipeline_impl_spec.rb
[main] INFO io.swagger.codegen.AbstractGenerator - writing file /Users/cliffano/dev/workspace/swaggy-jenkins/ruby/generated/docs/IojenkinsblueoceanserviceembeddedrestPipelineImpl.md
[main] INFO io.swagger.codegen.AbstractGenerator - writing file /Users/cliffano/dev/workspace/swaggy-jenkins/ruby/generated/lib/swaggy_jenkins/models/jenkinsmodel_unlabeled_load_statistics.rb
[main] INFO io.swagger.codegen.AbstractGenerator - writing file /Users/cliffano/dev/workspace/swaggy-jenkins/ruby/generated/spec/models/jenkinsmodel_unlabeled_load_statistics_spec.rb
[main] INFO io.swagger.codegen.AbstractGenerator - writing file /Users/cliffano/dev/workspace/swaggy-jenkins/ruby/generated/docs/JenkinsmodelUnlabeledLoadStatistics.md
[main] INFO io.swagger.codegen.AbstractGenerator - writing file /Users/cliffano/dev/workspace/swaggy-jenkins/ruby/generated/lib/swaggy_jenkins/models/swaggyjenkins_organisation.rb
[main] INFO io.swagger.codegen.AbstractGenerator - writing file /Users/cliffano/dev/workspace/swaggy-jenkins/ruby/generated/spec/models/swaggyjenkins_organisation_spec.rb
[main] INFO io.swagger.codegen.AbstractGenerator - writing file /Users/cliffano/dev/workspace/swaggy-jenkins/ruby/generated/docs/SwaggyjenkinsOrganisation.md
[main] INFO io.swagger.codegen.AbstractGenerator - writing file /Users/cliffano/dev/workspace/swaggy-jenkins/ruby/generated/lib/swaggy_jenkins/models/swaggyjenkins_pipeline.rb
[main] INFO io.swagger.codegen.AbstractGenerator - writing file /Users/cliffano/dev/workspace/swaggy-jenkins/ruby/generated/spec/models/swaggyjenkins_pipeline_spec.rb
[main] INFO io.swagger.codegen.AbstractGenerator - writing file /Users/cliffano/dev/workspace/swaggy-jenkins/ruby/generated/docs/SwaggyjenkinsPipeline.md
[main] INFO io.swagger.codegen.AbstractGenerator - writing file /Users/cliffano/dev/workspace/swaggy-jenkins/ruby/generated/lib/swaggy_jenkins/models/swaggyjenkins_pipeline_latest_run.rb
[main] INFO io.swagger.codegen.AbstractGenerator - writing file /Users/cliffano/dev/workspace/swaggy-jenkins/ruby/generated/spec/models/swaggyjenkins_pipeline_latest_run_spec.rb
[main] INFO io.swagger.codegen.AbstractGenerator - writing file /Users/cliffano/dev/workspace/swaggy-jenkins/ruby/generated/docs/SwaggyjenkinsPipelineLatestRun.md
[main] INFO io.swagger.codegen.AbstractGenerator - writing file /Users/cliffano/dev/workspace/swaggy-jenkins/ruby/generated/lib/swaggy_jenkins/models/swaggyjenkins_pipeline_latest_runartifacts.rb
[main] INFO io.swagger.codegen.AbstractGenerator - writing file /Users/cliffano/dev/workspace/swaggy-jenkins/ruby/generated/spec/models/swaggyjenkins_pipeline_latest_runartifacts_spec.rb
[main] INFO io.swagger.codegen.AbstractGenerator - writing file /Users/cliffano/dev/workspace/swaggy-jenkins/ruby/generated/docs/SwaggyjenkinsPipelineLatestRunartifacts.md
[main] INFO io.swagger.codegen.AbstractGenerator - writing file /Users/cliffano/dev/workspace/swaggy-jenkins/ruby/generated/lib/swaggy_jenkins/models/swaggyjenkins_user.rb
[main] INFO io.swagger.codegen.AbstractGenerator - writing file /Users/cliffano/dev/workspace/swaggy-jenkins/ruby/generated/spec/models/swaggyjenkins_user_spec.rb
[main] INFO io.swagger.codegen.AbstractGenerator - writing file /Users/cliffano/dev/workspace/swaggy-jenkins/ruby/generated/docs/SwaggyjenkinsUser.md
[main] WARN io.swagger.codegen.DefaultCodegen - generated unique operationId `search_0`
[main] WARN io.swagger.codegen.DefaultCodegen - generated unique operationId `get_pipeline_folder_by_org_0`
[main] INFO io.swagger.codegen.AbstractGenerator - writing file /Users/cliffano/dev/workspace/swaggy-jenkins/ruby/generated/lib/swaggy_jenkins/api/blue_ocean_api.rb
[main] INFO io.swagger.codegen.AbstractGenerator - writing file /Users/cliffano/dev/workspace/swaggy-jenkins/ruby/generated/spec/api/blue_ocean_api_spec.rb
[main] INFO io.swagger.codegen.AbstractGenerator - writing file /Users/cliffano/dev/workspace/swaggy-jenkins/ruby/generated/docs/BlueOceanApi.md
[main] INFO io.swagger.codegen.AbstractGenerator - writing file /Users/cliffano/dev/workspace/swaggy-jenkins/ruby/generated/lib/swaggy_jenkins/api/remote_access_api.rb
[main] INFO io.swagger.codegen.AbstractGenerator - writing file /Users/cliffano/dev/workspace/swaggy-jenkins/ruby/generated/spec/api/remote_access_api_spec.rb
[main] INFO io.swagger.codegen.AbstractGenerator - writing file /Users/cliffano/dev/workspace/swaggy-jenkins/ruby/generated/docs/RemoteAccessApi.md
[main] INFO io.swagger.codegen.AbstractGenerator - writing file /Users/cliffano/dev/workspace/swaggy-jenkins/ruby/generated/swaggy_jenkins.gemspec
[main] INFO io.swagger.codegen.AbstractGenerator - writing file /Users/cliffano/dev/workspace/swaggy-jenkins/ruby/generated/lib/swaggy_jenkins.rb
[main] INFO io.swagger.codegen.AbstractGenerator - writing file /Users/cliffano/dev/workspace/swaggy-jenkins/ruby/generated/lib/swaggy_jenkins/api_client.rb
[main] INFO io.swagger.codegen.AbstractGenerator - writing file /Users/cliffano/dev/workspace/swaggy-jenkins/ruby/generated/lib/swaggy_jenkins/api_error.rb
[main] INFO io.swagger.codegen.AbstractGenerator - writing file /Users/cliffano/dev/workspace/swaggy-jenkins/ruby/generated/lib/swaggy_jenkins/configuration.rb
[main] INFO io.swagger.codegen.AbstractGenerator - writing file /Users/cliffano/dev/workspace/swaggy-jenkins/ruby/generated/lib/swaggy_jenkins/version.rb
[main] INFO io.swagger.codegen.AbstractGenerator - writing file /Users/cliffano/dev/workspace/swaggy-jenkins/ruby/generated/README.md
[main] INFO io.swagger.codegen.AbstractGenerator - writing file /Users/cliffano/dev/workspace/swaggy-jenkins/ruby/generated/git_push.sh
[main] INFO io.swagger.codegen.AbstractGenerator - writing file /Users/cliffano/dev/workspace/swaggy-jenkins/ruby/generated/.gitignore
[main] INFO io.swagger.codegen.AbstractGenerator - writing file /Users/cliffano/dev/workspace/swaggy-jenkins/ruby/generated/Rakefile
[main] INFO io.swagger.codegen.AbstractGenerator - writing file /Users/cliffano/dev/workspace/swaggy-jenkins/ruby/generated/Gemfile
[main] INFO io.swagger.codegen.AbstractGenerator - writing file /Users/cliffano/dev/workspace/swaggy-jenkins/ruby/generated/.rspec
[main] INFO io.swagger.codegen.AbstractGenerator - writing file /Users/cliffano/dev/workspace/swaggy-jenkins/ruby/generated/spec/spec_helper.rb
[main] INFO io.swagger.codegen.AbstractGenerator - writing file /Users/cliffano/dev/workspace/swaggy-jenkins/ruby/generated/spec/configuration_spec.rb
[main] INFO io.swagger.codegen.AbstractGenerator - writing file /Users/cliffano/dev/workspace/swaggy-jenkins/ruby/generated/spec/api_client_spec.rb
[main] INFO io.swagger.codegen.AbstractGenerator - writing file /Users/cliffano/dev/workspace/swaggy-jenkins/ruby/generated/.swagger-codegen-ignore
[main] INFO io.swagger.codegen.AbstractGenerator - writing file /Users/cliffano/dev/workspace/swaggy-jenkins/ruby/generated/.swagger-codegen/VERSION
