[main] ERROR io.swagger.codegen.config.CodegenConfigurator - Unable to deserialize config file: slim/conf.json
java.io.FileNotFoundException: slim/conf.json (No such file or directory)
	at java.io.FileInputStream.open0(Native Method)
	at java.io.FileInputStream.open(FileInputStream.java:195)
	at java.io.FileInputStream.<init>(FileInputStream.java:138)
	at com.fasterxml.jackson.core.JsonFactory.createParser(JsonFactory.java:756)
	at com.fasterxml.jackson.databind.ObjectMapper.readValue(ObjectMapper.java:2740)
	at io.swagger.codegen.config.CodegenConfigurator.fromFile(CodegenConfigurator.java:507)
	at io.swagger.codegen.cmd.Generate.run(Generate.java:135)
	at io.swagger.codegen.SwaggerCodegen.main(SwaggerCodegen.java:43)
[main] INFO io.swagger.parser.Swagger20Parser - reading from _spec/jenkins-api.yml
[main] WARN io.swagger.codegen.ignore.CodegenIgnoreProcessor - Output directory does not exist, or is inaccessible. No file (.swager-codegen-ignore) will be evaluated.
[main] INFO io.swagger.codegen.AbstractGenerator - writing file /Users/cliffano/dev/workspace/swaggy-jenkins/slim/generated/lib/Models/GetClassesByClass.php
[main] INFO io.swagger.codegen.AbstractGenerator - writing file /Users/cliffano/dev/workspace/swaggy-jenkins/slim/generated/lib/Models/GetMultibranchPipeline.php
[main] INFO io.swagger.codegen.AbstractGenerator - writing file /Users/cliffano/dev/workspace/swaggy-jenkins/slim/generated/lib/Models/GetOrganisations.php
[main] INFO io.swagger.codegen.AbstractGenerator - writing file /Users/cliffano/dev/workspace/swaggy-jenkins/slim/generated/lib/Models/GetPipelineBranches.php
[main] INFO io.swagger.codegen.AbstractGenerator - writing file /Users/cliffano/dev/workspace/swaggy-jenkins/slim/generated/lib/Models/GetPipelineBranchesitem.php
[main] INFO io.swagger.codegen.AbstractGenerator - writing file /Users/cliffano/dev/workspace/swaggy-jenkins/slim/generated/lib/Models/GetPipelineBranchesitemLatestRun.php
[main] INFO io.swagger.codegen.AbstractGenerator - writing file /Users/cliffano/dev/workspace/swaggy-jenkins/slim/generated/lib/Models/GetPipelineBranchesitemPullRequest.php
[main] INFO io.swagger.codegen.AbstractGenerator - writing file /Users/cliffano/dev/workspace/swaggy-jenkins/slim/generated/lib/Models/GetPipelineBranchesitemPullRequestLinks.php
[main] INFO io.swagger.codegen.AbstractGenerator - writing file /Users/cliffano/dev/workspace/swaggy-jenkins/slim/generated/lib/Models/GetPipelines.php
[main] INFO io.swagger.codegen.AbstractGenerator - writing file /Users/cliffano/dev/workspace/swaggy-jenkins/slim/generated/lib/Models/GetUsers.php
[main] INFO io.swagger.codegen.AbstractGenerator - writing file /Users/cliffano/dev/workspace/swaggy-jenkins/slim/generated/lib/Models/HudsonmodelAllView.php
[main] INFO io.swagger.codegen.AbstractGenerator - writing file /Users/cliffano/dev/workspace/swaggy-jenkins/slim/generated/lib/Models/HudsonmodelCauseAction.php
[main] INFO io.swagger.codegen.AbstractGenerator - writing file /Users/cliffano/dev/workspace/swaggy-jenkins/slim/generated/lib/Models/HudsonmodelCauseUserIdCause.php
[main] INFO io.swagger.codegen.AbstractGenerator - writing file /Users/cliffano/dev/workspace/swaggy-jenkins/slim/generated/lib/Models/HudsonmodelComputerSet.php
[main] INFO io.swagger.codegen.AbstractGenerator - writing file /Users/cliffano/dev/workspace/swaggy-jenkins/slim/generated/lib/Models/HudsonmodelFreeStyleBuild.php
[main] INFO io.swagger.codegen.AbstractGenerator - writing file /Users/cliffano/dev/workspace/swaggy-jenkins/slim/generated/lib/Models/HudsonmodelFreeStyleProject.php
[main] INFO io.swagger.codegen.AbstractGenerator - writing file /Users/cliffano/dev/workspace/swaggy-jenkins/slim/generated/lib/Models/HudsonmodelFreeStyleProjectactions.php
[main] INFO io.swagger.codegen.AbstractGenerator - writing file /Users/cliffano/dev/workspace/swaggy-jenkins/slim/generated/lib/Models/HudsonmodelFreeStyleProjecthealthReport.php
[main] INFO io.swagger.codegen.AbstractGenerator - writing file /Users/cliffano/dev/workspace/swaggy-jenkins/slim/generated/lib/Models/HudsonmodelHudson.php
[main] INFO io.swagger.codegen.AbstractGenerator - writing file /Users/cliffano/dev/workspace/swaggy-jenkins/slim/generated/lib/Models/HudsonmodelHudsonMasterComputer.php
[main] INFO io.swagger.codegen.AbstractGenerator - writing file /Users/cliffano/dev/workspace/swaggy-jenkins/slim/generated/lib/Models/HudsonmodelHudsonMasterComputerMonitorData.php
[main] INFO io.swagger.codegen.AbstractGenerator - writing file /Users/cliffano/dev/workspace/swaggy-jenkins/slim/generated/lib/Models/HudsonmodelHudsonMasterComputerexecutors.php
[main] INFO io.swagger.codegen.AbstractGenerator - writing file /Users/cliffano/dev/workspace/swaggy-jenkins/slim/generated/lib/Models/HudsonmodelHudsonassignedLabels.php
[main] INFO io.swagger.codegen.AbstractGenerator - writing file /Users/cliffano/dev/workspace/swaggy-jenkins/slim/generated/lib/Models/HudsonmodelLabel1.php
[main] INFO io.swagger.codegen.AbstractGenerator - writing file /Users/cliffano/dev/workspace/swaggy-jenkins/slim/generated/lib/Models/HudsonmodelListView.php
[main] INFO io.swagger.codegen.AbstractGenerator - writing file /Users/cliffano/dev/workspace/swaggy-jenkins/slim/generated/lib/Models/HudsonmodelQueue.php
[main] INFO io.swagger.codegen.AbstractGenerator - writing file /Users/cliffano/dev/workspace/swaggy-jenkins/slim/generated/lib/Models/HudsonmodelQueueBlockedItem.php
[main] INFO io.swagger.codegen.AbstractGenerator - writing file /Users/cliffano/dev/workspace/swaggy-jenkins/slim/generated/lib/Models/HudsonmodelQueueLeftItem.php
[main] INFO io.swagger.codegen.AbstractGenerator - writing file /Users/cliffano/dev/workspace/swaggy-jenkins/slim/generated/lib/Models/HudsonmodelStringParameterDefinition.php
[main] INFO io.swagger.codegen.AbstractGenerator - writing file /Users/cliffano/dev/workspace/swaggy-jenkins/slim/generated/lib/Models/HudsonmodelStringParameterValue.php
[main] INFO io.swagger.codegen.AbstractGenerator - writing file /Users/cliffano/dev/workspace/swaggy-jenkins/slim/generated/lib/Models/HudsonnodeMonitorsDiskSpaceMonitorDescriptorDiskSpace.php
[main] INFO io.swagger.codegen.AbstractGenerator - writing file /Users/cliffano/dev/workspace/swaggy-jenkins/slim/generated/lib/Models/HudsonnodeMonitorsResponseTimeMonitorData.php
[main] INFO io.swagger.codegen.AbstractGenerator - writing file /Users/cliffano/dev/workspace/swaggy-jenkins/slim/generated/lib/Models/HudsonnodeMonitorsSwapSpaceMonitorMemoryUsage2.php
[main] INFO io.swagger.codegen.AbstractGenerator - writing file /Users/cliffano/dev/workspace/swaggy-jenkins/slim/generated/lib/Models/HudsonscmEmptyChangeLogSet.php
[main] INFO io.swagger.codegen.AbstractGenerator - writing file /Users/cliffano/dev/workspace/swaggy-jenkins/slim/generated/lib/Models/HudsonscmNullSCM.php
[main] INFO io.swagger.codegen.AbstractGenerator - writing file /Users/cliffano/dev/workspace/swaggy-jenkins/slim/generated/lib/Models/HudsonsecuritycsrfDefaultCrumbIssuer.php
[main] INFO io.swagger.codegen.AbstractGenerator - writing file /Users/cliffano/dev/workspace/swaggy-jenkins/slim/generated/lib/Models/HudsonutilClockDifference.php
[main] INFO io.swagger.codegen.AbstractGenerator - writing file /Users/cliffano/dev/workspace/swaggy-jenkins/slim/generated/lib/Models/IojenkinsblueoceanresthalLink.php
[main] INFO io.swagger.codegen.AbstractGenerator - writing file /Users/cliffano/dev/workspace/swaggy-jenkins/slim/generated/lib/Models/IojenkinsblueoceanrestimplpipelineBranchImpl.php
[main] INFO io.swagger.codegen.AbstractGenerator - writing file /Users/cliffano/dev/workspace/swaggy-jenkins/slim/generated/lib/Models/IojenkinsblueoceanrestimplpipelineBranchImplPermissions.php
[main] INFO io.swagger.codegen.AbstractGenerator - writing file /Users/cliffano/dev/workspace/swaggy-jenkins/slim/generated/lib/Models/IojenkinsblueoceanserviceembeddedrestExtensionClassContainerImpl1.php
[main] INFO io.swagger.codegen.AbstractGenerator - writing file /Users/cliffano/dev/workspace/swaggy-jenkins/slim/generated/lib/Models/IojenkinsblueoceanserviceembeddedrestExtensionClassContainerImpl1Links.php
[main] INFO io.swagger.codegen.AbstractGenerator - writing file /Users/cliffano/dev/workspace/swaggy-jenkins/slim/generated/lib/Models/IojenkinsblueoceanserviceembeddedrestExtensionClassContainerImpl1Map.php
[main] INFO io.swagger.codegen.AbstractGenerator - writing file /Users/cliffano/dev/workspace/swaggy-jenkins/slim/generated/lib/Models/IojenkinsblueoceanserviceembeddedrestExtensionClassImpl.php
[main] INFO io.swagger.codegen.AbstractGenerator - writing file /Users/cliffano/dev/workspace/swaggy-jenkins/slim/generated/lib/Models/IojenkinsblueoceanserviceembeddedrestExtensionClassImplLinks.php
[main] INFO io.swagger.codegen.AbstractGenerator - writing file /Users/cliffano/dev/workspace/swaggy-jenkins/slim/generated/lib/Models/IojenkinsblueoceanserviceembeddedrestPipelineFolderImpl.php
[main] INFO io.swagger.codegen.AbstractGenerator - writing file /Users/cliffano/dev/workspace/swaggy-jenkins/slim/generated/lib/Models/IojenkinsblueoceanserviceembeddedrestPipelineImpl.php
[main] INFO io.swagger.codegen.AbstractGenerator - writing file /Users/cliffano/dev/workspace/swaggy-jenkins/slim/generated/lib/Models/JenkinsmodelUnlabeledLoadStatistics.php
[main] INFO io.swagger.codegen.AbstractGenerator - writing file /Users/cliffano/dev/workspace/swaggy-jenkins/slim/generated/lib/Models/SwaggyjenkinsOrganisation.php
[main] INFO io.swagger.codegen.AbstractGenerator - writing file /Users/cliffano/dev/workspace/swaggy-jenkins/slim/generated/lib/Models/SwaggyjenkinsPipeline.php
[main] INFO io.swagger.codegen.AbstractGenerator - writing file /Users/cliffano/dev/workspace/swaggy-jenkins/slim/generated/lib/Models/SwaggyjenkinsPipelineLatestRun.php
[main] INFO io.swagger.codegen.AbstractGenerator - writing file /Users/cliffano/dev/workspace/swaggy-jenkins/slim/generated/lib/Models/SwaggyjenkinsPipelineLatestRunartifacts.php
[main] INFO io.swagger.codegen.AbstractGenerator - writing file /Users/cliffano/dev/workspace/swaggy-jenkins/slim/generated/lib/Models/SwaggyjenkinsUser.php
[main] WARN io.swagger.codegen.DefaultCodegen - generated unique operationId `search_0`
[main] WARN io.swagger.codegen.DefaultCodegen - generated unique operationId `getPipelineFolderByOrg_0`
[main] INFO io.swagger.codegen.AbstractGenerator - writing file /Users/cliffano/dev/workspace/swaggy-jenkins/slim/generated/README.md
[main] INFO io.swagger.codegen.DefaultGenerator - writing file /Users/cliffano/dev/workspace/swaggy-jenkins/slim/generated/composer.json
[main] INFO io.swagger.codegen.AbstractGenerator - writing file /Users/cliffano/dev/workspace/swaggy-jenkins/slim/generated/index.php
[main] INFO io.swagger.codegen.DefaultGenerator - writing file /Users/cliffano/dev/workspace/swaggy-jenkins/slim/generated/.htaccess
[main] INFO io.swagger.codegen.AbstractGenerator - writing file /Users/cliffano/dev/workspace/swaggy-jenkins/slim/generated/.swagger-codegen-ignore
[main] INFO io.swagger.codegen.AbstractGenerator - writing file /Users/cliffano/dev/workspace/swaggy-jenkins/slim/generated/.swagger-codegen/VERSION
