[main] ERROR io.swagger.codegen.config.CodegenConfigurator - Unable to deserialize config file: akka-scala/conf.json
java.io.FileNotFoundException: akka-scala/conf.json (No such file or directory)
	at java.io.FileInputStream.open0(Native Method)
	at java.io.FileInputStream.open(FileInputStream.java:195)
	at java.io.FileInputStream.<init>(FileInputStream.java:138)
	at com.fasterxml.jackson.core.JsonFactory.createParser(JsonFactory.java:756)
	at com.fasterxml.jackson.databind.ObjectMapper.readValue(ObjectMapper.java:2740)
	at io.swagger.codegen.config.CodegenConfigurator.fromFile(CodegenConfigurator.java:507)
	at io.swagger.codegen.cmd.Generate.run(Generate.java:135)
	at io.swagger.codegen.SwaggerCodegen.main(SwaggerCodegen.java:43)
[main] INFO io.swagger.parser.Swagger20Parser - reading from _spec/jenkins-api.yml
[main] WARN io.swagger.codegen.ignore.CodegenIgnoreProcessor - Output directory does not exist, or is inaccessible. No file (.swager-codegen-ignore) will be evaluated.
[main] INFO io.swagger.codegen.AbstractGenerator - writing file /Users/cliffano/dev/workspace/swaggy-jenkins/akka-scala/generated/src/main/scala/io/swagger/client/model/GetClassesByClass.scala
[main] INFO io.swagger.codegen.AbstractGenerator - writing file /Users/cliffano/dev/workspace/swaggy-jenkins/akka-scala/generated/src/main/scala/io/swagger/client/model/GetMultibranchPipeline.scala
[main] INFO io.swagger.codegen.AbstractGenerator - writing file /Users/cliffano/dev/workspace/swaggy-jenkins/akka-scala/generated/src/main/scala/io/swagger/client/model/GetOrganisations.scala
[main] INFO io.swagger.codegen.AbstractGenerator - writing file /Users/cliffano/dev/workspace/swaggy-jenkins/akka-scala/generated/src/main/scala/io/swagger/client/model/GetPipelineBranches.scala
[main] INFO io.swagger.codegen.AbstractGenerator - writing file /Users/cliffano/dev/workspace/swaggy-jenkins/akka-scala/generated/src/main/scala/io/swagger/client/model/GetPipelineBranchesitem.scala
[main] INFO io.swagger.codegen.AbstractGenerator - writing file /Users/cliffano/dev/workspace/swaggy-jenkins/akka-scala/generated/src/main/scala/io/swagger/client/model/GetPipelineBranchesitemLatestRun.scala
[main] INFO io.swagger.codegen.AbstractGenerator - writing file /Users/cliffano/dev/workspace/swaggy-jenkins/akka-scala/generated/src/main/scala/io/swagger/client/model/GetPipelineBranchesitemPullRequest.scala
[main] INFO io.swagger.codegen.AbstractGenerator - writing file /Users/cliffano/dev/workspace/swaggy-jenkins/akka-scala/generated/src/main/scala/io/swagger/client/model/GetPipelineBranchesitemPullRequestLinks.scala
[main] INFO io.swagger.codegen.AbstractGenerator - writing file /Users/cliffano/dev/workspace/swaggy-jenkins/akka-scala/generated/src/main/scala/io/swagger/client/model/GetPipelines.scala
[main] INFO io.swagger.codegen.AbstractGenerator - writing file /Users/cliffano/dev/workspace/swaggy-jenkins/akka-scala/generated/src/main/scala/io/swagger/client/model/GetUsers.scala
[main] INFO io.swagger.codegen.AbstractGenerator - writing file /Users/cliffano/dev/workspace/swaggy-jenkins/akka-scala/generated/src/main/scala/io/swagger/client/model/HudsonmodelAllView.scala
[main] INFO io.swagger.codegen.AbstractGenerator - writing file /Users/cliffano/dev/workspace/swaggy-jenkins/akka-scala/generated/src/main/scala/io/swagger/client/model/HudsonmodelCauseAction.scala
[main] INFO io.swagger.codegen.AbstractGenerator - writing file /Users/cliffano/dev/workspace/swaggy-jenkins/akka-scala/generated/src/main/scala/io/swagger/client/model/HudsonmodelCauseUserIdCause.scala
[main] INFO io.swagger.codegen.AbstractGenerator - writing file /Users/cliffano/dev/workspace/swaggy-jenkins/akka-scala/generated/src/main/scala/io/swagger/client/model/HudsonmodelComputerSet.scala
[main] INFO io.swagger.codegen.AbstractGenerator - writing file /Users/cliffano/dev/workspace/swaggy-jenkins/akka-scala/generated/src/main/scala/io/swagger/client/model/HudsonmodelFreeStyleBuild.scala
[main] INFO io.swagger.codegen.AbstractGenerator - writing file /Users/cliffano/dev/workspace/swaggy-jenkins/akka-scala/generated/src/main/scala/io/swagger/client/model/HudsonmodelFreeStyleProject.scala
[main] INFO io.swagger.codegen.AbstractGenerator - writing file /Users/cliffano/dev/workspace/swaggy-jenkins/akka-scala/generated/src/main/scala/io/swagger/client/model/HudsonmodelFreeStyleProjectactions.scala
[main] INFO io.swagger.codegen.AbstractGenerator - writing file /Users/cliffano/dev/workspace/swaggy-jenkins/akka-scala/generated/src/main/scala/io/swagger/client/model/HudsonmodelFreeStyleProjecthealthReport.scala
[main] INFO io.swagger.codegen.AbstractGenerator - writing file /Users/cliffano/dev/workspace/swaggy-jenkins/akka-scala/generated/src/main/scala/io/swagger/client/model/HudsonmodelHudson.scala
[main] INFO io.swagger.codegen.AbstractGenerator - writing file /Users/cliffano/dev/workspace/swaggy-jenkins/akka-scala/generated/src/main/scala/io/swagger/client/model/HudsonmodelHudsonMasterComputer.scala
[main] INFO io.swagger.codegen.AbstractGenerator - writing file /Users/cliffano/dev/workspace/swaggy-jenkins/akka-scala/generated/src/main/scala/io/swagger/client/model/HudsonmodelHudsonMasterComputerMonitorData.scala
[main] INFO io.swagger.codegen.AbstractGenerator - writing file /Users/cliffano/dev/workspace/swaggy-jenkins/akka-scala/generated/src/main/scala/io/swagger/client/model/HudsonmodelHudsonMasterComputerexecutors.scala
[main] INFO io.swagger.codegen.AbstractGenerator - writing file /Users/cliffano/dev/workspace/swaggy-jenkins/akka-scala/generated/src/main/scala/io/swagger/client/model/HudsonmodelHudsonassignedLabels.scala
[main] INFO io.swagger.codegen.AbstractGenerator - writing file /Users/cliffano/dev/workspace/swaggy-jenkins/akka-scala/generated/src/main/scala/io/swagger/client/model/HudsonmodelLabel1.scala
[main] INFO io.swagger.codegen.AbstractGenerator - writing file /Users/cliffano/dev/workspace/swaggy-jenkins/akka-scala/generated/src/main/scala/io/swagger/client/model/HudsonmodelListView.scala
[main] INFO io.swagger.codegen.AbstractGenerator - writing file /Users/cliffano/dev/workspace/swaggy-jenkins/akka-scala/generated/src/main/scala/io/swagger/client/model/HudsonmodelQueue.scala
[main] INFO io.swagger.codegen.AbstractGenerator - writing file /Users/cliffano/dev/workspace/swaggy-jenkins/akka-scala/generated/src/main/scala/io/swagger/client/model/HudsonmodelQueueBlockedItem.scala
[main] INFO io.swagger.codegen.AbstractGenerator - writing file /Users/cliffano/dev/workspace/swaggy-jenkins/akka-scala/generated/src/main/scala/io/swagger/client/model/HudsonmodelQueueLeftItem.scala
[main] INFO io.swagger.codegen.AbstractGenerator - writing file /Users/cliffano/dev/workspace/swaggy-jenkins/akka-scala/generated/src/main/scala/io/swagger/client/model/HudsonmodelStringParameterDefinition.scala
[main] INFO io.swagger.codegen.AbstractGenerator - writing file /Users/cliffano/dev/workspace/swaggy-jenkins/akka-scala/generated/src/main/scala/io/swagger/client/model/HudsonmodelStringParameterValue.scala
[main] INFO io.swagger.codegen.AbstractGenerator - writing file /Users/cliffano/dev/workspace/swaggy-jenkins/akka-scala/generated/src/main/scala/io/swagger/client/model/HudsonnodeMonitorsDiskSpaceMonitorDescriptorDiskSpace.scala
[main] INFO io.swagger.codegen.AbstractGenerator - writing file /Users/cliffano/dev/workspace/swaggy-jenkins/akka-scala/generated/src/main/scala/io/swagger/client/model/HudsonnodeMonitorsResponseTimeMonitorData.scala
[main] INFO io.swagger.codegen.AbstractGenerator - writing file /Users/cliffano/dev/workspace/swaggy-jenkins/akka-scala/generated/src/main/scala/io/swagger/client/model/HudsonnodeMonitorsSwapSpaceMonitorMemoryUsage2.scala
[main] INFO io.swagger.codegen.AbstractGenerator - writing file /Users/cliffano/dev/workspace/swaggy-jenkins/akka-scala/generated/src/main/scala/io/swagger/client/model/HudsonscmEmptyChangeLogSet.scala
[main] INFO io.swagger.codegen.AbstractGenerator - writing file /Users/cliffano/dev/workspace/swaggy-jenkins/akka-scala/generated/src/main/scala/io/swagger/client/model/HudsonscmNullSCM.scala
[main] INFO io.swagger.codegen.AbstractGenerator - writing file /Users/cliffano/dev/workspace/swaggy-jenkins/akka-scala/generated/src/main/scala/io/swagger/client/model/HudsonsecuritycsrfDefaultCrumbIssuer.scala
[main] INFO io.swagger.codegen.AbstractGenerator - writing file /Users/cliffano/dev/workspace/swaggy-jenkins/akka-scala/generated/src/main/scala/io/swagger/client/model/HudsonutilClockDifference.scala
[main] INFO io.swagger.codegen.AbstractGenerator - writing file /Users/cliffano/dev/workspace/swaggy-jenkins/akka-scala/generated/src/main/scala/io/swagger/client/model/IojenkinsblueoceanresthalLink.scala
[main] INFO io.swagger.codegen.AbstractGenerator - writing file /Users/cliffano/dev/workspace/swaggy-jenkins/akka-scala/generated/src/main/scala/io/swagger/client/model/IojenkinsblueoceanrestimplpipelineBranchImpl.scala
[main] INFO io.swagger.codegen.AbstractGenerator - writing file /Users/cliffano/dev/workspace/swaggy-jenkins/akka-scala/generated/src/main/scala/io/swagger/client/model/IojenkinsblueoceanrestimplpipelineBranchImplPermissions.scala
[main] INFO io.swagger.codegen.AbstractGenerator - writing file /Users/cliffano/dev/workspace/swaggy-jenkins/akka-scala/generated/src/main/scala/io/swagger/client/model/IojenkinsblueoceanserviceembeddedrestExtensionClassContainerImpl1.scala
[main] INFO io.swagger.codegen.AbstractGenerator - writing file /Users/cliffano/dev/workspace/swaggy-jenkins/akka-scala/generated/src/main/scala/io/swagger/client/model/IojenkinsblueoceanserviceembeddedrestExtensionClassContainerImpl1Links.scala
[main] INFO io.swagger.codegen.AbstractGenerator - writing file /Users/cliffano/dev/workspace/swaggy-jenkins/akka-scala/generated/src/main/scala/io/swagger/client/model/IojenkinsblueoceanserviceembeddedrestExtensionClassContainerImpl1Map.scala
[main] INFO io.swagger.codegen.AbstractGenerator - writing file /Users/cliffano/dev/workspace/swaggy-jenkins/akka-scala/generated/src/main/scala/io/swagger/client/model/IojenkinsblueoceanserviceembeddedrestExtensionClassImpl.scala
[main] INFO io.swagger.codegen.AbstractGenerator - writing file /Users/cliffano/dev/workspace/swaggy-jenkins/akka-scala/generated/src/main/scala/io/swagger/client/model/IojenkinsblueoceanserviceembeddedrestExtensionClassImplLinks.scala
[main] INFO io.swagger.codegen.AbstractGenerator - writing file /Users/cliffano/dev/workspace/swaggy-jenkins/akka-scala/generated/src/main/scala/io/swagger/client/model/IojenkinsblueoceanserviceembeddedrestPipelineFolderImpl.scala
[main] INFO io.swagger.codegen.AbstractGenerator - writing file /Users/cliffano/dev/workspace/swaggy-jenkins/akka-scala/generated/src/main/scala/io/swagger/client/model/IojenkinsblueoceanserviceembeddedrestPipelineImpl.scala
[main] INFO io.swagger.codegen.AbstractGenerator - writing file /Users/cliffano/dev/workspace/swaggy-jenkins/akka-scala/generated/src/main/scala/io/swagger/client/model/JenkinsmodelUnlabeledLoadStatistics.scala
[main] INFO io.swagger.codegen.AbstractGenerator - writing file /Users/cliffano/dev/workspace/swaggy-jenkins/akka-scala/generated/src/main/scala/io/swagger/client/model/SwaggyjenkinsOrganisation.scala
[main] INFO io.swagger.codegen.AbstractGenerator - writing file /Users/cliffano/dev/workspace/swaggy-jenkins/akka-scala/generated/src/main/scala/io/swagger/client/model/SwaggyjenkinsPipeline.scala
[main] INFO io.swagger.codegen.AbstractGenerator - writing file /Users/cliffano/dev/workspace/swaggy-jenkins/akka-scala/generated/src/main/scala/io/swagger/client/model/SwaggyjenkinsPipelineLatestRun.scala
[main] INFO io.swagger.codegen.AbstractGenerator - writing file /Users/cliffano/dev/workspace/swaggy-jenkins/akka-scala/generated/src/main/scala/io/swagger/client/model/SwaggyjenkinsPipelineLatestRunartifacts.scala
[main] INFO io.swagger.codegen.AbstractGenerator - writing file /Users/cliffano/dev/workspace/swaggy-jenkins/akka-scala/generated/src/main/scala/io/swagger/client/model/SwaggyjenkinsUser.scala
[main] WARN io.swagger.codegen.DefaultCodegen - generated unique operationId `search_0`
[main] WARN io.swagger.codegen.DefaultCodegen - generated unique operationId `getPipelineFolderByOrg_0`
[main] INFO io.swagger.codegen.AbstractGenerator - writing file /Users/cliffano/dev/workspace/swaggy-jenkins/akka-scala/generated/src/main/scala/io/swagger/client/api/BlueOceanApi.scala
[main] INFO io.swagger.codegen.AbstractGenerator - writing file /Users/cliffano/dev/workspace/swaggy-jenkins/akka-scala/generated/src/main/scala/io/swagger/client/api/RemoteAccessApi.scala
[main] INFO io.swagger.codegen.AbstractGenerator - writing file /Users/cliffano/dev/workspace/swaggy-jenkins/akka-scala/generated/pom.xml
[main] INFO io.swagger.codegen.AbstractGenerator - writing file /Users/cliffano/dev/workspace/swaggy-jenkins/akka-scala/generated/src/main/resources/reference.conf
[main] INFO io.swagger.codegen.AbstractGenerator - writing file /Users/cliffano/dev/workspace/swaggy-jenkins/akka-scala/generated/src/main/scala/io/swagger/client/core/ApiRequest.scala
[main] INFO io.swagger.codegen.AbstractGenerator - writing file /Users/cliffano/dev/workspace/swaggy-jenkins/akka-scala/generated/src/main/scala/io/swagger/client/core/ApiInvoker.scala
[main] INFO io.swagger.codegen.AbstractGenerator - writing file /Users/cliffano/dev/workspace/swaggy-jenkins/akka-scala/generated/src/main/scala/io/swagger/client/core/requests.scala
[main] INFO io.swagger.codegen.AbstractGenerator - writing file /Users/cliffano/dev/workspace/swaggy-jenkins/akka-scala/generated/src/main/scala/io/swagger/client/core/ApiSettings.scala
[main] INFO io.swagger.codegen.AbstractGenerator - writing file /Users/cliffano/dev/workspace/swaggy-jenkins/akka-scala/generated/src/main/scala/io/swagger/client/api/EnumsSerializers.scala
[main] INFO io.swagger.codegen.AbstractGenerator - writing file /Users/cliffano/dev/workspace/swaggy-jenkins/akka-scala/generated/.swagger-codegen-ignore
[main] INFO io.swagger.codegen.AbstractGenerator - writing file /Users/cliffano/dev/workspace/swaggy-jenkins/akka-scala/generated/.swagger-codegen/VERSION
