[main] ERROR io.swagger.codegen.config.CodegenConfigurator - Unable to deserialize config file: dynamic-html/conf.json
java.io.FileNotFoundException: dynamic-html/conf.json (No such file or directory)
	at java.io.FileInputStream.open0(Native Method)
	at java.io.FileInputStream.open(FileInputStream.java:195)
	at java.io.FileInputStream.<init>(FileInputStream.java:138)
	at com.fasterxml.jackson.core.JsonFactory.createParser(JsonFactory.java:756)
	at com.fasterxml.jackson.databind.ObjectMapper.readValue(ObjectMapper.java:2740)
	at io.swagger.codegen.config.CodegenConfigurator.fromFile(CodegenConfigurator.java:507)
	at io.swagger.codegen.cmd.Generate.run(Generate.java:135)
	at io.swagger.codegen.SwaggerCodegen.main(SwaggerCodegen.java:43)
[main] INFO io.swagger.parser.Swagger20Parser - reading from _spec/jenkins-api.yml
[main] WARN io.swagger.codegen.ignore.CodegenIgnoreProcessor - Output directory does not exist, or is inaccessible. No file (.swager-codegen-ignore) will be evaluated.
[main] INFO io.swagger.codegen.AbstractGenerator - writing file /Users/cliffano/dev/workspace/swaggy-jenkins/dynamic-html/generated/docs/models/GetClassesByClass.html
[main] INFO io.swagger.codegen.AbstractGenerator - writing file /Users/cliffano/dev/workspace/swaggy-jenkins/dynamic-html/generated/docs/models/GetMultibranchPipeline.html
[main] INFO io.swagger.codegen.AbstractGenerator - writing file /Users/cliffano/dev/workspace/swaggy-jenkins/dynamic-html/generated/docs/models/GetOrganisations.html
[main] INFO io.swagger.codegen.AbstractGenerator - writing file /Users/cliffano/dev/workspace/swaggy-jenkins/dynamic-html/generated/docs/models/GetPipelineBranches.html
[main] INFO io.swagger.codegen.AbstractGenerator - writing file /Users/cliffano/dev/workspace/swaggy-jenkins/dynamic-html/generated/docs/models/GetPipelineBranchesitem.html
[main] INFO io.swagger.codegen.AbstractGenerator - writing file /Users/cliffano/dev/workspace/swaggy-jenkins/dynamic-html/generated/docs/models/GetPipelineBranchesitem_latestRun.html
[main] INFO io.swagger.codegen.AbstractGenerator - writing file /Users/cliffano/dev/workspace/swaggy-jenkins/dynamic-html/generated/docs/models/GetPipelineBranchesitem_pullRequest.html
[main] INFO io.swagger.codegen.AbstractGenerator - writing file /Users/cliffano/dev/workspace/swaggy-jenkins/dynamic-html/generated/docs/models/GetPipelineBranchesitem_pullRequest__links.html
[main] INFO io.swagger.codegen.AbstractGenerator - writing file /Users/cliffano/dev/workspace/swaggy-jenkins/dynamic-html/generated/docs/models/GetPipelines.html
[main] INFO io.swagger.codegen.AbstractGenerator - writing file /Users/cliffano/dev/workspace/swaggy-jenkins/dynamic-html/generated/docs/models/GetUsers.html
[main] INFO io.swagger.codegen.AbstractGenerator - writing file /Users/cliffano/dev/workspace/swaggy-jenkins/dynamic-html/generated/docs/models/HudsonmodelAllView.html
[main] INFO io.swagger.codegen.AbstractGenerator - writing file /Users/cliffano/dev/workspace/swaggy-jenkins/dynamic-html/generated/docs/models/HudsonmodelCauseAction.html
[main] INFO io.swagger.codegen.AbstractGenerator - writing file /Users/cliffano/dev/workspace/swaggy-jenkins/dynamic-html/generated/docs/models/HudsonmodelCauseUserIdCause.html
[main] INFO io.swagger.codegen.AbstractGenerator - writing file /Users/cliffano/dev/workspace/swaggy-jenkins/dynamic-html/generated/docs/models/HudsonmodelComputerSet.html
[main] INFO io.swagger.codegen.AbstractGenerator - writing file /Users/cliffano/dev/workspace/swaggy-jenkins/dynamic-html/generated/docs/models/HudsonmodelFreeStyleBuild.html
[main] INFO io.swagger.codegen.AbstractGenerator - writing file /Users/cliffano/dev/workspace/swaggy-jenkins/dynamic-html/generated/docs/models/HudsonmodelFreeStyleProject.html
[main] INFO io.swagger.codegen.AbstractGenerator - writing file /Users/cliffano/dev/workspace/swaggy-jenkins/dynamic-html/generated/docs/models/HudsonmodelFreeStyleProjectactions.html
[main] INFO io.swagger.codegen.AbstractGenerator - writing file /Users/cliffano/dev/workspace/swaggy-jenkins/dynamic-html/generated/docs/models/HudsonmodelFreeStyleProjecthealthReport.html
[main] INFO io.swagger.codegen.AbstractGenerator - writing file /Users/cliffano/dev/workspace/swaggy-jenkins/dynamic-html/generated/docs/models/HudsonmodelHudson.html
[main] INFO io.swagger.codegen.AbstractGenerator - writing file /Users/cliffano/dev/workspace/swaggy-jenkins/dynamic-html/generated/docs/models/HudsonmodelHudsonMasterComputer.html
[main] INFO io.swagger.codegen.AbstractGenerator - writing file /Users/cliffano/dev/workspace/swaggy-jenkins/dynamic-html/generated/docs/models/HudsonmodelHudsonMasterComputer_monitorData.html
[main] INFO io.swagger.codegen.AbstractGenerator - writing file /Users/cliffano/dev/workspace/swaggy-jenkins/dynamic-html/generated/docs/models/HudsonmodelHudsonMasterComputerexecutors.html
[main] INFO io.swagger.codegen.AbstractGenerator - writing file /Users/cliffano/dev/workspace/swaggy-jenkins/dynamic-html/generated/docs/models/HudsonmodelHudsonassignedLabels.html
[main] INFO io.swagger.codegen.AbstractGenerator - writing file /Users/cliffano/dev/workspace/swaggy-jenkins/dynamic-html/generated/docs/models/HudsonmodelLabel1.html
[main] INFO io.swagger.codegen.AbstractGenerator - writing file /Users/cliffano/dev/workspace/swaggy-jenkins/dynamic-html/generated/docs/models/HudsonmodelListView.html
[main] INFO io.swagger.codegen.AbstractGenerator - writing file /Users/cliffano/dev/workspace/swaggy-jenkins/dynamic-html/generated/docs/models/HudsonmodelQueue.html
[main] INFO io.swagger.codegen.AbstractGenerator - writing file /Users/cliffano/dev/workspace/swaggy-jenkins/dynamic-html/generated/docs/models/HudsonmodelQueueBlockedItem.html
[main] INFO io.swagger.codegen.AbstractGenerator - writing file /Users/cliffano/dev/workspace/swaggy-jenkins/dynamic-html/generated/docs/models/HudsonmodelQueueLeftItem.html
[main] INFO io.swagger.codegen.AbstractGenerator - writing file /Users/cliffano/dev/workspace/swaggy-jenkins/dynamic-html/generated/docs/models/HudsonmodelStringParameterDefinition.html
[main] INFO io.swagger.codegen.AbstractGenerator - writing file /Users/cliffano/dev/workspace/swaggy-jenkins/dynamic-html/generated/docs/models/HudsonmodelStringParameterValue.html
[main] INFO io.swagger.codegen.AbstractGenerator - writing file /Users/cliffano/dev/workspace/swaggy-jenkins/dynamic-html/generated/docs/models/Hudsonnode_monitorsDiskSpaceMonitorDescriptorDiskSpace.html
[main] INFO io.swagger.codegen.AbstractGenerator - writing file /Users/cliffano/dev/workspace/swaggy-jenkins/dynamic-html/generated/docs/models/Hudsonnode_monitorsResponseTimeMonitorData.html
[main] INFO io.swagger.codegen.AbstractGenerator - writing file /Users/cliffano/dev/workspace/swaggy-jenkins/dynamic-html/generated/docs/models/Hudsonnode_monitorsSwapSpaceMonitorMemoryUsage2.html
[main] INFO io.swagger.codegen.AbstractGenerator - writing file /Users/cliffano/dev/workspace/swaggy-jenkins/dynamic-html/generated/docs/models/HudsonscmEmptyChangeLogSet.html
[main] INFO io.swagger.codegen.AbstractGenerator - writing file /Users/cliffano/dev/workspace/swaggy-jenkins/dynamic-html/generated/docs/models/HudsonscmNullSCM.html
[main] INFO io.swagger.codegen.AbstractGenerator - writing file /Users/cliffano/dev/workspace/swaggy-jenkins/dynamic-html/generated/docs/models/HudsonsecuritycsrfDefaultCrumbIssuer.html
[main] INFO io.swagger.codegen.AbstractGenerator - writing file /Users/cliffano/dev/workspace/swaggy-jenkins/dynamic-html/generated/docs/models/HudsonutilClockDifference.html
[main] INFO io.swagger.codegen.AbstractGenerator - writing file /Users/cliffano/dev/workspace/swaggy-jenkins/dynamic-html/generated/docs/models/IojenkinsblueoceanresthalLink.html
[main] INFO io.swagger.codegen.AbstractGenerator - writing file /Users/cliffano/dev/workspace/swaggy-jenkins/dynamic-html/generated/docs/models/IojenkinsblueoceanrestimplpipelineBranchImpl.html
[main] INFO io.swagger.codegen.AbstractGenerator - writing file /Users/cliffano/dev/workspace/swaggy-jenkins/dynamic-html/generated/docs/models/IojenkinsblueoceanrestimplpipelineBranchImpl_permissions.html
[main] INFO io.swagger.codegen.AbstractGenerator - writing file /Users/cliffano/dev/workspace/swaggy-jenkins/dynamic-html/generated/docs/models/IojenkinsblueoceanserviceembeddedrestExtensionClassContainerImpl1.html
[main] INFO io.swagger.codegen.AbstractGenerator - writing file /Users/cliffano/dev/workspace/swaggy-jenkins/dynamic-html/generated/docs/models/IojenkinsblueoceanserviceembeddedrestExtensionClassContainerImpl1__links.html
[main] INFO io.swagger.codegen.AbstractGenerator - writing file /Users/cliffano/dev/workspace/swaggy-jenkins/dynamic-html/generated/docs/models/IojenkinsblueoceanserviceembeddedrestExtensionClassContainerImpl1_map.html
[main] INFO io.swagger.codegen.AbstractGenerator - writing file /Users/cliffano/dev/workspace/swaggy-jenkins/dynamic-html/generated/docs/models/IojenkinsblueoceanserviceembeddedrestExtensionClassImpl.html
[main] INFO io.swagger.codegen.AbstractGenerator - writing file /Users/cliffano/dev/workspace/swaggy-jenkins/dynamic-html/generated/docs/models/IojenkinsblueoceanserviceembeddedrestExtensionClassImpl__links.html
[main] INFO io.swagger.codegen.AbstractGenerator - writing file /Users/cliffano/dev/workspace/swaggy-jenkins/dynamic-html/generated/docs/models/IojenkinsblueoceanserviceembeddedrestPipelineFolderImpl.html
[main] INFO io.swagger.codegen.AbstractGenerator - writing file /Users/cliffano/dev/workspace/swaggy-jenkins/dynamic-html/generated/docs/models/IojenkinsblueoceanserviceembeddedrestPipelineImpl.html
[main] INFO io.swagger.codegen.AbstractGenerator - writing file /Users/cliffano/dev/workspace/swaggy-jenkins/dynamic-html/generated/docs/models/JenkinsmodelUnlabeledLoadStatistics.html
[main] INFO io.swagger.codegen.AbstractGenerator - writing file /Users/cliffano/dev/workspace/swaggy-jenkins/dynamic-html/generated/docs/models/SwaggyjenkinsOrganisation.html
[main] INFO io.swagger.codegen.AbstractGenerator - writing file /Users/cliffano/dev/workspace/swaggy-jenkins/dynamic-html/generated/docs/models/SwaggyjenkinsPipeline.html
[main] INFO io.swagger.codegen.AbstractGenerator - writing file /Users/cliffano/dev/workspace/swaggy-jenkins/dynamic-html/generated/docs/models/SwaggyjenkinsPipeline_latestRun.html
[main] INFO io.swagger.codegen.AbstractGenerator - writing file /Users/cliffano/dev/workspace/swaggy-jenkins/dynamic-html/generated/docs/models/SwaggyjenkinsPipeline_latestRunartifacts.html
[main] INFO io.swagger.codegen.AbstractGenerator - writing file /Users/cliffano/dev/workspace/swaggy-jenkins/dynamic-html/generated/docs/models/SwaggyjenkinsUser.html
[main] WARN io.swagger.codegen.DefaultCodegen - generated unique operationId `search_0`
[main] WARN io.swagger.codegen.DefaultCodegen - generated unique operationId `getPipelineFolderByOrg_0`
[main] INFO io.swagger.codegen.AbstractGenerator - writing file /Users/cliffano/dev/workspace/swaggy-jenkins/dynamic-html/generated/docs/operations/BlueOceanApi.html
[main] INFO io.swagger.codegen.AbstractGenerator - writing file /Users/cliffano/dev/workspace/swaggy-jenkins/dynamic-html/generated/docs/operations/RemoteAccessApi.html
[main] INFO io.swagger.codegen.AbstractGenerator - writing file /Users/cliffano/dev/workspace/swaggy-jenkins/dynamic-html/generated/package.json
[main] INFO io.swagger.codegen.AbstractGenerator - writing file /Users/cliffano/dev/workspace/swaggy-jenkins/dynamic-html/generated/main.js
[main] INFO io.swagger.codegen.DefaultGenerator - writing file /Users/cliffano/dev/workspace/swaggy-jenkins/dynamic-html/generated/docs/assets/css/bootstrap-responsive.css
[main] INFO io.swagger.codegen.DefaultGenerator - writing file /Users/cliffano/dev/workspace/swaggy-jenkins/dynamic-html/generated/docs/assets/css/bootstrap.css
[main] INFO io.swagger.codegen.DefaultGenerator - writing file /Users/cliffano/dev/workspace/swaggy-jenkins/dynamic-html/generated/docs/assets/css/style.css
[main] INFO io.swagger.codegen.DefaultGenerator - writing file /Users/cliffano/dev/workspace/swaggy-jenkins/dynamic-html/generated/docs/assets/images/logo.png
[main] INFO io.swagger.codegen.DefaultGenerator - writing file /Users/cliffano/dev/workspace/swaggy-jenkins/dynamic-html/generated/docs/assets/js/bootstrap.js
[main] INFO io.swagger.codegen.DefaultGenerator - writing file /Users/cliffano/dev/workspace/swaggy-jenkins/dynamic-html/generated/docs/assets/js/jquery-1.8.3.min.js
[main] INFO io.swagger.codegen.DefaultGenerator - writing file /Users/cliffano/dev/workspace/swaggy-jenkins/dynamic-html/generated/docs/assets/js/main.js
[main] INFO io.swagger.codegen.AbstractGenerator - writing file /Users/cliffano/dev/workspace/swaggy-jenkins/dynamic-html/generated/docs/index.html
[main] INFO io.swagger.codegen.AbstractGenerator - writing file /Users/cliffano/dev/workspace/swaggy-jenkins/dynamic-html/generated/.swagger-codegen-ignore
[main] INFO io.swagger.codegen.AbstractGenerator - writing file /Users/cliffano/dev/workspace/swaggy-jenkins/dynamic-html/generated/.swagger-codegen/VERSION
