[main] ERROR io.swagger.codegen.config.CodegenConfigurator - Unable to deserialize config file: go/conf.json
java.io.FileNotFoundException: go/conf.json (No such file or directory)
	at java.io.FileInputStream.open0(Native Method)
	at java.io.FileInputStream.open(FileInputStream.java:195)
	at java.io.FileInputStream.<init>(FileInputStream.java:138)
	at com.fasterxml.jackson.core.JsonFactory.createParser(JsonFactory.java:756)
	at com.fasterxml.jackson.databind.ObjectMapper.readValue(ObjectMapper.java:2740)
	at io.swagger.codegen.config.CodegenConfigurator.fromFile(CodegenConfigurator.java:507)
	at io.swagger.codegen.cmd.Generate.run(Generate.java:135)
	at io.swagger.codegen.SwaggerCodegen.main(SwaggerCodegen.java:43)
[main] INFO io.swagger.parser.Swagger20Parser - reading from _spec/jenkins-api.yml
[main] WARN io.swagger.codegen.ignore.CodegenIgnoreProcessor - Output directory does not exist, or is inaccessible. No file (.swager-codegen-ignore) will be evaluated.
[main] INFO io.swagger.codegen.AbstractGenerator - writing file /Users/cliffano/dev/workspace/swaggy-jenkins/go/generated/get_classes_by_class.go
[main] INFO io.swagger.codegen.AbstractGenerator - writing file /Users/cliffano/dev/workspace/swaggy-jenkins/go/generated/docs/GetClassesByClass.md
[main] INFO io.swagger.codegen.AbstractGenerator - writing file /Users/cliffano/dev/workspace/swaggy-jenkins/go/generated/get_multibranch_pipeline.go
[main] INFO io.swagger.codegen.AbstractGenerator - writing file /Users/cliffano/dev/workspace/swaggy-jenkins/go/generated/docs/GetMultibranchPipeline.md
[main] INFO io.swagger.codegen.AbstractGenerator - writing file /Users/cliffano/dev/workspace/swaggy-jenkins/go/generated/get_organisations.go
[main] INFO io.swagger.codegen.AbstractGenerator - writing file /Users/cliffano/dev/workspace/swaggy-jenkins/go/generated/docs/GetOrganisations.md
[main] INFO io.swagger.codegen.AbstractGenerator - writing file /Users/cliffano/dev/workspace/swaggy-jenkins/go/generated/get_pipeline_branches.go
[main] INFO io.swagger.codegen.AbstractGenerator - writing file /Users/cliffano/dev/workspace/swaggy-jenkins/go/generated/docs/GetPipelineBranches.md
[main] INFO io.swagger.codegen.AbstractGenerator - writing file /Users/cliffano/dev/workspace/swaggy-jenkins/go/generated/get_pipeline_branchesitem.go
[main] INFO io.swagger.codegen.AbstractGenerator - writing file /Users/cliffano/dev/workspace/swaggy-jenkins/go/generated/docs/GetPipelineBranchesitem.md
[main] INFO io.swagger.codegen.AbstractGenerator - writing file /Users/cliffano/dev/workspace/swaggy-jenkins/go/generated/get_pipeline_branchesitem_latest_run.go
[main] INFO io.swagger.codegen.AbstractGenerator - writing file /Users/cliffano/dev/workspace/swaggy-jenkins/go/generated/docs/GetPipelineBranchesitemLatestRun.md
[main] INFO io.swagger.codegen.AbstractGenerator - writing file /Users/cliffano/dev/workspace/swaggy-jenkins/go/generated/get_pipeline_branchesitem_pull_request.go
[main] INFO io.swagger.codegen.AbstractGenerator - writing file /Users/cliffano/dev/workspace/swaggy-jenkins/go/generated/docs/GetPipelineBranchesitemPullRequest.md
[main] INFO io.swagger.codegen.AbstractGenerator - writing file /Users/cliffano/dev/workspace/swaggy-jenkins/go/generated/get_pipeline_branchesitem_pull_request__links.go
[main] INFO io.swagger.codegen.AbstractGenerator - writing file /Users/cliffano/dev/workspace/swaggy-jenkins/go/generated/docs/GetPipelineBranchesitemPullRequestLinks.md
[main] INFO io.swagger.codegen.AbstractGenerator - writing file /Users/cliffano/dev/workspace/swaggy-jenkins/go/generated/get_pipelines.go
[main] INFO io.swagger.codegen.AbstractGenerator - writing file /Users/cliffano/dev/workspace/swaggy-jenkins/go/generated/docs/GetPipelines.md
[main] INFO io.swagger.codegen.AbstractGenerator - writing file /Users/cliffano/dev/workspace/swaggy-jenkins/go/generated/get_users.go
[main] INFO io.swagger.codegen.AbstractGenerator - writing file /Users/cliffano/dev/workspace/swaggy-jenkins/go/generated/docs/GetUsers.md
[main] INFO io.swagger.codegen.AbstractGenerator - writing file /Users/cliffano/dev/workspace/swaggy-jenkins/go/generated/hudsonmodel_all_view.go
[main] INFO io.swagger.codegen.AbstractGenerator - writing file /Users/cliffano/dev/workspace/swaggy-jenkins/go/generated/docs/HudsonmodelAllView.md
[main] INFO io.swagger.codegen.AbstractGenerator - writing file /Users/cliffano/dev/workspace/swaggy-jenkins/go/generated/hudsonmodel_cause_action.go
[main] INFO io.swagger.codegen.AbstractGenerator - writing file /Users/cliffano/dev/workspace/swaggy-jenkins/go/generated/docs/HudsonmodelCauseAction.md
[main] INFO io.swagger.codegen.AbstractGenerator - writing file /Users/cliffano/dev/workspace/swaggy-jenkins/go/generated/hudsonmodel_cause_user_id_cause.go
[main] INFO io.swagger.codegen.AbstractGenerator - writing file /Users/cliffano/dev/workspace/swaggy-jenkins/go/generated/docs/HudsonmodelCauseUserIdCause.md
[main] INFO io.swagger.codegen.AbstractGenerator - writing file /Users/cliffano/dev/workspace/swaggy-jenkins/go/generated/hudsonmodel_computer_set.go
[main] INFO io.swagger.codegen.AbstractGenerator - writing file /Users/cliffano/dev/workspace/swaggy-jenkins/go/generated/docs/HudsonmodelComputerSet.md
[main] INFO io.swagger.codegen.AbstractGenerator - writing file /Users/cliffano/dev/workspace/swaggy-jenkins/go/generated/hudsonmodel_free_style_build.go
[main] INFO io.swagger.codegen.AbstractGenerator - writing file /Users/cliffano/dev/workspace/swaggy-jenkins/go/generated/docs/HudsonmodelFreeStyleBuild.md
[main] INFO io.swagger.codegen.AbstractGenerator - writing file /Users/cliffano/dev/workspace/swaggy-jenkins/go/generated/hudsonmodel_free_style_project.go
[main] INFO io.swagger.codegen.AbstractGenerator - writing file /Users/cliffano/dev/workspace/swaggy-jenkins/go/generated/docs/HudsonmodelFreeStyleProject.md
[main] INFO io.swagger.codegen.AbstractGenerator - writing file /Users/cliffano/dev/workspace/swaggy-jenkins/go/generated/hudsonmodel_free_style_projectactions.go
[main] INFO io.swagger.codegen.AbstractGenerator - writing file /Users/cliffano/dev/workspace/swaggy-jenkins/go/generated/docs/HudsonmodelFreeStyleProjectactions.md
[main] INFO io.swagger.codegen.AbstractGenerator - writing file /Users/cliffano/dev/workspace/swaggy-jenkins/go/generated/hudsonmodel_free_style_projecthealth_report.go
[main] INFO io.swagger.codegen.AbstractGenerator - writing file /Users/cliffano/dev/workspace/swaggy-jenkins/go/generated/docs/HudsonmodelFreeStyleProjecthealthReport.md
[main] INFO io.swagger.codegen.AbstractGenerator - writing file /Users/cliffano/dev/workspace/swaggy-jenkins/go/generated/hudsonmodel_hudson.go
[main] INFO io.swagger.codegen.AbstractGenerator - writing file /Users/cliffano/dev/workspace/swaggy-jenkins/go/generated/docs/HudsonmodelHudson.md
[main] INFO io.swagger.codegen.AbstractGenerator - writing file /Users/cliffano/dev/workspace/swaggy-jenkins/go/generated/hudsonmodel_hudson_master_computer.go
[main] INFO io.swagger.codegen.AbstractGenerator - writing file /Users/cliffano/dev/workspace/swaggy-jenkins/go/generated/docs/HudsonmodelHudsonMasterComputer.md
[main] INFO io.swagger.codegen.AbstractGenerator - writing file /Users/cliffano/dev/workspace/swaggy-jenkins/go/generated/hudsonmodel_hudson_master_computer_monitor_data.go
[main] INFO io.swagger.codegen.AbstractGenerator - writing file /Users/cliffano/dev/workspace/swaggy-jenkins/go/generated/docs/HudsonmodelHudsonMasterComputerMonitorData.md
[main] INFO io.swagger.codegen.AbstractGenerator - writing file /Users/cliffano/dev/workspace/swaggy-jenkins/go/generated/hudsonmodel_hudson_master_computerexecutors.go
[main] INFO io.swagger.codegen.AbstractGenerator - writing file /Users/cliffano/dev/workspace/swaggy-jenkins/go/generated/docs/HudsonmodelHudsonMasterComputerexecutors.md
[main] INFO io.swagger.codegen.AbstractGenerator - writing file /Users/cliffano/dev/workspace/swaggy-jenkins/go/generated/hudsonmodel_hudsonassigned_labels.go
[main] INFO io.swagger.codegen.AbstractGenerator - writing file /Users/cliffano/dev/workspace/swaggy-jenkins/go/generated/docs/HudsonmodelHudsonassignedLabels.md
[main] INFO io.swagger.codegen.AbstractGenerator - writing file /Users/cliffano/dev/workspace/swaggy-jenkins/go/generated/hudsonmodel_label1.go
[main] INFO io.swagger.codegen.AbstractGenerator - writing file /Users/cliffano/dev/workspace/swaggy-jenkins/go/generated/docs/HudsonmodelLabel1.md
[main] INFO io.swagger.codegen.AbstractGenerator - writing file /Users/cliffano/dev/workspace/swaggy-jenkins/go/generated/hudsonmodel_list_view.go
[main] INFO io.swagger.codegen.AbstractGenerator - writing file /Users/cliffano/dev/workspace/swaggy-jenkins/go/generated/docs/HudsonmodelListView.md
[main] INFO io.swagger.codegen.AbstractGenerator - writing file /Users/cliffano/dev/workspace/swaggy-jenkins/go/generated/hudsonmodel_queue.go
[main] INFO io.swagger.codegen.AbstractGenerator - writing file /Users/cliffano/dev/workspace/swaggy-jenkins/go/generated/docs/HudsonmodelQueue.md
[main] INFO io.swagger.codegen.AbstractGenerator - writing file /Users/cliffano/dev/workspace/swaggy-jenkins/go/generated/hudsonmodel_queue_blocked_item.go
[main] INFO io.swagger.codegen.AbstractGenerator - writing file /Users/cliffano/dev/workspace/swaggy-jenkins/go/generated/docs/HudsonmodelQueueBlockedItem.md
[main] INFO io.swagger.codegen.AbstractGenerator - writing file /Users/cliffano/dev/workspace/swaggy-jenkins/go/generated/hudsonmodel_queue_left_item.go
[main] INFO io.swagger.codegen.AbstractGenerator - writing file /Users/cliffano/dev/workspace/swaggy-jenkins/go/generated/docs/HudsonmodelQueueLeftItem.md
[main] INFO io.swagger.codegen.AbstractGenerator - writing file /Users/cliffano/dev/workspace/swaggy-jenkins/go/generated/hudsonmodel_string_parameter_definition.go
[main] INFO io.swagger.codegen.AbstractGenerator - writing file /Users/cliffano/dev/workspace/swaggy-jenkins/go/generated/docs/HudsonmodelStringParameterDefinition.md
[main] INFO io.swagger.codegen.AbstractGenerator - writing file /Users/cliffano/dev/workspace/swaggy-jenkins/go/generated/hudsonmodel_string_parameter_value.go
[main] INFO io.swagger.codegen.AbstractGenerator - writing file /Users/cliffano/dev/workspace/swaggy-jenkins/go/generated/docs/HudsonmodelStringParameterValue.md
[main] INFO io.swagger.codegen.AbstractGenerator - writing file /Users/cliffano/dev/workspace/swaggy-jenkins/go/generated/hudsonnode_monitors_disk_space_monitor_descriptor_disk_space.go
[main] INFO io.swagger.codegen.AbstractGenerator - writing file /Users/cliffano/dev/workspace/swaggy-jenkins/go/generated/docs/HudsonnodeMonitorsDiskSpaceMonitorDescriptorDiskSpace.md
[main] INFO io.swagger.codegen.AbstractGenerator - writing file /Users/cliffano/dev/workspace/swaggy-jenkins/go/generated/hudsonnode_monitors_response_time_monitor_data.go
[main] INFO io.swagger.codegen.AbstractGenerator - writing file /Users/cliffano/dev/workspace/swaggy-jenkins/go/generated/docs/HudsonnodeMonitorsResponseTimeMonitorData.md
[main] INFO io.swagger.codegen.AbstractGenerator - writing file /Users/cliffano/dev/workspace/swaggy-jenkins/go/generated/hudsonnode_monitors_swap_space_monitor_memory_usage2.go
[main] INFO io.swagger.codegen.AbstractGenerator - writing file /Users/cliffano/dev/workspace/swaggy-jenkins/go/generated/docs/HudsonnodeMonitorsSwapSpaceMonitorMemoryUsage2.md
[main] INFO io.swagger.codegen.AbstractGenerator - writing file /Users/cliffano/dev/workspace/swaggy-jenkins/go/generated/hudsonscm_empty_change_log_set.go
[main] INFO io.swagger.codegen.AbstractGenerator - writing file /Users/cliffano/dev/workspace/swaggy-jenkins/go/generated/docs/HudsonscmEmptyChangeLogSet.md
[main] INFO io.swagger.codegen.AbstractGenerator - writing file /Users/cliffano/dev/workspace/swaggy-jenkins/go/generated/hudsonscm_null_scm.go
[main] INFO io.swagger.codegen.AbstractGenerator - writing file /Users/cliffano/dev/workspace/swaggy-jenkins/go/generated/docs/HudsonscmNullScm.md
[main] INFO io.swagger.codegen.AbstractGenerator - writing file /Users/cliffano/dev/workspace/swaggy-jenkins/go/generated/hudsonsecuritycsrf_default_crumb_issuer.go
[main] INFO io.swagger.codegen.AbstractGenerator - writing file /Users/cliffano/dev/workspace/swaggy-jenkins/go/generated/docs/HudsonsecuritycsrfDefaultCrumbIssuer.md
[main] INFO io.swagger.codegen.AbstractGenerator - writing file /Users/cliffano/dev/workspace/swaggy-jenkins/go/generated/hudsonutil_clock_difference.go
[main] INFO io.swagger.codegen.AbstractGenerator - writing file /Users/cliffano/dev/workspace/swaggy-jenkins/go/generated/docs/HudsonutilClockDifference.md
[main] INFO io.swagger.codegen.AbstractGenerator - writing file /Users/cliffano/dev/workspace/swaggy-jenkins/go/generated/iojenkinsblueoceanresthal_link.go
[main] INFO io.swagger.codegen.AbstractGenerator - writing file /Users/cliffano/dev/workspace/swaggy-jenkins/go/generated/docs/IojenkinsblueoceanresthalLink.md
[main] INFO io.swagger.codegen.AbstractGenerator - writing file /Users/cliffano/dev/workspace/swaggy-jenkins/go/generated/iojenkinsblueoceanrestimplpipeline_branch_impl.go
[main] INFO io.swagger.codegen.AbstractGenerator - writing file /Users/cliffano/dev/workspace/swaggy-jenkins/go/generated/docs/IojenkinsblueoceanrestimplpipelineBranchImpl.md
[main] INFO io.swagger.codegen.AbstractGenerator - writing file /Users/cliffano/dev/workspace/swaggy-jenkins/go/generated/iojenkinsblueoceanrestimplpipeline_branch_impl_permissions.go
[main] INFO io.swagger.codegen.AbstractGenerator - writing file /Users/cliffano/dev/workspace/swaggy-jenkins/go/generated/docs/IojenkinsblueoceanrestimplpipelineBranchImplPermissions.md
[main] INFO io.swagger.codegen.AbstractGenerator - writing file /Users/cliffano/dev/workspace/swaggy-jenkins/go/generated/iojenkinsblueoceanserviceembeddedrest_extension_class_container_impl1.go
[main] INFO io.swagger.codegen.AbstractGenerator - writing file /Users/cliffano/dev/workspace/swaggy-jenkins/go/generated/docs/IojenkinsblueoceanserviceembeddedrestExtensionClassContainerImpl1.md
[main] INFO io.swagger.codegen.AbstractGenerator - writing file /Users/cliffano/dev/workspace/swaggy-jenkins/go/generated/iojenkinsblueoceanserviceembeddedrest_extension_class_container_impl1__links.go
[main] INFO io.swagger.codegen.AbstractGenerator - writing file /Users/cliffano/dev/workspace/swaggy-jenkins/go/generated/docs/IojenkinsblueoceanserviceembeddedrestExtensionClassContainerImpl1Links.md
[main] INFO io.swagger.codegen.AbstractGenerator - writing file /Users/cliffano/dev/workspace/swaggy-jenkins/go/generated/iojenkinsblueoceanserviceembeddedrest_extension_class_container_impl1_map.go
[main] INFO io.swagger.codegen.AbstractGenerator - writing file /Users/cliffano/dev/workspace/swaggy-jenkins/go/generated/docs/IojenkinsblueoceanserviceembeddedrestExtensionClassContainerImpl1Map.md
[main] INFO io.swagger.codegen.AbstractGenerator - writing file /Users/cliffano/dev/workspace/swaggy-jenkins/go/generated/iojenkinsblueoceanserviceembeddedrest_extension_class_impl.go
[main] INFO io.swagger.codegen.AbstractGenerator - writing file /Users/cliffano/dev/workspace/swaggy-jenkins/go/generated/docs/IojenkinsblueoceanserviceembeddedrestExtensionClassImpl.md
[main] INFO io.swagger.codegen.AbstractGenerator - writing file /Users/cliffano/dev/workspace/swaggy-jenkins/go/generated/iojenkinsblueoceanserviceembeddedrest_extension_class_impl__links.go
[main] INFO io.swagger.codegen.AbstractGenerator - writing file /Users/cliffano/dev/workspace/swaggy-jenkins/go/generated/docs/IojenkinsblueoceanserviceembeddedrestExtensionClassImplLinks.md
[main] INFO io.swagger.codegen.AbstractGenerator - writing file /Users/cliffano/dev/workspace/swaggy-jenkins/go/generated/iojenkinsblueoceanserviceembeddedrest_pipeline_folder_impl.go
[main] INFO io.swagger.codegen.AbstractGenerator - writing file /Users/cliffano/dev/workspace/swaggy-jenkins/go/generated/docs/IojenkinsblueoceanserviceembeddedrestPipelineFolderImpl.md
[main] INFO io.swagger.codegen.AbstractGenerator - writing file /Users/cliffano/dev/workspace/swaggy-jenkins/go/generated/iojenkinsblueoceanserviceembeddedrest_pipeline_impl.go
[main] INFO io.swagger.codegen.AbstractGenerator - writing file /Users/cliffano/dev/workspace/swaggy-jenkins/go/generated/docs/IojenkinsblueoceanserviceembeddedrestPipelineImpl.md
[main] INFO io.swagger.codegen.AbstractGenerator - writing file /Users/cliffano/dev/workspace/swaggy-jenkins/go/generated/jenkinsmodel_unlabeled_load_statistics.go
[main] INFO io.swagger.codegen.AbstractGenerator - writing file /Users/cliffano/dev/workspace/swaggy-jenkins/go/generated/docs/JenkinsmodelUnlabeledLoadStatistics.md
[main] INFO io.swagger.codegen.AbstractGenerator - writing file /Users/cliffano/dev/workspace/swaggy-jenkins/go/generated/swaggyjenkins_organisation.go
[main] INFO io.swagger.codegen.AbstractGenerator - writing file /Users/cliffano/dev/workspace/swaggy-jenkins/go/generated/docs/SwaggyjenkinsOrganisation.md
[main] INFO io.swagger.codegen.AbstractGenerator - writing file /Users/cliffano/dev/workspace/swaggy-jenkins/go/generated/swaggyjenkins_pipeline.go
[main] INFO io.swagger.codegen.AbstractGenerator - writing file /Users/cliffano/dev/workspace/swaggy-jenkins/go/generated/docs/SwaggyjenkinsPipeline.md
[main] INFO io.swagger.codegen.AbstractGenerator - writing file /Users/cliffano/dev/workspace/swaggy-jenkins/go/generated/swaggyjenkins_pipeline_latest_run.go
[main] INFO io.swagger.codegen.AbstractGenerator - writing file /Users/cliffano/dev/workspace/swaggy-jenkins/go/generated/docs/SwaggyjenkinsPipelineLatestRun.md
[main] INFO io.swagger.codegen.AbstractGenerator - writing file /Users/cliffano/dev/workspace/swaggy-jenkins/go/generated/swaggyjenkins_pipeline_latest_runartifacts.go
[main] INFO io.swagger.codegen.AbstractGenerator - writing file /Users/cliffano/dev/workspace/swaggy-jenkins/go/generated/docs/SwaggyjenkinsPipelineLatestRunartifacts.md
[main] INFO io.swagger.codegen.AbstractGenerator - writing file /Users/cliffano/dev/workspace/swaggy-jenkins/go/generated/swaggyjenkins_user.go
[main] INFO io.swagger.codegen.AbstractGenerator - writing file /Users/cliffano/dev/workspace/swaggy-jenkins/go/generated/docs/SwaggyjenkinsUser.md
[main] WARN io.swagger.codegen.DefaultCodegen - generated unique operationId `Search_0`
[main] WARN io.swagger.codegen.DefaultCodegen - generated unique operationId `GetPipelineFolderByOrg_0`
[main] INFO io.swagger.codegen.AbstractGenerator - writing file /Users/cliffano/dev/workspace/swaggy-jenkins/go/generated/blue_ocean_api.go
[main] INFO io.swagger.codegen.AbstractGenerator - writing file /Users/cliffano/dev/workspace/swaggy-jenkins/go/generated/docs/BlueOceanApi.md
[main] INFO io.swagger.codegen.AbstractGenerator - writing file /Users/cliffano/dev/workspace/swaggy-jenkins/go/generated/remote_access_api.go
[main] INFO io.swagger.codegen.AbstractGenerator - writing file /Users/cliffano/dev/workspace/swaggy-jenkins/go/generated/docs/RemoteAccessApi.md
[main] INFO io.swagger.codegen.AbstractGenerator - writing file /Users/cliffano/dev/workspace/swaggy-jenkins/go/generated/README.md
[main] INFO io.swagger.codegen.AbstractGenerator - writing file /Users/cliffano/dev/workspace/swaggy-jenkins/go/generated/git_push.sh
[main] INFO io.swagger.codegen.AbstractGenerator - writing file /Users/cliffano/dev/workspace/swaggy-jenkins/go/generated/.gitignore
[main] INFO io.swagger.codegen.AbstractGenerator - writing file /Users/cliffano/dev/workspace/swaggy-jenkins/go/generated/configuration.go
[main] INFO io.swagger.codegen.AbstractGenerator - writing file /Users/cliffano/dev/workspace/swaggy-jenkins/go/generated/api_client.go
[main] INFO io.swagger.codegen.AbstractGenerator - writing file /Users/cliffano/dev/workspace/swaggy-jenkins/go/generated/api_response.go
[main] INFO io.swagger.codegen.DefaultGenerator - writing file /Users/cliffano/dev/workspace/swaggy-jenkins/go/generated/.travis.yml
[main] INFO io.swagger.codegen.AbstractGenerator - writing file /Users/cliffano/dev/workspace/swaggy-jenkins/go/generated/.swagger-codegen-ignore
[main] INFO io.swagger.codegen.AbstractGenerator - writing file /Users/cliffano/dev/workspace/swaggy-jenkins/go/generated/.swagger-codegen/VERSION
