[main] ERROR io.swagger.codegen.config.CodegenConfigurator - Unable to deserialize config file: csharp/conf.json
java.io.FileNotFoundException: csharp/conf.json (No such file or directory)
	at java.io.FileInputStream.open0(Native Method)
	at java.io.FileInputStream.open(FileInputStream.java:195)
	at java.io.FileInputStream.<init>(FileInputStream.java:138)
	at com.fasterxml.jackson.core.JsonFactory.createParser(JsonFactory.java:756)
	at com.fasterxml.jackson.databind.ObjectMapper.readValue(ObjectMapper.java:2740)
	at io.swagger.codegen.config.CodegenConfigurator.fromFile(CodegenConfigurator.java:507)
	at io.swagger.codegen.cmd.Generate.run(Generate.java:135)
	at io.swagger.codegen.SwaggerCodegen.main(SwaggerCodegen.java:43)
[main] INFO io.swagger.parser.Swagger20Parser - reading from _spec/jenkins-api.yml
[main] WARN io.swagger.codegen.ignore.CodegenIgnoreProcessor - Output directory does not exist, or is inaccessible. No file (.swager-codegen-ignore) will be evaluated.
[main] INFO io.swagger.codegen.languages.CSharpClientCodegen - Generating code for .NET Framework v4.5
[main] INFO io.swagger.codegen.AbstractGenerator - writing file /Users/cliffano/dev/workspace/swaggy-jenkins/csharp/generated/src/IO.Swagger/Model/GetClassesByClass.cs
[main] INFO io.swagger.codegen.AbstractGenerator - writing file /Users/cliffano/dev/workspace/swaggy-jenkins/csharp/generated/src/IO.Swagger.Test/Model/GetClassesByClassTests.cs
[main] INFO io.swagger.codegen.AbstractGenerator - writing file /Users/cliffano/dev/workspace/swaggy-jenkins/csharp/generated/docs/GetClassesByClass.md
[main] INFO io.swagger.codegen.AbstractGenerator - writing file /Users/cliffano/dev/workspace/swaggy-jenkins/csharp/generated/src/IO.Swagger/Model/GetMultibranchPipeline.cs
[main] INFO io.swagger.codegen.AbstractGenerator - writing file /Users/cliffano/dev/workspace/swaggy-jenkins/csharp/generated/src/IO.Swagger.Test/Model/GetMultibranchPipelineTests.cs
[main] INFO io.swagger.codegen.AbstractGenerator - writing file /Users/cliffano/dev/workspace/swaggy-jenkins/csharp/generated/docs/GetMultibranchPipeline.md
[main] INFO io.swagger.codegen.AbstractGenerator - writing file /Users/cliffano/dev/workspace/swaggy-jenkins/csharp/generated/src/IO.Swagger/Model/GetOrganisations.cs
[main] INFO io.swagger.codegen.AbstractGenerator - writing file /Users/cliffano/dev/workspace/swaggy-jenkins/csharp/generated/src/IO.Swagger.Test/Model/GetOrganisationsTests.cs
[main] INFO io.swagger.codegen.AbstractGenerator - writing file /Users/cliffano/dev/workspace/swaggy-jenkins/csharp/generated/docs/GetOrganisations.md
[main] INFO io.swagger.codegen.AbstractGenerator - writing file /Users/cliffano/dev/workspace/swaggy-jenkins/csharp/generated/src/IO.Swagger/Model/GetPipelineBranches.cs
[main] INFO io.swagger.codegen.AbstractGenerator - writing file /Users/cliffano/dev/workspace/swaggy-jenkins/csharp/generated/src/IO.Swagger.Test/Model/GetPipelineBranchesTests.cs
[main] INFO io.swagger.codegen.AbstractGenerator - writing file /Users/cliffano/dev/workspace/swaggy-jenkins/csharp/generated/docs/GetPipelineBranches.md
[main] INFO io.swagger.codegen.AbstractGenerator - writing file /Users/cliffano/dev/workspace/swaggy-jenkins/csharp/generated/src/IO.Swagger/Model/GetPipelineBranchesitem.cs
[main] INFO io.swagger.codegen.AbstractGenerator - writing file /Users/cliffano/dev/workspace/swaggy-jenkins/csharp/generated/src/IO.Swagger.Test/Model/GetPipelineBranchesitemTests.cs
[main] INFO io.swagger.codegen.AbstractGenerator - writing file /Users/cliffano/dev/workspace/swaggy-jenkins/csharp/generated/docs/GetPipelineBranchesitem.md
[main] INFO io.swagger.codegen.AbstractGenerator - writing file /Users/cliffano/dev/workspace/swaggy-jenkins/csharp/generated/src/IO.Swagger/Model/GetPipelineBranchesitemLatestRun.cs
[main] INFO io.swagger.codegen.AbstractGenerator - writing file /Users/cliffano/dev/workspace/swaggy-jenkins/csharp/generated/src/IO.Swagger.Test/Model/GetPipelineBranchesitemLatestRunTests.cs
[main] INFO io.swagger.codegen.AbstractGenerator - writing file /Users/cliffano/dev/workspace/swaggy-jenkins/csharp/generated/docs/GetPipelineBranchesitemLatestRun.md
[main] INFO io.swagger.codegen.AbstractGenerator - writing file /Users/cliffano/dev/workspace/swaggy-jenkins/csharp/generated/src/IO.Swagger/Model/GetPipelineBranchesitemPullRequest.cs
[main] INFO io.swagger.codegen.AbstractGenerator - writing file /Users/cliffano/dev/workspace/swaggy-jenkins/csharp/generated/src/IO.Swagger.Test/Model/GetPipelineBranchesitemPullRequestTests.cs
[main] INFO io.swagger.codegen.AbstractGenerator - writing file /Users/cliffano/dev/workspace/swaggy-jenkins/csharp/generated/docs/GetPipelineBranchesitemPullRequest.md
[main] INFO io.swagger.codegen.AbstractGenerator - writing file /Users/cliffano/dev/workspace/swaggy-jenkins/csharp/generated/src/IO.Swagger/Model/GetPipelineBranchesitemPullRequestLinks.cs
[main] INFO io.swagger.codegen.AbstractGenerator - writing file /Users/cliffano/dev/workspace/swaggy-jenkins/csharp/generated/src/IO.Swagger.Test/Model/GetPipelineBranchesitemPullRequestLinksTests.cs
[main] INFO io.swagger.codegen.AbstractGenerator - writing file /Users/cliffano/dev/workspace/swaggy-jenkins/csharp/generated/docs/GetPipelineBranchesitemPullRequestLinks.md
[main] INFO io.swagger.codegen.AbstractGenerator - writing file /Users/cliffano/dev/workspace/swaggy-jenkins/csharp/generated/src/IO.Swagger/Model/GetPipelines.cs
[main] INFO io.swagger.codegen.AbstractGenerator - writing file /Users/cliffano/dev/workspace/swaggy-jenkins/csharp/generated/src/IO.Swagger.Test/Model/GetPipelinesTests.cs
[main] INFO io.swagger.codegen.AbstractGenerator - writing file /Users/cliffano/dev/workspace/swaggy-jenkins/csharp/generated/docs/GetPipelines.md
[main] INFO io.swagger.codegen.AbstractGenerator - writing file /Users/cliffano/dev/workspace/swaggy-jenkins/csharp/generated/src/IO.Swagger/Model/GetUsers.cs
[main] INFO io.swagger.codegen.AbstractGenerator - writing file /Users/cliffano/dev/workspace/swaggy-jenkins/csharp/generated/src/IO.Swagger.Test/Model/GetUsersTests.cs
[main] INFO io.swagger.codegen.AbstractGenerator - writing file /Users/cliffano/dev/workspace/swaggy-jenkins/csharp/generated/docs/GetUsers.md
[main] INFO io.swagger.codegen.AbstractGenerator - writing file /Users/cliffano/dev/workspace/swaggy-jenkins/csharp/generated/src/IO.Swagger/Model/HudsonmodelAllView.cs
[main] INFO io.swagger.codegen.AbstractGenerator - writing file /Users/cliffano/dev/workspace/swaggy-jenkins/csharp/generated/src/IO.Swagger.Test/Model/HudsonmodelAllViewTests.cs
[main] INFO io.swagger.codegen.AbstractGenerator - writing file /Users/cliffano/dev/workspace/swaggy-jenkins/csharp/generated/docs/HudsonmodelAllView.md
[main] INFO io.swagger.codegen.AbstractGenerator - writing file /Users/cliffano/dev/workspace/swaggy-jenkins/csharp/generated/src/IO.Swagger/Model/HudsonmodelCauseAction.cs
[main] INFO io.swagger.codegen.AbstractGenerator - writing file /Users/cliffano/dev/workspace/swaggy-jenkins/csharp/generated/src/IO.Swagger.Test/Model/HudsonmodelCauseActionTests.cs
[main] INFO io.swagger.codegen.AbstractGenerator - writing file /Users/cliffano/dev/workspace/swaggy-jenkins/csharp/generated/docs/HudsonmodelCauseAction.md
[main] INFO io.swagger.codegen.AbstractGenerator - writing file /Users/cliffano/dev/workspace/swaggy-jenkins/csharp/generated/src/IO.Swagger/Model/HudsonmodelCauseUserIdCause.cs
[main] INFO io.swagger.codegen.AbstractGenerator - writing file /Users/cliffano/dev/workspace/swaggy-jenkins/csharp/generated/src/IO.Swagger.Test/Model/HudsonmodelCauseUserIdCauseTests.cs
[main] INFO io.swagger.codegen.AbstractGenerator - writing file /Users/cliffano/dev/workspace/swaggy-jenkins/csharp/generated/docs/HudsonmodelCauseUserIdCause.md
[main] INFO io.swagger.codegen.AbstractGenerator - writing file /Users/cliffano/dev/workspace/swaggy-jenkins/csharp/generated/src/IO.Swagger/Model/HudsonmodelComputerSet.cs
[main] INFO io.swagger.codegen.AbstractGenerator - writing file /Users/cliffano/dev/workspace/swaggy-jenkins/csharp/generated/src/IO.Swagger.Test/Model/HudsonmodelComputerSetTests.cs
[main] INFO io.swagger.codegen.AbstractGenerator - writing file /Users/cliffano/dev/workspace/swaggy-jenkins/csharp/generated/docs/HudsonmodelComputerSet.md
[main] INFO io.swagger.codegen.AbstractGenerator - writing file /Users/cliffano/dev/workspace/swaggy-jenkins/csharp/generated/src/IO.Swagger/Model/HudsonmodelFreeStyleBuild.cs
[main] INFO io.swagger.codegen.AbstractGenerator - writing file /Users/cliffano/dev/workspace/swaggy-jenkins/csharp/generated/src/IO.Swagger.Test/Model/HudsonmodelFreeStyleBuildTests.cs
[main] INFO io.swagger.codegen.AbstractGenerator - writing file /Users/cliffano/dev/workspace/swaggy-jenkins/csharp/generated/docs/HudsonmodelFreeStyleBuild.md
[main] INFO io.swagger.codegen.AbstractGenerator - writing file /Users/cliffano/dev/workspace/swaggy-jenkins/csharp/generated/src/IO.Swagger/Model/HudsonmodelFreeStyleProject.cs
[main] INFO io.swagger.codegen.AbstractGenerator - writing file /Users/cliffano/dev/workspace/swaggy-jenkins/csharp/generated/src/IO.Swagger.Test/Model/HudsonmodelFreeStyleProjectTests.cs
[main] INFO io.swagger.codegen.AbstractGenerator - writing file /Users/cliffano/dev/workspace/swaggy-jenkins/csharp/generated/docs/HudsonmodelFreeStyleProject.md
[main] INFO io.swagger.codegen.AbstractGenerator - writing file /Users/cliffano/dev/workspace/swaggy-jenkins/csharp/generated/src/IO.Swagger/Model/HudsonmodelFreeStyleProjectactions.cs
[main] INFO io.swagger.codegen.AbstractGenerator - writing file /Users/cliffano/dev/workspace/swaggy-jenkins/csharp/generated/src/IO.Swagger.Test/Model/HudsonmodelFreeStyleProjectactionsTests.cs
[main] INFO io.swagger.codegen.AbstractGenerator - writing file /Users/cliffano/dev/workspace/swaggy-jenkins/csharp/generated/docs/HudsonmodelFreeStyleProjectactions.md
[main] INFO io.swagger.codegen.AbstractGenerator - writing file /Users/cliffano/dev/workspace/swaggy-jenkins/csharp/generated/src/IO.Swagger/Model/HudsonmodelFreeStyleProjecthealthReport.cs
[main] INFO io.swagger.codegen.AbstractGenerator - writing file /Users/cliffano/dev/workspace/swaggy-jenkins/csharp/generated/src/IO.Swagger.Test/Model/HudsonmodelFreeStyleProjecthealthReportTests.cs
[main] INFO io.swagger.codegen.AbstractGenerator - writing file /Users/cliffano/dev/workspace/swaggy-jenkins/csharp/generated/docs/HudsonmodelFreeStyleProjecthealthReport.md
[main] INFO io.swagger.codegen.AbstractGenerator - writing file /Users/cliffano/dev/workspace/swaggy-jenkins/csharp/generated/src/IO.Swagger/Model/HudsonmodelHudson.cs
[main] INFO io.swagger.codegen.AbstractGenerator - writing file /Users/cliffano/dev/workspace/swaggy-jenkins/csharp/generated/src/IO.Swagger.Test/Model/HudsonmodelHudsonTests.cs
[main] INFO io.swagger.codegen.AbstractGenerator - writing file /Users/cliffano/dev/workspace/swaggy-jenkins/csharp/generated/docs/HudsonmodelHudson.md
[main] INFO io.swagger.codegen.AbstractGenerator - writing file /Users/cliffano/dev/workspace/swaggy-jenkins/csharp/generated/src/IO.Swagger/Model/HudsonmodelHudsonMasterComputer.cs
[main] INFO io.swagger.codegen.AbstractGenerator - writing file /Users/cliffano/dev/workspace/swaggy-jenkins/csharp/generated/src/IO.Swagger.Test/Model/HudsonmodelHudsonMasterComputerTests.cs
[main] INFO io.swagger.codegen.AbstractGenerator - writing file /Users/cliffano/dev/workspace/swaggy-jenkins/csharp/generated/docs/HudsonmodelHudsonMasterComputer.md
[main] INFO io.swagger.codegen.AbstractGenerator - writing file /Users/cliffano/dev/workspace/swaggy-jenkins/csharp/generated/src/IO.Swagger/Model/HudsonmodelHudsonMasterComputerMonitorData.cs
[main] INFO io.swagger.codegen.AbstractGenerator - writing file /Users/cliffano/dev/workspace/swaggy-jenkins/csharp/generated/src/IO.Swagger.Test/Model/HudsonmodelHudsonMasterComputerMonitorDataTests.cs
[main] INFO io.swagger.codegen.AbstractGenerator - writing file /Users/cliffano/dev/workspace/swaggy-jenkins/csharp/generated/docs/HudsonmodelHudsonMasterComputerMonitorData.md
[main] INFO io.swagger.codegen.AbstractGenerator - writing file /Users/cliffano/dev/workspace/swaggy-jenkins/csharp/generated/src/IO.Swagger/Model/HudsonmodelHudsonMasterComputerexecutors.cs
[main] INFO io.swagger.codegen.AbstractGenerator - writing file /Users/cliffano/dev/workspace/swaggy-jenkins/csharp/generated/src/IO.Swagger.Test/Model/HudsonmodelHudsonMasterComputerexecutorsTests.cs
[main] INFO io.swagger.codegen.AbstractGenerator - writing file /Users/cliffano/dev/workspace/swaggy-jenkins/csharp/generated/docs/HudsonmodelHudsonMasterComputerexecutors.md
[main] INFO io.swagger.codegen.AbstractGenerator - writing file /Users/cliffano/dev/workspace/swaggy-jenkins/csharp/generated/src/IO.Swagger/Model/HudsonmodelHudsonassignedLabels.cs
[main] INFO io.swagger.codegen.AbstractGenerator - writing file /Users/cliffano/dev/workspace/swaggy-jenkins/csharp/generated/src/IO.Swagger.Test/Model/HudsonmodelHudsonassignedLabelsTests.cs
[main] INFO io.swagger.codegen.AbstractGenerator - writing file /Users/cliffano/dev/workspace/swaggy-jenkins/csharp/generated/docs/HudsonmodelHudsonassignedLabels.md
[main] INFO io.swagger.codegen.AbstractGenerator - writing file /Users/cliffano/dev/workspace/swaggy-jenkins/csharp/generated/src/IO.Swagger/Model/HudsonmodelLabel1.cs
[main] INFO io.swagger.codegen.AbstractGenerator - writing file /Users/cliffano/dev/workspace/swaggy-jenkins/csharp/generated/src/IO.Swagger.Test/Model/HudsonmodelLabel1Tests.cs
[main] INFO io.swagger.codegen.AbstractGenerator - writing file /Users/cliffano/dev/workspace/swaggy-jenkins/csharp/generated/docs/HudsonmodelLabel1.md
[main] INFO io.swagger.codegen.AbstractGenerator - writing file /Users/cliffano/dev/workspace/swaggy-jenkins/csharp/generated/src/IO.Swagger/Model/HudsonmodelListView.cs
[main] INFO io.swagger.codegen.AbstractGenerator - writing file /Users/cliffano/dev/workspace/swaggy-jenkins/csharp/generated/src/IO.Swagger.Test/Model/HudsonmodelListViewTests.cs
[main] INFO io.swagger.codegen.AbstractGenerator - writing file /Users/cliffano/dev/workspace/swaggy-jenkins/csharp/generated/docs/HudsonmodelListView.md
[main] INFO io.swagger.codegen.AbstractGenerator - writing file /Users/cliffano/dev/workspace/swaggy-jenkins/csharp/generated/src/IO.Swagger/Model/HudsonmodelQueue.cs
[main] INFO io.swagger.codegen.AbstractGenerator - writing file /Users/cliffano/dev/workspace/swaggy-jenkins/csharp/generated/src/IO.Swagger.Test/Model/HudsonmodelQueueTests.cs
[main] INFO io.swagger.codegen.AbstractGenerator - writing file /Users/cliffano/dev/workspace/swaggy-jenkins/csharp/generated/docs/HudsonmodelQueue.md
[main] INFO io.swagger.codegen.AbstractGenerator - writing file /Users/cliffano/dev/workspace/swaggy-jenkins/csharp/generated/src/IO.Swagger/Model/HudsonmodelQueueBlockedItem.cs
[main] INFO io.swagger.codegen.AbstractGenerator - writing file /Users/cliffano/dev/workspace/swaggy-jenkins/csharp/generated/src/IO.Swagger.Test/Model/HudsonmodelQueueBlockedItemTests.cs
[main] INFO io.swagger.codegen.AbstractGenerator - writing file /Users/cliffano/dev/workspace/swaggy-jenkins/csharp/generated/docs/HudsonmodelQueueBlockedItem.md
[main] INFO io.swagger.codegen.AbstractGenerator - writing file /Users/cliffano/dev/workspace/swaggy-jenkins/csharp/generated/src/IO.Swagger/Model/HudsonmodelQueueLeftItem.cs
[main] INFO io.swagger.codegen.AbstractGenerator - writing file /Users/cliffano/dev/workspace/swaggy-jenkins/csharp/generated/src/IO.Swagger.Test/Model/HudsonmodelQueueLeftItemTests.cs
[main] INFO io.swagger.codegen.AbstractGenerator - writing file /Users/cliffano/dev/workspace/swaggy-jenkins/csharp/generated/docs/HudsonmodelQueueLeftItem.md
[main] INFO io.swagger.codegen.AbstractGenerator - writing file /Users/cliffano/dev/workspace/swaggy-jenkins/csharp/generated/src/IO.Swagger/Model/HudsonmodelStringParameterDefinition.cs
[main] INFO io.swagger.codegen.AbstractGenerator - writing file /Users/cliffano/dev/workspace/swaggy-jenkins/csharp/generated/src/IO.Swagger.Test/Model/HudsonmodelStringParameterDefinitionTests.cs
[main] INFO io.swagger.codegen.AbstractGenerator - writing file /Users/cliffano/dev/workspace/swaggy-jenkins/csharp/generated/docs/HudsonmodelStringParameterDefinition.md
[main] INFO io.swagger.codegen.AbstractGenerator - writing file /Users/cliffano/dev/workspace/swaggy-jenkins/csharp/generated/src/IO.Swagger/Model/HudsonmodelStringParameterValue.cs
[main] INFO io.swagger.codegen.AbstractGenerator - writing file /Users/cliffano/dev/workspace/swaggy-jenkins/csharp/generated/src/IO.Swagger.Test/Model/HudsonmodelStringParameterValueTests.cs
[main] INFO io.swagger.codegen.AbstractGenerator - writing file /Users/cliffano/dev/workspace/swaggy-jenkins/csharp/generated/docs/HudsonmodelStringParameterValue.md
[main] INFO io.swagger.codegen.AbstractGenerator - writing file /Users/cliffano/dev/workspace/swaggy-jenkins/csharp/generated/src/IO.Swagger/Model/HudsonnodeMonitorsDiskSpaceMonitorDescriptorDiskSpace.cs
[main] INFO io.swagger.codegen.AbstractGenerator - writing file /Users/cliffano/dev/workspace/swaggy-jenkins/csharp/generated/src/IO.Swagger.Test/Model/HudsonnodeMonitorsDiskSpaceMonitorDescriptorDiskSpaceTests.cs
[main] INFO io.swagger.codegen.AbstractGenerator - writing file /Users/cliffano/dev/workspace/swaggy-jenkins/csharp/generated/docs/HudsonnodeMonitorsDiskSpaceMonitorDescriptorDiskSpace.md
[main] INFO io.swagger.codegen.AbstractGenerator - writing file /Users/cliffano/dev/workspace/swaggy-jenkins/csharp/generated/src/IO.Swagger/Model/HudsonnodeMonitorsResponseTimeMonitorData.cs
[main] INFO io.swagger.codegen.AbstractGenerator - writing file /Users/cliffano/dev/workspace/swaggy-jenkins/csharp/generated/src/IO.Swagger.Test/Model/HudsonnodeMonitorsResponseTimeMonitorDataTests.cs
[main] INFO io.swagger.codegen.AbstractGenerator - writing file /Users/cliffano/dev/workspace/swaggy-jenkins/csharp/generated/docs/HudsonnodeMonitorsResponseTimeMonitorData.md
[main] INFO io.swagger.codegen.AbstractGenerator - writing file /Users/cliffano/dev/workspace/swaggy-jenkins/csharp/generated/src/IO.Swagger/Model/HudsonnodeMonitorsSwapSpaceMonitorMemoryUsage2.cs
[main] INFO io.swagger.codegen.AbstractGenerator - writing file /Users/cliffano/dev/workspace/swaggy-jenkins/csharp/generated/src/IO.Swagger.Test/Model/HudsonnodeMonitorsSwapSpaceMonitorMemoryUsage2Tests.cs
[main] INFO io.swagger.codegen.AbstractGenerator - writing file /Users/cliffano/dev/workspace/swaggy-jenkins/csharp/generated/docs/HudsonnodeMonitorsSwapSpaceMonitorMemoryUsage2.md
[main] INFO io.swagger.codegen.AbstractGenerator - writing file /Users/cliffano/dev/workspace/swaggy-jenkins/csharp/generated/src/IO.Swagger/Model/HudsonscmEmptyChangeLogSet.cs
[main] INFO io.swagger.codegen.AbstractGenerator - writing file /Users/cliffano/dev/workspace/swaggy-jenkins/csharp/generated/src/IO.Swagger.Test/Model/HudsonscmEmptyChangeLogSetTests.cs
[main] INFO io.swagger.codegen.AbstractGenerator - writing file /Users/cliffano/dev/workspace/swaggy-jenkins/csharp/generated/docs/HudsonscmEmptyChangeLogSet.md
[main] INFO io.swagger.codegen.AbstractGenerator - writing file /Users/cliffano/dev/workspace/swaggy-jenkins/csharp/generated/src/IO.Swagger/Model/HudsonscmNullSCM.cs
[main] INFO io.swagger.codegen.AbstractGenerator - writing file /Users/cliffano/dev/workspace/swaggy-jenkins/csharp/generated/src/IO.Swagger.Test/Model/HudsonscmNullSCMTests.cs
[main] INFO io.swagger.codegen.AbstractGenerator - writing file /Users/cliffano/dev/workspace/swaggy-jenkins/csharp/generated/docs/HudsonscmNullSCM.md
[main] INFO io.swagger.codegen.AbstractGenerator - writing file /Users/cliffano/dev/workspace/swaggy-jenkins/csharp/generated/src/IO.Swagger/Model/HudsonsecuritycsrfDefaultCrumbIssuer.cs
[main] INFO io.swagger.codegen.AbstractGenerator - writing file /Users/cliffano/dev/workspace/swaggy-jenkins/csharp/generated/src/IO.Swagger.Test/Model/HudsonsecuritycsrfDefaultCrumbIssuerTests.cs
[main] INFO io.swagger.codegen.AbstractGenerator - writing file /Users/cliffano/dev/workspace/swaggy-jenkins/csharp/generated/docs/HudsonsecuritycsrfDefaultCrumbIssuer.md
[main] INFO io.swagger.codegen.AbstractGenerator - writing file /Users/cliffano/dev/workspace/swaggy-jenkins/csharp/generated/src/IO.Swagger/Model/HudsonutilClockDifference.cs
[main] INFO io.swagger.codegen.AbstractGenerator - writing file /Users/cliffano/dev/workspace/swaggy-jenkins/csharp/generated/src/IO.Swagger.Test/Model/HudsonutilClockDifferenceTests.cs
[main] INFO io.swagger.codegen.AbstractGenerator - writing file /Users/cliffano/dev/workspace/swaggy-jenkins/csharp/generated/docs/HudsonutilClockDifference.md
[main] INFO io.swagger.codegen.AbstractGenerator - writing file /Users/cliffano/dev/workspace/swaggy-jenkins/csharp/generated/src/IO.Swagger/Model/IojenkinsblueoceanresthalLink.cs
[main] INFO io.swagger.codegen.AbstractGenerator - writing file /Users/cliffano/dev/workspace/swaggy-jenkins/csharp/generated/src/IO.Swagger.Test/Model/IojenkinsblueoceanresthalLinkTests.cs
[main] INFO io.swagger.codegen.AbstractGenerator - writing file /Users/cliffano/dev/workspace/swaggy-jenkins/csharp/generated/docs/IojenkinsblueoceanresthalLink.md
[main] INFO io.swagger.codegen.AbstractGenerator - writing file /Users/cliffano/dev/workspace/swaggy-jenkins/csharp/generated/src/IO.Swagger/Model/IojenkinsblueoceanrestimplpipelineBranchImpl.cs
[main] INFO io.swagger.codegen.AbstractGenerator - writing file /Users/cliffano/dev/workspace/swaggy-jenkins/csharp/generated/src/IO.Swagger.Test/Model/IojenkinsblueoceanrestimplpipelineBranchImplTests.cs
[main] INFO io.swagger.codegen.AbstractGenerator - writing file /Users/cliffano/dev/workspace/swaggy-jenkins/csharp/generated/docs/IojenkinsblueoceanrestimplpipelineBranchImpl.md
[main] INFO io.swagger.codegen.AbstractGenerator - writing file /Users/cliffano/dev/workspace/swaggy-jenkins/csharp/generated/src/IO.Swagger/Model/IojenkinsblueoceanrestimplpipelineBranchImplPermissions.cs
[main] INFO io.swagger.codegen.AbstractGenerator - writing file /Users/cliffano/dev/workspace/swaggy-jenkins/csharp/generated/src/IO.Swagger.Test/Model/IojenkinsblueoceanrestimplpipelineBranchImplPermissionsTests.cs
[main] INFO io.swagger.codegen.AbstractGenerator - writing file /Users/cliffano/dev/workspace/swaggy-jenkins/csharp/generated/docs/IojenkinsblueoceanrestimplpipelineBranchImplPermissions.md
[main] INFO io.swagger.codegen.AbstractGenerator - writing file /Users/cliffano/dev/workspace/swaggy-jenkins/csharp/generated/src/IO.Swagger/Model/IojenkinsblueoceanserviceembeddedrestExtensionClassContainerImpl1.cs
[main] INFO io.swagger.codegen.AbstractGenerator - writing file /Users/cliffano/dev/workspace/swaggy-jenkins/csharp/generated/src/IO.Swagger.Test/Model/IojenkinsblueoceanserviceembeddedrestExtensionClassContainerImpl1Tests.cs
[main] INFO io.swagger.codegen.AbstractGenerator - writing file /Users/cliffano/dev/workspace/swaggy-jenkins/csharp/generated/docs/IojenkinsblueoceanserviceembeddedrestExtensionClassContainerImpl1.md
[main] INFO io.swagger.codegen.AbstractGenerator - writing file /Users/cliffano/dev/workspace/swaggy-jenkins/csharp/generated/src/IO.Swagger/Model/IojenkinsblueoceanserviceembeddedrestExtensionClassContainerImpl1Links.cs
[main] INFO io.swagger.codegen.AbstractGenerator - writing file /Users/cliffano/dev/workspace/swaggy-jenkins/csharp/generated/src/IO.Swagger.Test/Model/IojenkinsblueoceanserviceembeddedrestExtensionClassContainerImpl1LinksTests.cs
[main] INFO io.swagger.codegen.AbstractGenerator - writing file /Users/cliffano/dev/workspace/swaggy-jenkins/csharp/generated/docs/IojenkinsblueoceanserviceembeddedrestExtensionClassContainerImpl1Links.md
[main] INFO io.swagger.codegen.AbstractGenerator - writing file /Users/cliffano/dev/workspace/swaggy-jenkins/csharp/generated/src/IO.Swagger/Model/IojenkinsblueoceanserviceembeddedrestExtensionClassContainerImpl1Map.cs
[main] INFO io.swagger.codegen.AbstractGenerator - writing file /Users/cliffano/dev/workspace/swaggy-jenkins/csharp/generated/src/IO.Swagger.Test/Model/IojenkinsblueoceanserviceembeddedrestExtensionClassContainerImpl1MapTests.cs
[main] INFO io.swagger.codegen.AbstractGenerator - writing file /Users/cliffano/dev/workspace/swaggy-jenkins/csharp/generated/docs/IojenkinsblueoceanserviceembeddedrestExtensionClassContainerImpl1Map.md
[main] INFO io.swagger.codegen.AbstractGenerator - writing file /Users/cliffano/dev/workspace/swaggy-jenkins/csharp/generated/src/IO.Swagger/Model/IojenkinsblueoceanserviceembeddedrestExtensionClassImpl.cs
[main] INFO io.swagger.codegen.AbstractGenerator - writing file /Users/cliffano/dev/workspace/swaggy-jenkins/csharp/generated/src/IO.Swagger.Test/Model/IojenkinsblueoceanserviceembeddedrestExtensionClassImplTests.cs
[main] INFO io.swagger.codegen.AbstractGenerator - writing file /Users/cliffano/dev/workspace/swaggy-jenkins/csharp/generated/docs/IojenkinsblueoceanserviceembeddedrestExtensionClassImpl.md
[main] INFO io.swagger.codegen.AbstractGenerator - writing file /Users/cliffano/dev/workspace/swaggy-jenkins/csharp/generated/src/IO.Swagger/Model/IojenkinsblueoceanserviceembeddedrestExtensionClassImplLinks.cs
[main] INFO io.swagger.codegen.AbstractGenerator - writing file /Users/cliffano/dev/workspace/swaggy-jenkins/csharp/generated/src/IO.Swagger.Test/Model/IojenkinsblueoceanserviceembeddedrestExtensionClassImplLinksTests.cs
[main] INFO io.swagger.codegen.AbstractGenerator - writing file /Users/cliffano/dev/workspace/swaggy-jenkins/csharp/generated/docs/IojenkinsblueoceanserviceembeddedrestExtensionClassImplLinks.md
[main] INFO io.swagger.codegen.AbstractGenerator - writing file /Users/cliffano/dev/workspace/swaggy-jenkins/csharp/generated/src/IO.Swagger/Model/IojenkinsblueoceanserviceembeddedrestPipelineFolderImpl.cs
[main] INFO io.swagger.codegen.AbstractGenerator - writing file /Users/cliffano/dev/workspace/swaggy-jenkins/csharp/generated/src/IO.Swagger.Test/Model/IojenkinsblueoceanserviceembeddedrestPipelineFolderImplTests.cs
[main] INFO io.swagger.codegen.AbstractGenerator - writing file /Users/cliffano/dev/workspace/swaggy-jenkins/csharp/generated/docs/IojenkinsblueoceanserviceembeddedrestPipelineFolderImpl.md
[main] INFO io.swagger.codegen.AbstractGenerator - writing file /Users/cliffano/dev/workspace/swaggy-jenkins/csharp/generated/src/IO.Swagger/Model/IojenkinsblueoceanserviceembeddedrestPipelineImpl.cs
[main] INFO io.swagger.codegen.AbstractGenerator - writing file /Users/cliffano/dev/workspace/swaggy-jenkins/csharp/generated/src/IO.Swagger.Test/Model/IojenkinsblueoceanserviceembeddedrestPipelineImplTests.cs
[main] INFO io.swagger.codegen.AbstractGenerator - writing file /Users/cliffano/dev/workspace/swaggy-jenkins/csharp/generated/docs/IojenkinsblueoceanserviceembeddedrestPipelineImpl.md
[main] INFO io.swagger.codegen.AbstractGenerator - writing file /Users/cliffano/dev/workspace/swaggy-jenkins/csharp/generated/src/IO.Swagger/Model/JenkinsmodelUnlabeledLoadStatistics.cs
[main] INFO io.swagger.codegen.AbstractGenerator - writing file /Users/cliffano/dev/workspace/swaggy-jenkins/csharp/generated/src/IO.Swagger.Test/Model/JenkinsmodelUnlabeledLoadStatisticsTests.cs
[main] INFO io.swagger.codegen.AbstractGenerator - writing file /Users/cliffano/dev/workspace/swaggy-jenkins/csharp/generated/docs/JenkinsmodelUnlabeledLoadStatistics.md
[main] INFO io.swagger.codegen.AbstractGenerator - writing file /Users/cliffano/dev/workspace/swaggy-jenkins/csharp/generated/src/IO.Swagger/Model/SwaggyjenkinsOrganisation.cs
[main] INFO io.swagger.codegen.AbstractGenerator - writing file /Users/cliffano/dev/workspace/swaggy-jenkins/csharp/generated/src/IO.Swagger.Test/Model/SwaggyjenkinsOrganisationTests.cs
[main] INFO io.swagger.codegen.AbstractGenerator - writing file /Users/cliffano/dev/workspace/swaggy-jenkins/csharp/generated/docs/SwaggyjenkinsOrganisation.md
[main] INFO io.swagger.codegen.AbstractGenerator - writing file /Users/cliffano/dev/workspace/swaggy-jenkins/csharp/generated/src/IO.Swagger/Model/SwaggyjenkinsPipeline.cs
[main] INFO io.swagger.codegen.AbstractGenerator - writing file /Users/cliffano/dev/workspace/swaggy-jenkins/csharp/generated/src/IO.Swagger.Test/Model/SwaggyjenkinsPipelineTests.cs
[main] INFO io.swagger.codegen.AbstractGenerator - writing file /Users/cliffano/dev/workspace/swaggy-jenkins/csharp/generated/docs/SwaggyjenkinsPipeline.md
[main] INFO io.swagger.codegen.AbstractGenerator - writing file /Users/cliffano/dev/workspace/swaggy-jenkins/csharp/generated/src/IO.Swagger/Model/SwaggyjenkinsPipelineLatestRun.cs
[main] INFO io.swagger.codegen.AbstractGenerator - writing file /Users/cliffano/dev/workspace/swaggy-jenkins/csharp/generated/src/IO.Swagger.Test/Model/SwaggyjenkinsPipelineLatestRunTests.cs
[main] INFO io.swagger.codegen.AbstractGenerator - writing file /Users/cliffano/dev/workspace/swaggy-jenkins/csharp/generated/docs/SwaggyjenkinsPipelineLatestRun.md
[main] INFO io.swagger.codegen.AbstractGenerator - writing file /Users/cliffano/dev/workspace/swaggy-jenkins/csharp/generated/src/IO.Swagger/Model/SwaggyjenkinsPipelineLatestRunartifacts.cs
[main] INFO io.swagger.codegen.AbstractGenerator - writing file /Users/cliffano/dev/workspace/swaggy-jenkins/csharp/generated/src/IO.Swagger.Test/Model/SwaggyjenkinsPipelineLatestRunartifactsTests.cs
[main] INFO io.swagger.codegen.AbstractGenerator - writing file /Users/cliffano/dev/workspace/swaggy-jenkins/csharp/generated/docs/SwaggyjenkinsPipelineLatestRunartifacts.md
[main] INFO io.swagger.codegen.AbstractGenerator - writing file /Users/cliffano/dev/workspace/swaggy-jenkins/csharp/generated/src/IO.Swagger/Model/SwaggyjenkinsUser.cs
[main] INFO io.swagger.codegen.AbstractGenerator - writing file /Users/cliffano/dev/workspace/swaggy-jenkins/csharp/generated/src/IO.Swagger.Test/Model/SwaggyjenkinsUserTests.cs
[main] INFO io.swagger.codegen.AbstractGenerator - writing file /Users/cliffano/dev/workspace/swaggy-jenkins/csharp/generated/docs/SwaggyjenkinsUser.md
[main] WARN io.swagger.codegen.DefaultCodegen - generated unique operationId `Search_0`
[main] WARN io.swagger.codegen.DefaultCodegen - generated unique operationId `GetPipelineFolderByOrg_0`
[main] INFO io.swagger.codegen.AbstractGenerator - writing file /Users/cliffano/dev/workspace/swaggy-jenkins/csharp/generated/src/IO.Swagger/Api/BlueOceanApi.cs
[main] INFO io.swagger.codegen.AbstractGenerator - writing file /Users/cliffano/dev/workspace/swaggy-jenkins/csharp/generated/src/IO.Swagger.Test/Api/BlueOceanApiTests.cs
[main] INFO io.swagger.codegen.AbstractGenerator - writing file /Users/cliffano/dev/workspace/swaggy-jenkins/csharp/generated/docs/BlueOceanApi.md
[main] INFO io.swagger.codegen.AbstractGenerator - writing file /Users/cliffano/dev/workspace/swaggy-jenkins/csharp/generated/src/IO.Swagger/Api/RemoteAccessApi.cs
[main] INFO io.swagger.codegen.AbstractGenerator - writing file /Users/cliffano/dev/workspace/swaggy-jenkins/csharp/generated/src/IO.Swagger.Test/Api/RemoteAccessApiTests.cs
[main] INFO io.swagger.codegen.AbstractGenerator - writing file /Users/cliffano/dev/workspace/swaggy-jenkins/csharp/generated/docs/RemoteAccessApi.md
[main] INFO io.swagger.codegen.AbstractGenerator - writing file /Users/cliffano/dev/workspace/swaggy-jenkins/csharp/generated/src/IO.Swagger/Client/IApiAccessor.cs
[main] INFO io.swagger.codegen.AbstractGenerator - writing file /Users/cliffano/dev/workspace/swaggy-jenkins/csharp/generated/src/IO.Swagger/Client/Configuration.cs
[main] INFO io.swagger.codegen.AbstractGenerator - writing file /Users/cliffano/dev/workspace/swaggy-jenkins/csharp/generated/src/IO.Swagger/Client/ApiClient.cs
[main] INFO io.swagger.codegen.AbstractGenerator - writing file /Users/cliffano/dev/workspace/swaggy-jenkins/csharp/generated/src/IO.Swagger/Client/ApiException.cs
[main] INFO io.swagger.codegen.AbstractGenerator - writing file /Users/cliffano/dev/workspace/swaggy-jenkins/csharp/generated/src/IO.Swagger/Client/ApiResponse.cs
[main] INFO io.swagger.codegen.AbstractGenerator - writing file /Users/cliffano/dev/workspace/swaggy-jenkins/csharp/generated/src/IO.Swagger/Client/ExceptionFactory.cs
[main] INFO io.swagger.codegen.AbstractGenerator - writing file /Users/cliffano/dev/workspace/swaggy-jenkins/csharp/generated/build.bat
[main] INFO io.swagger.codegen.AbstractGenerator - writing file /Users/cliffano/dev/workspace/swaggy-jenkins/csharp/generated/build.sh
[main] INFO io.swagger.codegen.AbstractGenerator - writing file /Users/cliffano/dev/workspace/swaggy-jenkins/csharp/generated/src/IO.Swagger//packages.config
[main] INFO io.swagger.codegen.AbstractGenerator - writing file /Users/cliffano/dev/workspace/swaggy-jenkins/csharp/generated/.travis.yml
[main] INFO io.swagger.codegen.AbstractGenerator - writing file /Users/cliffano/dev/workspace/swaggy-jenkins/csharp/generated/mono_nunit_test.sh
[main] INFO io.swagger.codegen.AbstractGenerator - writing file /Users/cliffano/dev/workspace/swaggy-jenkins/csharp/generated/src/IO.Swagger.Test//packages.config
[main] INFO io.swagger.codegen.AbstractGenerator - writing file /Users/cliffano/dev/workspace/swaggy-jenkins/csharp/generated/README.md
[main] INFO io.swagger.codegen.AbstractGenerator - writing file /Users/cliffano/dev/workspace/swaggy-jenkins/csharp/generated/git_push.sh
[main] INFO io.swagger.codegen.AbstractGenerator - writing file /Users/cliffano/dev/workspace/swaggy-jenkins/csharp/generated/.gitignore
[main] INFO io.swagger.codegen.AbstractGenerator - writing file /Users/cliffano/dev/workspace/swaggy-jenkins/csharp/generated/src/IO.Swagger/Properties/AssemblyInfo.cs
[main] INFO io.swagger.codegen.AbstractGenerator - writing file /Users/cliffano/dev/workspace/swaggy-jenkins/csharp/generated/IO.Swagger.sln
[main] INFO io.swagger.codegen.AbstractGenerator - writing file /Users/cliffano/dev/workspace/swaggy-jenkins/csharp/generated/src/IO.Swagger/IO.Swagger.csproj
[main] INFO io.swagger.codegen.AbstractGenerator - writing file /Users/cliffano/dev/workspace/swaggy-jenkins/csharp/generated/src/IO.Swagger/IO.Swagger.nuspec
[main] INFO io.swagger.codegen.AbstractGenerator - writing file /Users/cliffano/dev/workspace/swaggy-jenkins/csharp/generated/src/IO.Swagger.Test/IO.Swagger.Test.csproj
[main] INFO io.swagger.codegen.AbstractGenerator - writing file /Users/cliffano/dev/workspace/swaggy-jenkins/csharp/generated/.swagger-codegen-ignore
[main] INFO io.swagger.codegen.AbstractGenerator - writing file /Users/cliffano/dev/workspace/swaggy-jenkins/csharp/generated/.swagger-codegen/VERSION
