[main] ERROR io.swagger.codegen.config.CodegenConfigurator - Unable to deserialize config file: objc/conf.json
java.io.FileNotFoundException: objc/conf.json (No such file or directory)
	at java.io.FileInputStream.open0(Native Method)
	at java.io.FileInputStream.open(FileInputStream.java:195)
	at java.io.FileInputStream.<init>(FileInputStream.java:138)
	at com.fasterxml.jackson.core.JsonFactory.createParser(JsonFactory.java:756)
	at com.fasterxml.jackson.databind.ObjectMapper.readValue(ObjectMapper.java:2740)
	at io.swagger.codegen.config.CodegenConfigurator.fromFile(CodegenConfigurator.java:507)
	at io.swagger.codegen.cmd.Generate.run(Generate.java:135)
	at io.swagger.codegen.SwaggerCodegen.main(SwaggerCodegen.java:43)
[main] INFO io.swagger.parser.Swagger20Parser - reading from _spec/jenkins-api.yml
[main] WARN io.swagger.codegen.ignore.CodegenIgnoreProcessor - Output directory does not exist, or is inaccessible. No file (.swager-codegen-ignore) will be evaluated.
[main] INFO io.swagger.codegen.AbstractGenerator - writing file /Users/cliffano/dev/workspace/swaggy-jenkins/objc/generated/SwaggerClient/Model/SWGGetClassesByClass.h
[main] INFO io.swagger.codegen.AbstractGenerator - writing file /Users/cliffano/dev/workspace/swaggy-jenkins/objc/generated/SwaggerClient/Model/SWGGetClassesByClass.m
[main] INFO io.swagger.codegen.AbstractGenerator - writing file /Users/cliffano/dev/workspace/swaggy-jenkins/objc/generated/docs/SWGGetClassesByClass.md
[main] INFO io.swagger.codegen.AbstractGenerator - writing file /Users/cliffano/dev/workspace/swaggy-jenkins/objc/generated/SwaggerClient/Model/SWGGetMultibranchPipeline.h
[main] INFO io.swagger.codegen.AbstractGenerator - writing file /Users/cliffano/dev/workspace/swaggy-jenkins/objc/generated/SwaggerClient/Model/SWGGetMultibranchPipeline.m
[main] INFO io.swagger.codegen.AbstractGenerator - writing file /Users/cliffano/dev/workspace/swaggy-jenkins/objc/generated/docs/SWGGetMultibranchPipeline.md
[main] INFO io.swagger.codegen.AbstractGenerator - writing file /Users/cliffano/dev/workspace/swaggy-jenkins/objc/generated/SwaggerClient/Model/SWGGetOrganisations.h
[main] INFO io.swagger.codegen.AbstractGenerator - writing file /Users/cliffano/dev/workspace/swaggy-jenkins/objc/generated/SwaggerClient/Model/SWGGetOrganisations.m
[main] INFO io.swagger.codegen.AbstractGenerator - writing file /Users/cliffano/dev/workspace/swaggy-jenkins/objc/generated/docs/SWGGetOrganisations.md
[main] INFO io.swagger.codegen.AbstractGenerator - writing file /Users/cliffano/dev/workspace/swaggy-jenkins/objc/generated/SwaggerClient/Model/SWGGetPipelineBranches.h
[main] INFO io.swagger.codegen.AbstractGenerator - writing file /Users/cliffano/dev/workspace/swaggy-jenkins/objc/generated/SwaggerClient/Model/SWGGetPipelineBranches.m
[main] INFO io.swagger.codegen.AbstractGenerator - writing file /Users/cliffano/dev/workspace/swaggy-jenkins/objc/generated/docs/SWGGetPipelineBranches.md
[main] INFO io.swagger.codegen.AbstractGenerator - writing file /Users/cliffano/dev/workspace/swaggy-jenkins/objc/generated/SwaggerClient/Model/SWGGetPipelineBranchesitem.h
[main] INFO io.swagger.codegen.AbstractGenerator - writing file /Users/cliffano/dev/workspace/swaggy-jenkins/objc/generated/SwaggerClient/Model/SWGGetPipelineBranchesitem.m
[main] INFO io.swagger.codegen.AbstractGenerator - writing file /Users/cliffano/dev/workspace/swaggy-jenkins/objc/generated/docs/SWGGetPipelineBranchesitem.md
[main] INFO io.swagger.codegen.AbstractGenerator - writing file /Users/cliffano/dev/workspace/swaggy-jenkins/objc/generated/SwaggerClient/Model/SWGGetPipelineBranchesitemLatestRun.h
[main] INFO io.swagger.codegen.AbstractGenerator - writing file /Users/cliffano/dev/workspace/swaggy-jenkins/objc/generated/SwaggerClient/Model/SWGGetPipelineBranchesitemLatestRun.m
[main] INFO io.swagger.codegen.AbstractGenerator - writing file /Users/cliffano/dev/workspace/swaggy-jenkins/objc/generated/docs/SWGGetPipelineBranchesitemLatestRun.md
[main] INFO io.swagger.codegen.AbstractGenerator - writing file /Users/cliffano/dev/workspace/swaggy-jenkins/objc/generated/SwaggerClient/Model/SWGGetPipelineBranchesitemPullRequest.h
[main] INFO io.swagger.codegen.AbstractGenerator - writing file /Users/cliffano/dev/workspace/swaggy-jenkins/objc/generated/SwaggerClient/Model/SWGGetPipelineBranchesitemPullRequest.m
[main] INFO io.swagger.codegen.AbstractGenerator - writing file /Users/cliffano/dev/workspace/swaggy-jenkins/objc/generated/docs/SWGGetPipelineBranchesitemPullRequest.md
[main] INFO io.swagger.codegen.AbstractGenerator - writing file /Users/cliffano/dev/workspace/swaggy-jenkins/objc/generated/SwaggerClient/Model/SWGGetPipelineBranchesitemPullRequestLinks.h
[main] INFO io.swagger.codegen.AbstractGenerator - writing file /Users/cliffano/dev/workspace/swaggy-jenkins/objc/generated/SwaggerClient/Model/SWGGetPipelineBranchesitemPullRequestLinks.m
[main] INFO io.swagger.codegen.AbstractGenerator - writing file /Users/cliffano/dev/workspace/swaggy-jenkins/objc/generated/docs/SWGGetPipelineBranchesitemPullRequestLinks.md
[main] INFO io.swagger.codegen.AbstractGenerator - writing file /Users/cliffano/dev/workspace/swaggy-jenkins/objc/generated/SwaggerClient/Model/SWGGetPipelines.h
[main] INFO io.swagger.codegen.AbstractGenerator - writing file /Users/cliffano/dev/workspace/swaggy-jenkins/objc/generated/SwaggerClient/Model/SWGGetPipelines.m
[main] INFO io.swagger.codegen.AbstractGenerator - writing file /Users/cliffano/dev/workspace/swaggy-jenkins/objc/generated/docs/SWGGetPipelines.md
[main] INFO io.swagger.codegen.AbstractGenerator - writing file /Users/cliffano/dev/workspace/swaggy-jenkins/objc/generated/SwaggerClient/Model/SWGGetUsers.h
[main] INFO io.swagger.codegen.AbstractGenerator - writing file /Users/cliffano/dev/workspace/swaggy-jenkins/objc/generated/SwaggerClient/Model/SWGGetUsers.m
[main] INFO io.swagger.codegen.AbstractGenerator - writing file /Users/cliffano/dev/workspace/swaggy-jenkins/objc/generated/docs/SWGGetUsers.md
[main] INFO io.swagger.codegen.AbstractGenerator - writing file /Users/cliffano/dev/workspace/swaggy-jenkins/objc/generated/SwaggerClient/Model/SWGHudsonmodelAllView.h
[main] INFO io.swagger.codegen.AbstractGenerator - writing file /Users/cliffano/dev/workspace/swaggy-jenkins/objc/generated/SwaggerClient/Model/SWGHudsonmodelAllView.m
[main] INFO io.swagger.codegen.AbstractGenerator - writing file /Users/cliffano/dev/workspace/swaggy-jenkins/objc/generated/docs/SWGHudsonmodelAllView.md
[main] INFO io.swagger.codegen.AbstractGenerator - writing file /Users/cliffano/dev/workspace/swaggy-jenkins/objc/generated/SwaggerClient/Model/SWGHudsonmodelCauseAction.h
[main] INFO io.swagger.codegen.AbstractGenerator - writing file /Users/cliffano/dev/workspace/swaggy-jenkins/objc/generated/SwaggerClient/Model/SWGHudsonmodelCauseAction.m
[main] INFO io.swagger.codegen.AbstractGenerator - writing file /Users/cliffano/dev/workspace/swaggy-jenkins/objc/generated/docs/SWGHudsonmodelCauseAction.md
[main] INFO io.swagger.codegen.AbstractGenerator - writing file /Users/cliffano/dev/workspace/swaggy-jenkins/objc/generated/SwaggerClient/Model/SWGHudsonmodelCauseUserIdCause.h
[main] INFO io.swagger.codegen.AbstractGenerator - writing file /Users/cliffano/dev/workspace/swaggy-jenkins/objc/generated/SwaggerClient/Model/SWGHudsonmodelCauseUserIdCause.m
[main] INFO io.swagger.codegen.AbstractGenerator - writing file /Users/cliffano/dev/workspace/swaggy-jenkins/objc/generated/docs/SWGHudsonmodelCauseUserIdCause.md
[main] INFO io.swagger.codegen.AbstractGenerator - writing file /Users/cliffano/dev/workspace/swaggy-jenkins/objc/generated/SwaggerClient/Model/SWGHudsonmodelComputerSet.h
[main] INFO io.swagger.codegen.AbstractGenerator - writing file /Users/cliffano/dev/workspace/swaggy-jenkins/objc/generated/SwaggerClient/Model/SWGHudsonmodelComputerSet.m
[main] INFO io.swagger.codegen.AbstractGenerator - writing file /Users/cliffano/dev/workspace/swaggy-jenkins/objc/generated/docs/SWGHudsonmodelComputerSet.md
[main] INFO io.swagger.codegen.AbstractGenerator - writing file /Users/cliffano/dev/workspace/swaggy-jenkins/objc/generated/SwaggerClient/Model/SWGHudsonmodelFreeStyleBuild.h
[main] INFO io.swagger.codegen.AbstractGenerator - writing file /Users/cliffano/dev/workspace/swaggy-jenkins/objc/generated/SwaggerClient/Model/SWGHudsonmodelFreeStyleBuild.m
[main] INFO io.swagger.codegen.AbstractGenerator - writing file /Users/cliffano/dev/workspace/swaggy-jenkins/objc/generated/docs/SWGHudsonmodelFreeStyleBuild.md
[main] INFO io.swagger.codegen.AbstractGenerator - writing file /Users/cliffano/dev/workspace/swaggy-jenkins/objc/generated/SwaggerClient/Model/SWGHudsonmodelFreeStyleProject.h
[main] INFO io.swagger.codegen.AbstractGenerator - writing file /Users/cliffano/dev/workspace/swaggy-jenkins/objc/generated/SwaggerClient/Model/SWGHudsonmodelFreeStyleProject.m
[main] INFO io.swagger.codegen.AbstractGenerator - writing file /Users/cliffano/dev/workspace/swaggy-jenkins/objc/generated/docs/SWGHudsonmodelFreeStyleProject.md
[main] INFO io.swagger.codegen.AbstractGenerator - writing file /Users/cliffano/dev/workspace/swaggy-jenkins/objc/generated/SwaggerClient/Model/SWGHudsonmodelFreeStyleProjectactions.h
[main] INFO io.swagger.codegen.AbstractGenerator - writing file /Users/cliffano/dev/workspace/swaggy-jenkins/objc/generated/SwaggerClient/Model/SWGHudsonmodelFreeStyleProjectactions.m
[main] INFO io.swagger.codegen.AbstractGenerator - writing file /Users/cliffano/dev/workspace/swaggy-jenkins/objc/generated/docs/SWGHudsonmodelFreeStyleProjectactions.md
[main] INFO io.swagger.codegen.AbstractGenerator - writing file /Users/cliffano/dev/workspace/swaggy-jenkins/objc/generated/SwaggerClient/Model/SWGHudsonmodelFreeStyleProjecthealthReport.h
[main] INFO io.swagger.codegen.AbstractGenerator - writing file /Users/cliffano/dev/workspace/swaggy-jenkins/objc/generated/SwaggerClient/Model/SWGHudsonmodelFreeStyleProjecthealthReport.m
[main] INFO io.swagger.codegen.AbstractGenerator - writing file /Users/cliffano/dev/workspace/swaggy-jenkins/objc/generated/docs/SWGHudsonmodelFreeStyleProjecthealthReport.md
[main] INFO io.swagger.codegen.AbstractGenerator - writing file /Users/cliffano/dev/workspace/swaggy-jenkins/objc/generated/SwaggerClient/Model/SWGHudsonmodelHudson.h
[main] INFO io.swagger.codegen.AbstractGenerator - writing file /Users/cliffano/dev/workspace/swaggy-jenkins/objc/generated/SwaggerClient/Model/SWGHudsonmodelHudson.m
[main] INFO io.swagger.codegen.AbstractGenerator - writing file /Users/cliffano/dev/workspace/swaggy-jenkins/objc/generated/docs/SWGHudsonmodelHudson.md
[main] INFO io.swagger.codegen.AbstractGenerator - writing file /Users/cliffano/dev/workspace/swaggy-jenkins/objc/generated/SwaggerClient/Model/SWGHudsonmodelHudsonMasterComputer.h
[main] INFO io.swagger.codegen.AbstractGenerator - writing file /Users/cliffano/dev/workspace/swaggy-jenkins/objc/generated/SwaggerClient/Model/SWGHudsonmodelHudsonMasterComputer.m
[main] INFO io.swagger.codegen.AbstractGenerator - writing file /Users/cliffano/dev/workspace/swaggy-jenkins/objc/generated/docs/SWGHudsonmodelHudsonMasterComputer.md
[main] INFO io.swagger.codegen.AbstractGenerator - writing file /Users/cliffano/dev/workspace/swaggy-jenkins/objc/generated/SwaggerClient/Model/SWGHudsonmodelHudsonMasterComputerMonitorData.h
[main] INFO io.swagger.codegen.AbstractGenerator - writing file /Users/cliffano/dev/workspace/swaggy-jenkins/objc/generated/SwaggerClient/Model/SWGHudsonmodelHudsonMasterComputerMonitorData.m
[main] INFO io.swagger.codegen.AbstractGenerator - writing file /Users/cliffano/dev/workspace/swaggy-jenkins/objc/generated/docs/SWGHudsonmodelHudsonMasterComputerMonitorData.md
[main] INFO io.swagger.codegen.AbstractGenerator - writing file /Users/cliffano/dev/workspace/swaggy-jenkins/objc/generated/SwaggerClient/Model/SWGHudsonmodelHudsonMasterComputerexecutors.h
[main] INFO io.swagger.codegen.AbstractGenerator - writing file /Users/cliffano/dev/workspace/swaggy-jenkins/objc/generated/SwaggerClient/Model/SWGHudsonmodelHudsonMasterComputerexecutors.m
[main] INFO io.swagger.codegen.AbstractGenerator - writing file /Users/cliffano/dev/workspace/swaggy-jenkins/objc/generated/docs/SWGHudsonmodelHudsonMasterComputerexecutors.md
[main] INFO io.swagger.codegen.AbstractGenerator - writing file /Users/cliffano/dev/workspace/swaggy-jenkins/objc/generated/SwaggerClient/Model/SWGHudsonmodelHudsonassignedLabels.h
[main] INFO io.swagger.codegen.AbstractGenerator - writing file /Users/cliffano/dev/workspace/swaggy-jenkins/objc/generated/SwaggerClient/Model/SWGHudsonmodelHudsonassignedLabels.m
[main] INFO io.swagger.codegen.AbstractGenerator - writing file /Users/cliffano/dev/workspace/swaggy-jenkins/objc/generated/docs/SWGHudsonmodelHudsonassignedLabels.md
[main] INFO io.swagger.codegen.AbstractGenerator - writing file /Users/cliffano/dev/workspace/swaggy-jenkins/objc/generated/SwaggerClient/Model/SWGHudsonmodelLabel1.h
[main] INFO io.swagger.codegen.AbstractGenerator - writing file /Users/cliffano/dev/workspace/swaggy-jenkins/objc/generated/SwaggerClient/Model/SWGHudsonmodelLabel1.m
[main] INFO io.swagger.codegen.AbstractGenerator - writing file /Users/cliffano/dev/workspace/swaggy-jenkins/objc/generated/docs/SWGHudsonmodelLabel1.md
[main] INFO io.swagger.codegen.AbstractGenerator - writing file /Users/cliffano/dev/workspace/swaggy-jenkins/objc/generated/SwaggerClient/Model/SWGHudsonmodelListView.h
[main] INFO io.swagger.codegen.AbstractGenerator - writing file /Users/cliffano/dev/workspace/swaggy-jenkins/objc/generated/SwaggerClient/Model/SWGHudsonmodelListView.m
[main] INFO io.swagger.codegen.AbstractGenerator - writing file /Users/cliffano/dev/workspace/swaggy-jenkins/objc/generated/docs/SWGHudsonmodelListView.md
[main] INFO io.swagger.codegen.AbstractGenerator - writing file /Users/cliffano/dev/workspace/swaggy-jenkins/objc/generated/SwaggerClient/Model/SWGHudsonmodelQueue.h
[main] INFO io.swagger.codegen.AbstractGenerator - writing file /Users/cliffano/dev/workspace/swaggy-jenkins/objc/generated/SwaggerClient/Model/SWGHudsonmodelQueue.m
[main] INFO io.swagger.codegen.AbstractGenerator - writing file /Users/cliffano/dev/workspace/swaggy-jenkins/objc/generated/docs/SWGHudsonmodelQueue.md
[main] INFO io.swagger.codegen.AbstractGenerator - writing file /Users/cliffano/dev/workspace/swaggy-jenkins/objc/generated/SwaggerClient/Model/SWGHudsonmodelQueueBlockedItem.h
[main] INFO io.swagger.codegen.AbstractGenerator - writing file /Users/cliffano/dev/workspace/swaggy-jenkins/objc/generated/SwaggerClient/Model/SWGHudsonmodelQueueBlockedItem.m
[main] INFO io.swagger.codegen.AbstractGenerator - writing file /Users/cliffano/dev/workspace/swaggy-jenkins/objc/generated/docs/SWGHudsonmodelQueueBlockedItem.md
[main] INFO io.swagger.codegen.AbstractGenerator - writing file /Users/cliffano/dev/workspace/swaggy-jenkins/objc/generated/SwaggerClient/Model/SWGHudsonmodelQueueLeftItem.h
[main] INFO io.swagger.codegen.AbstractGenerator - writing file /Users/cliffano/dev/workspace/swaggy-jenkins/objc/generated/SwaggerClient/Model/SWGHudsonmodelQueueLeftItem.m
[main] INFO io.swagger.codegen.AbstractGenerator - writing file /Users/cliffano/dev/workspace/swaggy-jenkins/objc/generated/docs/SWGHudsonmodelQueueLeftItem.md
[main] INFO io.swagger.codegen.AbstractGenerator - writing file /Users/cliffano/dev/workspace/swaggy-jenkins/objc/generated/SwaggerClient/Model/SWGHudsonmodelStringParameterDefinition.h
[main] INFO io.swagger.codegen.AbstractGenerator - writing file /Users/cliffano/dev/workspace/swaggy-jenkins/objc/generated/SwaggerClient/Model/SWGHudsonmodelStringParameterDefinition.m
[main] INFO io.swagger.codegen.AbstractGenerator - writing file /Users/cliffano/dev/workspace/swaggy-jenkins/objc/generated/docs/SWGHudsonmodelStringParameterDefinition.md
[main] INFO io.swagger.codegen.AbstractGenerator - writing file /Users/cliffano/dev/workspace/swaggy-jenkins/objc/generated/SwaggerClient/Model/SWGHudsonmodelStringParameterValue.h
[main] INFO io.swagger.codegen.AbstractGenerator - writing file /Users/cliffano/dev/workspace/swaggy-jenkins/objc/generated/SwaggerClient/Model/SWGHudsonmodelStringParameterValue.m
[main] INFO io.swagger.codegen.AbstractGenerator - writing file /Users/cliffano/dev/workspace/swaggy-jenkins/objc/generated/docs/SWGHudsonmodelStringParameterValue.md
[main] INFO io.swagger.codegen.AbstractGenerator - writing file /Users/cliffano/dev/workspace/swaggy-jenkins/objc/generated/SwaggerClient/Model/SWGHudsonnodeMonitorsDiskSpaceMonitorDescriptorDiskSpace.h
[main] INFO io.swagger.codegen.AbstractGenerator - writing file /Users/cliffano/dev/workspace/swaggy-jenkins/objc/generated/SwaggerClient/Model/SWGHudsonnodeMonitorsDiskSpaceMonitorDescriptorDiskSpace.m
[main] INFO io.swagger.codegen.AbstractGenerator - writing file /Users/cliffano/dev/workspace/swaggy-jenkins/objc/generated/docs/SWGHudsonnodeMonitorsDiskSpaceMonitorDescriptorDiskSpace.md
[main] INFO io.swagger.codegen.AbstractGenerator - writing file /Users/cliffano/dev/workspace/swaggy-jenkins/objc/generated/SwaggerClient/Model/SWGHudsonnodeMonitorsResponseTimeMonitorData.h
[main] INFO io.swagger.codegen.AbstractGenerator - writing file /Users/cliffano/dev/workspace/swaggy-jenkins/objc/generated/SwaggerClient/Model/SWGHudsonnodeMonitorsResponseTimeMonitorData.m
[main] INFO io.swagger.codegen.AbstractGenerator - writing file /Users/cliffano/dev/workspace/swaggy-jenkins/objc/generated/docs/SWGHudsonnodeMonitorsResponseTimeMonitorData.md
[main] INFO io.swagger.codegen.AbstractGenerator - writing file /Users/cliffano/dev/workspace/swaggy-jenkins/objc/generated/SwaggerClient/Model/SWGHudsonnodeMonitorsSwapSpaceMonitorMemoryUsage2.h
[main] INFO io.swagger.codegen.AbstractGenerator - writing file /Users/cliffano/dev/workspace/swaggy-jenkins/objc/generated/SwaggerClient/Model/SWGHudsonnodeMonitorsSwapSpaceMonitorMemoryUsage2.m
[main] INFO io.swagger.codegen.AbstractGenerator - writing file /Users/cliffano/dev/workspace/swaggy-jenkins/objc/generated/docs/SWGHudsonnodeMonitorsSwapSpaceMonitorMemoryUsage2.md
[main] INFO io.swagger.codegen.AbstractGenerator - writing file /Users/cliffano/dev/workspace/swaggy-jenkins/objc/generated/SwaggerClient/Model/SWGHudsonscmEmptyChangeLogSet.h
[main] INFO io.swagger.codegen.AbstractGenerator - writing file /Users/cliffano/dev/workspace/swaggy-jenkins/objc/generated/SwaggerClient/Model/SWGHudsonscmEmptyChangeLogSet.m
[main] INFO io.swagger.codegen.AbstractGenerator - writing file /Users/cliffano/dev/workspace/swaggy-jenkins/objc/generated/docs/SWGHudsonscmEmptyChangeLogSet.md
[main] INFO io.swagger.codegen.AbstractGenerator - writing file /Users/cliffano/dev/workspace/swaggy-jenkins/objc/generated/SwaggerClient/Model/SWGHudsonscmNullSCM.h
[main] INFO io.swagger.codegen.AbstractGenerator - writing file /Users/cliffano/dev/workspace/swaggy-jenkins/objc/generated/SwaggerClient/Model/SWGHudsonscmNullSCM.m
[main] INFO io.swagger.codegen.AbstractGenerator - writing file /Users/cliffano/dev/workspace/swaggy-jenkins/objc/generated/docs/SWGHudsonscmNullSCM.md
[main] INFO io.swagger.codegen.AbstractGenerator - writing file /Users/cliffano/dev/workspace/swaggy-jenkins/objc/generated/SwaggerClient/Model/SWGHudsonsecuritycsrfDefaultCrumbIssuer.h
[main] INFO io.swagger.codegen.AbstractGenerator - writing file /Users/cliffano/dev/workspace/swaggy-jenkins/objc/generated/SwaggerClient/Model/SWGHudsonsecuritycsrfDefaultCrumbIssuer.m
[main] INFO io.swagger.codegen.AbstractGenerator - writing file /Users/cliffano/dev/workspace/swaggy-jenkins/objc/generated/docs/SWGHudsonsecuritycsrfDefaultCrumbIssuer.md
[main] INFO io.swagger.codegen.AbstractGenerator - writing file /Users/cliffano/dev/workspace/swaggy-jenkins/objc/generated/SwaggerClient/Model/SWGHudsonutilClockDifference.h
[main] INFO io.swagger.codegen.AbstractGenerator - writing file /Users/cliffano/dev/workspace/swaggy-jenkins/objc/generated/SwaggerClient/Model/SWGHudsonutilClockDifference.m
[main] INFO io.swagger.codegen.AbstractGenerator - writing file /Users/cliffano/dev/workspace/swaggy-jenkins/objc/generated/docs/SWGHudsonutilClockDifference.md
[main] INFO io.swagger.codegen.AbstractGenerator - writing file /Users/cliffano/dev/workspace/swaggy-jenkins/objc/generated/SwaggerClient/Model/SWGIojenkinsblueoceanresthalLink.h
[main] INFO io.swagger.codegen.AbstractGenerator - writing file /Users/cliffano/dev/workspace/swaggy-jenkins/objc/generated/SwaggerClient/Model/SWGIojenkinsblueoceanresthalLink.m
[main] INFO io.swagger.codegen.AbstractGenerator - writing file /Users/cliffano/dev/workspace/swaggy-jenkins/objc/generated/docs/SWGIojenkinsblueoceanresthalLink.md
[main] INFO io.swagger.codegen.AbstractGenerator - writing file /Users/cliffano/dev/workspace/swaggy-jenkins/objc/generated/SwaggerClient/Model/SWGIojenkinsblueoceanrestimplpipelineBranchImpl.h
[main] INFO io.swagger.codegen.AbstractGenerator - writing file /Users/cliffano/dev/workspace/swaggy-jenkins/objc/generated/SwaggerClient/Model/SWGIojenkinsblueoceanrestimplpipelineBranchImpl.m
[main] INFO io.swagger.codegen.AbstractGenerator - writing file /Users/cliffano/dev/workspace/swaggy-jenkins/objc/generated/docs/SWGIojenkinsblueoceanrestimplpipelineBranchImpl.md
[main] INFO io.swagger.codegen.AbstractGenerator - writing file /Users/cliffano/dev/workspace/swaggy-jenkins/objc/generated/SwaggerClient/Model/SWGIojenkinsblueoceanrestimplpipelineBranchImplPermissions.h
[main] INFO io.swagger.codegen.AbstractGenerator - writing file /Users/cliffano/dev/workspace/swaggy-jenkins/objc/generated/SwaggerClient/Model/SWGIojenkinsblueoceanrestimplpipelineBranchImplPermissions.m
[main] INFO io.swagger.codegen.AbstractGenerator - writing file /Users/cliffano/dev/workspace/swaggy-jenkins/objc/generated/docs/SWGIojenkinsblueoceanrestimplpipelineBranchImplPermissions.md
[main] INFO io.swagger.codegen.AbstractGenerator - writing file /Users/cliffano/dev/workspace/swaggy-jenkins/objc/generated/SwaggerClient/Model/SWGIojenkinsblueoceanserviceembeddedrestExtensionClassContainerImpl1.h
[main] INFO io.swagger.codegen.AbstractGenerator - writing file /Users/cliffano/dev/workspace/swaggy-jenkins/objc/generated/SwaggerClient/Model/SWGIojenkinsblueoceanserviceembeddedrestExtensionClassContainerImpl1.m
[main] INFO io.swagger.codegen.AbstractGenerator - writing file /Users/cliffano/dev/workspace/swaggy-jenkins/objc/generated/docs/SWGIojenkinsblueoceanserviceembeddedrestExtensionClassContainerImpl1.md
[main] INFO io.swagger.codegen.AbstractGenerator - writing file /Users/cliffano/dev/workspace/swaggy-jenkins/objc/generated/SwaggerClient/Model/SWGIojenkinsblueoceanserviceembeddedrestExtensionClassContainerImpl1Links.h
[main] INFO io.swagger.codegen.AbstractGenerator - writing file /Users/cliffano/dev/workspace/swaggy-jenkins/objc/generated/SwaggerClient/Model/SWGIojenkinsblueoceanserviceembeddedrestExtensionClassContainerImpl1Links.m
[main] INFO io.swagger.codegen.AbstractGenerator - writing file /Users/cliffano/dev/workspace/swaggy-jenkins/objc/generated/docs/SWGIojenkinsblueoceanserviceembeddedrestExtensionClassContainerImpl1Links.md
[main] INFO io.swagger.codegen.AbstractGenerator - writing file /Users/cliffano/dev/workspace/swaggy-jenkins/objc/generated/SwaggerClient/Model/SWGIojenkinsblueoceanserviceembeddedrestExtensionClassContainerImpl1Map.h
[main] INFO io.swagger.codegen.AbstractGenerator - writing file /Users/cliffano/dev/workspace/swaggy-jenkins/objc/generated/SwaggerClient/Model/SWGIojenkinsblueoceanserviceembeddedrestExtensionClassContainerImpl1Map.m
[main] INFO io.swagger.codegen.AbstractGenerator - writing file /Users/cliffano/dev/workspace/swaggy-jenkins/objc/generated/docs/SWGIojenkinsblueoceanserviceembeddedrestExtensionClassContainerImpl1Map.md
[main] INFO io.swagger.codegen.AbstractGenerator - writing file /Users/cliffano/dev/workspace/swaggy-jenkins/objc/generated/SwaggerClient/Model/SWGIojenkinsblueoceanserviceembeddedrestExtensionClassImpl.h
[main] INFO io.swagger.codegen.AbstractGenerator - writing file /Users/cliffano/dev/workspace/swaggy-jenkins/objc/generated/SwaggerClient/Model/SWGIojenkinsblueoceanserviceembeddedrestExtensionClassImpl.m
[main] INFO io.swagger.codegen.AbstractGenerator - writing file /Users/cliffano/dev/workspace/swaggy-jenkins/objc/generated/docs/SWGIojenkinsblueoceanserviceembeddedrestExtensionClassImpl.md
[main] INFO io.swagger.codegen.AbstractGenerator - writing file /Users/cliffano/dev/workspace/swaggy-jenkins/objc/generated/SwaggerClient/Model/SWGIojenkinsblueoceanserviceembeddedrestExtensionClassImplLinks.h
[main] INFO io.swagger.codegen.AbstractGenerator - writing file /Users/cliffano/dev/workspace/swaggy-jenkins/objc/generated/SwaggerClient/Model/SWGIojenkinsblueoceanserviceembeddedrestExtensionClassImplLinks.m
[main] INFO io.swagger.codegen.AbstractGenerator - writing file /Users/cliffano/dev/workspace/swaggy-jenkins/objc/generated/docs/SWGIojenkinsblueoceanserviceembeddedrestExtensionClassImplLinks.md
[main] INFO io.swagger.codegen.AbstractGenerator - writing file /Users/cliffano/dev/workspace/swaggy-jenkins/objc/generated/SwaggerClient/Model/SWGIojenkinsblueoceanserviceembeddedrestPipelineFolderImpl.h
[main] INFO io.swagger.codegen.AbstractGenerator - writing file /Users/cliffano/dev/workspace/swaggy-jenkins/objc/generated/SwaggerClient/Model/SWGIojenkinsblueoceanserviceembeddedrestPipelineFolderImpl.m
[main] INFO io.swagger.codegen.AbstractGenerator - writing file /Users/cliffano/dev/workspace/swaggy-jenkins/objc/generated/docs/SWGIojenkinsblueoceanserviceembeddedrestPipelineFolderImpl.md
[main] INFO io.swagger.codegen.AbstractGenerator - writing file /Users/cliffano/dev/workspace/swaggy-jenkins/objc/generated/SwaggerClient/Model/SWGIojenkinsblueoceanserviceembeddedrestPipelineImpl.h
[main] INFO io.swagger.codegen.AbstractGenerator - writing file /Users/cliffano/dev/workspace/swaggy-jenkins/objc/generated/SwaggerClient/Model/SWGIojenkinsblueoceanserviceembeddedrestPipelineImpl.m
[main] INFO io.swagger.codegen.AbstractGenerator - writing file /Users/cliffano/dev/workspace/swaggy-jenkins/objc/generated/docs/SWGIojenkinsblueoceanserviceembeddedrestPipelineImpl.md
[main] INFO io.swagger.codegen.AbstractGenerator - writing file /Users/cliffano/dev/workspace/swaggy-jenkins/objc/generated/SwaggerClient/Model/SWGJenkinsmodelUnlabeledLoadStatistics.h
[main] INFO io.swagger.codegen.AbstractGenerator - writing file /Users/cliffano/dev/workspace/swaggy-jenkins/objc/generated/SwaggerClient/Model/SWGJenkinsmodelUnlabeledLoadStatistics.m
[main] INFO io.swagger.codegen.AbstractGenerator - writing file /Users/cliffano/dev/workspace/swaggy-jenkins/objc/generated/docs/SWGJenkinsmodelUnlabeledLoadStatistics.md
[main] INFO io.swagger.codegen.AbstractGenerator - writing file /Users/cliffano/dev/workspace/swaggy-jenkins/objc/generated/SwaggerClient/Model/SWGSwaggyjenkinsOrganisation.h
[main] INFO io.swagger.codegen.AbstractGenerator - writing file /Users/cliffano/dev/workspace/swaggy-jenkins/objc/generated/SwaggerClient/Model/SWGSwaggyjenkinsOrganisation.m
[main] INFO io.swagger.codegen.AbstractGenerator - writing file /Users/cliffano/dev/workspace/swaggy-jenkins/objc/generated/docs/SWGSwaggyjenkinsOrganisation.md
[main] INFO io.swagger.codegen.AbstractGenerator - writing file /Users/cliffano/dev/workspace/swaggy-jenkins/objc/generated/SwaggerClient/Model/SWGSwaggyjenkinsPipeline.h
[main] INFO io.swagger.codegen.AbstractGenerator - writing file /Users/cliffano/dev/workspace/swaggy-jenkins/objc/generated/SwaggerClient/Model/SWGSwaggyjenkinsPipeline.m
[main] INFO io.swagger.codegen.AbstractGenerator - writing file /Users/cliffano/dev/workspace/swaggy-jenkins/objc/generated/docs/SWGSwaggyjenkinsPipeline.md
[main] INFO io.swagger.codegen.AbstractGenerator - writing file /Users/cliffano/dev/workspace/swaggy-jenkins/objc/generated/SwaggerClient/Model/SWGSwaggyjenkinsPipelineLatestRun.h
[main] INFO io.swagger.codegen.AbstractGenerator - writing file /Users/cliffano/dev/workspace/swaggy-jenkins/objc/generated/SwaggerClient/Model/SWGSwaggyjenkinsPipelineLatestRun.m
[main] INFO io.swagger.codegen.AbstractGenerator - writing file /Users/cliffano/dev/workspace/swaggy-jenkins/objc/generated/docs/SWGSwaggyjenkinsPipelineLatestRun.md
[main] INFO io.swagger.codegen.AbstractGenerator - writing file /Users/cliffano/dev/workspace/swaggy-jenkins/objc/generated/SwaggerClient/Model/SWGSwaggyjenkinsPipelineLatestRunartifacts.h
[main] INFO io.swagger.codegen.AbstractGenerator - writing file /Users/cliffano/dev/workspace/swaggy-jenkins/objc/generated/SwaggerClient/Model/SWGSwaggyjenkinsPipelineLatestRunartifacts.m
[main] INFO io.swagger.codegen.AbstractGenerator - writing file /Users/cliffano/dev/workspace/swaggy-jenkins/objc/generated/docs/SWGSwaggyjenkinsPipelineLatestRunartifacts.md
[main] INFO io.swagger.codegen.AbstractGenerator - writing file /Users/cliffano/dev/workspace/swaggy-jenkins/objc/generated/SwaggerClient/Model/SWGSwaggyjenkinsUser.h
[main] INFO io.swagger.codegen.AbstractGenerator - writing file /Users/cliffano/dev/workspace/swaggy-jenkins/objc/generated/SwaggerClient/Model/SWGSwaggyjenkinsUser.m
[main] INFO io.swagger.codegen.AbstractGenerator - writing file /Users/cliffano/dev/workspace/swaggy-jenkins/objc/generated/docs/SWGSwaggyjenkinsUser.md
[main] WARN io.swagger.codegen.DefaultCodegen - Type NSString not handled properly in setParameterExampleValue
[main] WARN io.swagger.codegen.DefaultCodegen - Type NSString not handled properly in setParameterExampleValue
[main] WARN io.swagger.codegen.DefaultCodegen - Type NSString not handled properly in setParameterExampleValue
[main] WARN io.swagger.codegen.DefaultCodegen - Type NSString not handled properly in setParameterExampleValue
[main] WARN io.swagger.codegen.DefaultCodegen - generated unique operationId `search_0`
[main] WARN io.swagger.codegen.DefaultCodegen - generated unique operationId `getPipelineFolderByOrg_0`
[main] INFO io.swagger.codegen.AbstractGenerator - writing file /Users/cliffano/dev/workspace/swaggy-jenkins/objc/generated/SwaggerClient/Api/SWGBlueOceanApi.m
[main] INFO io.swagger.codegen.AbstractGenerator - writing file /Users/cliffano/dev/workspace/swaggy-jenkins/objc/generated/SwaggerClient/Api/SWGBlueOceanApi.h
[main] INFO io.swagger.codegen.AbstractGenerator - writing file /Users/cliffano/dev/workspace/swaggy-jenkins/objc/generated/docs/SWGBlueOceanApi.md
[main] INFO io.swagger.codegen.AbstractGenerator - writing file /Users/cliffano/dev/workspace/swaggy-jenkins/objc/generated/SwaggerClient/Api/SWGRemoteAccessApi.m
[main] INFO io.swagger.codegen.AbstractGenerator - writing file /Users/cliffano/dev/workspace/swaggy-jenkins/objc/generated/SwaggerClient/Api/SWGRemoteAccessApi.h
[main] INFO io.swagger.codegen.AbstractGenerator - writing file /Users/cliffano/dev/workspace/swaggy-jenkins/objc/generated/docs/SWGRemoteAccessApi.md
[main] INFO io.swagger.codegen.AbstractGenerator - writing file /Users/cliffano/dev/workspace/swaggy-jenkins/objc/generated/SwaggerClient/Core//SWGObject.h
[main] INFO io.swagger.codegen.AbstractGenerator - writing file /Users/cliffano/dev/workspace/swaggy-jenkins/objc/generated/SwaggerClient/Core//SWGObject.m
[main] INFO io.swagger.codegen.AbstractGenerator - writing file /Users/cliffano/dev/workspace/swaggy-jenkins/objc/generated/SwaggerClient/Core//SWGQueryParamCollection.h
[main] INFO io.swagger.codegen.AbstractGenerator - writing file /Users/cliffano/dev/workspace/swaggy-jenkins/objc/generated/SwaggerClient/Core//SWGQueryParamCollection.m
[main] INFO io.swagger.codegen.AbstractGenerator - writing file /Users/cliffano/dev/workspace/swaggy-jenkins/objc/generated/SwaggerClient/Core//SWGApiClient.h
[main] INFO io.swagger.codegen.AbstractGenerator - writing file /Users/cliffano/dev/workspace/swaggy-jenkins/objc/generated/SwaggerClient/Core//SWGApiClient.m
[main] INFO io.swagger.codegen.AbstractGenerator - writing file /Users/cliffano/dev/workspace/swaggy-jenkins/objc/generated/SwaggerClient/Core//SWGJSONRequestSerializer.m
[main] INFO io.swagger.codegen.AbstractGenerator - writing file /Users/cliffano/dev/workspace/swaggy-jenkins/objc/generated/SwaggerClient/Core//SWGJSONRequestSerializer.h
[main] INFO io.swagger.codegen.AbstractGenerator - writing file /Users/cliffano/dev/workspace/swaggy-jenkins/objc/generated/SwaggerClient/Core//SWGResponseDeserializer.m
[main] INFO io.swagger.codegen.AbstractGenerator - writing file /Users/cliffano/dev/workspace/swaggy-jenkins/objc/generated/SwaggerClient/Core//SWGResponseDeserializer.h
[main] INFO io.swagger.codegen.AbstractGenerator - writing file /Users/cliffano/dev/workspace/swaggy-jenkins/objc/generated/SwaggerClient/Core//SWGSanitizer.m
[main] INFO io.swagger.codegen.AbstractGenerator - writing file /Users/cliffano/dev/workspace/swaggy-jenkins/objc/generated/SwaggerClient/Core//SWGSanitizer.h
[main] INFO io.swagger.codegen.AbstractGenerator - writing file /Users/cliffano/dev/workspace/swaggy-jenkins/objc/generated/SwaggerClient/Core//SWGLogger.m
[main] INFO io.swagger.codegen.AbstractGenerator - writing file /Users/cliffano/dev/workspace/swaggy-jenkins/objc/generated/SwaggerClient/Core//SWGLogger.h
[main] INFO io.swagger.codegen.AbstractGenerator - writing file /Users/cliffano/dev/workspace/swaggy-jenkins/objc/generated/SwaggerClient/Core//JSONValueTransformer+ISO8601.m
[main] INFO io.swagger.codegen.AbstractGenerator - writing file /Users/cliffano/dev/workspace/swaggy-jenkins/objc/generated/SwaggerClient/Core//JSONValueTransformer+ISO8601.h
[main] INFO io.swagger.codegen.AbstractGenerator - writing file /Users/cliffano/dev/workspace/swaggy-jenkins/objc/generated/SwaggerClient/Core//SWGConfiguration.h
[main] INFO io.swagger.codegen.AbstractGenerator - writing file /Users/cliffano/dev/workspace/swaggy-jenkins/objc/generated/SwaggerClient/Core//SWGDefaultConfiguration.m
[main] INFO io.swagger.codegen.AbstractGenerator - writing file /Users/cliffano/dev/workspace/swaggy-jenkins/objc/generated/SwaggerClient/Core//SWGDefaultConfiguration.h
[main] INFO io.swagger.codegen.AbstractGenerator - writing file /Users/cliffano/dev/workspace/swaggy-jenkins/objc/generated/SwaggerClient/Core//SWGBasicAuthTokenProvider.h
[main] INFO io.swagger.codegen.AbstractGenerator - writing file /Users/cliffano/dev/workspace/swaggy-jenkins/objc/generated/SwaggerClient/Core//SWGBasicAuthTokenProvider.m
[main] INFO io.swagger.codegen.AbstractGenerator - writing file /Users/cliffano/dev/workspace/swaggy-jenkins/objc/generated/SwaggerClient/Core//SWGApi.h
[main] INFO io.swagger.codegen.AbstractGenerator - writing file /Users/cliffano/dev/workspace/swaggy-jenkins/objc/generated/SwaggerClient.podspec
[main] INFO io.swagger.codegen.AbstractGenerator - writing file /Users/cliffano/dev/workspace/swaggy-jenkins/objc/generated/README.md
[main] INFO io.swagger.codegen.AbstractGenerator - writing file /Users/cliffano/dev/workspace/swaggy-jenkins/objc/generated/git_push.sh
[main] INFO io.swagger.codegen.AbstractGenerator - writing file /Users/cliffano/dev/workspace/swaggy-jenkins/objc/generated/.gitignore
[main] INFO io.swagger.codegen.AbstractGenerator - writing file /Users/cliffano/dev/workspace/swaggy-jenkins/objc/generated/.swagger-codegen-ignore
[main] INFO io.swagger.codegen.AbstractGenerator - writing file /Users/cliffano/dev/workspace/swaggy-jenkins/objc/generated/.swagger-codegen/VERSION
