[main] ERROR io.swagger.codegen.config.CodegenConfigurator - Unable to deserialize config file: android/conf.json
java.io.FileNotFoundException: android/conf.json (No such file or directory)
	at java.io.FileInputStream.open0(Native Method)
	at java.io.FileInputStream.open(FileInputStream.java:195)
	at java.io.FileInputStream.<init>(FileInputStream.java:138)
	at com.fasterxml.jackson.core.JsonFactory.createParser(JsonFactory.java:756)
	at com.fasterxml.jackson.databind.ObjectMapper.readValue(ObjectMapper.java:2740)
	at io.swagger.codegen.config.CodegenConfigurator.fromFile(CodegenConfigurator.java:507)
	at io.swagger.codegen.cmd.Generate.run(Generate.java:135)
	at io.swagger.codegen.SwaggerCodegen.main(SwaggerCodegen.java:43)
[main] INFO io.swagger.parser.Swagger20Parser - reading from _spec/jenkins-api.yml
[main] WARN io.swagger.codegen.ignore.CodegenIgnoreProcessor - Output directory does not exist, or is inaccessible. No file (.swager-codegen-ignore) will be evaluated.
[main] INFO io.swagger.codegen.AbstractGenerator - writing file /Users/cliffano/dev/workspace/swaggy-jenkins/android/generated/src/main/java/io/swagger/client/model/GetClassesByClass.java
[main] INFO io.swagger.codegen.AbstractGenerator - writing file /Users/cliffano/dev/workspace/swaggy-jenkins/android/generated/docs/GetClassesByClass.md
[main] INFO io.swagger.codegen.AbstractGenerator - writing file /Users/cliffano/dev/workspace/swaggy-jenkins/android/generated/src/main/java/io/swagger/client/model/GetMultibranchPipeline.java
[main] INFO io.swagger.codegen.AbstractGenerator - writing file /Users/cliffano/dev/workspace/swaggy-jenkins/android/generated/docs/GetMultibranchPipeline.md
[main] INFO io.swagger.codegen.AbstractGenerator - writing file /Users/cliffano/dev/workspace/swaggy-jenkins/android/generated/src/main/java/io/swagger/client/model/GetOrganisations.java
[main] INFO io.swagger.codegen.AbstractGenerator - writing file /Users/cliffano/dev/workspace/swaggy-jenkins/android/generated/docs/GetOrganisations.md
[main] INFO io.swagger.codegen.AbstractGenerator - writing file /Users/cliffano/dev/workspace/swaggy-jenkins/android/generated/src/main/java/io/swagger/client/model/GetPipelineBranches.java
[main] INFO io.swagger.codegen.AbstractGenerator - writing file /Users/cliffano/dev/workspace/swaggy-jenkins/android/generated/docs/GetPipelineBranches.md
[main] INFO io.swagger.codegen.AbstractGenerator - writing file /Users/cliffano/dev/workspace/swaggy-jenkins/android/generated/src/main/java/io/swagger/client/model/GetPipelineBranchesitem.java
[main] INFO io.swagger.codegen.AbstractGenerator - writing file /Users/cliffano/dev/workspace/swaggy-jenkins/android/generated/docs/GetPipelineBranchesitem.md
[main] INFO io.swagger.codegen.AbstractGenerator - writing file /Users/cliffano/dev/workspace/swaggy-jenkins/android/generated/src/main/java/io/swagger/client/model/GetPipelineBranchesitemLatestRun.java
[main] INFO io.swagger.codegen.AbstractGenerator - writing file /Users/cliffano/dev/workspace/swaggy-jenkins/android/generated/docs/GetPipelineBranchesitemLatestRun.md
[main] INFO io.swagger.codegen.AbstractGenerator - writing file /Users/cliffano/dev/workspace/swaggy-jenkins/android/generated/src/main/java/io/swagger/client/model/GetPipelineBranchesitemPullRequest.java
[main] INFO io.swagger.codegen.AbstractGenerator - writing file /Users/cliffano/dev/workspace/swaggy-jenkins/android/generated/docs/GetPipelineBranchesitemPullRequest.md
[main] INFO io.swagger.codegen.AbstractGenerator - writing file /Users/cliffano/dev/workspace/swaggy-jenkins/android/generated/src/main/java/io/swagger/client/model/GetPipelineBranchesitemPullRequestLinks.java
[main] INFO io.swagger.codegen.AbstractGenerator - writing file /Users/cliffano/dev/workspace/swaggy-jenkins/android/generated/docs/GetPipelineBranchesitemPullRequestLinks.md
[main] INFO io.swagger.codegen.AbstractGenerator - writing file /Users/cliffano/dev/workspace/swaggy-jenkins/android/generated/src/main/java/io/swagger/client/model/GetPipelines.java
[main] INFO io.swagger.codegen.AbstractGenerator - writing file /Users/cliffano/dev/workspace/swaggy-jenkins/android/generated/docs/GetPipelines.md
[main] INFO io.swagger.codegen.AbstractGenerator - writing file /Users/cliffano/dev/workspace/swaggy-jenkins/android/generated/src/main/java/io/swagger/client/model/GetUsers.java
[main] INFO io.swagger.codegen.AbstractGenerator - writing file /Users/cliffano/dev/workspace/swaggy-jenkins/android/generated/docs/GetUsers.md
[main] INFO io.swagger.codegen.AbstractGenerator - writing file /Users/cliffano/dev/workspace/swaggy-jenkins/android/generated/src/main/java/io/swagger/client/model/HudsonmodelAllView.java
[main] INFO io.swagger.codegen.AbstractGenerator - writing file /Users/cliffano/dev/workspace/swaggy-jenkins/android/generated/docs/HudsonmodelAllView.md
[main] INFO io.swagger.codegen.AbstractGenerator - writing file /Users/cliffano/dev/workspace/swaggy-jenkins/android/generated/src/main/java/io/swagger/client/model/HudsonmodelCauseAction.java
[main] INFO io.swagger.codegen.AbstractGenerator - writing file /Users/cliffano/dev/workspace/swaggy-jenkins/android/generated/docs/HudsonmodelCauseAction.md
[main] INFO io.swagger.codegen.AbstractGenerator - writing file /Users/cliffano/dev/workspace/swaggy-jenkins/android/generated/src/main/java/io/swagger/client/model/HudsonmodelCauseUserIdCause.java
[main] INFO io.swagger.codegen.AbstractGenerator - writing file /Users/cliffano/dev/workspace/swaggy-jenkins/android/generated/docs/HudsonmodelCauseUserIdCause.md
[main] INFO io.swagger.codegen.AbstractGenerator - writing file /Users/cliffano/dev/workspace/swaggy-jenkins/android/generated/src/main/java/io/swagger/client/model/HudsonmodelComputerSet.java
[main] INFO io.swagger.codegen.AbstractGenerator - writing file /Users/cliffano/dev/workspace/swaggy-jenkins/android/generated/docs/HudsonmodelComputerSet.md
[main] INFO io.swagger.codegen.AbstractGenerator - writing file /Users/cliffano/dev/workspace/swaggy-jenkins/android/generated/src/main/java/io/swagger/client/model/HudsonmodelFreeStyleBuild.java
[main] INFO io.swagger.codegen.AbstractGenerator - writing file /Users/cliffano/dev/workspace/swaggy-jenkins/android/generated/docs/HudsonmodelFreeStyleBuild.md
[main] INFO io.swagger.codegen.AbstractGenerator - writing file /Users/cliffano/dev/workspace/swaggy-jenkins/android/generated/src/main/java/io/swagger/client/model/HudsonmodelFreeStyleProject.java
[main] INFO io.swagger.codegen.AbstractGenerator - writing file /Users/cliffano/dev/workspace/swaggy-jenkins/android/generated/docs/HudsonmodelFreeStyleProject.md
[main] INFO io.swagger.codegen.AbstractGenerator - writing file /Users/cliffano/dev/workspace/swaggy-jenkins/android/generated/src/main/java/io/swagger/client/model/HudsonmodelFreeStyleProjectactions.java
[main] INFO io.swagger.codegen.AbstractGenerator - writing file /Users/cliffano/dev/workspace/swaggy-jenkins/android/generated/docs/HudsonmodelFreeStyleProjectactions.md
[main] INFO io.swagger.codegen.AbstractGenerator - writing file /Users/cliffano/dev/workspace/swaggy-jenkins/android/generated/src/main/java/io/swagger/client/model/HudsonmodelFreeStyleProjecthealthReport.java
[main] INFO io.swagger.codegen.AbstractGenerator - writing file /Users/cliffano/dev/workspace/swaggy-jenkins/android/generated/docs/HudsonmodelFreeStyleProjecthealthReport.md
[main] INFO io.swagger.codegen.AbstractGenerator - writing file /Users/cliffano/dev/workspace/swaggy-jenkins/android/generated/src/main/java/io/swagger/client/model/HudsonmodelHudson.java
[main] INFO io.swagger.codegen.AbstractGenerator - writing file /Users/cliffano/dev/workspace/swaggy-jenkins/android/generated/docs/HudsonmodelHudson.md
[main] INFO io.swagger.codegen.AbstractGenerator - writing file /Users/cliffano/dev/workspace/swaggy-jenkins/android/generated/src/main/java/io/swagger/client/model/HudsonmodelHudsonMasterComputer.java
[main] INFO io.swagger.codegen.AbstractGenerator - writing file /Users/cliffano/dev/workspace/swaggy-jenkins/android/generated/docs/HudsonmodelHudsonMasterComputer.md
[main] INFO io.swagger.codegen.AbstractGenerator - writing file /Users/cliffano/dev/workspace/swaggy-jenkins/android/generated/src/main/java/io/swagger/client/model/HudsonmodelHudsonMasterComputerMonitorData.java
[main] INFO io.swagger.codegen.AbstractGenerator - writing file /Users/cliffano/dev/workspace/swaggy-jenkins/android/generated/docs/HudsonmodelHudsonMasterComputerMonitorData.md
[main] INFO io.swagger.codegen.AbstractGenerator - writing file /Users/cliffano/dev/workspace/swaggy-jenkins/android/generated/src/main/java/io/swagger/client/model/HudsonmodelHudsonMasterComputerexecutors.java
[main] INFO io.swagger.codegen.AbstractGenerator - writing file /Users/cliffano/dev/workspace/swaggy-jenkins/android/generated/docs/HudsonmodelHudsonMasterComputerexecutors.md
[main] INFO io.swagger.codegen.AbstractGenerator - writing file /Users/cliffano/dev/workspace/swaggy-jenkins/android/generated/src/main/java/io/swagger/client/model/HudsonmodelHudsonassignedLabels.java
[main] INFO io.swagger.codegen.AbstractGenerator - writing file /Users/cliffano/dev/workspace/swaggy-jenkins/android/generated/docs/HudsonmodelHudsonassignedLabels.md
[main] INFO io.swagger.codegen.AbstractGenerator - writing file /Users/cliffano/dev/workspace/swaggy-jenkins/android/generated/src/main/java/io/swagger/client/model/HudsonmodelLabel1.java
[main] INFO io.swagger.codegen.AbstractGenerator - writing file /Users/cliffano/dev/workspace/swaggy-jenkins/android/generated/docs/HudsonmodelLabel1.md
[main] INFO io.swagger.codegen.AbstractGenerator - writing file /Users/cliffano/dev/workspace/swaggy-jenkins/android/generated/src/main/java/io/swagger/client/model/HudsonmodelListView.java
[main] INFO io.swagger.codegen.AbstractGenerator - writing file /Users/cliffano/dev/workspace/swaggy-jenkins/android/generated/docs/HudsonmodelListView.md
[main] INFO io.swagger.codegen.AbstractGenerator - writing file /Users/cliffano/dev/workspace/swaggy-jenkins/android/generated/src/main/java/io/swagger/client/model/HudsonmodelQueue.java
[main] INFO io.swagger.codegen.AbstractGenerator - writing file /Users/cliffano/dev/workspace/swaggy-jenkins/android/generated/docs/HudsonmodelQueue.md
[main] INFO io.swagger.codegen.AbstractGenerator - writing file /Users/cliffano/dev/workspace/swaggy-jenkins/android/generated/src/main/java/io/swagger/client/model/HudsonmodelQueueBlockedItem.java
[main] INFO io.swagger.codegen.AbstractGenerator - writing file /Users/cliffano/dev/workspace/swaggy-jenkins/android/generated/docs/HudsonmodelQueueBlockedItem.md
[main] INFO io.swagger.codegen.AbstractGenerator - writing file /Users/cliffano/dev/workspace/swaggy-jenkins/android/generated/src/main/java/io/swagger/client/model/HudsonmodelQueueLeftItem.java
[main] INFO io.swagger.codegen.AbstractGenerator - writing file /Users/cliffano/dev/workspace/swaggy-jenkins/android/generated/docs/HudsonmodelQueueLeftItem.md
[main] INFO io.swagger.codegen.AbstractGenerator - writing file /Users/cliffano/dev/workspace/swaggy-jenkins/android/generated/src/main/java/io/swagger/client/model/HudsonmodelStringParameterDefinition.java
[main] INFO io.swagger.codegen.AbstractGenerator - writing file /Users/cliffano/dev/workspace/swaggy-jenkins/android/generated/docs/HudsonmodelStringParameterDefinition.md
[main] INFO io.swagger.codegen.AbstractGenerator - writing file /Users/cliffano/dev/workspace/swaggy-jenkins/android/generated/src/main/java/io/swagger/client/model/HudsonmodelStringParameterValue.java
[main] INFO io.swagger.codegen.AbstractGenerator - writing file /Users/cliffano/dev/workspace/swaggy-jenkins/android/generated/docs/HudsonmodelStringParameterValue.md
[main] INFO io.swagger.codegen.AbstractGenerator - writing file /Users/cliffano/dev/workspace/swaggy-jenkins/android/generated/src/main/java/io/swagger/client/model/HudsonnodeMonitorsDiskSpaceMonitorDescriptorDiskSpace.java
[main] INFO io.swagger.codegen.AbstractGenerator - writing file /Users/cliffano/dev/workspace/swaggy-jenkins/android/generated/docs/HudsonnodeMonitorsDiskSpaceMonitorDescriptorDiskSpace.md
[main] INFO io.swagger.codegen.AbstractGenerator - writing file /Users/cliffano/dev/workspace/swaggy-jenkins/android/generated/src/main/java/io/swagger/client/model/HudsonnodeMonitorsResponseTimeMonitorData.java
[main] INFO io.swagger.codegen.AbstractGenerator - writing file /Users/cliffano/dev/workspace/swaggy-jenkins/android/generated/docs/HudsonnodeMonitorsResponseTimeMonitorData.md
[main] INFO io.swagger.codegen.AbstractGenerator - writing file /Users/cliffano/dev/workspace/swaggy-jenkins/android/generated/src/main/java/io/swagger/client/model/HudsonnodeMonitorsSwapSpaceMonitorMemoryUsage2.java
[main] INFO io.swagger.codegen.AbstractGenerator - writing file /Users/cliffano/dev/workspace/swaggy-jenkins/android/generated/docs/HudsonnodeMonitorsSwapSpaceMonitorMemoryUsage2.md
[main] INFO io.swagger.codegen.AbstractGenerator - writing file /Users/cliffano/dev/workspace/swaggy-jenkins/android/generated/src/main/java/io/swagger/client/model/HudsonscmEmptyChangeLogSet.java
[main] INFO io.swagger.codegen.AbstractGenerator - writing file /Users/cliffano/dev/workspace/swaggy-jenkins/android/generated/docs/HudsonscmEmptyChangeLogSet.md
[main] INFO io.swagger.codegen.AbstractGenerator - writing file /Users/cliffano/dev/workspace/swaggy-jenkins/android/generated/src/main/java/io/swagger/client/model/HudsonscmNullSCM.java
[main] INFO io.swagger.codegen.AbstractGenerator - writing file /Users/cliffano/dev/workspace/swaggy-jenkins/android/generated/docs/HudsonscmNullSCM.md
[main] INFO io.swagger.codegen.AbstractGenerator - writing file /Users/cliffano/dev/workspace/swaggy-jenkins/android/generated/src/main/java/io/swagger/client/model/HudsonsecuritycsrfDefaultCrumbIssuer.java
[main] INFO io.swagger.codegen.AbstractGenerator - writing file /Users/cliffano/dev/workspace/swaggy-jenkins/android/generated/docs/HudsonsecuritycsrfDefaultCrumbIssuer.md
[main] INFO io.swagger.codegen.AbstractGenerator - writing file /Users/cliffano/dev/workspace/swaggy-jenkins/android/generated/src/main/java/io/swagger/client/model/HudsonutilClockDifference.java
[main] INFO io.swagger.codegen.AbstractGenerator - writing file /Users/cliffano/dev/workspace/swaggy-jenkins/android/generated/docs/HudsonutilClockDifference.md
[main] INFO io.swagger.codegen.AbstractGenerator - writing file /Users/cliffano/dev/workspace/swaggy-jenkins/android/generated/src/main/java/io/swagger/client/model/IojenkinsblueoceanresthalLink.java
[main] INFO io.swagger.codegen.AbstractGenerator - writing file /Users/cliffano/dev/workspace/swaggy-jenkins/android/generated/docs/IojenkinsblueoceanresthalLink.md
[main] INFO io.swagger.codegen.AbstractGenerator - writing file /Users/cliffano/dev/workspace/swaggy-jenkins/android/generated/src/main/java/io/swagger/client/model/IojenkinsblueoceanrestimplpipelineBranchImpl.java
[main] INFO io.swagger.codegen.AbstractGenerator - writing file /Users/cliffano/dev/workspace/swaggy-jenkins/android/generated/docs/IojenkinsblueoceanrestimplpipelineBranchImpl.md
[main] INFO io.swagger.codegen.AbstractGenerator - writing file /Users/cliffano/dev/workspace/swaggy-jenkins/android/generated/src/main/java/io/swagger/client/model/IojenkinsblueoceanrestimplpipelineBranchImplPermissions.java
[main] INFO io.swagger.codegen.AbstractGenerator - writing file /Users/cliffano/dev/workspace/swaggy-jenkins/android/generated/docs/IojenkinsblueoceanrestimplpipelineBranchImplPermissions.md
[main] INFO io.swagger.codegen.AbstractGenerator - writing file /Users/cliffano/dev/workspace/swaggy-jenkins/android/generated/src/main/java/io/swagger/client/model/IojenkinsblueoceanserviceembeddedrestExtensionClassContainerImpl1.java
[main] INFO io.swagger.codegen.AbstractGenerator - writing file /Users/cliffano/dev/workspace/swaggy-jenkins/android/generated/docs/IojenkinsblueoceanserviceembeddedrestExtensionClassContainerImpl1.md
[main] INFO io.swagger.codegen.AbstractGenerator - writing file /Users/cliffano/dev/workspace/swaggy-jenkins/android/generated/src/main/java/io/swagger/client/model/IojenkinsblueoceanserviceembeddedrestExtensionClassContainerImpl1Links.java
[main] INFO io.swagger.codegen.AbstractGenerator - writing file /Users/cliffano/dev/workspace/swaggy-jenkins/android/generated/docs/IojenkinsblueoceanserviceembeddedrestExtensionClassContainerImpl1Links.md
[main] INFO io.swagger.codegen.AbstractGenerator - writing file /Users/cliffano/dev/workspace/swaggy-jenkins/android/generated/src/main/java/io/swagger/client/model/IojenkinsblueoceanserviceembeddedrestExtensionClassContainerImpl1Map.java
[main] INFO io.swagger.codegen.AbstractGenerator - writing file /Users/cliffano/dev/workspace/swaggy-jenkins/android/generated/docs/IojenkinsblueoceanserviceembeddedrestExtensionClassContainerImpl1Map.md
[main] INFO io.swagger.codegen.AbstractGenerator - writing file /Users/cliffano/dev/workspace/swaggy-jenkins/android/generated/src/main/java/io/swagger/client/model/IojenkinsblueoceanserviceembeddedrestExtensionClassImpl.java
[main] INFO io.swagger.codegen.AbstractGenerator - writing file /Users/cliffano/dev/workspace/swaggy-jenkins/android/generated/docs/IojenkinsblueoceanserviceembeddedrestExtensionClassImpl.md
[main] INFO io.swagger.codegen.AbstractGenerator - writing file /Users/cliffano/dev/workspace/swaggy-jenkins/android/generated/src/main/java/io/swagger/client/model/IojenkinsblueoceanserviceembeddedrestExtensionClassImplLinks.java
[main] INFO io.swagger.codegen.AbstractGenerator - writing file /Users/cliffano/dev/workspace/swaggy-jenkins/android/generated/docs/IojenkinsblueoceanserviceembeddedrestExtensionClassImplLinks.md
[main] INFO io.swagger.codegen.AbstractGenerator - writing file /Users/cliffano/dev/workspace/swaggy-jenkins/android/generated/src/main/java/io/swagger/client/model/IojenkinsblueoceanserviceembeddedrestPipelineFolderImpl.java
[main] INFO io.swagger.codegen.AbstractGenerator - writing file /Users/cliffano/dev/workspace/swaggy-jenkins/android/generated/docs/IojenkinsblueoceanserviceembeddedrestPipelineFolderImpl.md
[main] INFO io.swagger.codegen.AbstractGenerator - writing file /Users/cliffano/dev/workspace/swaggy-jenkins/android/generated/src/main/java/io/swagger/client/model/IojenkinsblueoceanserviceembeddedrestPipelineImpl.java
[main] INFO io.swagger.codegen.AbstractGenerator - writing file /Users/cliffano/dev/workspace/swaggy-jenkins/android/generated/docs/IojenkinsblueoceanserviceembeddedrestPipelineImpl.md
[main] INFO io.swagger.codegen.AbstractGenerator - writing file /Users/cliffano/dev/workspace/swaggy-jenkins/android/generated/src/main/java/io/swagger/client/model/JenkinsmodelUnlabeledLoadStatistics.java
[main] INFO io.swagger.codegen.AbstractGenerator - writing file /Users/cliffano/dev/workspace/swaggy-jenkins/android/generated/docs/JenkinsmodelUnlabeledLoadStatistics.md
[main] INFO io.swagger.codegen.AbstractGenerator - writing file /Users/cliffano/dev/workspace/swaggy-jenkins/android/generated/src/main/java/io/swagger/client/model/SwaggyjenkinsOrganisation.java
[main] INFO io.swagger.codegen.AbstractGenerator - writing file /Users/cliffano/dev/workspace/swaggy-jenkins/android/generated/docs/SwaggyjenkinsOrganisation.md
[main] INFO io.swagger.codegen.AbstractGenerator - writing file /Users/cliffano/dev/workspace/swaggy-jenkins/android/generated/src/main/java/io/swagger/client/model/SwaggyjenkinsPipeline.java
[main] INFO io.swagger.codegen.AbstractGenerator - writing file /Users/cliffano/dev/workspace/swaggy-jenkins/android/generated/docs/SwaggyjenkinsPipeline.md
[main] INFO io.swagger.codegen.AbstractGenerator - writing file /Users/cliffano/dev/workspace/swaggy-jenkins/android/generated/src/main/java/io/swagger/client/model/SwaggyjenkinsPipelineLatestRun.java
[main] INFO io.swagger.codegen.AbstractGenerator - writing file /Users/cliffano/dev/workspace/swaggy-jenkins/android/generated/docs/SwaggyjenkinsPipelineLatestRun.md
[main] INFO io.swagger.codegen.AbstractGenerator - writing file /Users/cliffano/dev/workspace/swaggy-jenkins/android/generated/src/main/java/io/swagger/client/model/SwaggyjenkinsPipelineLatestRunartifacts.java
[main] INFO io.swagger.codegen.AbstractGenerator - writing file /Users/cliffano/dev/workspace/swaggy-jenkins/android/generated/docs/SwaggyjenkinsPipelineLatestRunartifacts.md
[main] INFO io.swagger.codegen.AbstractGenerator - writing file /Users/cliffano/dev/workspace/swaggy-jenkins/android/generated/src/main/java/io/swagger/client/model/SwaggyjenkinsUser.java
[main] INFO io.swagger.codegen.AbstractGenerator - writing file /Users/cliffano/dev/workspace/swaggy-jenkins/android/generated/docs/SwaggyjenkinsUser.md
[main] WARN io.swagger.codegen.DefaultCodegen - generated unique operationId `search_0`
[main] WARN io.swagger.codegen.DefaultCodegen - generated unique operationId `getPipelineFolderByOrg_0`
[main] INFO io.swagger.codegen.AbstractGenerator - writing file /Users/cliffano/dev/workspace/swaggy-jenkins/android/generated/src/main/java/io/swagger/client/api/BlueOceanApi.java
[main] INFO io.swagger.codegen.AbstractGenerator - writing file /Users/cliffano/dev/workspace/swaggy-jenkins/android/generated/docs/BlueOceanApi.md
[main] INFO io.swagger.codegen.AbstractGenerator - writing file /Users/cliffano/dev/workspace/swaggy-jenkins/android/generated/src/main/java/io/swagger/client/api/RemoteAccessApi.java
[main] INFO io.swagger.codegen.AbstractGenerator - writing file /Users/cliffano/dev/workspace/swaggy-jenkins/android/generated/docs/RemoteAccessApi.md
[main] INFO io.swagger.codegen.AbstractGenerator - writing file /Users/cliffano/dev/workspace/swaggy-jenkins/android/generated/README.md
[main] INFO io.swagger.codegen.AbstractGenerator - writing file /Users/cliffano/dev/workspace/swaggy-jenkins/android/generated/git_push.sh
[main] INFO io.swagger.codegen.AbstractGenerator - writing file /Users/cliffano/dev/workspace/swaggy-jenkins/android/generated/.gitignore
[main] INFO io.swagger.codegen.AbstractGenerator - writing file /Users/cliffano/dev/workspace/swaggy-jenkins/android/generated/pom.xml
[main] INFO io.swagger.codegen.AbstractGenerator - writing file /Users/cliffano/dev/workspace/swaggy-jenkins/android/generated/build.gradle
[main] INFO io.swagger.codegen.AbstractGenerator - writing file /Users/cliffano/dev/workspace/swaggy-jenkins/android/generated/src/main/AndroidManifest.xml
[main] INFO io.swagger.codegen.AbstractGenerator - writing file /Users/cliffano/dev/workspace/swaggy-jenkins/android/generated/src/main/java/io/swagger/client/ApiInvoker.java
[main] INFO io.swagger.codegen.AbstractGenerator - writing file /Users/cliffano/dev/workspace/swaggy-jenkins/android/generated/src/main/java/io/swagger/client/JsonUtil.java
[main] INFO io.swagger.codegen.AbstractGenerator - writing file /Users/cliffano/dev/workspace/swaggy-jenkins/android/generated/src/main/java/io/swagger/client/ApiException.java
[main] INFO io.swagger.codegen.AbstractGenerator - writing file /Users/cliffano/dev/workspace/swaggy-jenkins/android/generated/src/main/java/io/swagger/client/Pair.java
[main] INFO io.swagger.codegen.AbstractGenerator - writing file /Users/cliffano/dev/workspace/swaggy-jenkins/android/generated/src/main/java/io/swagger/client/request/GetRequest.java
[main] INFO io.swagger.codegen.AbstractGenerator - writing file /Users/cliffano/dev/workspace/swaggy-jenkins/android/generated/src/main/java/io/swagger/client/request/PostRequest.java
[main] INFO io.swagger.codegen.AbstractGenerator - writing file /Users/cliffano/dev/workspace/swaggy-jenkins/android/generated/src/main/java/io/swagger/client/request/PutRequest.java
[main] INFO io.swagger.codegen.AbstractGenerator - writing file /Users/cliffano/dev/workspace/swaggy-jenkins/android/generated/src/main/java/io/swagger/client/request/DeleteRequest.java
[main] INFO io.swagger.codegen.AbstractGenerator - writing file /Users/cliffano/dev/workspace/swaggy-jenkins/android/generated/src/main/java/io/swagger/client/request/PatchRequest.java
[main] INFO io.swagger.codegen.AbstractGenerator - writing file /Users/cliffano/dev/workspace/swaggy-jenkins/android/generated/src/main/java/io/swagger/client/auth/ApiKeyAuth.java
[main] INFO io.swagger.codegen.AbstractGenerator - writing file /Users/cliffano/dev/workspace/swaggy-jenkins/android/generated/src/main/java/io/swagger/client/auth/HttpBasicAuth.java
[main] INFO io.swagger.codegen.AbstractGenerator - writing file /Users/cliffano/dev/workspace/swaggy-jenkins/android/generated/src/main/java/io/swagger/client/auth/Authentication.java
[main] INFO io.swagger.codegen.AbstractGenerator - writing file /Users/cliffano/dev/workspace/swaggy-jenkins/android/generated/gradlew
[main] INFO io.swagger.codegen.AbstractGenerator - writing file /Users/cliffano/dev/workspace/swaggy-jenkins/android/generated/gradlew.bat
[main] INFO io.swagger.codegen.AbstractGenerator - writing file /Users/cliffano/dev/workspace/swaggy-jenkins/android/generated/gradle/wrapper/gradle-wrapper.properties
[main] INFO io.swagger.codegen.DefaultGenerator - writing file /Users/cliffano/dev/workspace/swaggy-jenkins/android/generated/gradle/wrapper/gradle-wrapper.jar
[main] INFO io.swagger.codegen.AbstractGenerator - writing file /Users/cliffano/dev/workspace/swaggy-jenkins/android/generated/.swagger-codegen-ignore
[main] INFO io.swagger.codegen.AbstractGenerator - writing file /Users/cliffano/dev/workspace/swaggy-jenkins/android/generated/.swagger-codegen/VERSION
