npm WARN deprecated jade@0.26.3: Jade has been renamed to pug, please install the latest version of pug instead of jade
npm WARN deprecated minimatch@0.2.14: Please update to minimatch 3.0.2 or higher to avoid a RegExp DoS issue
npm WARN deprecated graceful-fs@2.0.3: graceful-fs v3.0.0 and before will fail on node releases >= v7.0. Please update to graceful-fs@^4.0.0 as soon as possible. Use 'npm ls graceful-fs' to find it in the tree.
swaggy_jenkins@0.0.2 /Users/cliffano/dev/workspace/swaggy-jenkins/javascript/generated
├── expect.js@0.3.1 
├─┬ mocha@2.3.4 
│ ├── commander@2.3.0 
│ ├─┬ debug@2.2.0 
│ │ └── ms@0.7.1 
│ ├── diff@1.4.0 
│ ├── escape-string-regexp@1.0.2 
│ ├─┬ glob@3.2.3 
│ │ ├── graceful-fs@2.0.3 
│ │ ├── inherits@2.0.3 
│ │ └─┬ minimatch@0.2.14 
│ │   ├── lru-cache@2.7.3 
│ │   └── sigmund@1.0.1 
│ ├── growl@1.8.1 
│ ├─┬ jade@0.26.3 
│ │ ├── commander@0.6.1 
│ │ └── mkdirp@0.3.0 
│ ├─┬ mkdirp@0.5.0 
│ │ └── minimist@0.0.8 
│ └── supports-color@1.2.0 
├─┬ sinon@1.17.3 
│ ├── formatio@1.1.1 
│ ├── lolex@1.3.2 
│ ├── samsam@1.1.2 
│ └─┬ util@0.10.3 
│   └── inherits@2.0.1 
└─┬ superagent@3.5.2 
  ├── component-emitter@1.2.1 
  ├── cookiejar@2.1.1 
  ├─┬ debug@2.6.8 
  │ └── ms@2.0.0 
  ├── extend@3.0.1 
  ├─┬ form-data@2.2.0 
  │ ├── asynckit@0.4.0 
  │ ├─┬ combined-stream@1.0.5 
  │ │ └── delayed-stream@1.0.0 
  │ └─┬ mime-types@2.1.16 
  │   └── mime-db@1.29.0 
  ├── formidable@1.1.1 
  ├── methods@1.1.2 
  ├── mime@1.3.6 
  ├── qs@6.5.0 
  └─┬ readable-stream@2.3.3 
    ├── core-util-is@1.0.2 
    ├── isarray@1.0.0 
    ├── process-nextick-args@1.0.7 
    ├── safe-buffer@5.1.1 
    ├── string_decoder@1.0.3 
    └── util-deprecate@1.0.2 

npm WARN swaggy_jenkins@0.0.2 No repository field.
