[main] INFO io.swagger.parser.Swagger20Parser - reading from _spec/jenkins-api.yml
[main] WARN io.swagger.codegen.ignore.CodegenIgnoreProcessor - Output directory does not exist, or is inaccessible. No file (.swager-codegen-ignore) will be evaluated.
[main] INFO io.swagger.codegen.AbstractGenerator - writing file /Users/cliffano/dev/workspace/swaggy-jenkins/javascript/generated/src/model/Body.js
[main] INFO io.swagger.codegen.AbstractGenerator - writing file /Users/cliffano/dev/workspace/swaggy-jenkins/javascript/generated/test/model/Body.spec.js
[main] INFO io.swagger.codegen.AbstractGenerator - writing file /Users/cliffano/dev/workspace/swaggy-jenkins/javascript/generated/docs/Body.md
[main] INFO io.swagger.codegen.AbstractGenerator - writing file /Users/cliffano/dev/workspace/swaggy-jenkins/javascript/generated/src/model/GetClassesByClass.js
[main] INFO io.swagger.codegen.AbstractGenerator - writing file /Users/cliffano/dev/workspace/swaggy-jenkins/javascript/generated/test/model/GetClassesByClass.spec.js
[main] INFO io.swagger.codegen.AbstractGenerator - writing file /Users/cliffano/dev/workspace/swaggy-jenkins/javascript/generated/docs/GetClassesByClass.md
[main] INFO io.swagger.codegen.AbstractGenerator - writing file /Users/cliffano/dev/workspace/swaggy-jenkins/javascript/generated/src/model/GetMultibranchPipeline.js
[main] INFO io.swagger.codegen.AbstractGenerator - writing file /Users/cliffano/dev/workspace/swaggy-jenkins/javascript/generated/test/model/GetMultibranchPipeline.spec.js
[main] INFO io.swagger.codegen.AbstractGenerator - writing file /Users/cliffano/dev/workspace/swaggy-jenkins/javascript/generated/docs/GetMultibranchPipeline.md
[main] INFO io.swagger.codegen.AbstractGenerator - writing file /Users/cliffano/dev/workspace/swaggy-jenkins/javascript/generated/src/model/GetOrganisations.js
[main] INFO io.swagger.codegen.AbstractGenerator - writing file /Users/cliffano/dev/workspace/swaggy-jenkins/javascript/generated/test/model/GetOrganisations.spec.js
[main] INFO io.swagger.codegen.AbstractGenerator - writing file /Users/cliffano/dev/workspace/swaggy-jenkins/javascript/generated/docs/GetOrganisations.md
[main] INFO io.swagger.codegen.AbstractGenerator - writing file /Users/cliffano/dev/workspace/swaggy-jenkins/javascript/generated/src/model/GetPipelineActivities.js
[main] INFO io.swagger.codegen.AbstractGenerator - writing file /Users/cliffano/dev/workspace/swaggy-jenkins/javascript/generated/test/model/GetPipelineActivities.spec.js
[main] INFO io.swagger.codegen.AbstractGenerator - writing file /Users/cliffano/dev/workspace/swaggy-jenkins/javascript/generated/docs/GetPipelineActivities.md
[main] INFO io.swagger.codegen.AbstractGenerator - writing file /Users/cliffano/dev/workspace/swaggy-jenkins/javascript/generated/src/model/GetPipelineBranches.js
[main] INFO io.swagger.codegen.AbstractGenerator - writing file /Users/cliffano/dev/workspace/swaggy-jenkins/javascript/generated/test/model/GetPipelineBranches.spec.js
[main] INFO io.swagger.codegen.AbstractGenerator - writing file /Users/cliffano/dev/workspace/swaggy-jenkins/javascript/generated/docs/GetPipelineBranches.md
[main] INFO io.swagger.codegen.AbstractGenerator - writing file /Users/cliffano/dev/workspace/swaggy-jenkins/javascript/generated/src/model/GetPipelineBranchesitem.js
[main] INFO io.swagger.codegen.AbstractGenerator - writing file /Users/cliffano/dev/workspace/swaggy-jenkins/javascript/generated/test/model/GetPipelineBranchesitem.spec.js
[main] INFO io.swagger.codegen.AbstractGenerator - writing file /Users/cliffano/dev/workspace/swaggy-jenkins/javascript/generated/docs/GetPipelineBranchesitem.md
[main] INFO io.swagger.codegen.AbstractGenerator - writing file /Users/cliffano/dev/workspace/swaggy-jenkins/javascript/generated/src/model/GetPipelineBranchesitemLatestRun.js
[main] INFO io.swagger.codegen.AbstractGenerator - writing file /Users/cliffano/dev/workspace/swaggy-jenkins/javascript/generated/test/model/GetPipelineBranchesitemLatestRun.spec.js
[main] INFO io.swagger.codegen.AbstractGenerator - writing file /Users/cliffano/dev/workspace/swaggy-jenkins/javascript/generated/docs/GetPipelineBranchesitemLatestRun.md
[main] INFO io.swagger.codegen.AbstractGenerator - writing file /Users/cliffano/dev/workspace/swaggy-jenkins/javascript/generated/src/model/GetPipelineBranchesitemPullRequest.js
[main] INFO io.swagger.codegen.AbstractGenerator - writing file /Users/cliffano/dev/workspace/swaggy-jenkins/javascript/generated/test/model/GetPipelineBranchesitemPullRequest.spec.js
[main] INFO io.swagger.codegen.AbstractGenerator - writing file /Users/cliffano/dev/workspace/swaggy-jenkins/javascript/generated/docs/GetPipelineBranchesitemPullRequest.md
[main] INFO io.swagger.codegen.AbstractGenerator - writing file /Users/cliffano/dev/workspace/swaggy-jenkins/javascript/generated/src/model/GetPipelineBranchesitemPullRequestLinks.js
[main] INFO io.swagger.codegen.AbstractGenerator - writing file /Users/cliffano/dev/workspace/swaggy-jenkins/javascript/generated/test/model/GetPipelineBranchesitemPullRequestLinks.spec.js
[main] INFO io.swagger.codegen.AbstractGenerator - writing file /Users/cliffano/dev/workspace/swaggy-jenkins/javascript/generated/docs/GetPipelineBranchesitemPullRequestLinks.md
[main] INFO io.swagger.codegen.AbstractGenerator - writing file /Users/cliffano/dev/workspace/swaggy-jenkins/javascript/generated/src/model/GetPipelineQueue.js
[main] INFO io.swagger.codegen.AbstractGenerator - writing file /Users/cliffano/dev/workspace/swaggy-jenkins/javascript/generated/test/model/GetPipelineQueue.spec.js
[main] INFO io.swagger.codegen.AbstractGenerator - writing file /Users/cliffano/dev/workspace/swaggy-jenkins/javascript/generated/docs/GetPipelineQueue.md
[main] INFO io.swagger.codegen.AbstractGenerator - writing file /Users/cliffano/dev/workspace/swaggy-jenkins/javascript/generated/src/model/GetPipelineRunNodeSteps.js
[main] INFO io.swagger.codegen.AbstractGenerator - writing file /Users/cliffano/dev/workspace/swaggy-jenkins/javascript/generated/test/model/GetPipelineRunNodeSteps.spec.js
[main] INFO io.swagger.codegen.AbstractGenerator - writing file /Users/cliffano/dev/workspace/swaggy-jenkins/javascript/generated/docs/GetPipelineRunNodeSteps.md
[main] INFO io.swagger.codegen.AbstractGenerator - writing file /Users/cliffano/dev/workspace/swaggy-jenkins/javascript/generated/src/model/GetPipelineRunNodes.js
[main] INFO io.swagger.codegen.AbstractGenerator - writing file /Users/cliffano/dev/workspace/swaggy-jenkins/javascript/generated/test/model/GetPipelineRunNodes.spec.js
[main] INFO io.swagger.codegen.AbstractGenerator - writing file /Users/cliffano/dev/workspace/swaggy-jenkins/javascript/generated/docs/GetPipelineRunNodes.md
[main] INFO io.swagger.codegen.AbstractGenerator - writing file /Users/cliffano/dev/workspace/swaggy-jenkins/javascript/generated/src/model/GetPipelineRunSteps.js
[main] INFO io.swagger.codegen.AbstractGenerator - writing file /Users/cliffano/dev/workspace/swaggy-jenkins/javascript/generated/test/model/GetPipelineRunSteps.spec.js
[main] INFO io.swagger.codegen.AbstractGenerator - writing file /Users/cliffano/dev/workspace/swaggy-jenkins/javascript/generated/docs/GetPipelineRunSteps.md
[main] INFO io.swagger.codegen.AbstractGenerator - writing file /Users/cliffano/dev/workspace/swaggy-jenkins/javascript/generated/src/model/GetPipelineRuns.js
[main] INFO io.swagger.codegen.AbstractGenerator - writing file /Users/cliffano/dev/workspace/swaggy-jenkins/javascript/generated/test/model/GetPipelineRuns.spec.js
[main] INFO io.swagger.codegen.AbstractGenerator - writing file /Users/cliffano/dev/workspace/swaggy-jenkins/javascript/generated/docs/GetPipelineRuns.md
[main] INFO io.swagger.codegen.AbstractGenerator - writing file /Users/cliffano/dev/workspace/swaggy-jenkins/javascript/generated/src/model/GetPipelines.js
[main] INFO io.swagger.codegen.AbstractGenerator - writing file /Users/cliffano/dev/workspace/swaggy-jenkins/javascript/generated/test/model/GetPipelines.spec.js
[main] INFO io.swagger.codegen.AbstractGenerator - writing file /Users/cliffano/dev/workspace/swaggy-jenkins/javascript/generated/docs/GetPipelines.md
[main] INFO io.swagger.codegen.AbstractGenerator - writing file /Users/cliffano/dev/workspace/swaggy-jenkins/javascript/generated/src/model/GetScmOrganisations.js
[main] INFO io.swagger.codegen.AbstractGenerator - writing file /Users/cliffano/dev/workspace/swaggy-jenkins/javascript/generated/test/model/GetScmOrganisations.spec.js
[main] INFO io.swagger.codegen.AbstractGenerator - writing file /Users/cliffano/dev/workspace/swaggy-jenkins/javascript/generated/docs/GetScmOrganisations.md
[main] INFO io.swagger.codegen.AbstractGenerator - writing file /Users/cliffano/dev/workspace/swaggy-jenkins/javascript/generated/src/model/GetUserFavorites.js
[main] INFO io.swagger.codegen.AbstractGenerator - writing file /Users/cliffano/dev/workspace/swaggy-jenkins/javascript/generated/test/model/GetUserFavorites.spec.js
[main] INFO io.swagger.codegen.AbstractGenerator - writing file /Users/cliffano/dev/workspace/swaggy-jenkins/javascript/generated/docs/GetUserFavorites.md
[main] INFO io.swagger.codegen.AbstractGenerator - writing file /Users/cliffano/dev/workspace/swaggy-jenkins/javascript/generated/src/model/GetUsers.js
[main] INFO io.swagger.codegen.AbstractGenerator - writing file /Users/cliffano/dev/workspace/swaggy-jenkins/javascript/generated/test/model/GetUsers.spec.js
[main] INFO io.swagger.codegen.AbstractGenerator - writing file /Users/cliffano/dev/workspace/swaggy-jenkins/javascript/generated/docs/GetUsers.md
[main] INFO io.swagger.codegen.AbstractGenerator - writing file /Users/cliffano/dev/workspace/swaggy-jenkins/javascript/generated/src/model/HudsonmodelAllView.js
[main] INFO io.swagger.codegen.AbstractGenerator - writing file /Users/cliffano/dev/workspace/swaggy-jenkins/javascript/generated/test/model/HudsonmodelAllView.spec.js
[main] INFO io.swagger.codegen.AbstractGenerator - writing file /Users/cliffano/dev/workspace/swaggy-jenkins/javascript/generated/docs/HudsonmodelAllView.md
[main] INFO io.swagger.codegen.AbstractGenerator - writing file /Users/cliffano/dev/workspace/swaggy-jenkins/javascript/generated/src/model/HudsonmodelCauseAction.js
[main] INFO io.swagger.codegen.AbstractGenerator - writing file /Users/cliffano/dev/workspace/swaggy-jenkins/javascript/generated/test/model/HudsonmodelCauseAction.spec.js
[main] INFO io.swagger.codegen.AbstractGenerator - writing file /Users/cliffano/dev/workspace/swaggy-jenkins/javascript/generated/docs/HudsonmodelCauseAction.md
[main] INFO io.swagger.codegen.AbstractGenerator - writing file /Users/cliffano/dev/workspace/swaggy-jenkins/javascript/generated/src/model/HudsonmodelCauseUserIdCause.js
[main] INFO io.swagger.codegen.AbstractGenerator - writing file /Users/cliffano/dev/workspace/swaggy-jenkins/javascript/generated/test/model/HudsonmodelCauseUserIdCause.spec.js
[main] INFO io.swagger.codegen.AbstractGenerator - writing file /Users/cliffano/dev/workspace/swaggy-jenkins/javascript/generated/docs/HudsonmodelCauseUserIdCause.md
[main] INFO io.swagger.codegen.AbstractGenerator - writing file /Users/cliffano/dev/workspace/swaggy-jenkins/javascript/generated/src/model/HudsonmodelComputerSet.js
[main] INFO io.swagger.codegen.AbstractGenerator - writing file /Users/cliffano/dev/workspace/swaggy-jenkins/javascript/generated/test/model/HudsonmodelComputerSet.spec.js
[main] INFO io.swagger.codegen.AbstractGenerator - writing file /Users/cliffano/dev/workspace/swaggy-jenkins/javascript/generated/docs/HudsonmodelComputerSet.md
[main] INFO io.swagger.codegen.AbstractGenerator - writing file /Users/cliffano/dev/workspace/swaggy-jenkins/javascript/generated/src/model/HudsonmodelFreeStyleBuild.js
[main] INFO io.swagger.codegen.AbstractGenerator - writing file /Users/cliffano/dev/workspace/swaggy-jenkins/javascript/generated/test/model/HudsonmodelFreeStyleBuild.spec.js
[main] INFO io.swagger.codegen.AbstractGenerator - writing file /Users/cliffano/dev/workspace/swaggy-jenkins/javascript/generated/docs/HudsonmodelFreeStyleBuild.md
[main] INFO io.swagger.codegen.AbstractGenerator - writing file /Users/cliffano/dev/workspace/swaggy-jenkins/javascript/generated/src/model/HudsonmodelFreeStyleProject.js
[main] INFO io.swagger.codegen.AbstractGenerator - writing file /Users/cliffano/dev/workspace/swaggy-jenkins/javascript/generated/test/model/HudsonmodelFreeStyleProject.spec.js
[main] INFO io.swagger.codegen.AbstractGenerator - writing file /Users/cliffano/dev/workspace/swaggy-jenkins/javascript/generated/docs/HudsonmodelFreeStyleProject.md
[main] INFO io.swagger.codegen.AbstractGenerator - writing file /Users/cliffano/dev/workspace/swaggy-jenkins/javascript/generated/src/model/HudsonmodelFreeStyleProjectactions.js
[main] INFO io.swagger.codegen.AbstractGenerator - writing file /Users/cliffano/dev/workspace/swaggy-jenkins/javascript/generated/test/model/HudsonmodelFreeStyleProjectactions.spec.js
[main] INFO io.swagger.codegen.AbstractGenerator - writing file /Users/cliffano/dev/workspace/swaggy-jenkins/javascript/generated/docs/HudsonmodelFreeStyleProjectactions.md
[main] INFO io.swagger.codegen.AbstractGenerator - writing file /Users/cliffano/dev/workspace/swaggy-jenkins/javascript/generated/src/model/HudsonmodelFreeStyleProjecthealthReport.js
[main] INFO io.swagger.codegen.AbstractGenerator - writing file /Users/cliffano/dev/workspace/swaggy-jenkins/javascript/generated/test/model/HudsonmodelFreeStyleProjecthealthReport.spec.js
[main] INFO io.swagger.codegen.AbstractGenerator - writing file /Users/cliffano/dev/workspace/swaggy-jenkins/javascript/generated/docs/HudsonmodelFreeStyleProjecthealthReport.md
[main] INFO io.swagger.codegen.AbstractGenerator - writing file /Users/cliffano/dev/workspace/swaggy-jenkins/javascript/generated/src/model/HudsonmodelHudson.js
[main] INFO io.swagger.codegen.AbstractGenerator - writing file /Users/cliffano/dev/workspace/swaggy-jenkins/javascript/generated/test/model/HudsonmodelHudson.spec.js
[main] INFO io.swagger.codegen.AbstractGenerator - writing file /Users/cliffano/dev/workspace/swaggy-jenkins/javascript/generated/docs/HudsonmodelHudson.md
[main] INFO io.swagger.codegen.AbstractGenerator - writing file /Users/cliffano/dev/workspace/swaggy-jenkins/javascript/generated/src/model/HudsonmodelHudsonMasterComputer.js
[main] INFO io.swagger.codegen.AbstractGenerator - writing file /Users/cliffano/dev/workspace/swaggy-jenkins/javascript/generated/test/model/HudsonmodelHudsonMasterComputer.spec.js
[main] INFO io.swagger.codegen.AbstractGenerator - writing file /Users/cliffano/dev/workspace/swaggy-jenkins/javascript/generated/docs/HudsonmodelHudsonMasterComputer.md
[main] INFO io.swagger.codegen.AbstractGenerator - writing file /Users/cliffano/dev/workspace/swaggy-jenkins/javascript/generated/src/model/HudsonmodelHudsonMasterComputerMonitorData.js
[main] INFO io.swagger.codegen.AbstractGenerator - writing file /Users/cliffano/dev/workspace/swaggy-jenkins/javascript/generated/test/model/HudsonmodelHudsonMasterComputerMonitorData.spec.js
[main] INFO io.swagger.codegen.AbstractGenerator - writing file /Users/cliffano/dev/workspace/swaggy-jenkins/javascript/generated/docs/HudsonmodelHudsonMasterComputerMonitorData.md
[main] INFO io.swagger.codegen.AbstractGenerator - writing file /Users/cliffano/dev/workspace/swaggy-jenkins/javascript/generated/src/model/HudsonmodelHudsonMasterComputerexecutors.js
[main] INFO io.swagger.codegen.AbstractGenerator - writing file /Users/cliffano/dev/workspace/swaggy-jenkins/javascript/generated/test/model/HudsonmodelHudsonMasterComputerexecutors.spec.js
[main] INFO io.swagger.codegen.AbstractGenerator - writing file /Users/cliffano/dev/workspace/swaggy-jenkins/javascript/generated/docs/HudsonmodelHudsonMasterComputerexecutors.md
[main] INFO io.swagger.codegen.AbstractGenerator - writing file /Users/cliffano/dev/workspace/swaggy-jenkins/javascript/generated/src/model/HudsonmodelHudsonassignedLabels.js
[main] INFO io.swagger.codegen.AbstractGenerator - writing file /Users/cliffano/dev/workspace/swaggy-jenkins/javascript/generated/test/model/HudsonmodelHudsonassignedLabels.spec.js
[main] INFO io.swagger.codegen.AbstractGenerator - writing file /Users/cliffano/dev/workspace/swaggy-jenkins/javascript/generated/docs/HudsonmodelHudsonassignedLabels.md
[main] INFO io.swagger.codegen.AbstractGenerator - writing file /Users/cliffano/dev/workspace/swaggy-jenkins/javascript/generated/src/model/HudsonmodelLabel1.js
[main] INFO io.swagger.codegen.AbstractGenerator - writing file /Users/cliffano/dev/workspace/swaggy-jenkins/javascript/generated/test/model/HudsonmodelLabel1.spec.js
[main] INFO io.swagger.codegen.AbstractGenerator - writing file /Users/cliffano/dev/workspace/swaggy-jenkins/javascript/generated/docs/HudsonmodelLabel1.md
[main] INFO io.swagger.codegen.AbstractGenerator - writing file /Users/cliffano/dev/workspace/swaggy-jenkins/javascript/generated/src/model/HudsonmodelListView.js
[main] INFO io.swagger.codegen.AbstractGenerator - writing file /Users/cliffano/dev/workspace/swaggy-jenkins/javascript/generated/test/model/HudsonmodelListView.spec.js
[main] INFO io.swagger.codegen.AbstractGenerator - writing file /Users/cliffano/dev/workspace/swaggy-jenkins/javascript/generated/docs/HudsonmodelListView.md
[main] INFO io.swagger.codegen.AbstractGenerator - writing file /Users/cliffano/dev/workspace/swaggy-jenkins/javascript/generated/src/model/HudsonmodelQueue.js
[main] INFO io.swagger.codegen.AbstractGenerator - writing file /Users/cliffano/dev/workspace/swaggy-jenkins/javascript/generated/test/model/HudsonmodelQueue.spec.js
[main] INFO io.swagger.codegen.AbstractGenerator - writing file /Users/cliffano/dev/workspace/swaggy-jenkins/javascript/generated/docs/HudsonmodelQueue.md
[main] INFO io.swagger.codegen.AbstractGenerator - writing file /Users/cliffano/dev/workspace/swaggy-jenkins/javascript/generated/src/model/HudsonmodelQueueBlockedItem.js
[main] INFO io.swagger.codegen.AbstractGenerator - writing file /Users/cliffano/dev/workspace/swaggy-jenkins/javascript/generated/test/model/HudsonmodelQueueBlockedItem.spec.js
[main] INFO io.swagger.codegen.AbstractGenerator - writing file /Users/cliffano/dev/workspace/swaggy-jenkins/javascript/generated/docs/HudsonmodelQueueBlockedItem.md
[main] INFO io.swagger.codegen.AbstractGenerator - writing file /Users/cliffano/dev/workspace/swaggy-jenkins/javascript/generated/src/model/HudsonmodelQueueLeftItem.js
[main] INFO io.swagger.codegen.AbstractGenerator - writing file /Users/cliffano/dev/workspace/swaggy-jenkins/javascript/generated/test/model/HudsonmodelQueueLeftItem.spec.js
[main] INFO io.swagger.codegen.AbstractGenerator - writing file /Users/cliffano/dev/workspace/swaggy-jenkins/javascript/generated/docs/HudsonmodelQueueLeftItem.md
[main] INFO io.swagger.codegen.AbstractGenerator - writing file /Users/cliffano/dev/workspace/swaggy-jenkins/javascript/generated/src/model/HudsonmodelStringParameterDefinition.js
[main] INFO io.swagger.codegen.AbstractGenerator - writing file /Users/cliffano/dev/workspace/swaggy-jenkins/javascript/generated/test/model/HudsonmodelStringParameterDefinition.spec.js
[main] INFO io.swagger.codegen.AbstractGenerator - writing file /Users/cliffano/dev/workspace/swaggy-jenkins/javascript/generated/docs/HudsonmodelStringParameterDefinition.md
[main] INFO io.swagger.codegen.AbstractGenerator - writing file /Users/cliffano/dev/workspace/swaggy-jenkins/javascript/generated/src/model/HudsonmodelStringParameterValue.js
[main] INFO io.swagger.codegen.AbstractGenerator - writing file /Users/cliffano/dev/workspace/swaggy-jenkins/javascript/generated/test/model/HudsonmodelStringParameterValue.spec.js
[main] INFO io.swagger.codegen.AbstractGenerator - writing file /Users/cliffano/dev/workspace/swaggy-jenkins/javascript/generated/docs/HudsonmodelStringParameterValue.md
[main] INFO io.swagger.codegen.AbstractGenerator - writing file /Users/cliffano/dev/workspace/swaggy-jenkins/javascript/generated/src/model/HudsonnodeMonitorsDiskSpaceMonitorDescriptorDiskSpace.js
[main] INFO io.swagger.codegen.AbstractGenerator - writing file /Users/cliffano/dev/workspace/swaggy-jenkins/javascript/generated/test/model/HudsonnodeMonitorsDiskSpaceMonitorDescriptorDiskSpace.spec.js
[main] INFO io.swagger.codegen.AbstractGenerator - writing file /Users/cliffano/dev/workspace/swaggy-jenkins/javascript/generated/docs/HudsonnodeMonitorsDiskSpaceMonitorDescriptorDiskSpace.md
[main] INFO io.swagger.codegen.AbstractGenerator - writing file /Users/cliffano/dev/workspace/swaggy-jenkins/javascript/generated/src/model/HudsonnodeMonitorsResponseTimeMonitorData.js
[main] INFO io.swagger.codegen.AbstractGenerator - writing file /Users/cliffano/dev/workspace/swaggy-jenkins/javascript/generated/test/model/HudsonnodeMonitorsResponseTimeMonitorData.spec.js
[main] INFO io.swagger.codegen.AbstractGenerator - writing file /Users/cliffano/dev/workspace/swaggy-jenkins/javascript/generated/docs/HudsonnodeMonitorsResponseTimeMonitorData.md
[main] INFO io.swagger.codegen.AbstractGenerator - writing file /Users/cliffano/dev/workspace/swaggy-jenkins/javascript/generated/src/model/HudsonnodeMonitorsSwapSpaceMonitorMemoryUsage2.js
[main] INFO io.swagger.codegen.AbstractGenerator - writing file /Users/cliffano/dev/workspace/swaggy-jenkins/javascript/generated/test/model/HudsonnodeMonitorsSwapSpaceMonitorMemoryUsage2.spec.js
[main] INFO io.swagger.codegen.AbstractGenerator - writing file /Users/cliffano/dev/workspace/swaggy-jenkins/javascript/generated/docs/HudsonnodeMonitorsSwapSpaceMonitorMemoryUsage2.md
[main] INFO io.swagger.codegen.AbstractGenerator - writing file /Users/cliffano/dev/workspace/swaggy-jenkins/javascript/generated/src/model/HudsonscmEmptyChangeLogSet.js
[main] INFO io.swagger.codegen.AbstractGenerator - writing file /Users/cliffano/dev/workspace/swaggy-jenkins/javascript/generated/test/model/HudsonscmEmptyChangeLogSet.spec.js
[main] INFO io.swagger.codegen.AbstractGenerator - writing file /Users/cliffano/dev/workspace/swaggy-jenkins/javascript/generated/docs/HudsonscmEmptyChangeLogSet.md
[main] INFO io.swagger.codegen.AbstractGenerator - writing file /Users/cliffano/dev/workspace/swaggy-jenkins/javascript/generated/src/model/HudsonscmNullSCM.js
[main] INFO io.swagger.codegen.AbstractGenerator - writing file /Users/cliffano/dev/workspace/swaggy-jenkins/javascript/generated/test/model/HudsonscmNullSCM.spec.js
[main] INFO io.swagger.codegen.AbstractGenerator - writing file /Users/cliffano/dev/workspace/swaggy-jenkins/javascript/generated/docs/HudsonscmNullSCM.md
[main] INFO io.swagger.codegen.AbstractGenerator - writing file /Users/cliffano/dev/workspace/swaggy-jenkins/javascript/generated/src/model/HudsonsecuritycsrfDefaultCrumbIssuer.js
[main] INFO io.swagger.codegen.AbstractGenerator - writing file /Users/cliffano/dev/workspace/swaggy-jenkins/javascript/generated/test/model/HudsonsecuritycsrfDefaultCrumbIssuer.spec.js
[main] INFO io.swagger.codegen.AbstractGenerator - writing file /Users/cliffano/dev/workspace/swaggy-jenkins/javascript/generated/docs/HudsonsecuritycsrfDefaultCrumbIssuer.md
[main] INFO io.swagger.codegen.AbstractGenerator - writing file /Users/cliffano/dev/workspace/swaggy-jenkins/javascript/generated/src/model/HudsonutilClockDifference.js
[main] INFO io.swagger.codegen.AbstractGenerator - writing file /Users/cliffano/dev/workspace/swaggy-jenkins/javascript/generated/test/model/HudsonutilClockDifference.spec.js
[main] INFO io.swagger.codegen.AbstractGenerator - writing file /Users/cliffano/dev/workspace/swaggy-jenkins/javascript/generated/docs/HudsonutilClockDifference.md
[main] INFO io.swagger.codegen.AbstractGenerator - writing file /Users/cliffano/dev/workspace/swaggy-jenkins/javascript/generated/src/model/IojenkinsblueoceanblueoceanGithubPipelineGithubContent.js
[main] INFO io.swagger.codegen.AbstractGenerator - writing file /Users/cliffano/dev/workspace/swaggy-jenkins/javascript/generated/test/model/IojenkinsblueoceanblueoceanGithubPipelineGithubContent.spec.js
[main] INFO io.swagger.codegen.AbstractGenerator - writing file /Users/cliffano/dev/workspace/swaggy-jenkins/javascript/generated/docs/IojenkinsblueoceanblueoceanGithubPipelineGithubContent.md
[main] INFO io.swagger.codegen.AbstractGenerator - writing file /Users/cliffano/dev/workspace/swaggy-jenkins/javascript/generated/src/model/IojenkinsblueoceanblueoceanGithubPipelineGithubFile.js
[main] INFO io.swagger.codegen.AbstractGenerator - writing file /Users/cliffano/dev/workspace/swaggy-jenkins/javascript/generated/test/model/IojenkinsblueoceanblueoceanGithubPipelineGithubFile.spec.js
[main] INFO io.swagger.codegen.AbstractGenerator - writing file /Users/cliffano/dev/workspace/swaggy-jenkins/javascript/generated/docs/IojenkinsblueoceanblueoceanGithubPipelineGithubFile.md
[main] INFO io.swagger.codegen.AbstractGenerator - writing file /Users/cliffano/dev/workspace/swaggy-jenkins/javascript/generated/src/model/IojenkinsblueoceanblueoceanGithubPipelineGithubOrganization.js
[main] INFO io.swagger.codegen.AbstractGenerator - writing file /Users/cliffano/dev/workspace/swaggy-jenkins/javascript/generated/test/model/IojenkinsblueoceanblueoceanGithubPipelineGithubOrganization.spec.js
[main] INFO io.swagger.codegen.AbstractGenerator - writing file /Users/cliffano/dev/workspace/swaggy-jenkins/javascript/generated/docs/IojenkinsblueoceanblueoceanGithubPipelineGithubOrganization.md
[main] INFO io.swagger.codegen.AbstractGenerator - writing file /Users/cliffano/dev/workspace/swaggy-jenkins/javascript/generated/src/model/IojenkinsblueoceanblueoceanGithubPipelineGithubOrganizationLinks.js
[main] INFO io.swagger.codegen.AbstractGenerator - writing file /Users/cliffano/dev/workspace/swaggy-jenkins/javascript/generated/test/model/IojenkinsblueoceanblueoceanGithubPipelineGithubOrganizationLinks.spec.js
[main] INFO io.swagger.codegen.AbstractGenerator - writing file /Users/cliffano/dev/workspace/swaggy-jenkins/javascript/generated/docs/IojenkinsblueoceanblueoceanGithubPipelineGithubOrganizationLinks.md
[main] INFO io.swagger.codegen.AbstractGenerator - writing file /Users/cliffano/dev/workspace/swaggy-jenkins/javascript/generated/src/model/IojenkinsblueoceanblueoceanGithubPipelineGithubRepositories.js
[main] INFO io.swagger.codegen.AbstractGenerator - writing file /Users/cliffano/dev/workspace/swaggy-jenkins/javascript/generated/test/model/IojenkinsblueoceanblueoceanGithubPipelineGithubRepositories.spec.js
[main] INFO io.swagger.codegen.AbstractGenerator - writing file /Users/cliffano/dev/workspace/swaggy-jenkins/javascript/generated/docs/IojenkinsblueoceanblueoceanGithubPipelineGithubRepositories.md
[main] INFO io.swagger.codegen.AbstractGenerator - writing file /Users/cliffano/dev/workspace/swaggy-jenkins/javascript/generated/src/model/IojenkinsblueoceanblueoceanGithubPipelineGithubRepositoriesLinks.js
[main] INFO io.swagger.codegen.AbstractGenerator - writing file /Users/cliffano/dev/workspace/swaggy-jenkins/javascript/generated/test/model/IojenkinsblueoceanblueoceanGithubPipelineGithubRepositoriesLinks.spec.js
[main] INFO io.swagger.codegen.AbstractGenerator - writing file /Users/cliffano/dev/workspace/swaggy-jenkins/javascript/generated/docs/IojenkinsblueoceanblueoceanGithubPipelineGithubRepositoriesLinks.md
[main] INFO io.swagger.codegen.AbstractGenerator - writing file /Users/cliffano/dev/workspace/swaggy-jenkins/javascript/generated/src/model/IojenkinsblueoceanblueoceanGithubPipelineGithubRepository.js
[main] INFO io.swagger.codegen.AbstractGenerator - writing file /Users/cliffano/dev/workspace/swaggy-jenkins/javascript/generated/test/model/IojenkinsblueoceanblueoceanGithubPipelineGithubRepository.spec.js
[main] INFO io.swagger.codegen.AbstractGenerator - writing file /Users/cliffano/dev/workspace/swaggy-jenkins/javascript/generated/docs/IojenkinsblueoceanblueoceanGithubPipelineGithubRepository.md
[main] INFO io.swagger.codegen.AbstractGenerator - writing file /Users/cliffano/dev/workspace/swaggy-jenkins/javascript/generated/src/model/IojenkinsblueoceanblueoceanGithubPipelineGithubRepositoryLinks.js
[main] INFO io.swagger.codegen.AbstractGenerator - writing file /Users/cliffano/dev/workspace/swaggy-jenkins/javascript/generated/test/model/IojenkinsblueoceanblueoceanGithubPipelineGithubRepositoryLinks.spec.js
[main] INFO io.swagger.codegen.AbstractGenerator - writing file /Users/cliffano/dev/workspace/swaggy-jenkins/javascript/generated/docs/IojenkinsblueoceanblueoceanGithubPipelineGithubRepositoryLinks.md
[main] INFO io.swagger.codegen.AbstractGenerator - writing file /Users/cliffano/dev/workspace/swaggy-jenkins/javascript/generated/src/model/IojenkinsblueoceanblueoceanGithubPipelineGithubRepositoryPermissions.js
[main] INFO io.swagger.codegen.AbstractGenerator - writing file /Users/cliffano/dev/workspace/swaggy-jenkins/javascript/generated/test/model/IojenkinsblueoceanblueoceanGithubPipelineGithubRepositoryPermissions.spec.js
[main] INFO io.swagger.codegen.AbstractGenerator - writing file /Users/cliffano/dev/workspace/swaggy-jenkins/javascript/generated/docs/IojenkinsblueoceanblueoceanGithubPipelineGithubRepositoryPermissions.md
[main] INFO io.swagger.codegen.AbstractGenerator - writing file /Users/cliffano/dev/workspace/swaggy-jenkins/javascript/generated/src/model/IojenkinsblueoceanblueoceanGithubPipelineGithubRespositoryContainer.js
[main] INFO io.swagger.codegen.AbstractGenerator - writing file /Users/cliffano/dev/workspace/swaggy-jenkins/javascript/generated/test/model/IojenkinsblueoceanblueoceanGithubPipelineGithubRespositoryContainer.spec.js
[main] INFO io.swagger.codegen.AbstractGenerator - writing file /Users/cliffano/dev/workspace/swaggy-jenkins/javascript/generated/docs/IojenkinsblueoceanblueoceanGithubPipelineGithubRespositoryContainer.md
[main] INFO io.swagger.codegen.AbstractGenerator - writing file /Users/cliffano/dev/workspace/swaggy-jenkins/javascript/generated/src/model/IojenkinsblueoceanblueoceanGithubPipelineGithubRespositoryContainerLinks.js
[main] INFO io.swagger.codegen.AbstractGenerator - writing file /Users/cliffano/dev/workspace/swaggy-jenkins/javascript/generated/test/model/IojenkinsblueoceanblueoceanGithubPipelineGithubRespositoryContainerLinks.spec.js
[main] INFO io.swagger.codegen.AbstractGenerator - writing file /Users/cliffano/dev/workspace/swaggy-jenkins/javascript/generated/docs/IojenkinsblueoceanblueoceanGithubPipelineGithubRespositoryContainerLinks.md
[main] INFO io.swagger.codegen.AbstractGenerator - writing file /Users/cliffano/dev/workspace/swaggy-jenkins/javascript/generated/src/model/IojenkinsblueoceanblueoceanGithubPipelineGithubScm.js
[main] INFO io.swagger.codegen.AbstractGenerator - writing file /Users/cliffano/dev/workspace/swaggy-jenkins/javascript/generated/test/model/IojenkinsblueoceanblueoceanGithubPipelineGithubScm.spec.js
[main] INFO io.swagger.codegen.AbstractGenerator - writing file /Users/cliffano/dev/workspace/swaggy-jenkins/javascript/generated/docs/IojenkinsblueoceanblueoceanGithubPipelineGithubScm.md
[main] INFO io.swagger.codegen.AbstractGenerator - writing file /Users/cliffano/dev/workspace/swaggy-jenkins/javascript/generated/src/model/IojenkinsblueoceanblueoceanGithubPipelineGithubScmLinks.js
[main] INFO io.swagger.codegen.AbstractGenerator - writing file /Users/cliffano/dev/workspace/swaggy-jenkins/javascript/generated/test/model/IojenkinsblueoceanblueoceanGithubPipelineGithubScmLinks.spec.js
[main] INFO io.swagger.codegen.AbstractGenerator - writing file /Users/cliffano/dev/workspace/swaggy-jenkins/javascript/generated/docs/IojenkinsblueoceanblueoceanGithubPipelineGithubScmLinks.md
[main] INFO io.swagger.codegen.AbstractGenerator - writing file /Users/cliffano/dev/workspace/swaggy-jenkins/javascript/generated/src/model/IojenkinsblueoceanresthalLink.js
[main] INFO io.swagger.codegen.AbstractGenerator - writing file /Users/cliffano/dev/workspace/swaggy-jenkins/javascript/generated/test/model/IojenkinsblueoceanresthalLink.spec.js
[main] INFO io.swagger.codegen.AbstractGenerator - writing file /Users/cliffano/dev/workspace/swaggy-jenkins/javascript/generated/docs/IojenkinsblueoceanresthalLink.md
[main] INFO io.swagger.codegen.AbstractGenerator - writing file /Users/cliffano/dev/workspace/swaggy-jenkins/javascript/generated/src/model/IojenkinsblueoceanrestimplpipelineBranchImpl.js
[main] INFO io.swagger.codegen.AbstractGenerator - writing file /Users/cliffano/dev/workspace/swaggy-jenkins/javascript/generated/test/model/IojenkinsblueoceanrestimplpipelineBranchImpl.spec.js
[main] INFO io.swagger.codegen.AbstractGenerator - writing file /Users/cliffano/dev/workspace/swaggy-jenkins/javascript/generated/docs/IojenkinsblueoceanrestimplpipelineBranchImpl.md
[main] INFO io.swagger.codegen.AbstractGenerator - writing file /Users/cliffano/dev/workspace/swaggy-jenkins/javascript/generated/src/model/IojenkinsblueoceanrestimplpipelineBranchImplPermissions.js
[main] INFO io.swagger.codegen.AbstractGenerator - writing file /Users/cliffano/dev/workspace/swaggy-jenkins/javascript/generated/test/model/IojenkinsblueoceanrestimplpipelineBranchImplPermissions.spec.js
[main] INFO io.swagger.codegen.AbstractGenerator - writing file /Users/cliffano/dev/workspace/swaggy-jenkins/javascript/generated/docs/IojenkinsblueoceanrestimplpipelineBranchImplPermissions.md
[main] INFO io.swagger.codegen.AbstractGenerator - writing file /Users/cliffano/dev/workspace/swaggy-jenkins/javascript/generated/src/model/IojenkinsblueoceanrestimplpipelineInputStepImpl.js
[main] INFO io.swagger.codegen.AbstractGenerator - writing file /Users/cliffano/dev/workspace/swaggy-jenkins/javascript/generated/test/model/IojenkinsblueoceanrestimplpipelineInputStepImpl.spec.js
[main] INFO io.swagger.codegen.AbstractGenerator - writing file /Users/cliffano/dev/workspace/swaggy-jenkins/javascript/generated/docs/IojenkinsblueoceanrestimplpipelineInputStepImpl.md
[main] INFO io.swagger.codegen.AbstractGenerator - writing file /Users/cliffano/dev/workspace/swaggy-jenkins/javascript/generated/src/model/IojenkinsblueoceanrestimplpipelineInputStepImplLinks.js
[main] INFO io.swagger.codegen.AbstractGenerator - writing file /Users/cliffano/dev/workspace/swaggy-jenkins/javascript/generated/test/model/IojenkinsblueoceanrestimplpipelineInputStepImplLinks.spec.js
[main] INFO io.swagger.codegen.AbstractGenerator - writing file /Users/cliffano/dev/workspace/swaggy-jenkins/javascript/generated/docs/IojenkinsblueoceanrestimplpipelineInputStepImplLinks.md
[main] INFO io.swagger.codegen.AbstractGenerator - writing file /Users/cliffano/dev/workspace/swaggy-jenkins/javascript/generated/src/model/IojenkinsblueoceanrestimplpipelinePipelineStepImpl.js
[main] INFO io.swagger.codegen.AbstractGenerator - writing file /Users/cliffano/dev/workspace/swaggy-jenkins/javascript/generated/test/model/IojenkinsblueoceanrestimplpipelinePipelineStepImpl.spec.js
[main] INFO io.swagger.codegen.AbstractGenerator - writing file /Users/cliffano/dev/workspace/swaggy-jenkins/javascript/generated/docs/IojenkinsblueoceanrestimplpipelinePipelineStepImpl.md
[main] INFO io.swagger.codegen.AbstractGenerator - writing file /Users/cliffano/dev/workspace/swaggy-jenkins/javascript/generated/src/model/IojenkinsblueoceanrestimplpipelinePipelineStepImplLinks.js
[main] INFO io.swagger.codegen.AbstractGenerator - writing file /Users/cliffano/dev/workspace/swaggy-jenkins/javascript/generated/test/model/IojenkinsblueoceanrestimplpipelinePipelineStepImplLinks.spec.js
[main] INFO io.swagger.codegen.AbstractGenerator - writing file /Users/cliffano/dev/workspace/swaggy-jenkins/javascript/generated/docs/IojenkinsblueoceanrestimplpipelinePipelineStepImplLinks.md
[main] INFO io.swagger.codegen.AbstractGenerator - writing file /Users/cliffano/dev/workspace/swaggy-jenkins/javascript/generated/src/model/IojenkinsblueoceanrestmodelGenericResource.js
[main] INFO io.swagger.codegen.AbstractGenerator - writing file /Users/cliffano/dev/workspace/swaggy-jenkins/javascript/generated/test/model/IojenkinsblueoceanrestmodelGenericResource.spec.js
[main] INFO io.swagger.codegen.AbstractGenerator - writing file /Users/cliffano/dev/workspace/swaggy-jenkins/javascript/generated/docs/IojenkinsblueoceanrestmodelGenericResource.md
[main] INFO io.swagger.codegen.AbstractGenerator - writing file /Users/cliffano/dev/workspace/swaggy-jenkins/javascript/generated/src/model/IojenkinsblueoceanserviceembeddedrestBranchImpl.js
[main] INFO io.swagger.codegen.AbstractGenerator - writing file /Users/cliffano/dev/workspace/swaggy-jenkins/javascript/generated/test/model/IojenkinsblueoceanserviceembeddedrestBranchImpl.spec.js
[main] INFO io.swagger.codegen.AbstractGenerator - writing file /Users/cliffano/dev/workspace/swaggy-jenkins/javascript/generated/docs/IojenkinsblueoceanserviceembeddedrestBranchImpl.md
[main] INFO io.swagger.codegen.AbstractGenerator - writing file /Users/cliffano/dev/workspace/swaggy-jenkins/javascript/generated/src/model/IojenkinsblueoceanserviceembeddedrestBranchImplLinks.js
[main] INFO io.swagger.codegen.AbstractGenerator - writing file /Users/cliffano/dev/workspace/swaggy-jenkins/javascript/generated/test/model/IojenkinsblueoceanserviceembeddedrestBranchImplLinks.spec.js
[main] INFO io.swagger.codegen.AbstractGenerator - writing file /Users/cliffano/dev/workspace/swaggy-jenkins/javascript/generated/docs/IojenkinsblueoceanserviceembeddedrestBranchImplLinks.md
[main] INFO io.swagger.codegen.AbstractGenerator - writing file /Users/cliffano/dev/workspace/swaggy-jenkins/javascript/generated/src/model/IojenkinsblueoceanserviceembeddedrestExtensionClassContainerImpl1.js
[main] INFO io.swagger.codegen.AbstractGenerator - writing file /Users/cliffano/dev/workspace/swaggy-jenkins/javascript/generated/test/model/IojenkinsblueoceanserviceembeddedrestExtensionClassContainerImpl1.spec.js
[main] INFO io.swagger.codegen.AbstractGenerator - writing file /Users/cliffano/dev/workspace/swaggy-jenkins/javascript/generated/docs/IojenkinsblueoceanserviceembeddedrestExtensionClassContainerImpl1.md
[main] INFO io.swagger.codegen.AbstractGenerator - writing file /Users/cliffano/dev/workspace/swaggy-jenkins/javascript/generated/src/model/IojenkinsblueoceanserviceembeddedrestExtensionClassContainerImpl1Links.js
[main] INFO io.swagger.codegen.AbstractGenerator - writing file /Users/cliffano/dev/workspace/swaggy-jenkins/javascript/generated/test/model/IojenkinsblueoceanserviceembeddedrestExtensionClassContainerImpl1Links.spec.js
[main] INFO io.swagger.codegen.AbstractGenerator - writing file /Users/cliffano/dev/workspace/swaggy-jenkins/javascript/generated/docs/IojenkinsblueoceanserviceembeddedrestExtensionClassContainerImpl1Links.md
[main] INFO io.swagger.codegen.AbstractGenerator - writing file /Users/cliffano/dev/workspace/swaggy-jenkins/javascript/generated/src/model/IojenkinsblueoceanserviceembeddedrestExtensionClassContainerImpl1Map.js
[main] INFO io.swagger.codegen.AbstractGenerator - writing file /Users/cliffano/dev/workspace/swaggy-jenkins/javascript/generated/test/model/IojenkinsblueoceanserviceembeddedrestExtensionClassContainerImpl1Map.spec.js
[main] INFO io.swagger.codegen.AbstractGenerator - writing file /Users/cliffano/dev/workspace/swaggy-jenkins/javascript/generated/docs/IojenkinsblueoceanserviceembeddedrestExtensionClassContainerImpl1Map.md
[main] INFO io.swagger.codegen.AbstractGenerator - writing file /Users/cliffano/dev/workspace/swaggy-jenkins/javascript/generated/src/model/IojenkinsblueoceanserviceembeddedrestExtensionClassImpl.js
[main] INFO io.swagger.codegen.AbstractGenerator - writing file /Users/cliffano/dev/workspace/swaggy-jenkins/javascript/generated/test/model/IojenkinsblueoceanserviceembeddedrestExtensionClassImpl.spec.js
[main] INFO io.swagger.codegen.AbstractGenerator - writing file /Users/cliffano/dev/workspace/swaggy-jenkins/javascript/generated/docs/IojenkinsblueoceanserviceembeddedrestExtensionClassImpl.md
[main] INFO io.swagger.codegen.AbstractGenerator - writing file /Users/cliffano/dev/workspace/swaggy-jenkins/javascript/generated/src/model/IojenkinsblueoceanserviceembeddedrestExtensionClassImplLinks.js
[main] INFO io.swagger.codegen.AbstractGenerator - writing file /Users/cliffano/dev/workspace/swaggy-jenkins/javascript/generated/test/model/IojenkinsblueoceanserviceembeddedrestExtensionClassImplLinks.spec.js
[main] INFO io.swagger.codegen.AbstractGenerator - writing file /Users/cliffano/dev/workspace/swaggy-jenkins/javascript/generated/docs/IojenkinsblueoceanserviceembeddedrestExtensionClassImplLinks.md
[main] INFO io.swagger.codegen.AbstractGenerator - writing file /Users/cliffano/dev/workspace/swaggy-jenkins/javascript/generated/src/model/IojenkinsblueoceanserviceembeddedrestFavoriteImpl.js
[main] INFO io.swagger.codegen.AbstractGenerator - writing file /Users/cliffano/dev/workspace/swaggy-jenkins/javascript/generated/test/model/IojenkinsblueoceanserviceembeddedrestFavoriteImpl.spec.js
[main] INFO io.swagger.codegen.AbstractGenerator - writing file /Users/cliffano/dev/workspace/swaggy-jenkins/javascript/generated/docs/IojenkinsblueoceanserviceembeddedrestFavoriteImpl.md
[main] INFO io.swagger.codegen.AbstractGenerator - writing file /Users/cliffano/dev/workspace/swaggy-jenkins/javascript/generated/src/model/IojenkinsblueoceanserviceembeddedrestFavoriteImplLinks.js
[main] INFO io.swagger.codegen.AbstractGenerator - writing file /Users/cliffano/dev/workspace/swaggy-jenkins/javascript/generated/test/model/IojenkinsblueoceanserviceembeddedrestFavoriteImplLinks.spec.js
[main] INFO io.swagger.codegen.AbstractGenerator - writing file /Users/cliffano/dev/workspace/swaggy-jenkins/javascript/generated/docs/IojenkinsblueoceanserviceembeddedrestFavoriteImplLinks.md
[main] INFO io.swagger.codegen.AbstractGenerator - writing file /Users/cliffano/dev/workspace/swaggy-jenkins/javascript/generated/src/model/IojenkinsblueoceanserviceembeddedrestPipelineFolderImpl.js
[main] INFO io.swagger.codegen.AbstractGenerator - writing file /Users/cliffano/dev/workspace/swaggy-jenkins/javascript/generated/test/model/IojenkinsblueoceanserviceembeddedrestPipelineFolderImpl.spec.js
[main] INFO io.swagger.codegen.AbstractGenerator - writing file /Users/cliffano/dev/workspace/swaggy-jenkins/javascript/generated/docs/IojenkinsblueoceanserviceembeddedrestPipelineFolderImpl.md
[main] INFO io.swagger.codegen.AbstractGenerator - writing file /Users/cliffano/dev/workspace/swaggy-jenkins/javascript/generated/src/model/IojenkinsblueoceanserviceembeddedrestPipelineImpl.js
[main] INFO io.swagger.codegen.AbstractGenerator - writing file /Users/cliffano/dev/workspace/swaggy-jenkins/javascript/generated/test/model/IojenkinsblueoceanserviceembeddedrestPipelineImpl.spec.js
[main] INFO io.swagger.codegen.AbstractGenerator - writing file /Users/cliffano/dev/workspace/swaggy-jenkins/javascript/generated/docs/IojenkinsblueoceanserviceembeddedrestPipelineImpl.md
[main] INFO io.swagger.codegen.AbstractGenerator - writing file /Users/cliffano/dev/workspace/swaggy-jenkins/javascript/generated/src/model/IojenkinsblueoceanserviceembeddedrestPipelineImplLinks.js
[main] INFO io.swagger.codegen.AbstractGenerator - writing file /Users/cliffano/dev/workspace/swaggy-jenkins/javascript/generated/test/model/IojenkinsblueoceanserviceembeddedrestPipelineImplLinks.spec.js
[main] INFO io.swagger.codegen.AbstractGenerator - writing file /Users/cliffano/dev/workspace/swaggy-jenkins/javascript/generated/docs/IojenkinsblueoceanserviceembeddedrestPipelineImplLinks.md
[main] INFO io.swagger.codegen.AbstractGenerator - writing file /Users/cliffano/dev/workspace/swaggy-jenkins/javascript/generated/src/model/IojenkinsblueoceanserviceembeddedrestPipelineRunImpl.js
[main] INFO io.swagger.codegen.AbstractGenerator - writing file /Users/cliffano/dev/workspace/swaggy-jenkins/javascript/generated/test/model/IojenkinsblueoceanserviceembeddedrestPipelineRunImpl.spec.js
[main] INFO io.swagger.codegen.AbstractGenerator - writing file /Users/cliffano/dev/workspace/swaggy-jenkins/javascript/generated/docs/IojenkinsblueoceanserviceembeddedrestPipelineRunImpl.md
[main] INFO io.swagger.codegen.AbstractGenerator - writing file /Users/cliffano/dev/workspace/swaggy-jenkins/javascript/generated/src/model/IojenkinsblueoceanserviceembeddedrestPipelineRunImplLinks.js
[main] INFO io.swagger.codegen.AbstractGenerator - writing file /Users/cliffano/dev/workspace/swaggy-jenkins/javascript/generated/test/model/IojenkinsblueoceanserviceembeddedrestPipelineRunImplLinks.spec.js
[main] INFO io.swagger.codegen.AbstractGenerator - writing file /Users/cliffano/dev/workspace/swaggy-jenkins/javascript/generated/docs/IojenkinsblueoceanserviceembeddedrestPipelineRunImplLinks.md
[main] INFO io.swagger.codegen.AbstractGenerator - writing file /Users/cliffano/dev/workspace/swaggy-jenkins/javascript/generated/src/model/IojenkinsblueoceanserviceembeddedrestQueueItemImpl.js
[main] INFO io.swagger.codegen.AbstractGenerator - writing file /Users/cliffano/dev/workspace/swaggy-jenkins/javascript/generated/test/model/IojenkinsblueoceanserviceembeddedrestQueueItemImpl.spec.js
[main] INFO io.swagger.codegen.AbstractGenerator - writing file /Users/cliffano/dev/workspace/swaggy-jenkins/javascript/generated/docs/IojenkinsblueoceanserviceembeddedrestQueueItemImpl.md
[main] INFO io.swagger.codegen.AbstractGenerator - writing file /Users/cliffano/dev/workspace/swaggy-jenkins/javascript/generated/src/model/JenkinsmodelUnlabeledLoadStatistics.js
[main] INFO io.swagger.codegen.AbstractGenerator - writing file /Users/cliffano/dev/workspace/swaggy-jenkins/javascript/generated/test/model/JenkinsmodelUnlabeledLoadStatistics.spec.js
[main] INFO io.swagger.codegen.AbstractGenerator - writing file /Users/cliffano/dev/workspace/swaggy-jenkins/javascript/generated/docs/JenkinsmodelUnlabeledLoadStatistics.md
[main] INFO io.swagger.codegen.AbstractGenerator - writing file /Users/cliffano/dev/workspace/swaggy-jenkins/javascript/generated/src/model/SwaggyjenkinsOrganisation.js
[main] INFO io.swagger.codegen.AbstractGenerator - writing file /Users/cliffano/dev/workspace/swaggy-jenkins/javascript/generated/test/model/SwaggyjenkinsOrganisation.spec.js
[main] INFO io.swagger.codegen.AbstractGenerator - writing file /Users/cliffano/dev/workspace/swaggy-jenkins/javascript/generated/docs/SwaggyjenkinsOrganisation.md
[main] INFO io.swagger.codegen.AbstractGenerator - writing file /Users/cliffano/dev/workspace/swaggy-jenkins/javascript/generated/src/model/SwaggyjenkinsPipeline.js
[main] INFO io.swagger.codegen.AbstractGenerator - writing file /Users/cliffano/dev/workspace/swaggy-jenkins/javascript/generated/test/model/SwaggyjenkinsPipeline.spec.js
[main] INFO io.swagger.codegen.AbstractGenerator - writing file /Users/cliffano/dev/workspace/swaggy-jenkins/javascript/generated/docs/SwaggyjenkinsPipeline.md
[main] INFO io.swagger.codegen.AbstractGenerator - writing file /Users/cliffano/dev/workspace/swaggy-jenkins/javascript/generated/src/model/SwaggyjenkinsPipelineActivity.js
[main] INFO io.swagger.codegen.AbstractGenerator - writing file /Users/cliffano/dev/workspace/swaggy-jenkins/javascript/generated/test/model/SwaggyjenkinsPipelineActivity.spec.js
[main] INFO io.swagger.codegen.AbstractGenerator - writing file /Users/cliffano/dev/workspace/swaggy-jenkins/javascript/generated/docs/SwaggyjenkinsPipelineActivity.md
[main] INFO io.swagger.codegen.AbstractGenerator - writing file /Users/cliffano/dev/workspace/swaggy-jenkins/javascript/generated/src/model/SwaggyjenkinsPipelineActivityartifacts.js
[main] INFO io.swagger.codegen.AbstractGenerator - writing file /Users/cliffano/dev/workspace/swaggy-jenkins/javascript/generated/test/model/SwaggyjenkinsPipelineActivityartifacts.spec.js
[main] INFO io.swagger.codegen.AbstractGenerator - writing file /Users/cliffano/dev/workspace/swaggy-jenkins/javascript/generated/docs/SwaggyjenkinsPipelineActivityartifacts.md
[main] INFO io.swagger.codegen.AbstractGenerator - writing file /Users/cliffano/dev/workspace/swaggy-jenkins/javascript/generated/src/model/SwaggyjenkinsPipelineLatestRun.js
[main] INFO io.swagger.codegen.AbstractGenerator - writing file /Users/cliffano/dev/workspace/swaggy-jenkins/javascript/generated/test/model/SwaggyjenkinsPipelineLatestRun.spec.js
[main] INFO io.swagger.codegen.AbstractGenerator - writing file /Users/cliffano/dev/workspace/swaggy-jenkins/javascript/generated/docs/SwaggyjenkinsPipelineLatestRun.md
[main] INFO io.swagger.codegen.AbstractGenerator - writing file /Users/cliffano/dev/workspace/swaggy-jenkins/javascript/generated/src/model/SwaggyjenkinsPipelineLatestRunartifacts.js
[main] INFO io.swagger.codegen.AbstractGenerator - writing file /Users/cliffano/dev/workspace/swaggy-jenkins/javascript/generated/test/model/SwaggyjenkinsPipelineLatestRunartifacts.spec.js
[main] INFO io.swagger.codegen.AbstractGenerator - writing file /Users/cliffano/dev/workspace/swaggy-jenkins/javascript/generated/docs/SwaggyjenkinsPipelineLatestRunartifacts.md
[main] INFO io.swagger.codegen.AbstractGenerator - writing file /Users/cliffano/dev/workspace/swaggy-jenkins/javascript/generated/src/model/SwaggyjenkinsPipelineRun.js
[main] INFO io.swagger.codegen.AbstractGenerator - writing file /Users/cliffano/dev/workspace/swaggy-jenkins/javascript/generated/test/model/SwaggyjenkinsPipelineRun.spec.js
[main] INFO io.swagger.codegen.AbstractGenerator - writing file /Users/cliffano/dev/workspace/swaggy-jenkins/javascript/generated/docs/SwaggyjenkinsPipelineRun.md
[main] INFO io.swagger.codegen.AbstractGenerator - writing file /Users/cliffano/dev/workspace/swaggy-jenkins/javascript/generated/src/model/SwaggyjenkinsPipelineRunNode.js
[main] INFO io.swagger.codegen.AbstractGenerator - writing file /Users/cliffano/dev/workspace/swaggy-jenkins/javascript/generated/test/model/SwaggyjenkinsPipelineRunNode.spec.js
[main] INFO io.swagger.codegen.AbstractGenerator - writing file /Users/cliffano/dev/workspace/swaggy-jenkins/javascript/generated/docs/SwaggyjenkinsPipelineRunNode.md
[main] INFO io.swagger.codegen.AbstractGenerator - writing file /Users/cliffano/dev/workspace/swaggy-jenkins/javascript/generated/src/model/SwaggyjenkinsPipelineRunNodeedges.js
[main] INFO io.swagger.codegen.AbstractGenerator - writing file /Users/cliffano/dev/workspace/swaggy-jenkins/javascript/generated/test/model/SwaggyjenkinsPipelineRunNodeedges.spec.js
[main] INFO io.swagger.codegen.AbstractGenerator - writing file /Users/cliffano/dev/workspace/swaggy-jenkins/javascript/generated/docs/SwaggyjenkinsPipelineRunNodeedges.md
[main] INFO io.swagger.codegen.AbstractGenerator - writing file /Users/cliffano/dev/workspace/swaggy-jenkins/javascript/generated/src/model/SwaggyjenkinsPipelineRunartifacts.js
[main] INFO io.swagger.codegen.AbstractGenerator - writing file /Users/cliffano/dev/workspace/swaggy-jenkins/javascript/generated/test/model/SwaggyjenkinsPipelineRunartifacts.spec.js
[main] INFO io.swagger.codegen.AbstractGenerator - writing file /Users/cliffano/dev/workspace/swaggy-jenkins/javascript/generated/docs/SwaggyjenkinsPipelineRunartifacts.md
[main] INFO io.swagger.codegen.AbstractGenerator - writing file /Users/cliffano/dev/workspace/swaggy-jenkins/javascript/generated/src/model/SwaggyjenkinsUser.js
[main] INFO io.swagger.codegen.AbstractGenerator - writing file /Users/cliffano/dev/workspace/swaggy-jenkins/javascript/generated/test/model/SwaggyjenkinsUser.spec.js
[main] INFO io.swagger.codegen.AbstractGenerator - writing file /Users/cliffano/dev/workspace/swaggy-jenkins/javascript/generated/docs/SwaggyjenkinsUser.md
[main] WARN io.swagger.codegen.DefaultCodegen - generated unique operationId `getPipelineFolderByOrg_0`
[main] INFO io.swagger.codegen.AbstractGenerator - writing file /Users/cliffano/dev/workspace/swaggy-jenkins/javascript/generated/src/api/BlueOceanApi.js
[main] INFO io.swagger.codegen.AbstractGenerator - writing file /Users/cliffano/dev/workspace/swaggy-jenkins/javascript/generated/test/api/BlueOceanApi.spec.js
[main] INFO io.swagger.codegen.AbstractGenerator - writing file /Users/cliffano/dev/workspace/swaggy-jenkins/javascript/generated/docs/BlueOceanApi.md
[main] INFO io.swagger.codegen.AbstractGenerator - writing file /Users/cliffano/dev/workspace/swaggy-jenkins/javascript/generated/src/api/RemoteAccessApi.js
[main] INFO io.swagger.codegen.AbstractGenerator - writing file /Users/cliffano/dev/workspace/swaggy-jenkins/javascript/generated/test/api/RemoteAccessApi.spec.js
[main] INFO io.swagger.codegen.AbstractGenerator - writing file /Users/cliffano/dev/workspace/swaggy-jenkins/javascript/generated/docs/RemoteAccessApi.md
[main] INFO io.swagger.codegen.AbstractGenerator - writing file /Users/cliffano/dev/workspace/swaggy-jenkins/javascript/generated/package.json
[main] INFO io.swagger.codegen.AbstractGenerator - writing file /Users/cliffano/dev/workspace/swaggy-jenkins/javascript/generated/src/index.js
[main] INFO io.swagger.codegen.AbstractGenerator - writing file /Users/cliffano/dev/workspace/swaggy-jenkins/javascript/generated/src/ApiClient.js
[main] INFO io.swagger.codegen.AbstractGenerator - writing file /Users/cliffano/dev/workspace/swaggy-jenkins/javascript/generated/git_push.sh
[main] INFO io.swagger.codegen.AbstractGenerator - writing file /Users/cliffano/dev/workspace/swaggy-jenkins/javascript/generated/README.md
[main] INFO io.swagger.codegen.DefaultGenerator - writing file /Users/cliffano/dev/workspace/swaggy-jenkins/javascript/generated/mocha.opts
[main] INFO io.swagger.codegen.DefaultGenerator - writing file /Users/cliffano/dev/workspace/swaggy-jenkins/javascript/generated/.travis.yml
[main] INFO io.swagger.codegen.AbstractGenerator - writing file /Users/cliffano/dev/workspace/swaggy-jenkins/javascript/generated/.swagger-codegen-ignore
[main] INFO io.swagger.codegen.AbstractGenerator - writing file /Users/cliffano/dev/workspace/swaggy-jenkins/javascript/generated/.swagger-codegen/VERSION
